<!DOCTYPE html PUBLIC "-//W3C//DTD XHTML 1.1//EN" "https://www.w3.org/TR/xhtml11/DTD/xhtml11.dtd">
<html xmlns="https://www.w3.org/1999/xhtml">
<head>
<meta http-equiv="content-type" content="text/html; charset=UTF-8"/>
<title>TestNG Report</title>
<style type="text/css">table {margin-bottom:10px;border-collapse:collapse;empty-cells:show}th,td {border:1px solid #009;padding:.25em .5em}th {vertical-align:bottom}td {vertical-align:top}table a {font-weight:bold}.stripe td {background-color: #E6EBF9}.num {text-align:right}.passedodd td {background-color: #3F3}.passedeven td {background-color: #0A0}.skippedodd td {background-color: #DDD}.skippedeven td {background-color: #CCC}.failedodd td,.attn {background-color: #F33}.failedeven td,.stripe .attn {background-color: #D00}.stacktrace {white-space:pre;font-family:monospace}.totop {font-size:85%;text-align:center;border-bottom:2px solid #000}.invisible {display:none}</style>
</head>
<body>
<table>
<tr><th>Test</th><th># Passed</th><th># Skipped</th><th># Retried</th><th># Failed</th><th>Time (ms)</th><th>Included Groups</th><th>Excluded Groups</th></tr>
<tr><th colspan="8">TestSuite</th></tr>
<tr><td><a href="#t0">LoginTestsChromeBrowserTabletPortrait</a></td><td class="num">54</td><td class="num">0</td><td class="num">0</td><td class="num attn">8</td><td class="num">608,391</td><td></td><td></td></tr>
</table>
<table id='summary'><thead><tr><th>Class</th><th>Method</th><th>Start</th><th>Time (ms)</th></tr></thead><tbody><tr><th colspan="4">TestSuite</th></tr></tbody><tbody id="t0"><tr><th colspan="4">LoginTestsChromeBrowserTabletPortrait &#8212; failed</th></tr><tr class="failedeven"><td rowspan="1">zapcg.Capillary.EarnPointPageTestCases.EarnPoint_Invalid_TestCases</td><td><a href="#m0">goTOPassPoint_More_Than_TransactionAmount</a></td><td rowspan="1">1720520626848</td><td rowspan="1">60534</td></tr><tr class="failedodd"><td rowspan="3">zapcg.Capillary.EarnPointPageTestCases.EarnPoint_Valid_TestCases</td><td><a href="#m1">verify_ExceedThresold_SuccessMessage</a></td><td rowspan="1">1720521112391</td><td rowspan="1">1788</td></tr><tr class="failedodd"><td><a href="#m2">verify_MemberDetails_Content_Displaying_On_EarnPointScreen</a></td><td rowspan="1">1720520831001</td><td rowspan="1">30267</td></tr><tr class="failedodd"><td><a href="#m3">verify_SuccessMessage_For_RedeemPoint</a></td><td rowspan="1">1720521036684</td><td rowspan="1">60503</td></tr><tr class="failedeven"><td rowspan="3">zapcg.Capillary.LocationPageTestCases.Location_ExistingUser_TestCases</td><td><a href="#m4">choose_ValidLocation_For_NewUser</a></td><td rowspan="1">1720520515464</td><td rowspan="1">3165</td></tr><tr class="failedeven"><td><a href="#m5">navigated_From_Location_To_LookupScreen_With_Valid_Inputs</a></td><td rowspan="1">1720520942557</td><td rowspan="1">2447</td></tr><tr class="failedeven"><td><a href="#m6">verify_Header_Of_MemberLookup_Screen</a></td><td rowspan="1">1720520820478</td><td rowspan="1">3067</td></tr><tr class="failedodd"><td rowspan="1">zapcg.Capillary.MemberDetailsTestCases.memberDetails_TestCases</td><td><a href="#m7">verify_MemberDetails_ContentDisplaying</a></td><td rowspan="1">1720520714937</td><td rowspan="1">31808</td></tr><tr><th colspan="4">LoginTestsChromeBrowserTabletPortrait &#8212; passed</th></tr><tr class="passedeven"><td rowspan="2">zapcg.Capillary.EarnPointPageTestCases.EarnPoint_Invalid_TestCases</td><td><a href="#m8">empty_TxnAmount_But_GoToPassPointValue</a></td><td rowspan="1">1720520579422</td><td rowspan="1">255</td></tr><tr class="passedeven"><td><a href="#m9">verify_With_Empty_TransactionAmount</a></td><td rowspan="1">1720520572145</td><td rowspan="1">152</td></tr><tr class="passedodd"><td rowspan="16">zapcg.Capillary.EarnPointPageTestCases.EarnPoint_Valid_TestCases</td><td><a href="#m10">empty_TxnAmount_But_GoToPassPoint_Value</a></td><td rowspan="1">1720521011224</td><td rowspan="1">254</td></tr><tr class="passedodd"><td><a href="#m11">verifySuccessMessageForOnlyTransactionAmount</a></td><td rowspan="1">1720521019039</td><td rowspan="1">3073</td></tr><tr class="passedodd"><td><a href="#m12">verify_BackButton_Navigation_On_EarnPoint_Page</a></td><td rowspan="1">1720520898369</td><td rowspan="1">176</td></tr><tr class="passedodd"><td><a href="#m13">verify_Date_Equal_To_System_CurrentDate</a></td><td rowspan="1">1720520989723</td><td rowspan="1">48</td></tr><tr class="passedodd"><td><a href="#m14">verify_EarnPoints_Navigation_From_MeberDetailsScreen</a></td><td rowspan="1">1720520785084</td><td rowspan="1">121</td></tr><tr class="passedodd"><td><a href="#m15">verify_Eligible_EarningPoints</a></td><td rowspan="1">1720521105027</td><td rowspan="1">328</td></tr><tr class="passedodd"><td><a href="#m16">verify_HamBurger_LogoutOption_From_EarnPoint_Page</a></td><td rowspan="1">1720520980807</td><td rowspan="1">1326</td></tr><tr class="passedodd"><td><a href="#m17">verify_Hamburger_LocationOption_From_EarnPoint_Page</a></td><td rowspan="1">1720520955732</td><td rowspan="1">1356</td></tr><tr class="passedodd"><td><a href="#m18">verify_Hamburger_MemberLookupOption_From_EarnPoint_Page</a></td><td rowspan="1">1720520935794</td><td rowspan="1">1299</td></tr><tr class="passedodd"><td><a href="#m19">verify_HeaderHyperlink_On_EarnPoint_Page</a></td><td rowspan="1">1720520885955</td><td rowspan="1">174</td></tr><tr class="passedodd"><td><a href="#m20">verify_NonEditable_DateField</a></td><td rowspan="1">1720520618718</td><td rowspan="1">50</td></tr><tr class="passedodd"><td><a href="#m21">verify_NonEditable_LocationField</a></td><td rowspan="1">1720520557377</td><td rowspan="1">80</td></tr><tr class="passedodd"><td><a href="#m22">verify_NonEditable_TimeField</a></td><td rowspan="1">1720520754198</td><td rowspan="1">47</td></tr><tr class="passedodd"><td><a href="#m23">verify_TaxAssumedAmount</a></td><td rowspan="1">1720521029536</td><td rowspan="1">258</td></tr><tr class="passedodd"><td><a href="#m24">verify_Time_Equal_To_System_CurrentTime</a></td><td rowspan="1">1720520997118</td><td rowspan="1">34</td></tr><tr class="passedodd"><td><a href="#m25">verify_With_Empty_TransactionAmount</a></td><td rowspan="1">1720521004262</td><td rowspan="1">165</td></tr><tr class="passedeven"><td rowspan="1">zapcg.Capillary.EarnPointPageTestCases.GoToPassPointMoreThanAvailablePoint</td><td><a href="#m26">verify_ValidationMessage_If_GoToPass_Is_Greater_Than_AvailablePoints</a></td><td rowspan="1">1720520564919</td><td rowspan="1">1</td></tr><tr class="passedodd"><td rowspan="6">zapcg.Capillary.LocationPageTestCases.Location_ExistingUser_TestCases</td><td><a href="#m27">hamburgerIcon_MemberLocation_Navigation_From_LocationScreen</a></td><td rowspan="1">1720520891115</td><td rowspan="1">178</td></tr><tr class="passedodd"><td><a href="#m28">hamburgerIcon_MemberLookup_Navigation_From_LocationScreen</a></td><td rowspan="1">1720520872139</td><td rowspan="1">334</td></tr><tr class="passedodd"><td><a href="#m29">hamburger_Icon_Logout_From_LocationScreen</a></td><td rowspan="1">1720520916178</td><td rowspan="1">176</td></tr><tr class="passedodd"><td><a href="#m30">verify_Able_To_SelectOption_From_DropDown</a></td><td rowspan="1">1720520697271</td><td rowspan="1">216</td></tr><tr class="passedodd"><td><a href="#m31">verify_Choose_Location_Button_Availability</a></td><td rowspan="1">1720520775966</td><td rowspan="1">1791</td></tr><tr class="passedodd"><td><a href="#m32">verify_DropDown_Availability</a></td><td rowspan="1">1720520597973</td><td rowspan="1">65</td></tr><tr class="passedeven"><td rowspan="9">zapcg.Capillary.LoginTestCases.Login_Invalid_TestCases</td><td><a href="#m33">test_Invalid_Password</a></td><td rowspan="1">1720520590761</td><td rowspan="1">1960</td></tr><tr class="passedeven"><td><a href="#m34">test_Invalid_Username</a></td><td rowspan="1">1720520527096</td><td rowspan="1">1997</td></tr><tr class="passedeven"><td><a href="#m35">test_MinLength_Password</a></td><td rowspan="1">1720520763196</td><td rowspan="1">360</td></tr><tr class="passedeven"><td><a href="#m36">test_TooLong_Username</a></td><td rowspan="1">1720520690919</td><td rowspan="1">585</td></tr><tr class="passedeven"><td><a href="#m37">test_Username_WithSpaces</a></td><td rowspan="1">1720520801865</td><td rowspan="1">424</td></tr><tr class="passedeven"><td><a href="#m38">verify_Disabled_LoginButton_EmptyPassword</a></td><td rowspan="1">1720520919867</td><td rowspan="1">288</td></tr><tr class="passedeven"><td><a href="#m39">verify_Disabled_LoginButton_EmptyUsername</a></td><td rowspan="1">1720520901846</td><td rowspan="1">181</td></tr><tr class="passedeven"><td><a href="#m40">verify_Disabled_LoginButton_EmptyUsernamePassword_TestCase10</a></td><td rowspan="1">1720520948977</td><td rowspan="1">179</td></tr><tr class="passedeven"><td><a href="#m41">verify_Enabled_LoginButton</a></td><td rowspan="1">1720520875888</td><td rowspan="1">2537</td></tr><tr class="passedodd"><td rowspan="1">zapcg.Capillary.LoginTestCases.Login_Valid_TestCases</td><td><a href="#m42">testValidLogin_TestCase1</a></td><td rowspan="1">1720520522079</td><td rowspan="1">1679</td></tr><tr class="passedeven"><td rowspan="8">zapcg.Capillary.MemberDetailsTestCases.memberDetails_TestCases</td><td><a href="#m43">verify_BackButton_On_MemberDetails_Screen</a></td><td rowspan="1">1720520971226</td><td rowspan="1">2600</td></tr><tr class="passedeven"><td><a href="#m44">verify_Enabled_EnterReceiptDetails_Button</a></td><td rowspan="1">1720520790611</td><td rowspan="1">1749</td></tr><tr class="passedeven"><td><a href="#m45">verify_Hamburger_LocationOption_On_MemberDetails</a></td><td rowspan="1">1720520925303</td><td rowspan="1">2973</td></tr><tr class="passedeven"><td><a href="#m46">verify_Hamburger_LogoutOption_On_MemberDetails</a></td><td rowspan="1">1720520962576</td><td rowspan="1">2937</td></tr><tr class="passedeven"><td><a href="#m47">verify_Hamburger_MemberLookup_Option_on_MemberDetails</a></td><td rowspan="1">1720520907557</td><td rowspan="1">3024</td></tr><tr class="passedeven"><td><a href="#m48">verify_Header_MemberDetailsScreen</a></td><td rowspan="1">1720520813408</td><td rowspan="1">1510</td></tr><tr class="passedeven"><td><a href="#m49">verify_MemberDetails_Displaying</a></td><td rowspan="1">1720520603793</td><td rowspan="1">1710</td></tr><tr class="passedeven"><td><a href="#m50">verify_MemberDetails_Navigation_From_MeberLookupScreen_To_MemberDetailsPage</a></td><td rowspan="1">1720520548285</td><td rowspan="1">1341</td></tr><tr class="passedodd"><td rowspan="6">zapcg.Capillary.MemberLookupTestCases.MemberLookup_Valid_TestCases</td><td><a href="#m51">enter_Valid_MemberId</a></td><td rowspan="1">1720520583649</td><td rowspan="1">3256</td></tr><tr class="passedodd"><td><a href="#m52">hamburgerIcon_Location_Navigation_From_MemberLookup</a></td><td rowspan="1">1720520796671</td><td rowspan="1">1947</td></tr><tr class="passedodd"><td><a href="#m53">hamburgerIcon_Logout_From_MemberLookup</a></td><td rowspan="1">1720520865004</td><td rowspan="1">1353</td></tr><tr class="passedodd"><td><a href="#m54">hamburgerIcon_MemberLookup_Navigation_From_MemberLookup</a></td><td rowspan="1">1720520758014</td><td rowspan="1">1713</td></tr><tr class="passedodd"><td><a href="#m55">verifyScanButtonAvailability</a></td><td rowspan="1">1720520532933</td><td rowspan="1">1907</td></tr><tr class="passedodd"><td><a href="#m56">verify_Header_Hyperlink</a></td><td rowspan="1">1720520701237</td><td rowspan="1">1731</td></tr><tr class="passedeven"><td rowspan="5">zapcg.Capillary.MemberLookupTestCases.memberLookup_Invalid_TestCases</td><td><a href="#m57">verify_CardNumber_Field_MaxLength</a></td><td rowspan="1">1720520767216</td><td rowspan="1">3255</td></tr><tr class="passedeven"><td><a href="#m58">verify_Empty_CardNumber_ButtonIsDisabled</a></td><td rowspan="1">1720520806243</td><td rowspan="1">1772</td></tr><tr class="passedeven"><td><a href="#m59">verify_Invalid_CardNumber_MinLength</a></td><td rowspan="1">1720520706675</td><td rowspan="1">3125</td></tr><tr class="passedeven"><td><a href="#m60">verify_Invalid_MemberID</a></td><td rowspan="1">1720520539356</td><td rowspan="1">3030</td></tr><tr class="passedeven"><td><a href="#m61">verify_MemberId_Field_MaxLength</a></td><td rowspan="1">1720520609240</td><td rowspan="1">3097</td></tr></tbody>
</table>
<h2>LoginTestsChromeBrowserTabletPortrait</h2><h3 id="m0">zapcg.Capillary.EarnPointPageTestCases.EarnPoint_Invalid_TestCases#goTOPassPoint_More_Than_TransactionAmount</h3><table class="result"><tr><th>Exception</th></tr><tr><td><div class="stacktrace">java.lang.AssertionError: An error occurred while verifying the Validation message: Expected condition failed: waiting for visibility of Proxy element for: DefaultElementLocator &apos;By.xpath: //p[@id=&apos;EP041-helper-text&apos; and contains(text(),&apos;Entered Go To Pass points used is more than the Transaction Amount&apos;)]&apos; (tried for 10 second(s) with 500 milliseconds interval)
	at zapcg.Capillary.PageObject.earnPointsPage.verifyValidationMessageIfGoToPassIsGreaterThanTxnAmt(earnPointsPage.java:839)
	at zapcg.Capillary.EarnPointPageTestCases.EarnPoint_Invalid_TestCases.goTOPassPoint_More_Than_TransactionAmount(EarnPoint_Invalid_TestCases.java:79)
	at java.base/java.util.ArrayList.forEach(ArrayList.java:1511)
	at java.base/java.util.concurrent.FutureTask.run(FutureTask.java:264)
	at java.base/java.util.concurrent.ThreadPoolExecutor.runWorker(ThreadPoolExecutor.java:1130)
	at java.base/java.util.concurrent.ThreadPoolExecutor$Worker.run(ThreadPoolExecutor.java:630)
	at java.base/java.lang.Thread.run(Thread.java:832)
... Removed 18 stack frames</div></td></tr></table><p class="totop"><a href="#summary">back to summary</a></p>
<h3 id="m1">zapcg.Capillary.EarnPointPageTestCases.EarnPoint_Valid_TestCases#verify_ExceedThresold_SuccessMessage</h3><table class="result"><tr><th>Exception</th></tr><tr><td><div class="stacktrace">java.lang.NullPointerException: Cannot invoke &quot;org.openqa.selenium.SearchContext.findElement(org.openqa.selenium.By)&quot; because &quot;this.searchContext&quot; is null
	at org.openqa.selenium.support.pagefactory.DefaultElementLocator.findElement(DefaultElementLocator.java:68)
	at org.openqa.selenium.support.pagefactory.internal.LocatingElementHandler.invoke(LocatingElementHandler.java:38)
	at com.sun.proxy.$Proxy18.sendKeys(Unknown Source)
	at zapcg.Capillary.PageObject.memberLookupPage.enterMemberId(memberLookupPage.java:94)
	at zapcg.Capillary.EarnPointPageTestCases.EarnPoint_Valid_TestCases.verify_ExceedThresold_SuccessMessage(EarnPoint_Valid_TestCases.java:288)
	at java.base/java.util.ArrayList.forEach(ArrayList.java:1511)
	at java.base/java.util.concurrent.FutureTask.run(FutureTask.java:264)
	at java.base/java.util.concurrent.ThreadPoolExecutor.runWorker(ThreadPoolExecutor.java:1130)
	at java.base/java.util.concurrent.ThreadPoolExecutor$Worker.run(ThreadPoolExecutor.java:630)
	at java.base/java.lang.Thread.run(Thread.java:832)
... Removed 17 stack frames</div></td></tr></table><p class="totop"><a href="#summary">back to summary</a></p>
<h3 id="m2">zapcg.Capillary.EarnPointPageTestCases.EarnPoint_Valid_TestCases#verify_MemberDetails_Content_Displaying_On_EarnPointScreen</h3><table class="result"><tr><th>Exception</th></tr><tr><td><div class="stacktrace">java.lang.ClassCastException: class org.openqa.selenium.By$ByXPath cannot be cast to class org.openqa.selenium.WebElement (org.openqa.selenium.By$ByXPath and org.openqa.selenium.WebElement are in unnamed module of loader &apos;app&apos;)
	at zapcg.Capillary.PageObject.earnPointsPage.verifyTheMemberDetailsContentDisplaying(earnPointsPage.java:192)
	at zapcg.Capillary.EarnPointPageTestCases.EarnPoint_Valid_TestCases.verify_MemberDetails_Content_Displaying_On_EarnPointScreen(EarnPoint_Valid_TestCases.java:86)
	at java.base/java.util.ArrayList.forEach(ArrayList.java:1511)
	at java.base/java.util.concurrent.FutureTask.run(FutureTask.java:264)
	at java.base/java.util.concurrent.ThreadPoolExecutor.runWorker(ThreadPoolExecutor.java:1130)
	at java.base/java.util.concurrent.ThreadPoolExecutor$Worker.run(ThreadPoolExecutor.java:630)
	at java.base/java.lang.Thread.run(Thread.java:832)
... Removed 17 stack frames</div></td></tr></table><p class="totop"><a href="#summary">back to summary</a></p>
<h3 id="m3">zapcg.Capillary.EarnPointPageTestCases.EarnPoint_Valid_TestCases#verify_SuccessMessage_For_RedeemPoint</h3><table class="result"><tr><th>Exception</th></tr><tr><td><div class="stacktrace">java.lang.AssertionError: An error occurred while verifying the success message: Expected condition failed: waiting for visibility of Proxy element for: DefaultElementLocator &apos;By.xpath: //p[@id=&apos;EPMDLMSG&apos; and contains(text(), &apos;transaction has been successfully submitted. They have earned 35 points and have spent 1 points.&apos;)]&apos; (tried for 10 second(s) with 500 milliseconds interval)
	at zapcg.Capillary.PageObject.earnPointsPage.verifySuccessMessageIfRedeemingPoints(earnPointsPage.java:765)
	at zapcg.Capillary.EarnPointPageTestCases.EarnPoint_Valid_TestCases.verify_SuccessMessage_For_RedeemPoint(EarnPoint_Valid_TestCases.java:232)
	at java.base/java.util.ArrayList.forEach(ArrayList.java:1511)
	at java.base/java.util.concurrent.FutureTask.run(FutureTask.java:264)
	at java.base/java.util.concurrent.ThreadPoolExecutor.runWorker(ThreadPoolExecutor.java:1130)
	at java.base/java.util.concurrent.ThreadPoolExecutor$Worker.run(ThreadPoolExecutor.java:630)
	at java.base/java.lang.Thread.run(Thread.java:832)
... Removed 18 stack frames</div></td></tr></table><p class="totop"><a href="#summary">back to summary</a></p>
<h3 id="m4">zapcg.Capillary.LocationPageTestCases.Location_ExistingUser_TestCases#choose_ValidLocation_For_NewUser</h3><table class="result"><tr><th>Exception</th></tr><tr><td><div class="stacktrace">org.openqa.selenium.ElementClickInterceptedException: element click intercepted: Element &lt;button class=&quot;MuiButtonBase-root MuiButton-root MuiButton-contained MuiButton-containedPrimary MuiButton-sizeMedium MuiButton-containedSizeMedium MuiButton-colorPrimary MuiButton-root MuiButton-contained MuiButton-containedPrimary MuiButton-sizeMedium MuiButton-containedSizeMedium MuiButton-colorPrimary css-y7km40&quot; tabindex=&quot;0&quot; type=&quot;button&quot; data-testid=&quot;LS014B&quot; id=&quot;LS014B&quot;&gt;...&lt;/button&gt; is not clickable at point (384, 534). Other element would receive the click: &lt;li tabindex=&quot;-1&quot; role=&quot;option&quot; id=&quot;LS013OP1&quot; data-option-index=&quot;1&quot; aria-disabled=&quot;false&quot; aria-selected=&quot;false&quot; class=&quot;MuiAutocomplete-option&quot; data-testid=&quot;LS013OP1&quot;&gt;...&lt;/li&gt;
  (Session info: chrome-headless-shell=126.0.6478.127)
Build info: version: &apos;4.22.0&apos;, revision: &apos;c5f3146703*&apos;
System info: os.name: &apos;Windows 10&apos;, os.arch: &apos;amd64&apos;, os.version: &apos;10.0&apos;, java.version: &apos;15.0.2&apos;
Driver info: org.openqa.selenium.chrome.ChromeDriver
Command: [90f65e8b65c58996e1731ecc4039f010, clickElement {id=f.C034E98EC876238CBE2469B4A39D7FB7.d.C353E149041B54D3B35D046668BF4D5D.e.61}]
Capabilities {acceptInsecureCerts: true, browserName: chrome-headless-shell, browserVersion: 126.0.6478.127, chrome: {chromedriverVersion: 126.0.6478.126 (d36ace6122e..., userDataDir: C:\Users\KAJALS~1\AppData\L...}, fedcm:accounts: true, goog:chromeOptions: {debuggerAddress: localhost:56383}, networkConnectionEnabled: false, pageLoadStrategy: normal, platformName: windows, proxy: Proxy(), se:cdp: ws://localhost:56383/devtoo..., se:cdpVersion: 126.0.6478.127, setWindowRect: true, strictFileInteractability: false, timeouts: {implicit: 0, pageLoad: 300000, script: 30000}, unhandledPromptBehavior: dismiss and notify, webauthn:extension:credBlob: true, webauthn:extension:largeBlob: true, webauthn:extension:minPinLength: true, webauthn:extension:prf: true, webauthn:virtualAuthenticators: true}
Element: [[ChromeDriver: chrome-headless-shell on windows (90f65e8b65c58996e1731ecc4039f010)] -&gt; xpath: //button[@id=&apos;LS014B&apos;]]
Session ID: 90f65e8b65c58996e1731ecc4039f010
	at org.openqa.selenium.remote.ErrorCodec.decode(ErrorCodec.java:167)
	at org.openqa.selenium.remote.codec.w3c.W3CHttpResponseCodec.decode(W3CHttpResponseCodec.java:138)
	at org.openqa.selenium.remote.codec.w3c.W3CHttpResponseCodec.decode(W3CHttpResponseCodec.java:50)
	at org.openqa.selenium.remote.HttpCommandExecutor.execute(HttpCommandExecutor.java:190)
	at org.openqa.selenium.remote.service.DriverCommandExecutor.invokeExecute(DriverCommandExecutor.java:216)
	at org.openqa.selenium.remote.service.DriverCommandExecutor.execute(DriverCommandExecutor.java:174)
	at org.openqa.selenium.remote.RemoteWebDriver.execute(RemoteWebDriver.java:518)
	at org.openqa.selenium.remote.RemoteWebElement.execute(RemoteWebElement.java:223)
	at org.openqa.selenium.remote.RemoteWebElement.click(RemoteWebElement.java:76)
	at org.openqa.selenium.support.pagefactory.internal.LocatingElementHandler.invoke(LocatingElementHandler.java:51)
	at com.sun.proxy.$Proxy18.click(Unknown Source)
	at zapcg.Capillary.PageObject.locationSelectionPage.clickOnChooseLocationButton(locationSelectionPage.java:160)
	at zapcg.Capillary.LocationPageTestCases.Location_ExistingUser_TestCases.choose_ValidLocation_For_NewUser(Location_ExistingUser_TestCases.java:54)
	at java.base/java.util.ArrayList.forEach(ArrayList.java:1511)
	at java.base/java.util.concurrent.FutureTask.run(FutureTask.java:264)
	at java.base/java.util.concurrent.ThreadPoolExecutor.runWorker(ThreadPoolExecutor.java:1130)
	at java.base/java.util.concurrent.ThreadPoolExecutor$Worker.run(ThreadPoolExecutor.java:630)
	at java.base/java.lang.Thread.run(Thread.java:832)
... Removed 26 stack frames</div></td></tr></table><p class="totop"><a href="#summary">back to summary</a></p>
<h3 id="m5">zapcg.Capillary.LocationPageTestCases.Location_ExistingUser_TestCases#navigated_From_Location_To_LookupScreen_With_Valid_Inputs</h3><table class="result"><tr><th>Exception</th></tr><tr><td><div class="stacktrace">org.openqa.selenium.ElementClickInterceptedException: element click intercepted: Element &lt;button class=&quot;MuiButtonBase-root MuiButton-root MuiButton-contained MuiButton-containedPrimary MuiButton-sizeMedium MuiButton-containedSizeMedium MuiButton-colorPrimary MuiButton-root MuiButton-contained MuiButton-containedPrimary MuiButton-sizeMedium MuiButton-containedSizeMedium MuiButton-colorPrimary css-y7km40&quot; tabindex=&quot;0&quot; type=&quot;button&quot; data-testid=&quot;LS014B&quot; id=&quot;LS014B&quot;&gt;...&lt;/button&gt; is not clickable at point (384, 534). Other element would receive the click: &lt;li tabindex=&quot;-1&quot; role=&quot;option&quot; id=&quot;LS013OP1&quot; data-option-index=&quot;1&quot; aria-disabled=&quot;false&quot; aria-selected=&quot;false&quot; class=&quot;MuiAutocomplete-option&quot; data-testid=&quot;LS013OP1&quot;&gt;...&lt;/li&gt;
  (Session info: chrome-headless-shell=126.0.6478.127)
Build info: version: &apos;4.22.0&apos;, revision: &apos;c5f3146703*&apos;
System info: os.name: &apos;Windows 10&apos;, os.arch: &apos;amd64&apos;, os.version: &apos;10.0&apos;, java.version: &apos;15.0.2&apos;
Driver info: org.openqa.selenium.chrome.ChromeDriver
Command: [18cc4e3e6a69caa498e72b4494e1c4b6, clickElement {id=f.F59B5D73D2A68EB287A1F0C18BB6593F.d.5602CFCA4E807FD8C1A8F3079D7C7C37.e.57}]
Capabilities {acceptInsecureCerts: true, browserName: chrome-headless-shell, browserVersion: 126.0.6478.127, chrome: {chromedriverVersion: 126.0.6478.126 (d36ace6122e..., userDataDir: C:\Users\KAJALS~1\AppData\L...}, fedcm:accounts: true, goog:chromeOptions: {debuggerAddress: localhost:57490}, networkConnectionEnabled: false, pageLoadStrategy: normal, platformName: windows, proxy: Proxy(), se:cdp: ws://localhost:57490/devtoo..., se:cdpVersion: 126.0.6478.127, setWindowRect: true, strictFileInteractability: false, timeouts: {implicit: 0, pageLoad: 300000, script: 30000}, unhandledPromptBehavior: dismiss and notify, webauthn:extension:credBlob: true, webauthn:extension:largeBlob: true, webauthn:extension:minPinLength: true, webauthn:extension:prf: true, webauthn:virtualAuthenticators: true}
Element: [[ChromeDriver: chrome-headless-shell on windows (18cc4e3e6a69caa498e72b4494e1c4b6)] -&gt; xpath: //button[@id=&apos;LS014B&apos;]]
Session ID: 18cc4e3e6a69caa498e72b4494e1c4b6
	at org.openqa.selenium.remote.ErrorCodec.decode(ErrorCodec.java:167)
	at org.openqa.selenium.remote.codec.w3c.W3CHttpResponseCodec.decode(W3CHttpResponseCodec.java:138)
	at org.openqa.selenium.remote.codec.w3c.W3CHttpResponseCodec.decode(W3CHttpResponseCodec.java:50)
	at org.openqa.selenium.remote.HttpCommandExecutor.execute(HttpCommandExecutor.java:190)
	at org.openqa.selenium.remote.service.DriverCommandExecutor.invokeExecute(DriverCommandExecutor.java:216)
	at org.openqa.selenium.remote.service.DriverCommandExecutor.execute(DriverCommandExecutor.java:174)
	at org.openqa.selenium.remote.RemoteWebDriver.execute(RemoteWebDriver.java:518)
	at org.openqa.selenium.remote.RemoteWebElement.execute(RemoteWebElement.java:223)
	at org.openqa.selenium.remote.RemoteWebElement.click(RemoteWebElement.java:76)
	at org.openqa.selenium.support.pagefactory.internal.LocatingElementHandler.invoke(LocatingElementHandler.java:51)
	at com.sun.proxy.$Proxy18.click(Unknown Source)
	at zapcg.Capillary.PageObject.locationSelectionPage.clickOnChooseLocationButton(locationSelectionPage.java:160)
	at zapcg.Capillary.LocationPageTestCases.Location_ExistingUser_TestCases.navigated_From_Location_To_LookupScreen_With_Valid_Inputs(Location_ExistingUser_TestCases.java:208)
	at java.base/java.util.ArrayList.forEach(ArrayList.java:1511)
	at java.base/java.util.concurrent.FutureTask.run(FutureTask.java:264)
	at java.base/java.util.concurrent.ThreadPoolExecutor.runWorker(ThreadPoolExecutor.java:1130)
	at java.base/java.util.concurrent.ThreadPoolExecutor$Worker.run(ThreadPoolExecutor.java:630)
	at java.base/java.lang.Thread.run(Thread.java:832)
... Removed 25 stack frames</div></td></tr></table><p class="totop"><a href="#summary">back to summary</a></p>
<h3 id="m6">zapcg.Capillary.LocationPageTestCases.Location_ExistingUser_TestCases#verify_Header_Of_MemberLookup_Screen</h3><table class="result"><tr><th>Exception</th></tr><tr><td><div class="stacktrace">java.lang.AssertionError: An error occurred while verifying the dropdown selections: element click intercepted: Element &lt;button class=&quot;MuiButtonBase-root MuiButton-root MuiButton-contained MuiButton-containedPrimary MuiButton-sizeMedium MuiButton-containedSizeMedium MuiButton-colorPrimary MuiButton-root MuiButton-contained MuiButton-containedPrimary MuiButton-sizeMedium MuiButton-containedSizeMedium MuiButton-colorPrimary css-y7km40&quot; tabindex=&quot;0&quot; type=&quot;button&quot; data-testid=&quot;LS014B&quot; id=&quot;LS014B&quot;&gt;...&lt;/button&gt; is not clickable at point (384, 534). Other element would receive the click: &lt;li tabindex=&quot;-1&quot; role=&quot;option&quot; id=&quot;LS013OP1&quot; data-option-index=&quot;1&quot; aria-disabled=&quot;false&quot; aria-selected=&quot;false&quot; class=&quot;MuiAutocomplete-option&quot; data-testid=&quot;LS013OP1&quot;&gt;...&lt;/li&gt;
  (Session info: chrome-headless-shell=126.0.6478.127)
Build info: version: &apos;4.22.0&apos;, revision: &apos;c5f3146703*&apos;
System info: os.name: &apos;Windows 10&apos;, os.arch: &apos;amd64&apos;, os.version: &apos;10.0&apos;, java.version: &apos;15.0.2&apos;
Driver info: org.openqa.selenium.chrome.ChromeDriver
Command: [419c482b0f1c8fcf7f2facbb197d0205, clickElement {id=f.F6CC2ADAAFF337FE737E02AF3F452D7E.d.860B80AC65B8BC10C3C00EE6735C26C1.e.46}]
Capabilities {acceptInsecureCerts: true, browserName: chrome-headless-shell, browserVersion: 126.0.6478.127, chrome: {chromedriverVersion: 126.0.6478.126 (d36ace6122e..., userDataDir: C:\Users\KAJALS~1\AppData\L...}, fedcm:accounts: true, goog:chromeOptions: {debuggerAddress: localhost:57185}, networkConnectionEnabled: false, pageLoadStrategy: normal, platformName: windows, proxy: Proxy(), se:cdp: ws://localhost:57185/devtoo..., se:cdpVersion: 126.0.6478.127, setWindowRect: true, strictFileInteractability: false, timeouts: {implicit: 0, pageLoad: 300000, script: 30000}, unhandledPromptBehavior: dismiss and notify, webauthn:extension:credBlob: true, webauthn:extension:largeBlob: true, webauthn:extension:minPinLength: true, webauthn:extension:prf: true, webauthn:virtualAuthenticators: true}
Element: [[ChromeDriver: chrome-headless-shell on windows (419c482b0f1c8fcf7f2facbb197d0205)] -&gt; xpath: //button[@id=&apos;LS014B&apos;]]
Session ID: 419c482b0f1c8fcf7f2facbb197d0205
	at zapcg.Capillary.LocationPageTestCases.Location_ExistingUser_TestCases.verify_Header_Of_MemberLookup_Screen(Location_ExistingUser_TestCases.java:152)
	at java.base/java.util.ArrayList.forEach(ArrayList.java:1511)
	at java.base/java.util.concurrent.FutureTask.run(FutureTask.java:264)
	at java.base/java.util.concurrent.ThreadPoolExecutor.runWorker(ThreadPoolExecutor.java:1130)
	at java.base/java.util.concurrent.ThreadPoolExecutor$Worker.run(ThreadPoolExecutor.java:630)
	at java.base/java.lang.Thread.run(Thread.java:832)
... Removed 18 stack frames</div></td></tr></table><p class="totop"><a href="#summary">back to summary</a></p>
<h3 id="m7">zapcg.Capillary.MemberDetailsTestCases.memberDetails_TestCases#verify_MemberDetails_ContentDisplaying</h3><table class="result"><tr><th>Exception</th></tr><tr><td><div class="stacktrace">java.lang.AssertionError: An error occurred during Member details verification: Expected condition failed: waiting for visibility of element located by By.xpath: //h6[@id=&apos;MDMBRCPEX&apos;] (tried for 20 second(s) with 500 milliseconds interval)
Build info: version: &apos;4.22.0&apos;, revision: &apos;c5f3146703*&apos;
System info: os.name: &apos;Windows 10&apos;, os.arch: &apos;amd64&apos;, os.version: &apos;10.0&apos;, java.version: &apos;15.0.2&apos;
Driver info: org.openqa.selenium.chrome.ChromeDriver
Capabilities {acceptInsecureCerts: true, browserName: chrome-headless-shell, browserVersion: 126.0.6478.127, chrome: {chromedriverVersion: 126.0.6478.126 (d36ace6122e..., userDataDir: C:\Users\KAJALS~1\AppData\L...}, fedcm:accounts: true, goog:chromeOptions: {debuggerAddress: localhost:56910}, networkConnectionEnabled: false, pageLoadStrategy: normal, platformName: windows, proxy: Proxy(), se:cdp: ws://localhost:56910/devtoo..., se:cdpVersion: 126.0.6478.127, setWindowRect: true, strictFileInteractability: false, timeouts: {implicit: 0, pageLoad: 300000, script: 30000}, unhandledPromptBehavior: dismiss and notify, webauthn:extension:credBlob: true, webauthn:extension:largeBlob: true, webauthn:extension:minPinLength: true, webauthn:extension:prf: true, webauthn:virtualAuthenticators: true}
Session ID: 6d35321617766318c2b41ae5b0aad149
	at zapcg.Capillary.PageObject.memberDetailsPage.verifyTheMemberDetailsContentDisplaying(memberDetailsPage.java:191)
	at zapcg.Capillary.MemberDetailsTestCases.memberDetails_TestCases.verify_MemberDetails_ContentDisplaying(memberDetails_TestCases.java:67)
	at java.base/java.util.ArrayList.forEach(ArrayList.java:1511)
	at java.base/java.util.concurrent.FutureTask.run(FutureTask.java:264)
	at java.base/java.util.concurrent.ThreadPoolExecutor.runWorker(ThreadPoolExecutor.java:1130)
	at java.base/java.util.concurrent.ThreadPoolExecutor$Worker.run(ThreadPoolExecutor.java:630)
	at java.base/java.lang.Thread.run(Thread.java:832)
... Removed 18 stack frames</div></td></tr></table><p class="totop"><a href="#summary">back to summary</a></p>
<h3 id="m8">zapcg.Capillary.EarnPointPageTestCases.EarnPoint_Invalid_TestCases#empty_TxnAmount_But_GoToPassPointValue</h3><table class="result"><tr><th class="invisible"/></tr></table><p class="totop"><a href="#summary">back to summary</a></p>
<h3 id="m9">zapcg.Capillary.EarnPointPageTestCases.EarnPoint_Invalid_TestCases#verify_With_Empty_TransactionAmount</h3><table class="result"><tr><th class="invisible"/></tr></table><p class="totop"><a href="#summary">back to summary</a></p>
<h3 id="m10">zapcg.Capillary.EarnPointPageTestCases.EarnPoint_Valid_TestCases#empty_TxnAmount_But_GoToPassPoint_Value</h3><table class="result"><tr><th class="invisible"/></tr></table><p class="totop"><a href="#summary">back to summary</a></p>
<h3 id="m11">zapcg.Capillary.EarnPointPageTestCases.EarnPoint_Valid_TestCases#verifySuccessMessageForOnlyTransactionAmount</h3><table class="result"><tr><th class="invisible"/></tr></table><p class="totop"><a href="#summary">back to summary</a></p>
<h3 id="m12">zapcg.Capillary.EarnPointPageTestCases.EarnPoint_Valid_TestCases#verify_BackButton_Navigation_On_EarnPoint_Page</h3><table class="result"><tr><th class="invisible"/></tr></table><p class="totop"><a href="#summary">back to summary</a></p>
<h3 id="m13">zapcg.Capillary.EarnPointPageTestCases.EarnPoint_Valid_TestCases#verify_Date_Equal_To_System_CurrentDate</h3><table class="result"><tr><th class="invisible"/></tr></table><p class="totop"><a href="#summary">back to summary</a></p>
<h3 id="m14">zapcg.Capillary.EarnPointPageTestCases.EarnPoint_Valid_TestCases#verify_EarnPoints_Navigation_From_MeberDetailsScreen</h3><table class="result"><tr><th class="invisible"/></tr></table><p class="totop"><a href="#summary">back to summary</a></p>
<h3 id="m15">zapcg.Capillary.EarnPointPageTestCases.EarnPoint_Valid_TestCases#verify_Eligible_EarningPoints</h3><table class="result"><tr><th class="invisible"/></tr></table><p class="totop"><a href="#summary">back to summary</a></p>
<h3 id="m16">zapcg.Capillary.EarnPointPageTestCases.EarnPoint_Valid_TestCases#verify_HamBurger_LogoutOption_From_EarnPoint_Page</h3><table class="result"><tr><th class="invisible"/></tr></table><p class="totop"><a href="#summary">back to summary</a></p>
<h3 id="m17">zapcg.Capillary.EarnPointPageTestCases.EarnPoint_Valid_TestCases#verify_Hamburger_LocationOption_From_EarnPoint_Page</h3><table class="result"><tr><th class="invisible"/></tr></table><p class="totop"><a href="#summary">back to summary</a></p>
<h3 id="m18">zapcg.Capillary.EarnPointPageTestCases.EarnPoint_Valid_TestCases#verify_Hamburger_MemberLookupOption_From_EarnPoint_Page</h3><table class="result"><tr><th class="invisible"/></tr></table><p class="totop"><a href="#summary">back to summary</a></p>
<h3 id="m19">zapcg.Capillary.EarnPointPageTestCases.EarnPoint_Valid_TestCases#verify_HeaderHyperlink_On_EarnPoint_Page</h3><table class="result"><tr><th class="invisible"/></tr></table><p class="totop"><a href="#summary">back to summary</a></p>
<h3 id="m20">zapcg.Capillary.EarnPointPageTestCases.EarnPoint_Valid_TestCases#verify_NonEditable_DateField</h3><table class="result"><tr><th class="invisible"/></tr></table><p class="totop"><a href="#summary">back to summary</a></p>
<h3 id="m21">zapcg.Capillary.EarnPointPageTestCases.EarnPoint_Valid_TestCases#verify_NonEditable_LocationField</h3><table class="result"><tr><th class="invisible"/></tr></table><p class="totop"><a href="#summary">back to summary</a></p>
<h3 id="m22">zapcg.Capillary.EarnPointPageTestCases.EarnPoint_Valid_TestCases#verify_NonEditable_TimeField</h3><table class="result"><tr><th class="invisible"/></tr></table><p class="totop"><a href="#summary">back to summary</a></p>
<h3 id="m23">zapcg.Capillary.EarnPointPageTestCases.EarnPoint_Valid_TestCases#verify_TaxAssumedAmount</h3><table class="result"><tr><th class="invisible"/></tr></table><p class="totop"><a href="#summary">back to summary</a></p>
<h3 id="m24">zapcg.Capillary.EarnPointPageTestCases.EarnPoint_Valid_TestCases#verify_Time_Equal_To_System_CurrentTime</h3><table class="result"><tr><th class="invisible"/></tr></table><p class="totop"><a href="#summary">back to summary</a></p>
<h3 id="m25">zapcg.Capillary.EarnPointPageTestCases.EarnPoint_Valid_TestCases#verify_With_Empty_TransactionAmount</h3><table class="result"><tr><th class="invisible"/></tr></table><p class="totop"><a href="#summary">back to summary</a></p>
<h3 id="m26">zapcg.Capillary.EarnPointPageTestCases.GoToPassPointMoreThanAvailablePoint#verify_ValidationMessage_If_GoToPass_Is_Greater_Than_AvailablePoints</h3><table class="result"><tr><th class="invisible"/></tr></table><p class="totop"><a href="#summary">back to summary</a></p>
<h3 id="m27">zapcg.Capillary.LocationPageTestCases.Location_ExistingUser_TestCases#hamburgerIcon_MemberLocation_Navigation_From_LocationScreen</h3><table class="result"><tr><th class="invisible"/></tr></table><p class="totop"><a href="#summary">back to summary</a></p>
<h3 id="m28">zapcg.Capillary.LocationPageTestCases.Location_ExistingUser_TestCases#hamburgerIcon_MemberLookup_Navigation_From_LocationScreen</h3><table class="result"><tr><th class="invisible"/></tr></table><p class="totop"><a href="#summary">back to summary</a></p>
<h3 id="m29">zapcg.Capillary.LocationPageTestCases.Location_ExistingUser_TestCases#hamburger_Icon_Logout_From_LocationScreen</h3><table class="result"><tr><th class="invisible"/></tr></table><p class="totop"><a href="#summary">back to summary</a></p>
<h3 id="m30">zapcg.Capillary.LocationPageTestCases.Location_ExistingUser_TestCases#verify_Able_To_SelectOption_From_DropDown</h3><table class="result"><tr><th class="invisible"/></tr></table><p class="totop"><a href="#summary">back to summary</a></p>
<h3 id="m31">zapcg.Capillary.LocationPageTestCases.Location_ExistingUser_TestCases#verify_Choose_Location_Button_Availability</h3><table class="result"><tr><th class="invisible"/></tr></table><p class="totop"><a href="#summary">back to summary</a></p>
<h3 id="m32">zapcg.Capillary.LocationPageTestCases.Location_ExistingUser_TestCases#verify_DropDown_Availability</h3><table class="result"><tr><th class="invisible"/></tr></table><p class="totop"><a href="#summary">back to summary</a></p>
<h3 id="m33">zapcg.Capillary.LoginTestCases.Login_Invalid_TestCases#test_Invalid_Password</h3><table class="result"><tr><th class="invisible"/></tr></table><p class="totop"><a href="#summary">back to summary</a></p>
<h3 id="m34">zapcg.Capillary.LoginTestCases.Login_Invalid_TestCases#test_Invalid_Username</h3><table class="result"><tr><th class="invisible"/></tr></table><p class="totop"><a href="#summary">back to summary</a></p>
<h3 id="m35">zapcg.Capillary.LoginTestCases.Login_Invalid_TestCases#test_MinLength_Password</h3><table class="result"><tr><th class="invisible"/></tr></table><p class="totop"><a href="#summary">back to summary</a></p>
<h3 id="m36">zapcg.Capillary.LoginTestCases.Login_Invalid_TestCases#test_TooLong_Username</h3><table class="result"><tr><th class="invisible"/></tr></table><p class="totop"><a href="#summary">back to summary</a></p>
<h3 id="m37">zapcg.Capillary.LoginTestCases.Login_Invalid_TestCases#test_Username_WithSpaces</h3><table class="result"><tr><th class="invisible"/></tr></table><p class="totop"><a href="#summary">back to summary</a></p>
<h3 id="m38">zapcg.Capillary.LoginTestCases.Login_Invalid_TestCases#verify_Disabled_LoginButton_EmptyPassword</h3><table class="result"><tr><th class="invisible"/></tr></table><p class="totop"><a href="#summary">back to summary</a></p>
<h3 id="m39">zapcg.Capillary.LoginTestCases.Login_Invalid_TestCases#verify_Disabled_LoginButton_EmptyUsername</h3><table class="result"><tr><th class="invisible"/></tr></table><p class="totop"><a href="#summary">back to summary</a></p>
<h3 id="m40">zapcg.Capillary.LoginTestCases.Login_Invalid_TestCases#verify_Disabled_LoginButton_EmptyUsernamePassword_TestCase10</h3><table class="result"><tr><th class="invisible"/></tr></table><p class="totop"><a href="#summary">back to summary</a></p>
<h3 id="m41">zapcg.Capillary.LoginTestCases.Login_Invalid_TestCases#verify_Enabled_LoginButton</h3><table class="result"><tr><th class="invisible"/></tr></table><p class="totop"><a href="#summary">back to summary</a></p>
<h3 id="m42">zapcg.Capillary.LoginTestCases.Login_Valid_TestCases#testValidLogin_TestCase1</h3><table class="result"><tr><th class="invisible"/></tr></table><p class="totop"><a href="#summary">back to summary</a></p>
<h3 id="m43">zapcg.Capillary.MemberDetailsTestCases.memberDetails_TestCases#verify_BackButton_On_MemberDetails_Screen</h3><table class="result"><tr><th class="invisible"/></tr></table><p class="totop"><a href="#summary">back to summary</a></p>
<h3 id="m44">zapcg.Capillary.MemberDetailsTestCases.memberDetails_TestCases#verify_Enabled_EnterReceiptDetails_Button</h3><table class="result"><tr><th class="invisible"/></tr></table><p class="totop"><a href="#summary">back to summary</a></p>
<h3 id="m45">zapcg.Capillary.MemberDetailsTestCases.memberDetails_TestCases#verify_Hamburger_LocationOption_On_MemberDetails</h3><table class="result"><tr><th class="invisible"/></tr></table><p class="totop"><a href="#summary">back to summary</a></p>
<h3 id="m46">zapcg.Capillary.MemberDetailsTestCases.memberDetails_TestCases#verify_Hamburger_LogoutOption_On_MemberDetails</h3><table class="result"><tr><th class="invisible"/></tr></table><p class="totop"><a href="#summary">back to summary</a></p>
<h3 id="m47">zapcg.Capillary.MemberDetailsTestCases.memberDetails_TestCases#verify_Hamburger_MemberLookup_Option_on_MemberDetails</h3><table class="result"><tr><th class="invisible"/></tr></table><p class="totop"><a href="#summary">back to summary</a></p>
<h3 id="m48">zapcg.Capillary.MemberDetailsTestCases.memberDetails_TestCases#verify_Header_MemberDetailsScreen</h3><table class="result"><tr><th class="invisible"/></tr></table><p class="totop"><a href="#summary">back to summary</a></p>
<h3 id="m49">zapcg.Capillary.MemberDetailsTestCases.memberDetails_TestCases#verify_MemberDetails_Displaying</h3><table class="result"><tr><th class="invisible"/></tr></table><p class="totop"><a href="#summary">back to summary</a></p>
<h3 id="m50">zapcg.Capillary.MemberDetailsTestCases.memberDetails_TestCases#verify_MemberDetails_Navigation_From_MeberLookupScreen_To_MemberDetailsPage</h3><table class="result"><tr><th class="invisible"/></tr></table><p class="totop"><a href="#summary">back to summary</a></p>
<h3 id="m51">zapcg.Capillary.MemberLookupTestCases.MemberLookup_Valid_TestCases#enter_Valid_MemberId</h3><table class="result"><tr><th class="invisible"/></tr></table><p class="totop"><a href="#summary">back to summary</a></p>
<h3 id="m52">zapcg.Capillary.MemberLookupTestCases.MemberLookup_Valid_TestCases#hamburgerIcon_Location_Navigation_From_MemberLookup</h3><table class="result"><tr><th class="invisible"/></tr></table><p class="totop"><a href="#summary">back to summary</a></p>
<h3 id="m53">zapcg.Capillary.MemberLookupTestCases.MemberLookup_Valid_TestCases#hamburgerIcon_Logout_From_MemberLookup</h3><table class="result"><tr><th class="invisible"/></tr></table><p class="totop"><a href="#summary">back to summary</a></p>
<h3 id="m54">zapcg.Capillary.MemberLookupTestCases.MemberLookup_Valid_TestCases#hamburgerIcon_MemberLookup_Navigation_From_MemberLookup</h3><table class="result"><tr><th class="invisible"/></tr></table><p class="totop"><a href="#summary">back to summary</a></p>
<h3 id="m55">zapcg.Capillary.MemberLookupTestCases.MemberLookup_Valid_TestCases#verifyScanButtonAvailability</h3><table class="result"><tr><th class="invisible"/></tr></table><p class="totop"><a href="#summary">back to summary</a></p>
<h3 id="m56">zapcg.Capillary.MemberLookupTestCases.MemberLookup_Valid_TestCases#verify_Header_Hyperlink</h3><table class="result"><tr><th class="invisible"/></tr></table><p class="totop"><a href="#summary">back to summary</a></p>
<h3 id="m57">zapcg.Capillary.MemberLookupTestCases.memberLookup_Invalid_TestCases#verify_CardNumber_Field_MaxLength</h3><table class="result"><tr><th class="invisible"/></tr></table><p class="totop"><a href="#summary">back to summary</a></p>
<h3 id="m58">zapcg.Capillary.MemberLookupTestCases.memberLookup_Invalid_TestCases#verify_Empty_CardNumber_ButtonIsDisabled</h3><table class="result"><tr><th class="invisible"/></tr></table><p class="totop"><a href="#summary">back to summary</a></p>
<h3 id="m59">zapcg.Capillary.MemberLookupTestCases.memberLookup_Invalid_TestCases#verify_Invalid_CardNumber_MinLength</h3><table class="result"><tr><th class="invisible"/></tr></table><p class="totop"><a href="#summary">back to summary</a></p>
<h3 id="m60">zapcg.Capillary.MemberLookupTestCases.memberLookup_Invalid_TestCases#verify_Invalid_MemberID</h3><table class="result"><tr><th class="invisible"/></tr></table><p class="totop"><a href="#summary">back to summary</a></p>
<h3 id="m61">zapcg.Capillary.MemberLookupTestCases.memberLookup_Invalid_TestCases#verify_MemberId_Field_MaxLength</h3><table class="result"><tr><th class="invisible"/></tr></table><p class="totop"><a href="#summary">back to summary</a></p>
</body>
</html>
