<!DOCTYPE html>

<html>
  <head>
  <meta charset='utf-8'>
  <title>TestNG reports</title>

    <link type="text/css" href="testng-reports1.css" rel="stylesheet" id="ultra" />
    <link type="text/css" href="testng-reports.css" rel="stylesheet" id="retro" disabled="false"/>
    <script type="text/javascript" src="jquery-3.6.0.min.js"></script>
    <script type="text/javascript" src="testng-reports.js"></script>
    <script type="text/javascript" src="https://www.google.com/jsapi"></script>
    <script type='text/javascript'>
      google.load('visualization', '1', {packages:['table']});
      google.setOnLoadCallback(drawTable);
      var suiteTableInitFunctions = new Array();
      var suiteTableData = new Array();
    </script>
    <!--
      <script type="text/javascript" src="jquery-ui/js/jquery-ui-1.8.16.custom.min.js"></script>
     -->
  </head>

  <body>    <div class="top-banner-root">
      <span class="top-banner-title-font">Test results</span>
      <button id="button" class="button">Switch Retro Theme</button> <!-- button -->
      <br/>
      <span class="top-banner-font-1">1 suite, 8 failed tests</span>
    </div> <!-- top-banner-root -->
    <div class="navigator-root">
      <div class="navigator-suite-header">
        <span>All suites</span>
        <a href="#" title="Collapse/expand all the suites" class="collapse-all-link">
          <img src="collapseall.gif" class="collapse-all-icon">
          </img> <!-- collapse-all-icon -->
        </a> <!-- collapse-all-link -->
      </div> <!-- navigator-suite-header -->
      <div class="suite">
        <div class="rounded-window">
          <div class="suite-header light-rounded-window-top">
            <a href="#" panel-name="suite-TestSuite" class="navigator-link">
              <span class="suite-name border-failed">TestSuite</span>
            </a> <!-- navigator-link -->
          </div> <!-- suite-header light-rounded-window-top -->
          <div class="navigator-suite-content">
            <div class="suite-section-title">
              <span>Info</span>
            </div> <!-- suite-section-title -->
            <div class="suite-section-content">
              <ul>
                <li>
                  <a href="#" panel-name="test-xml-TestSuite" class="navigator-link ">
                    <span>C:\Users\KajalSharma\eclipse-workspace\Capillary\Capillary_Framework\test.xml</span>
                  </a> <!-- navigator-link  -->
                </li>
                <li>
                  <a href="#" panel-name="testlist-TestSuite" class="navigator-link ">
                    <span class="test-stats">1 test</span>
                  </a> <!-- navigator-link  -->
                </li>
                <li>
                  <a href="#" panel-name="group-TestSuite" class="navigator-link ">
                    <span>5 groups</span>
                  </a> <!-- navigator-link  -->
                </li>
                <li>
                  <a href="#" panel-name="times-TestSuite" class="navigator-link ">
                    <span>Times</span>
                  </a> <!-- navigator-link  -->
                </li>
                <li>
                  <a href="#" panel-name="reporter-TestSuite" class="navigator-link ">
                    <span>Reporter output</span>
                  </a> <!-- navigator-link  -->
                </li>
                <li>
                  <a href="#" panel-name="ignored-methods-TestSuite" class="navigator-link ">
                    <span>Ignored methods</span>
                  </a> <!-- navigator-link  -->
                </li>
                <li>
                  <a href="#" panel-name="chronological-TestSuite" class="navigator-link ">
                    <span>Chronological view</span>
                  </a> <!-- navigator-link  -->
                </li>
              </ul>
            </div> <!-- suite-section-content -->
            <div class="result-section">
              <div class="suite-section-title">
                <span>Results</span>
              </div> <!-- suite-section-title -->
              <div class="suite-section-content">
                <ul>
                  <li>
                    <span class="method-stats">62 methods, 8 failed,   54 passed</span>
                  </li>
                  <li>
                    <span class="method-list-title failed">Failed methods</span>
                    <span class="show-or-hide-methods failed">
                      <a href="#" panel-name="suite-TestSuite" class="hide-methods failed suite-TestSuite"> (hide)</a> <!-- hide-methods failed suite-TestSuite -->
                      <a href="#" panel-name="suite-TestSuite" class="show-methods failed suite-TestSuite"> (show)</a> <!-- show-methods failed suite-TestSuite -->
                    </span>
                    <div class="method-list-content failed suite-TestSuite">
                      <span>
                        <img src="failed.png" width="3%"/>
                        <a href="#" panel-name="suite-TestSuite" title="zapcg.Capillary.LocationPageTestCases.Location_ExistingUser_TestCases" class="method navigator-link" hash-for-method="choose_ValidLocation_For_NewUser">choose_ValidLocation_For_NewUser</a> <!-- method navigator-link -->
                      </span>
                      <br/>
                      <span>
                        <img src="failed.png" width="3%"/>
                        <a href="#" panel-name="suite-TestSuite" title="zapcg.Capillary.EarnPointPageTestCases.EarnPoint_Invalid_TestCases" class="method navigator-link" hash-for-method="goTOPassPoint_More_Than_TransactionAmount">goTOPassPoint_More_Than_TransactionAmount</a> <!-- method navigator-link -->
                      </span>
                      <br/>
                      <span>
                        <img src="failed.png" width="3%"/>
                        <a href="#" panel-name="suite-TestSuite" title="zapcg.Capillary.LocationPageTestCases.Location_ExistingUser_TestCases" class="method navigator-link" hash-for-method="navigated_From_Location_To_LookupScreen_With_Valid_Inputs">navigated_From_Location_To_LookupScreen_With_Valid_Inputs</a> <!-- method navigator-link -->
                      </span>
                      <br/>
                      <span>
                        <img src="failed.png" width="3%"/>
                        <a href="#" panel-name="suite-TestSuite" title="zapcg.Capillary.EarnPointPageTestCases.EarnPoint_Valid_TestCases" class="method navigator-link" hash-for-method="verify_ExceedThresold_SuccessMessage">verify_ExceedThresold_SuccessMessage</a> <!-- method navigator-link -->
                      </span>
                      <br/>
                      <span>
                        <img src="failed.png" width="3%"/>
                        <a href="#" panel-name="suite-TestSuite" title="zapcg.Capillary.LocationPageTestCases.Location_ExistingUser_TestCases" class="method navigator-link" hash-for-method="verify_Header_Of_MemberLookup_Screen">verify_Header_Of_MemberLookup_Screen</a> <!-- method navigator-link -->
                      </span>
                      <br/>
                      <span>
                        <img src="failed.png" width="3%"/>
                        <a href="#" panel-name="suite-TestSuite" title="zapcg.Capillary.MemberDetailsTestCases.memberDetails_TestCases" class="method navigator-link" hash-for-method="verify_MemberDetails_ContentDisplaying">verify_MemberDetails_ContentDisplaying</a> <!-- method navigator-link -->
                      </span>
                      <br/>
                      <span>
                        <img src="failed.png" width="3%"/>
                        <a href="#" panel-name="suite-TestSuite" title="zapcg.Capillary.EarnPointPageTestCases.EarnPoint_Valid_TestCases" class="method navigator-link" hash-for-method="verify_MemberDetails_Content_Displaying_On_EarnPointScreen">verify_MemberDetails_Content_Displaying_On_EarnPointScreen</a> <!-- method navigator-link -->
                      </span>
                      <br/>
                      <span>
                        <img src="failed.png" width="3%"/>
                        <a href="#" panel-name="suite-TestSuite" title="zapcg.Capillary.EarnPointPageTestCases.EarnPoint_Valid_TestCases" class="method navigator-link" hash-for-method="verify_SuccessMessage_For_RedeemPoint">verify_SuccessMessage_For_RedeemPoint</a> <!-- method navigator-link -->
                      </span>
                      <br/>
                    </div> <!-- method-list-content failed suite-TestSuite -->
                  </li>
                  <li>
                    <span class="method-list-title passed">Passed methods</span>
                    <span class="show-or-hide-methods passed">
                      <a href="#" panel-name="suite-TestSuite" class="hide-methods passed suite-TestSuite"> (hide)</a> <!-- hide-methods passed suite-TestSuite -->
                      <a href="#" panel-name="suite-TestSuite" class="show-methods passed suite-TestSuite"> (show)</a> <!-- show-methods passed suite-TestSuite -->
                    </span>
                    <div class="method-list-content passed suite-TestSuite">
                      <span>
                        <img src="passed.png" width="3%"/>
                        <a href="#" panel-name="suite-TestSuite" title="zapcg.Capillary.EarnPointPageTestCases.EarnPoint_Invalid_TestCases" class="method navigator-link" hash-for-method="empty_TxnAmount_But_GoToPassPointValue">empty_TxnAmount_But_GoToPassPointValue</a> <!-- method navigator-link -->
                      </span>
                      <br/>
                      <span>
                        <img src="passed.png" width="3%"/>
                        <a href="#" panel-name="suite-TestSuite" title="zapcg.Capillary.EarnPointPageTestCases.EarnPoint_Valid_TestCases" class="method navigator-link" hash-for-method="empty_TxnAmount_But_GoToPassPoint_Value">empty_TxnAmount_But_GoToPassPoint_Value</a> <!-- method navigator-link -->
                      </span>
                      <br/>
                      <span>
                        <img src="passed.png" width="3%"/>
                        <a href="#" panel-name="suite-TestSuite" title="zapcg.Capillary.MemberLookupTestCases.MemberLookup_Valid_TestCases" class="method navigator-link" hash-for-method="enter_Valid_MemberId">enter_Valid_MemberId</a> <!-- method navigator-link -->
                      </span>
                      <br/>
                      <span>
                        <img src="passed.png" width="3%"/>
                        <a href="#" panel-name="suite-TestSuite" title="zapcg.Capillary.MemberLookupTestCases.MemberLookup_Valid_TestCases" class="method navigator-link" hash-for-method="hamburgerIcon_Location_Navigation_From_MemberLookup">hamburgerIcon_Location_Navigation_From_MemberLookup</a> <!-- method navigator-link -->
                      </span>
                      <br/>
                      <span>
                        <img src="passed.png" width="3%"/>
                        <a href="#" panel-name="suite-TestSuite" title="zapcg.Capillary.MemberLookupTestCases.MemberLookup_Valid_TestCases" class="method navigator-link" hash-for-method="hamburgerIcon_Logout_From_MemberLookup">hamburgerIcon_Logout_From_MemberLookup</a> <!-- method navigator-link -->
                      </span>
                      <br/>
                      <span>
                        <img src="passed.png" width="3%"/>
                        <a href="#" panel-name="suite-TestSuite" title="zapcg.Capillary.LocationPageTestCases.Location_ExistingUser_TestCases" class="method navigator-link" hash-for-method="hamburgerIcon_MemberLocation_Navigation_From_LocationScreen">hamburgerIcon_MemberLocation_Navigation_From_LocationScreen</a> <!-- method navigator-link -->
                      </span>
                      <br/>
                      <span>
                        <img src="passed.png" width="3%"/>
                        <a href="#" panel-name="suite-TestSuite" title="zapcg.Capillary.LocationPageTestCases.Location_ExistingUser_TestCases" class="method navigator-link" hash-for-method="hamburgerIcon_MemberLookup_Navigation_From_LocationScreen">hamburgerIcon_MemberLookup_Navigation_From_LocationScreen</a> <!-- method navigator-link -->
                      </span>
                      <br/>
                      <span>
                        <img src="passed.png" width="3%"/>
                        <a href="#" panel-name="suite-TestSuite" title="zapcg.Capillary.MemberLookupTestCases.MemberLookup_Valid_TestCases" class="method navigator-link" hash-for-method="hamburgerIcon_MemberLookup_Navigation_From_MemberLookup">hamburgerIcon_MemberLookup_Navigation_From_MemberLookup</a> <!-- method navigator-link -->
                      </span>
                      <br/>
                      <span>
                        <img src="passed.png" width="3%"/>
                        <a href="#" panel-name="suite-TestSuite" title="zapcg.Capillary.LocationPageTestCases.Location_ExistingUser_TestCases" class="method navigator-link" hash-for-method="hamburger_Icon_Logout_From_LocationScreen">hamburger_Icon_Logout_From_LocationScreen</a> <!-- method navigator-link -->
                      </span>
                      <br/>
                      <span>
                        <img src="passed.png" width="3%"/>
                        <a href="#" panel-name="suite-TestSuite" title="zapcg.Capillary.LoginTestCases.Login_Valid_TestCases" class="method navigator-link" hash-for-method="testValidLogin_TestCase1">testValidLogin_TestCase1</a> <!-- method navigator-link -->
                      </span>
                      <br/>
                      <span>
                        <img src="passed.png" width="3%"/>
                        <a href="#" panel-name="suite-TestSuite" title="zapcg.Capillary.LoginTestCases.Login_Invalid_TestCases" class="method navigator-link" hash-for-method="test_Invalid_Password">test_Invalid_Password</a> <!-- method navigator-link -->
                      </span>
                      <br/>
                      <span>
                        <img src="passed.png" width="3%"/>
                        <a href="#" panel-name="suite-TestSuite" title="zapcg.Capillary.LoginTestCases.Login_Invalid_TestCases" class="method navigator-link" hash-for-method="test_Invalid_Username">test_Invalid_Username</a> <!-- method navigator-link -->
                      </span>
                      <br/>
                      <span>
                        <img src="passed.png" width="3%"/>
                        <a href="#" panel-name="suite-TestSuite" title="zapcg.Capillary.LoginTestCases.Login_Invalid_TestCases" class="method navigator-link" hash-for-method="test_MinLength_Password">test_MinLength_Password</a> <!-- method navigator-link -->
                      </span>
                      <br/>
                      <span>
                        <img src="passed.png" width="3%"/>
                        <a href="#" panel-name="suite-TestSuite" title="zapcg.Capillary.LoginTestCases.Login_Invalid_TestCases" class="method navigator-link" hash-for-method="test_TooLong_Username">test_TooLong_Username</a> <!-- method navigator-link -->
                      </span>
                      <br/>
                      <span>
                        <img src="passed.png" width="3%"/>
                        <a href="#" panel-name="suite-TestSuite" title="zapcg.Capillary.LoginTestCases.Login_Invalid_TestCases" class="method navigator-link" hash-for-method="test_Username_WithSpaces">test_Username_WithSpaces</a> <!-- method navigator-link -->
                      </span>
                      <br/>
                      <span>
                        <img src="passed.png" width="3%"/>
                        <a href="#" panel-name="suite-TestSuite" title="zapcg.Capillary.MemberLookupTestCases.MemberLookup_Valid_TestCases" class="method navigator-link" hash-for-method="verifyScanButtonAvailability">verifyScanButtonAvailability</a> <!-- method navigator-link -->
                      </span>
                      <br/>
                      <span>
                        <img src="passed.png" width="3%"/>
                        <a href="#" panel-name="suite-TestSuite" title="zapcg.Capillary.EarnPointPageTestCases.EarnPoint_Valid_TestCases" class="method navigator-link" hash-for-method="verifySuccessMessageForOnlyTransactionAmount">verifySuccessMessageForOnlyTransactionAmount</a> <!-- method navigator-link -->
                      </span>
                      <br/>
                      <span>
                        <img src="passed.png" width="3%"/>
                        <a href="#" panel-name="suite-TestSuite" title="zapcg.Capillary.LocationPageTestCases.Location_ExistingUser_TestCases" class="method navigator-link" hash-for-method="verify_Able_To_SelectOption_From_DropDown">verify_Able_To_SelectOption_From_DropDown</a> <!-- method navigator-link -->
                      </span>
                      <br/>
                      <span>
                        <img src="passed.png" width="3%"/>
                        <a href="#" panel-name="suite-TestSuite" title="zapcg.Capillary.EarnPointPageTestCases.EarnPoint_Valid_TestCases" class="method navigator-link" hash-for-method="verify_BackButton_Navigation_On_EarnPoint_Page">verify_BackButton_Navigation_On_EarnPoint_Page</a> <!-- method navigator-link -->
                      </span>
                      <br/>
                      <span>
                        <img src="passed.png" width="3%"/>
                        <a href="#" panel-name="suite-TestSuite" title="zapcg.Capillary.MemberDetailsTestCases.memberDetails_TestCases" class="method navigator-link" hash-for-method="verify_BackButton_On_MemberDetails_Screen">verify_BackButton_On_MemberDetails_Screen</a> <!-- method navigator-link -->
                      </span>
                      <br/>
                      <span>
                        <img src="passed.png" width="3%"/>
                        <a href="#" panel-name="suite-TestSuite" title="zapcg.Capillary.MemberLookupTestCases.memberLookup_Invalid_TestCases" class="method navigator-link" hash-for-method="verify_CardNumber_Field_MaxLength">verify_CardNumber_Field_MaxLength</a> <!-- method navigator-link -->
                      </span>
                      <br/>
                      <span>
                        <img src="passed.png" width="3%"/>
                        <a href="#" panel-name="suite-TestSuite" title="zapcg.Capillary.LocationPageTestCases.Location_ExistingUser_TestCases" class="method navigator-link" hash-for-method="verify_Choose_Location_Button_Availability">verify_Choose_Location_Button_Availability</a> <!-- method navigator-link -->
                      </span>
                      <br/>
                      <span>
                        <img src="passed.png" width="3%"/>
                        <a href="#" panel-name="suite-TestSuite" title="zapcg.Capillary.EarnPointPageTestCases.EarnPoint_Valid_TestCases" class="method navigator-link" hash-for-method="verify_Date_Equal_To_System_CurrentDate">verify_Date_Equal_To_System_CurrentDate</a> <!-- method navigator-link -->
                      </span>
                      <br/>
                      <span>
                        <img src="passed.png" width="3%"/>
                        <a href="#" panel-name="suite-TestSuite" title="zapcg.Capillary.LoginTestCases.Login_Invalid_TestCases" class="method navigator-link" hash-for-method="verify_Disabled_LoginButton_EmptyPassword">verify_Disabled_LoginButton_EmptyPassword</a> <!-- method navigator-link -->
                      </span>
                      <br/>
                      <span>
                        <img src="passed.png" width="3%"/>
                        <a href="#" panel-name="suite-TestSuite" title="zapcg.Capillary.LoginTestCases.Login_Invalid_TestCases" class="method navigator-link" hash-for-method="verify_Disabled_LoginButton_EmptyUsername">verify_Disabled_LoginButton_EmptyUsername</a> <!-- method navigator-link -->
                      </span>
                      <br/>
                      <span>
                        <img src="passed.png" width="3%"/>
                        <a href="#" panel-name="suite-TestSuite" title="zapcg.Capillary.LoginTestCases.Login_Invalid_TestCases" class="method navigator-link" hash-for-method="verify_Disabled_LoginButton_EmptyUsernamePassword_TestCase10">verify_Disabled_LoginButton_EmptyUsernamePassword_TestCase10</a> <!-- method navigator-link -->
                      </span>
                      <br/>
                      <span>
                        <img src="passed.png" width="3%"/>
                        <a href="#" panel-name="suite-TestSuite" title="zapcg.Capillary.LocationPageTestCases.Location_ExistingUser_TestCases" class="method navigator-link" hash-for-method="verify_DropDown_Availability">verify_DropDown_Availability</a> <!-- method navigator-link -->
                      </span>
                      <br/>
                      <span>
                        <img src="passed.png" width="3%"/>
                        <a href="#" panel-name="suite-TestSuite" title="zapcg.Capillary.EarnPointPageTestCases.EarnPoint_Valid_TestCases" class="method navigator-link" hash-for-method="verify_EarnPoints_Navigation_From_MeberDetailsScreen">verify_EarnPoints_Navigation_From_MeberDetailsScreen</a> <!-- method navigator-link -->
                      </span>
                      <br/>
                      <span>
                        <img src="passed.png" width="3%"/>
                        <a href="#" panel-name="suite-TestSuite" title="zapcg.Capillary.EarnPointPageTestCases.EarnPoint_Valid_TestCases" class="method navigator-link" hash-for-method="verify_Eligible_EarningPoints">verify_Eligible_EarningPoints</a> <!-- method navigator-link -->
                      </span>
                      <br/>
                      <span>
                        <img src="passed.png" width="3%"/>
                        <a href="#" panel-name="suite-TestSuite" title="zapcg.Capillary.MemberLookupTestCases.memberLookup_Invalid_TestCases" class="method navigator-link" hash-for-method="verify_Empty_CardNumber_ButtonIsDisabled">verify_Empty_CardNumber_ButtonIsDisabled</a> <!-- method navigator-link -->
                      </span>
                      <br/>
                      <span>
                        <img src="passed.png" width="3%"/>
                        <a href="#" panel-name="suite-TestSuite" title="zapcg.Capillary.MemberDetailsTestCases.memberDetails_TestCases" class="method navigator-link" hash-for-method="verify_Enabled_EnterReceiptDetails_Button">verify_Enabled_EnterReceiptDetails_Button</a> <!-- method navigator-link -->
                      </span>
                      <br/>
                      <span>
                        <img src="passed.png" width="3%"/>
                        <a href="#" panel-name="suite-TestSuite" title="zapcg.Capillary.LoginTestCases.Login_Invalid_TestCases" class="method navigator-link" hash-for-method="verify_Enabled_LoginButton">verify_Enabled_LoginButton</a> <!-- method navigator-link -->
                      </span>
                      <br/>
                      <span>
                        <img src="passed.png" width="3%"/>
                        <a href="#" panel-name="suite-TestSuite" title="zapcg.Capillary.EarnPointPageTestCases.EarnPoint_Valid_TestCases" class="method navigator-link" hash-for-method="verify_HamBurger_LogoutOption_From_EarnPoint_Page">verify_HamBurger_LogoutOption_From_EarnPoint_Page</a> <!-- method navigator-link -->
                      </span>
                      <br/>
                      <span>
                        <img src="passed.png" width="3%"/>
                        <a href="#" panel-name="suite-TestSuite" title="zapcg.Capillary.EarnPointPageTestCases.EarnPoint_Valid_TestCases" class="method navigator-link" hash-for-method="verify_Hamburger_LocationOption_From_EarnPoint_Page">verify_Hamburger_LocationOption_From_EarnPoint_Page</a> <!-- method navigator-link -->
                      </span>
                      <br/>
                      <span>
                        <img src="passed.png" width="3%"/>
                        <a href="#" panel-name="suite-TestSuite" title="zapcg.Capillary.MemberDetailsTestCases.memberDetails_TestCases" class="method navigator-link" hash-for-method="verify_Hamburger_LocationOption_On_MemberDetails">verify_Hamburger_LocationOption_On_MemberDetails</a> <!-- method navigator-link -->
                      </span>
                      <br/>
                      <span>
                        <img src="passed.png" width="3%"/>
                        <a href="#" panel-name="suite-TestSuite" title="zapcg.Capillary.MemberDetailsTestCases.memberDetails_TestCases" class="method navigator-link" hash-for-method="verify_Hamburger_LogoutOption_On_MemberDetails">verify_Hamburger_LogoutOption_On_MemberDetails</a> <!-- method navigator-link -->
                      </span>
                      <br/>
                      <span>
                        <img src="passed.png" width="3%"/>
                        <a href="#" panel-name="suite-TestSuite" title="zapcg.Capillary.EarnPointPageTestCases.EarnPoint_Valid_TestCases" class="method navigator-link" hash-for-method="verify_Hamburger_MemberLookupOption_From_EarnPoint_Page">verify_Hamburger_MemberLookupOption_From_EarnPoint_Page</a> <!-- method navigator-link -->
                      </span>
                      <br/>
                      <span>
                        <img src="passed.png" width="3%"/>
                        <a href="#" panel-name="suite-TestSuite" title="zapcg.Capillary.MemberDetailsTestCases.memberDetails_TestCases" class="method navigator-link" hash-for-method="verify_Hamburger_MemberLookup_Option_on_MemberDetails">verify_Hamburger_MemberLookup_Option_on_MemberDetails</a> <!-- method navigator-link -->
                      </span>
                      <br/>
                      <span>
                        <img src="passed.png" width="3%"/>
                        <a href="#" panel-name="suite-TestSuite" title="zapcg.Capillary.EarnPointPageTestCases.EarnPoint_Valid_TestCases" class="method navigator-link" hash-for-method="verify_HeaderHyperlink_On_EarnPoint_Page">verify_HeaderHyperlink_On_EarnPoint_Page</a> <!-- method navigator-link -->
                      </span>
                      <br/>
                      <span>
                        <img src="passed.png" width="3%"/>
                        <a href="#" panel-name="suite-TestSuite" title="zapcg.Capillary.MemberLookupTestCases.MemberLookup_Valid_TestCases" class="method navigator-link" hash-for-method="verify_Header_Hyperlink">verify_Header_Hyperlink</a> <!-- method navigator-link -->
                      </span>
                      <br/>
                      <span>
                        <img src="passed.png" width="3%"/>
                        <a href="#" panel-name="suite-TestSuite" title="zapcg.Capillary.MemberDetailsTestCases.memberDetails_TestCases" class="method navigator-link" hash-for-method="verify_Header_MemberDetailsScreen">verify_Header_MemberDetailsScreen</a> <!-- method navigator-link -->
                      </span>
                      <br/>
                      <span>
                        <img src="passed.png" width="3%"/>
                        <a href="#" panel-name="suite-TestSuite" title="zapcg.Capillary.MemberLookupTestCases.memberLookup_Invalid_TestCases" class="method navigator-link" hash-for-method="verify_Invalid_CardNumber_MinLength">verify_Invalid_CardNumber_MinLength</a> <!-- method navigator-link -->
                      </span>
                      <br/>
                      <span>
                        <img src="passed.png" width="3%"/>
                        <a href="#" panel-name="suite-TestSuite" title="zapcg.Capillary.MemberLookupTestCases.memberLookup_Invalid_TestCases" class="method navigator-link" hash-for-method="verify_Invalid_MemberID">verify_Invalid_MemberID</a> <!-- method navigator-link -->
                      </span>
                      <br/>
                      <span>
                        <img src="passed.png" width="3%"/>
                        <a href="#" panel-name="suite-TestSuite" title="zapcg.Capillary.MemberDetailsTestCases.memberDetails_TestCases" class="method navigator-link" hash-for-method="verify_MemberDetails_Displaying">verify_MemberDetails_Displaying</a> <!-- method navigator-link -->
                      </span>
                      <br/>
                      <span>
                        <img src="passed.png" width="3%"/>
                        <a href="#" panel-name="suite-TestSuite" title="zapcg.Capillary.MemberDetailsTestCases.memberDetails_TestCases" class="method navigator-link" hash-for-method="verify_MemberDetails_Navigation_From_MeberLookupScreen_To_MemberDetailsPage">verify_MemberDetails_Navigation_From_MeberLookupScreen_To_MemberDetailsPage</a> <!-- method navigator-link -->
                      </span>
                      <br/>
                      <span>
                        <img src="passed.png" width="3%"/>
                        <a href="#" panel-name="suite-TestSuite" title="zapcg.Capillary.MemberLookupTestCases.memberLookup_Invalid_TestCases" class="method navigator-link" hash-for-method="verify_MemberId_Field_MaxLength">verify_MemberId_Field_MaxLength</a> <!-- method navigator-link -->
                      </span>
                      <br/>
                      <span>
                        <img src="passed.png" width="3%"/>
                        <a href="#" panel-name="suite-TestSuite" title="zapcg.Capillary.EarnPointPageTestCases.EarnPoint_Valid_TestCases" class="method navigator-link" hash-for-method="verify_NonEditable_DateField">verify_NonEditable_DateField</a> <!-- method navigator-link -->
                      </span>
                      <br/>
                      <span>
                        <img src="passed.png" width="3%"/>
                        <a href="#" panel-name="suite-TestSuite" title="zapcg.Capillary.EarnPointPageTestCases.EarnPoint_Valid_TestCases" class="method navigator-link" hash-for-method="verify_NonEditable_LocationField">verify_NonEditable_LocationField</a> <!-- method navigator-link -->
                      </span>
                      <br/>
                      <span>
                        <img src="passed.png" width="3%"/>
                        <a href="#" panel-name="suite-TestSuite" title="zapcg.Capillary.EarnPointPageTestCases.EarnPoint_Valid_TestCases" class="method navigator-link" hash-for-method="verify_NonEditable_TimeField">verify_NonEditable_TimeField</a> <!-- method navigator-link -->
                      </span>
                      <br/>
                      <span>
                        <img src="passed.png" width="3%"/>
                        <a href="#" panel-name="suite-TestSuite" title="zapcg.Capillary.EarnPointPageTestCases.EarnPoint_Valid_TestCases" class="method navigator-link" hash-for-method="verify_TaxAssumedAmount">verify_TaxAssumedAmount</a> <!-- method navigator-link -->
                      </span>
                      <br/>
                      <span>
                        <img src="passed.png" width="3%"/>
                        <a href="#" panel-name="suite-TestSuite" title="zapcg.Capillary.EarnPointPageTestCases.EarnPoint_Valid_TestCases" class="method navigator-link" hash-for-method="verify_Time_Equal_To_System_CurrentTime">verify_Time_Equal_To_System_CurrentTime</a> <!-- method navigator-link -->
                      </span>
                      <br/>
                      <span>
                        <img src="passed.png" width="3%"/>
                        <a href="#" panel-name="suite-TestSuite" title="zapcg.Capillary.EarnPointPageTestCases.GoToPassPointMoreThanAvailablePoint" class="method navigator-link" hash-for-method="verify_ValidationMessage_If_GoToPass_Is_Greater_Than_AvailablePoints">verify_ValidationMessage_If_GoToPass_Is_Greater_Than_AvailablePoints</a> <!-- method navigator-link -->
                      </span>
                      <br/>
                      <span>
                        <img src="passed.png" width="3%"/>
                        <a href="#" panel-name="suite-TestSuite" title="zapcg.Capillary.EarnPointPageTestCases.EarnPoint_Invalid_TestCases" class="method navigator-link" hash-for-method="verify_With_Empty_TransactionAmount">verify_With_Empty_TransactionAmount</a> <!-- method navigator-link -->
                      </span>
                      <br/>
                      <span>
                        <img src="passed.png" width="3%"/>
                        <a href="#" panel-name="suite-TestSuite" title="zapcg.Capillary.EarnPointPageTestCases.EarnPoint_Valid_TestCases" class="method navigator-link" hash-for-method="verify_With_Empty_TransactionAmount">verify_With_Empty_TransactionAmount</a> <!-- method navigator-link -->
                      </span>
                      <br/>
                    </div> <!-- method-list-content passed suite-TestSuite -->
                  </li>
                </ul>
              </div> <!-- suite-section-content -->
            </div> <!-- result-section -->
          </div> <!-- navigator-suite-content -->
        </div> <!-- rounded-window -->
      </div> <!-- suite -->
    </div> <!-- navigator-root -->
    <div class="wrapper">
      <div class="main-panel-root">
        <div panel-name="suite-TestSuite" class="panel TestSuite">
          <div class="suite-TestSuite-class-failed">
            <div class="main-panel-header rounded-window-top">
              <img src="failed.png"/>
              <span class="class-name">zapcg.Capillary.EarnPointPageTestCases.EarnPoint_Valid_TestCases</span>
            </div> <!-- main-panel-header rounded-window-top -->
            <div class="main-panel-content rounded-window-bottom">
              <div class="method">
                <div class="method-content">
                  <a name="verify_ExceedThresold_SuccessMessage">
                  </a> <!-- verify_ExceedThresold_SuccessMessage -->
                  <span class="method-name">verify_ExceedThresold_SuccessMessage</span>
                  <div class="stack-trace">java.lang.NullPointerException: Cannot invoke &quot;org.openqa.selenium.SearchContext.findElement(org.openqa.selenium.By)&quot; because &quot;this.searchContext&quot; is null
	at org.openqa.selenium.support.pagefactory.DefaultElementLocator.findElement(DefaultElementLocator.java:68)
	at org.openqa.selenium.support.pagefactory.internal.LocatingElementHandler.invoke(LocatingElementHandler.java:38)
	at com.sun.proxy.$Proxy18.sendKeys(Unknown Source)
	at zapcg.Capillary.PageObject.memberLookupPage.enterMemberId(memberLookupPage.java:94)
	at zapcg.Capillary.EarnPointPageTestCases.EarnPoint_Valid_TestCases.verify_ExceedThresold_SuccessMessage(EarnPoint_Valid_TestCases.java:288)
	at java.base/java.util.ArrayList.forEach(ArrayList.java:1511)
	at java.base/java.util.concurrent.FutureTask.run(FutureTask.java:264)
	at java.base/java.util.concurrent.ThreadPoolExecutor.runWorker(ThreadPoolExecutor.java:1130)
	at java.base/java.util.concurrent.ThreadPoolExecutor$Worker.run(ThreadPoolExecutor.java:630)
	at java.base/java.lang.Thread.run(Thread.java:832)
... Removed 17 stack frames
</div> <!-- stack-trace -->
                </div> <!-- method-content -->
              </div> <!-- method -->
              <div class="method">
                <div class="method-content">
                  <a name="verify_MemberDetails_Content_Displaying_On_EarnPointScreen">
                  </a> <!-- verify_MemberDetails_Content_Displaying_On_EarnPointScreen -->
                  <span class="method-name">verify_MemberDetails_Content_Displaying_On_EarnPointScreen</span>
                  <div class="stack-trace">java.lang.ClassCastException: class org.openqa.selenium.By$ByXPath cannot be cast to class org.openqa.selenium.WebElement (org.openqa.selenium.By$ByXPath and org.openqa.selenium.WebElement are in unnamed module of loader &apos;app&apos;)
	at zapcg.Capillary.PageObject.earnPointsPage.verifyTheMemberDetailsContentDisplaying(earnPointsPage.java:192)
	at zapcg.Capillary.EarnPointPageTestCases.EarnPoint_Valid_TestCases.verify_MemberDetails_Content_Displaying_On_EarnPointScreen(EarnPoint_Valid_TestCases.java:86)
	at java.base/java.util.ArrayList.forEach(ArrayList.java:1511)
	at java.base/java.util.concurrent.FutureTask.run(FutureTask.java:264)
	at java.base/java.util.concurrent.ThreadPoolExecutor.runWorker(ThreadPoolExecutor.java:1130)
	at java.base/java.util.concurrent.ThreadPoolExecutor$Worker.run(ThreadPoolExecutor.java:630)
	at java.base/java.lang.Thread.run(Thread.java:832)
... Removed 17 stack frames
</div> <!-- stack-trace -->
                </div> <!-- method-content -->
              </div> <!-- method -->
              <div class="method">
                <div class="method-content">
                  <a name="verify_SuccessMessage_For_RedeemPoint">
                  </a> <!-- verify_SuccessMessage_For_RedeemPoint -->
                  <span class="method-name">verify_SuccessMessage_For_RedeemPoint</span>
                  <div class="stack-trace">java.lang.AssertionError: An error occurred while verifying the success message: Expected condition failed: waiting for visibility of Proxy element for: DefaultElementLocator &apos;By.xpath: //p[@id=&apos;EPMDLMSG&apos; and contains(text(), &apos;transaction has been successfully submitted. They have earned 35 points and have spent 1 points.&apos;)]&apos; (tried for 10 second(s) with 500 milliseconds interval)
	at zapcg.Capillary.PageObject.earnPointsPage.verifySuccessMessageIfRedeemingPoints(earnPointsPage.java:765)
	at zapcg.Capillary.EarnPointPageTestCases.EarnPoint_Valid_TestCases.verify_SuccessMessage_For_RedeemPoint(EarnPoint_Valid_TestCases.java:232)
	at java.base/java.util.ArrayList.forEach(ArrayList.java:1511)
	at java.base/java.util.concurrent.FutureTask.run(FutureTask.java:264)
	at java.base/java.util.concurrent.ThreadPoolExecutor.runWorker(ThreadPoolExecutor.java:1130)
	at java.base/java.util.concurrent.ThreadPoolExecutor$Worker.run(ThreadPoolExecutor.java:630)
	at java.base/java.lang.Thread.run(Thread.java:832)
... Removed 18 stack frames
</div> <!-- stack-trace -->
                </div> <!-- method-content -->
              </div> <!-- method -->
            </div> <!-- main-panel-content rounded-window-bottom -->
          </div> <!-- suite-TestSuite-class-failed -->
          <div class="suite-TestSuite-class-failed">
            <div class="main-panel-header rounded-window-top">
              <img src="failed.png"/>
              <span class="class-name">zapcg.Capillary.EarnPointPageTestCases.EarnPoint_Invalid_TestCases</span>
            </div> <!-- main-panel-header rounded-window-top -->
            <div class="main-panel-content rounded-window-bottom">
              <div class="method">
                <div class="method-content">
                  <a name="goTOPassPoint_More_Than_TransactionAmount">
                  </a> <!-- goTOPassPoint_More_Than_TransactionAmount -->
                  <span class="method-name">goTOPassPoint_More_Than_TransactionAmount</span>
                  <div class="stack-trace">java.lang.AssertionError: An error occurred while verifying the Validation message: Expected condition failed: waiting for visibility of Proxy element for: DefaultElementLocator &apos;By.xpath: //p[@id=&apos;EP041-helper-text&apos; and contains(text(),&apos;Entered Go To Pass points used is more than the Transaction Amount&apos;)]&apos; (tried for 10 second(s) with 500 milliseconds interval)
	at zapcg.Capillary.PageObject.earnPointsPage.verifyValidationMessageIfGoToPassIsGreaterThanTxnAmt(earnPointsPage.java:839)
	at zapcg.Capillary.EarnPointPageTestCases.EarnPoint_Invalid_TestCases.goTOPassPoint_More_Than_TransactionAmount(EarnPoint_Invalid_TestCases.java:79)
	at java.base/java.util.ArrayList.forEach(ArrayList.java:1511)
	at java.base/java.util.concurrent.FutureTask.run(FutureTask.java:264)
	at java.base/java.util.concurrent.ThreadPoolExecutor.runWorker(ThreadPoolExecutor.java:1130)
	at java.base/java.util.concurrent.ThreadPoolExecutor$Worker.run(ThreadPoolExecutor.java:630)
	at java.base/java.lang.Thread.run(Thread.java:832)
... Removed 18 stack frames
</div> <!-- stack-trace -->
                </div> <!-- method-content -->
              </div> <!-- method -->
            </div> <!-- main-panel-content rounded-window-bottom -->
          </div> <!-- suite-TestSuite-class-failed -->
          <div class="suite-TestSuite-class-failed">
            <div class="main-panel-header rounded-window-top">
              <img src="failed.png"/>
              <span class="class-name">zapcg.Capillary.LocationPageTestCases.Location_ExistingUser_TestCases</span>
            </div> <!-- main-panel-header rounded-window-top -->
            <div class="main-panel-content rounded-window-bottom">
              <div class="method">
                <div class="method-content">
                  <a name="choose_ValidLocation_For_NewUser">
                  </a> <!-- choose_ValidLocation_For_NewUser -->
                  <span class="method-name">choose_ValidLocation_For_NewUser</span>
                  <div class="stack-trace">org.openqa.selenium.ElementClickInterceptedException: element click intercepted: Element &lt;button class=&quot;MuiButtonBase-root MuiButton-root MuiButton-contained MuiButton-containedPrimary MuiButton-sizeMedium MuiButton-containedSizeMedium MuiButton-colorPrimary MuiButton-root MuiButton-contained MuiButton-containedPrimary MuiButton-sizeMedium MuiButton-containedSizeMedium MuiButton-colorPrimary css-y7km40&quot; tabindex=&quot;0&quot; type=&quot;button&quot; data-testid=&quot;LS014B&quot; id=&quot;LS014B&quot;&gt;...&lt;/button&gt; is not clickable at point (384, 534). Other element would receive the click: &lt;li tabindex=&quot;-1&quot; role=&quot;option&quot; id=&quot;LS013OP1&quot; data-option-index=&quot;1&quot; aria-disabled=&quot;false&quot; aria-selected=&quot;false&quot; class=&quot;MuiAutocomplete-option&quot; data-testid=&quot;LS013OP1&quot;&gt;...&lt;/li&gt;
  (Session info: chrome-headless-shell=126.0.6478.127)
Build info: version: &apos;4.22.0&apos;, revision: &apos;c5f3146703*&apos;
System info: os.name: &apos;Windows 10&apos;, os.arch: &apos;amd64&apos;, os.version: &apos;10.0&apos;, java.version: &apos;15.0.2&apos;
Driver info: org.openqa.selenium.chrome.ChromeDriver
Command: [90f65e8b65c58996e1731ecc4039f010, clickElement {id=f.C034E98EC876238CBE2469B4A39D7FB7.d.C353E149041B54D3B35D046668BF4D5D.e.61}]
Capabilities {acceptInsecureCerts: true, browserName: chrome-headless-shell, browserVersion: 126.0.6478.127, chrome: {chromedriverVersion: 126.0.6478.126 (d36ace6122e..., userDataDir: C:\Users\KAJALS~1\AppData\L...}, fedcm:accounts: true, goog:chromeOptions: {debuggerAddress: localhost:56383}, networkConnectionEnabled: false, pageLoadStrategy: normal, platformName: windows, proxy: Proxy(), se:cdp: ws://localhost:56383/devtoo..., se:cdpVersion: 126.0.6478.127, setWindowRect: true, strictFileInteractability: false, timeouts: {implicit: 0, pageLoad: 300000, script: 30000}, unhandledPromptBehavior: dismiss and notify, webauthn:extension:credBlob: true, webauthn:extension:largeBlob: true, webauthn:extension:minPinLength: true, webauthn:extension:prf: true, webauthn:virtualAuthenticators: true}
Element: [[ChromeDriver: chrome-headless-shell on windows (90f65e8b65c58996e1731ecc4039f010)] -&gt; xpath: //button[@id=&apos;LS014B&apos;]]
Session ID: 90f65e8b65c58996e1731ecc4039f010
	at org.openqa.selenium.remote.ErrorCodec.decode(ErrorCodec.java:167)
	at org.openqa.selenium.remote.codec.w3c.W3CHttpResponseCodec.decode(W3CHttpResponseCodec.java:138)
	at org.openqa.selenium.remote.codec.w3c.W3CHttpResponseCodec.decode(W3CHttpResponseCodec.java:50)
	at org.openqa.selenium.remote.HttpCommandExecutor.execute(HttpCommandExecutor.java:190)
	at org.openqa.selenium.remote.service.DriverCommandExecutor.invokeExecute(DriverCommandExecutor.java:216)
	at org.openqa.selenium.remote.service.DriverCommandExecutor.execute(DriverCommandExecutor.java:174)
	at org.openqa.selenium.remote.RemoteWebDriver.execute(RemoteWebDriver.java:518)
	at org.openqa.selenium.remote.RemoteWebElement.execute(RemoteWebElement.java:223)
	at org.openqa.selenium.remote.RemoteWebElement.click(RemoteWebElement.java:76)
	at org.openqa.selenium.support.pagefactory.internal.LocatingElementHandler.invoke(LocatingElementHandler.java:51)
	at com.sun.proxy.$Proxy18.click(Unknown Source)
	at zapcg.Capillary.PageObject.locationSelectionPage.clickOnChooseLocationButton(locationSelectionPage.java:160)
	at zapcg.Capillary.LocationPageTestCases.Location_ExistingUser_TestCases.choose_ValidLocation_For_NewUser(Location_ExistingUser_TestCases.java:54)
	at java.base/java.util.ArrayList.forEach(ArrayList.java:1511)
	at java.base/java.util.concurrent.FutureTask.run(FutureTask.java:264)
	at java.base/java.util.concurrent.ThreadPoolExecutor.runWorker(ThreadPoolExecutor.java:1130)
	at java.base/java.util.concurrent.ThreadPoolExecutor$Worker.run(ThreadPoolExecutor.java:630)
	at java.base/java.lang.Thread.run(Thread.java:832)
... Removed 26 stack frames
</div> <!-- stack-trace -->
                </div> <!-- method-content -->
              </div> <!-- method -->
              <div class="method">
                <div class="method-content">
                  <a name="navigated_From_Location_To_LookupScreen_With_Valid_Inputs">
                  </a> <!-- navigated_From_Location_To_LookupScreen_With_Valid_Inputs -->
                  <span class="method-name">navigated_From_Location_To_LookupScreen_With_Valid_Inputs</span>
                  <div class="stack-trace">org.openqa.selenium.ElementClickInterceptedException: element click intercepted: Element &lt;button class=&quot;MuiButtonBase-root MuiButton-root MuiButton-contained MuiButton-containedPrimary MuiButton-sizeMedium MuiButton-containedSizeMedium MuiButton-colorPrimary MuiButton-root MuiButton-contained MuiButton-containedPrimary MuiButton-sizeMedium MuiButton-containedSizeMedium MuiButton-colorPrimary css-y7km40&quot; tabindex=&quot;0&quot; type=&quot;button&quot; data-testid=&quot;LS014B&quot; id=&quot;LS014B&quot;&gt;...&lt;/button&gt; is not clickable at point (384, 534). Other element would receive the click: &lt;li tabindex=&quot;-1&quot; role=&quot;option&quot; id=&quot;LS013OP1&quot; data-option-index=&quot;1&quot; aria-disabled=&quot;false&quot; aria-selected=&quot;false&quot; class=&quot;MuiAutocomplete-option&quot; data-testid=&quot;LS013OP1&quot;&gt;...&lt;/li&gt;
  (Session info: chrome-headless-shell=126.0.6478.127)
Build info: version: &apos;4.22.0&apos;, revision: &apos;c5f3146703*&apos;
System info: os.name: &apos;Windows 10&apos;, os.arch: &apos;amd64&apos;, os.version: &apos;10.0&apos;, java.version: &apos;15.0.2&apos;
Driver info: org.openqa.selenium.chrome.ChromeDriver
Command: [18cc4e3e6a69caa498e72b4494e1c4b6, clickElement {id=f.F59B5D73D2A68EB287A1F0C18BB6593F.d.5602CFCA4E807FD8C1A8F3079D7C7C37.e.57}]
Capabilities {acceptInsecureCerts: true, browserName: chrome-headless-shell, browserVersion: 126.0.6478.127, chrome: {chromedriverVersion: 126.0.6478.126 (d36ace6122e..., userDataDir: C:\Users\KAJALS~1\AppData\L...}, fedcm:accounts: true, goog:chromeOptions: {debuggerAddress: localhost:57490}, networkConnectionEnabled: false, pageLoadStrategy: normal, platformName: windows, proxy: Proxy(), se:cdp: ws://localhost:57490/devtoo..., se:cdpVersion: 126.0.6478.127, setWindowRect: true, strictFileInteractability: false, timeouts: {implicit: 0, pageLoad: 300000, script: 30000}, unhandledPromptBehavior: dismiss and notify, webauthn:extension:credBlob: true, webauthn:extension:largeBlob: true, webauthn:extension:minPinLength: true, webauthn:extension:prf: true, webauthn:virtualAuthenticators: true}
Element: [[ChromeDriver: chrome-headless-shell on windows (18cc4e3e6a69caa498e72b4494e1c4b6)] -&gt; xpath: //button[@id=&apos;LS014B&apos;]]
Session ID: 18cc4e3e6a69caa498e72b4494e1c4b6
	at org.openqa.selenium.remote.ErrorCodec.decode(ErrorCodec.java:167)
	at org.openqa.selenium.remote.codec.w3c.W3CHttpResponseCodec.decode(W3CHttpResponseCodec.java:138)
	at org.openqa.selenium.remote.codec.w3c.W3CHttpResponseCodec.decode(W3CHttpResponseCodec.java:50)
	at org.openqa.selenium.remote.HttpCommandExecutor.execute(HttpCommandExecutor.java:190)
	at org.openqa.selenium.remote.service.DriverCommandExecutor.invokeExecute(DriverCommandExecutor.java:216)
	at org.openqa.selenium.remote.service.DriverCommandExecutor.execute(DriverCommandExecutor.java:174)
	at org.openqa.selenium.remote.RemoteWebDriver.execute(RemoteWebDriver.java:518)
	at org.openqa.selenium.remote.RemoteWebElement.execute(RemoteWebElement.java:223)
	at org.openqa.selenium.remote.RemoteWebElement.click(RemoteWebElement.java:76)
	at org.openqa.selenium.support.pagefactory.internal.LocatingElementHandler.invoke(LocatingElementHandler.java:51)
	at com.sun.proxy.$Proxy18.click(Unknown Source)
	at zapcg.Capillary.PageObject.locationSelectionPage.clickOnChooseLocationButton(locationSelectionPage.java:160)
	at zapcg.Capillary.LocationPageTestCases.Location_ExistingUser_TestCases.navigated_From_Location_To_LookupScreen_With_Valid_Inputs(Location_ExistingUser_TestCases.java:208)
	at java.base/java.util.ArrayList.forEach(ArrayList.java:1511)
	at java.base/java.util.concurrent.FutureTask.run(FutureTask.java:264)
	at java.base/java.util.concurrent.ThreadPoolExecutor.runWorker(ThreadPoolExecutor.java:1130)
	at java.base/java.util.concurrent.ThreadPoolExecutor$Worker.run(ThreadPoolExecutor.java:630)
	at java.base/java.lang.Thread.run(Thread.java:832)
... Removed 25 stack frames
</div> <!-- stack-trace -->
                </div> <!-- method-content -->
              </div> <!-- method -->
              <div class="method">
                <div class="method-content">
                  <a name="verify_Header_Of_MemberLookup_Screen">
                  </a> <!-- verify_Header_Of_MemberLookup_Screen -->
                  <span class="method-name">verify_Header_Of_MemberLookup_Screen</span>
                  <div class="stack-trace">java.lang.AssertionError: An error occurred while verifying the dropdown selections: element click intercepted: Element &lt;button class=&quot;MuiButtonBase-root MuiButton-root MuiButton-contained MuiButton-containedPrimary MuiButton-sizeMedium MuiButton-containedSizeMedium MuiButton-colorPrimary MuiButton-root MuiButton-contained MuiButton-containedPrimary MuiButton-sizeMedium MuiButton-containedSizeMedium MuiButton-colorPrimary css-y7km40&quot; tabindex=&quot;0&quot; type=&quot;button&quot; data-testid=&quot;LS014B&quot; id=&quot;LS014B&quot;&gt;...&lt;/button&gt; is not clickable at point (384, 534). Other element would receive the click: &lt;li tabindex=&quot;-1&quot; role=&quot;option&quot; id=&quot;LS013OP1&quot; data-option-index=&quot;1&quot; aria-disabled=&quot;false&quot; aria-selected=&quot;false&quot; class=&quot;MuiAutocomplete-option&quot; data-testid=&quot;LS013OP1&quot;&gt;...&lt;/li&gt;
  (Session info: chrome-headless-shell=126.0.6478.127)
Build info: version: &apos;4.22.0&apos;, revision: &apos;c5f3146703*&apos;
System info: os.name: &apos;Windows 10&apos;, os.arch: &apos;amd64&apos;, os.version: &apos;10.0&apos;, java.version: &apos;15.0.2&apos;
Driver info: org.openqa.selenium.chrome.ChromeDriver
Command: [419c482b0f1c8fcf7f2facbb197d0205, clickElement {id=f.F6CC2ADAAFF337FE737E02AF3F452D7E.d.860B80AC65B8BC10C3C00EE6735C26C1.e.46}]
Capabilities {acceptInsecureCerts: true, browserName: chrome-headless-shell, browserVersion: 126.0.6478.127, chrome: {chromedriverVersion: 126.0.6478.126 (d36ace6122e..., userDataDir: C:\Users\KAJALS~1\AppData\L...}, fedcm:accounts: true, goog:chromeOptions: {debuggerAddress: localhost:57185}, networkConnectionEnabled: false, pageLoadStrategy: normal, platformName: windows, proxy: Proxy(), se:cdp: ws://localhost:57185/devtoo..., se:cdpVersion: 126.0.6478.127, setWindowRect: true, strictFileInteractability: false, timeouts: {implicit: 0, pageLoad: 300000, script: 30000}, unhandledPromptBehavior: dismiss and notify, webauthn:extension:credBlob: true, webauthn:extension:largeBlob: true, webauthn:extension:minPinLength: true, webauthn:extension:prf: true, webauthn:virtualAuthenticators: true}
Element: [[ChromeDriver: chrome-headless-shell on windows (419c482b0f1c8fcf7f2facbb197d0205)] -&gt; xpath: //button[@id=&apos;LS014B&apos;]]
Session ID: 419c482b0f1c8fcf7f2facbb197d0205
	at zapcg.Capillary.LocationPageTestCases.Location_ExistingUser_TestCases.verify_Header_Of_MemberLookup_Screen(Location_ExistingUser_TestCases.java:152)
	at java.base/java.util.ArrayList.forEach(ArrayList.java:1511)
	at java.base/java.util.concurrent.FutureTask.run(FutureTask.java:264)
	at java.base/java.util.concurrent.ThreadPoolExecutor.runWorker(ThreadPoolExecutor.java:1130)
	at java.base/java.util.concurrent.ThreadPoolExecutor$Worker.run(ThreadPoolExecutor.java:630)
	at java.base/java.lang.Thread.run(Thread.java:832)
... Removed 18 stack frames
</div> <!-- stack-trace -->
                </div> <!-- method-content -->
              </div> <!-- method -->
            </div> <!-- main-panel-content rounded-window-bottom -->
          </div> <!-- suite-TestSuite-class-failed -->
          <div class="suite-TestSuite-class-failed">
            <div class="main-panel-header rounded-window-top">
              <img src="failed.png"/>
              <span class="class-name">zapcg.Capillary.MemberDetailsTestCases.memberDetails_TestCases</span>
            </div> <!-- main-panel-header rounded-window-top -->
            <div class="main-panel-content rounded-window-bottom">
              <div class="method">
                <div class="method-content">
                  <a name="verify_MemberDetails_ContentDisplaying">
                  </a> <!-- verify_MemberDetails_ContentDisplaying -->
                  <span class="method-name">verify_MemberDetails_ContentDisplaying</span>
                  <div class="stack-trace">java.lang.AssertionError: An error occurred during Member details verification: Expected condition failed: waiting for visibility of element located by By.xpath: //h6[@id=&apos;MDMBRCPEX&apos;] (tried for 20 second(s) with 500 milliseconds interval)
Build info: version: &apos;4.22.0&apos;, revision: &apos;c5f3146703*&apos;
System info: os.name: &apos;Windows 10&apos;, os.arch: &apos;amd64&apos;, os.version: &apos;10.0&apos;, java.version: &apos;15.0.2&apos;
Driver info: org.openqa.selenium.chrome.ChromeDriver
Capabilities {acceptInsecureCerts: true, browserName: chrome-headless-shell, browserVersion: 126.0.6478.127, chrome: {chromedriverVersion: 126.0.6478.126 (d36ace6122e..., userDataDir: C:\Users\KAJALS~1\AppData\L...}, fedcm:accounts: true, goog:chromeOptions: {debuggerAddress: localhost:56910}, networkConnectionEnabled: false, pageLoadStrategy: normal, platformName: windows, proxy: Proxy(), se:cdp: ws://localhost:56910/devtoo..., se:cdpVersion: 126.0.6478.127, setWindowRect: true, strictFileInteractability: false, timeouts: {implicit: 0, pageLoad: 300000, script: 30000}, unhandledPromptBehavior: dismiss and notify, webauthn:extension:credBlob: true, webauthn:extension:largeBlob: true, webauthn:extension:minPinLength: true, webauthn:extension:prf: true, webauthn:virtualAuthenticators: true}
Session ID: 6d35321617766318c2b41ae5b0aad149
	at zapcg.Capillary.PageObject.memberDetailsPage.verifyTheMemberDetailsContentDisplaying(memberDetailsPage.java:191)
	at zapcg.Capillary.MemberDetailsTestCases.memberDetails_TestCases.verify_MemberDetails_ContentDisplaying(memberDetails_TestCases.java:67)
	at java.base/java.util.ArrayList.forEach(ArrayList.java:1511)
	at java.base/java.util.concurrent.FutureTask.run(FutureTask.java:264)
	at java.base/java.util.concurrent.ThreadPoolExecutor.runWorker(ThreadPoolExecutor.java:1130)
	at java.base/java.util.concurrent.ThreadPoolExecutor$Worker.run(ThreadPoolExecutor.java:630)
	at java.base/java.lang.Thread.run(Thread.java:832)
... Removed 18 stack frames
</div> <!-- stack-trace -->
                </div> <!-- method-content -->
              </div> <!-- method -->
            </div> <!-- main-panel-content rounded-window-bottom -->
          </div> <!-- suite-TestSuite-class-failed -->
          <div class="suite-TestSuite-class-passed">
            <div class="main-panel-header rounded-window-top">
              <img src="passed.png"/>
              <span class="class-name">zapcg.Capillary.MemberLookupTestCases.memberLookup_Invalid_TestCases</span>
            </div> <!-- main-panel-header rounded-window-top -->
            <div class="main-panel-content rounded-window-bottom">
              <div class="method">
                <div class="method-content">
                  <a name="verify_CardNumber_Field_MaxLength">
                  </a> <!-- verify_CardNumber_Field_MaxLength -->
                  <span class="method-name">verify_CardNumber_Field_MaxLength</span>
                </div> <!-- method-content -->
              </div> <!-- method -->
              <div class="method">
                <div class="method-content">
                  <a name="verify_Empty_CardNumber_ButtonIsDisabled">
                  </a> <!-- verify_Empty_CardNumber_ButtonIsDisabled -->
                  <span class="method-name">verify_Empty_CardNumber_ButtonIsDisabled</span>
                </div> <!-- method-content -->
              </div> <!-- method -->
              <div class="method">
                <div class="method-content">
                  <a name="verify_Invalid_CardNumber_MinLength">
                  </a> <!-- verify_Invalid_CardNumber_MinLength -->
                  <span class="method-name">verify_Invalid_CardNumber_MinLength</span>
                </div> <!-- method-content -->
              </div> <!-- method -->
              <div class="method">
                <div class="method-content">
                  <a name="verify_Invalid_MemberID">
                  </a> <!-- verify_Invalid_MemberID -->
                  <span class="method-name">verify_Invalid_MemberID</span>
                </div> <!-- method-content -->
              </div> <!-- method -->
              <div class="method">
                <div class="method-content">
                  <a name="verify_MemberId_Field_MaxLength">
                  </a> <!-- verify_MemberId_Field_MaxLength -->
                  <span class="method-name">verify_MemberId_Field_MaxLength</span>
                </div> <!-- method-content -->
              </div> <!-- method -->
            </div> <!-- main-panel-content rounded-window-bottom -->
          </div> <!-- suite-TestSuite-class-passed -->
          <div class="suite-TestSuite-class-passed">
            <div class="main-panel-header rounded-window-top">
              <img src="passed.png"/>
              <span class="class-name">zapcg.Capillary.EarnPointPageTestCases.EarnPoint_Valid_TestCases</span>
            </div> <!-- main-panel-header rounded-window-top -->
            <div class="main-panel-content rounded-window-bottom">
              <div class="method">
                <div class="method-content">
                  <a name="empty_TxnAmount_But_GoToPassPoint_Value">
                  </a> <!-- empty_TxnAmount_But_GoToPassPoint_Value -->
                  <span class="method-name">empty_TxnAmount_But_GoToPassPoint_Value</span>
                </div> <!-- method-content -->
              </div> <!-- method -->
              <div class="method">
                <div class="method-content">
                  <a name="verifySuccessMessageForOnlyTransactionAmount">
                  </a> <!-- verifySuccessMessageForOnlyTransactionAmount -->
                  <span class="method-name">verifySuccessMessageForOnlyTransactionAmount</span>
                </div> <!-- method-content -->
              </div> <!-- method -->
              <div class="method">
                <div class="method-content">
                  <a name="verify_BackButton_Navigation_On_EarnPoint_Page">
                  </a> <!-- verify_BackButton_Navigation_On_EarnPoint_Page -->
                  <span class="method-name">verify_BackButton_Navigation_On_EarnPoint_Page</span>
                </div> <!-- method-content -->
              </div> <!-- method -->
              <div class="method">
                <div class="method-content">
                  <a name="verify_Date_Equal_To_System_CurrentDate">
                  </a> <!-- verify_Date_Equal_To_System_CurrentDate -->
                  <span class="method-name">verify_Date_Equal_To_System_CurrentDate</span>
                </div> <!-- method-content -->
              </div> <!-- method -->
              <div class="method">
                <div class="method-content">
                  <a name="verify_EarnPoints_Navigation_From_MeberDetailsScreen">
                  </a> <!-- verify_EarnPoints_Navigation_From_MeberDetailsScreen -->
                  <span class="method-name">verify_EarnPoints_Navigation_From_MeberDetailsScreen</span>
                </div> <!-- method-content -->
              </div> <!-- method -->
              <div class="method">
                <div class="method-content">
                  <a name="verify_Eligible_EarningPoints">
                  </a> <!-- verify_Eligible_EarningPoints -->
                  <span class="method-name">verify_Eligible_EarningPoints</span>
                </div> <!-- method-content -->
              </div> <!-- method -->
              <div class="method">
                <div class="method-content">
                  <a name="verify_HamBurger_LogoutOption_From_EarnPoint_Page">
                  </a> <!-- verify_HamBurger_LogoutOption_From_EarnPoint_Page -->
                  <span class="method-name">verify_HamBurger_LogoutOption_From_EarnPoint_Page</span>
                </div> <!-- method-content -->
              </div> <!-- method -->
              <div class="method">
                <div class="method-content">
                  <a name="verify_Hamburger_LocationOption_From_EarnPoint_Page">
                  </a> <!-- verify_Hamburger_LocationOption_From_EarnPoint_Page -->
                  <span class="method-name">verify_Hamburger_LocationOption_From_EarnPoint_Page</span>
                </div> <!-- method-content -->
              </div> <!-- method -->
              <div class="method">
                <div class="method-content">
                  <a name="verify_Hamburger_MemberLookupOption_From_EarnPoint_Page">
                  </a> <!-- verify_Hamburger_MemberLookupOption_From_EarnPoint_Page -->
                  <span class="method-name">verify_Hamburger_MemberLookupOption_From_EarnPoint_Page</span>
                </div> <!-- method-content -->
              </div> <!-- method -->
              <div class="method">
                <div class="method-content">
                  <a name="verify_HeaderHyperlink_On_EarnPoint_Page">
                  </a> <!-- verify_HeaderHyperlink_On_EarnPoint_Page -->
                  <span class="method-name">verify_HeaderHyperlink_On_EarnPoint_Page</span>
                </div> <!-- method-content -->
              </div> <!-- method -->
              <div class="method">
                <div class="method-content">
                  <a name="verify_NonEditable_DateField">
                  </a> <!-- verify_NonEditable_DateField -->
                  <span class="method-name">verify_NonEditable_DateField</span>
                </div> <!-- method-content -->
              </div> <!-- method -->
              <div class="method">
                <div class="method-content">
                  <a name="verify_NonEditable_LocationField">
                  </a> <!-- verify_NonEditable_LocationField -->
                  <span class="method-name">verify_NonEditable_LocationField</span>
                </div> <!-- method-content -->
              </div> <!-- method -->
              <div class="method">
                <div class="method-content">
                  <a name="verify_NonEditable_TimeField">
                  </a> <!-- verify_NonEditable_TimeField -->
                  <span class="method-name">verify_NonEditable_TimeField</span>
                </div> <!-- method-content -->
              </div> <!-- method -->
              <div class="method">
                <div class="method-content">
                  <a name="verify_TaxAssumedAmount">
                  </a> <!-- verify_TaxAssumedAmount -->
                  <span class="method-name">verify_TaxAssumedAmount</span>
                </div> <!-- method-content -->
              </div> <!-- method -->
              <div class="method">
                <div class="method-content">
                  <a name="verify_Time_Equal_To_System_CurrentTime">
                  </a> <!-- verify_Time_Equal_To_System_CurrentTime -->
                  <span class="method-name">verify_Time_Equal_To_System_CurrentTime</span>
                </div> <!-- method-content -->
              </div> <!-- method -->
              <div class="method">
                <div class="method-content">
                  <a name="verify_With_Empty_TransactionAmount">
                  </a> <!-- verify_With_Empty_TransactionAmount -->
                  <span class="method-name">verify_With_Empty_TransactionAmount</span>
                </div> <!-- method-content -->
              </div> <!-- method -->
            </div> <!-- main-panel-content rounded-window-bottom -->
          </div> <!-- suite-TestSuite-class-passed -->
          <div class="suite-TestSuite-class-passed">
            <div class="main-panel-header rounded-window-top">
              <img src="passed.png"/>
              <span class="class-name">zapcg.Capillary.MemberLookupTestCases.MemberLookup_Valid_TestCases</span>
            </div> <!-- main-panel-header rounded-window-top -->
            <div class="main-panel-content rounded-window-bottom">
              <div class="method">
                <div class="method-content">
                  <a name="enter_Valid_MemberId">
                  </a> <!-- enter_Valid_MemberId -->
                  <span class="method-name">enter_Valid_MemberId</span>
                </div> <!-- method-content -->
              </div> <!-- method -->
              <div class="method">
                <div class="method-content">
                  <a name="hamburgerIcon_Location_Navigation_From_MemberLookup">
                  </a> <!-- hamburgerIcon_Location_Navigation_From_MemberLookup -->
                  <span class="method-name">hamburgerIcon_Location_Navigation_From_MemberLookup</span>
                </div> <!-- method-content -->
              </div> <!-- method -->
              <div class="method">
                <div class="method-content">
                  <a name="hamburgerIcon_Logout_From_MemberLookup">
                  </a> <!-- hamburgerIcon_Logout_From_MemberLookup -->
                  <span class="method-name">hamburgerIcon_Logout_From_MemberLookup</span>
                </div> <!-- method-content -->
              </div> <!-- method -->
              <div class="method">
                <div class="method-content">
                  <a name="hamburgerIcon_MemberLookup_Navigation_From_MemberLookup">
                  </a> <!-- hamburgerIcon_MemberLookup_Navigation_From_MemberLookup -->
                  <span class="method-name">hamburgerIcon_MemberLookup_Navigation_From_MemberLookup</span>
                </div> <!-- method-content -->
              </div> <!-- method -->
              <div class="method">
                <div class="method-content">
                  <a name="verifyScanButtonAvailability">
                  </a> <!-- verifyScanButtonAvailability -->
                  <span class="method-name">verifyScanButtonAvailability</span>
                </div> <!-- method-content -->
              </div> <!-- method -->
              <div class="method">
                <div class="method-content">
                  <a name="verify_Header_Hyperlink">
                  </a> <!-- verify_Header_Hyperlink -->
                  <span class="method-name">verify_Header_Hyperlink</span>
                </div> <!-- method-content -->
              </div> <!-- method -->
            </div> <!-- main-panel-content rounded-window-bottom -->
          </div> <!-- suite-TestSuite-class-passed -->
          <div class="suite-TestSuite-class-passed">
            <div class="main-panel-header rounded-window-top">
              <img src="passed.png"/>
              <span class="class-name">zapcg.Capillary.EarnPointPageTestCases.EarnPoint_Invalid_TestCases</span>
            </div> <!-- main-panel-header rounded-window-top -->
            <div class="main-panel-content rounded-window-bottom">
              <div class="method">
                <div class="method-content">
                  <a name="empty_TxnAmount_But_GoToPassPointValue">
                  </a> <!-- empty_TxnAmount_But_GoToPassPointValue -->
                  <span class="method-name">empty_TxnAmount_But_GoToPassPointValue</span>
                </div> <!-- method-content -->
              </div> <!-- method -->
              <div class="method">
                <div class="method-content">
                  <a name="verify_With_Empty_TransactionAmount">
                  </a> <!-- verify_With_Empty_TransactionAmount -->
                  <span class="method-name">verify_With_Empty_TransactionAmount</span>
                </div> <!-- method-content -->
              </div> <!-- method -->
            </div> <!-- main-panel-content rounded-window-bottom -->
          </div> <!-- suite-TestSuite-class-passed -->
          <div class="suite-TestSuite-class-passed">
            <div class="main-panel-header rounded-window-top">
              <img src="passed.png"/>
              <span class="class-name">zapcg.Capillary.EarnPointPageTestCases.GoToPassPointMoreThanAvailablePoint</span>
            </div> <!-- main-panel-header rounded-window-top -->
            <div class="main-panel-content rounded-window-bottom">
              <div class="method">
                <div class="method-content">
                  <a name="verify_ValidationMessage_If_GoToPass_Is_Greater_Than_AvailablePoints">
                  </a> <!-- verify_ValidationMessage_If_GoToPass_Is_Greater_Than_AvailablePoints -->
                  <span class="method-name">verify_ValidationMessage_If_GoToPass_Is_Greater_Than_AvailablePoints</span>
                </div> <!-- method-content -->
              </div> <!-- method -->
            </div> <!-- main-panel-content rounded-window-bottom -->
          </div> <!-- suite-TestSuite-class-passed -->
          <div class="suite-TestSuite-class-passed">
            <div class="main-panel-header rounded-window-top">
              <img src="passed.png"/>
              <span class="class-name">zapcg.Capillary.LocationPageTestCases.Location_ExistingUser_TestCases</span>
            </div> <!-- main-panel-header rounded-window-top -->
            <div class="main-panel-content rounded-window-bottom">
              <div class="method">
                <div class="method-content">
                  <a name="hamburgerIcon_MemberLocation_Navigation_From_LocationScreen">
                  </a> <!-- hamburgerIcon_MemberLocation_Navigation_From_LocationScreen -->
                  <span class="method-name">hamburgerIcon_MemberLocation_Navigation_From_LocationScreen</span>
                </div> <!-- method-content -->
              </div> <!-- method -->
              <div class="method">
                <div class="method-content">
                  <a name="hamburgerIcon_MemberLookup_Navigation_From_LocationScreen">
                  </a> <!-- hamburgerIcon_MemberLookup_Navigation_From_LocationScreen -->
                  <span class="method-name">hamburgerIcon_MemberLookup_Navigation_From_LocationScreen</span>
                </div> <!-- method-content -->
              </div> <!-- method -->
              <div class="method">
                <div class="method-content">
                  <a name="hamburger_Icon_Logout_From_LocationScreen">
                  </a> <!-- hamburger_Icon_Logout_From_LocationScreen -->
                  <span class="method-name">hamburger_Icon_Logout_From_LocationScreen</span>
                </div> <!-- method-content -->
              </div> <!-- method -->
              <div class="method">
                <div class="method-content">
                  <a name="verify_Able_To_SelectOption_From_DropDown">
                  </a> <!-- verify_Able_To_SelectOption_From_DropDown -->
                  <span class="method-name">verify_Able_To_SelectOption_From_DropDown</span>
                </div> <!-- method-content -->
              </div> <!-- method -->
              <div class="method">
                <div class="method-content">
                  <a name="verify_Choose_Location_Button_Availability">
                  </a> <!-- verify_Choose_Location_Button_Availability -->
                  <span class="method-name">verify_Choose_Location_Button_Availability</span>
                </div> <!-- method-content -->
              </div> <!-- method -->
              <div class="method">
                <div class="method-content">
                  <a name="verify_DropDown_Availability">
                  </a> <!-- verify_DropDown_Availability -->
                  <span class="method-name">verify_DropDown_Availability</span>
                </div> <!-- method-content -->
              </div> <!-- method -->
            </div> <!-- main-panel-content rounded-window-bottom -->
          </div> <!-- suite-TestSuite-class-passed -->
          <div class="suite-TestSuite-class-passed">
            <div class="main-panel-header rounded-window-top">
              <img src="passed.png"/>
              <span class="class-name">zapcg.Capillary.LoginTestCases.Login_Valid_TestCases</span>
            </div> <!-- main-panel-header rounded-window-top -->
            <div class="main-panel-content rounded-window-bottom">
              <div class="method">
                <div class="method-content">
                  <a name="testValidLogin_TestCase1">
                  </a> <!-- testValidLogin_TestCase1 -->
                  <span class="method-name">testValidLogin_TestCase1</span>
                </div> <!-- method-content -->
              </div> <!-- method -->
            </div> <!-- main-panel-content rounded-window-bottom -->
          </div> <!-- suite-TestSuite-class-passed -->
          <div class="suite-TestSuite-class-passed">
            <div class="main-panel-header rounded-window-top">
              <img src="passed.png"/>
              <span class="class-name">zapcg.Capillary.MemberDetailsTestCases.memberDetails_TestCases</span>
            </div> <!-- main-panel-header rounded-window-top -->
            <div class="main-panel-content rounded-window-bottom">
              <div class="method">
                <div class="method-content">
                  <a name="verify_BackButton_On_MemberDetails_Screen">
                  </a> <!-- verify_BackButton_On_MemberDetails_Screen -->
                  <span class="method-name">verify_BackButton_On_MemberDetails_Screen</span>
                </div> <!-- method-content -->
              </div> <!-- method -->
              <div class="method">
                <div class="method-content">
                  <a name="verify_Enabled_EnterReceiptDetails_Button">
                  </a> <!-- verify_Enabled_EnterReceiptDetails_Button -->
                  <span class="method-name">verify_Enabled_EnterReceiptDetails_Button</span>
                </div> <!-- method-content -->
              </div> <!-- method -->
              <div class="method">
                <div class="method-content">
                  <a name="verify_Hamburger_LocationOption_On_MemberDetails">
                  </a> <!-- verify_Hamburger_LocationOption_On_MemberDetails -->
                  <span class="method-name">verify_Hamburger_LocationOption_On_MemberDetails</span>
                </div> <!-- method-content -->
              </div> <!-- method -->
              <div class="method">
                <div class="method-content">
                  <a name="verify_Hamburger_LogoutOption_On_MemberDetails">
                  </a> <!-- verify_Hamburger_LogoutOption_On_MemberDetails -->
                  <span class="method-name">verify_Hamburger_LogoutOption_On_MemberDetails</span>
                </div> <!-- method-content -->
              </div> <!-- method -->
              <div class="method">
                <div class="method-content">
                  <a name="verify_Hamburger_MemberLookup_Option_on_MemberDetails">
                  </a> <!-- verify_Hamburger_MemberLookup_Option_on_MemberDetails -->
                  <span class="method-name">verify_Hamburger_MemberLookup_Option_on_MemberDetails</span>
                </div> <!-- method-content -->
              </div> <!-- method -->
              <div class="method">
                <div class="method-content">
                  <a name="verify_Header_MemberDetailsScreen">
                  </a> <!-- verify_Header_MemberDetailsScreen -->
                  <span class="method-name">verify_Header_MemberDetailsScreen</span>
                </div> <!-- method-content -->
              </div> <!-- method -->
              <div class="method">
                <div class="method-content">
                  <a name="verify_MemberDetails_Displaying">
                  </a> <!-- verify_MemberDetails_Displaying -->
                  <span class="method-name">verify_MemberDetails_Displaying</span>
                </div> <!-- method-content -->
              </div> <!-- method -->
              <div class="method">
                <div class="method-content">
                  <a name="verify_MemberDetails_Navigation_From_MeberLookupScreen_To_MemberDetailsPage">
                  </a> <!-- verify_MemberDetails_Navigation_From_MeberLookupScreen_To_MemberDetailsPage -->
                  <span class="method-name">verify_MemberDetails_Navigation_From_MeberLookupScreen_To_MemberDetailsPage</span>
                </div> <!-- method-content -->
              </div> <!-- method -->
            </div> <!-- main-panel-content rounded-window-bottom -->
          </div> <!-- suite-TestSuite-class-passed -->
          <div class="suite-TestSuite-class-passed">
            <div class="main-panel-header rounded-window-top">
              <img src="passed.png"/>
              <span class="class-name">zapcg.Capillary.LoginTestCases.Login_Invalid_TestCases</span>
            </div> <!-- main-panel-header rounded-window-top -->
            <div class="main-panel-content rounded-window-bottom">
              <div class="method">
                <div class="method-content">
                  <a name="test_Invalid_Password">
                  </a> <!-- test_Invalid_Password -->
                  <span class="method-name">test_Invalid_Password</span>
                </div> <!-- method-content -->
              </div> <!-- method -->
              <div class="method">
                <div class="method-content">
                  <a name="test_Invalid_Username">
                  </a> <!-- test_Invalid_Username -->
                  <span class="method-name">test_Invalid_Username</span>
                </div> <!-- method-content -->
              </div> <!-- method -->
              <div class="method">
                <div class="method-content">
                  <a name="test_MinLength_Password">
                  </a> <!-- test_MinLength_Password -->
                  <span class="method-name">test_MinLength_Password</span>
                </div> <!-- method-content -->
              </div> <!-- method -->
              <div class="method">
                <div class="method-content">
                  <a name="test_TooLong_Username">
                  </a> <!-- test_TooLong_Username -->
                  <span class="method-name">test_TooLong_Username</span>
                </div> <!-- method-content -->
              </div> <!-- method -->
              <div class="method">
                <div class="method-content">
                  <a name="test_Username_WithSpaces">
                  </a> <!-- test_Username_WithSpaces -->
                  <span class="method-name">test_Username_WithSpaces</span>
                </div> <!-- method-content -->
              </div> <!-- method -->
              <div class="method">
                <div class="method-content">
                  <a name="verify_Disabled_LoginButton_EmptyPassword">
                  </a> <!-- verify_Disabled_LoginButton_EmptyPassword -->
                  <span class="method-name">verify_Disabled_LoginButton_EmptyPassword</span>
                </div> <!-- method-content -->
              </div> <!-- method -->
              <div class="method">
                <div class="method-content">
                  <a name="verify_Disabled_LoginButton_EmptyUsername">
                  </a> <!-- verify_Disabled_LoginButton_EmptyUsername -->
                  <span class="method-name">verify_Disabled_LoginButton_EmptyUsername</span>
                </div> <!-- method-content -->
              </div> <!-- method -->
              <div class="method">
                <div class="method-content">
                  <a name="verify_Disabled_LoginButton_EmptyUsernamePassword_TestCase10">
                  </a> <!-- verify_Disabled_LoginButton_EmptyUsernamePassword_TestCase10 -->
                  <span class="method-name">verify_Disabled_LoginButton_EmptyUsernamePassword_TestCase10</span>
                </div> <!-- method-content -->
              </div> <!-- method -->
              <div class="method">
                <div class="method-content">
                  <a name="verify_Enabled_LoginButton">
                  </a> <!-- verify_Enabled_LoginButton -->
                  <span class="method-name">verify_Enabled_LoginButton</span>
                </div> <!-- method-content -->
              </div> <!-- method -->
            </div> <!-- main-panel-content rounded-window-bottom -->
          </div> <!-- suite-TestSuite-class-passed -->
        </div> <!-- panel TestSuite -->
        <div panel-name="test-xml-TestSuite" class="panel">
          <div class="main-panel-header rounded-window-top">
            <span class="header-content">C:\Users\KajalSharma\eclipse-workspace\Capillary\Capillary_Framework\test.xml</span>
          </div> <!-- main-panel-header rounded-window-top -->
          <div class="main-panel-content rounded-window-bottom">
            <pre>
&lt;?xml version=&quot;1.0&quot; encoding=&quot;UTF-8&quot;?&gt;
&lt;!DOCTYPE suite SYSTEM &quot;https://testng.org/testng-1.0.dtd&quot;&gt;
&lt;suite thread-count=&quot;1&quot; parallel=&quot;tests&quot; name=&quot;TestSuite&quot; guice-stage=&quot;DEVELOPMENT&quot;&gt;
  &lt;listeners&gt;
    &lt;listener class-name=&quot;zapcg.Capillary.ListenersConfiguration.Listeners&quot;/&gt;
  &lt;/listeners&gt;
  &lt;test thread-count=&quot;1&quot; parallel=&quot;tests&quot; name=&quot;LoginTestsChromeBrowserTabletPortrait&quot;&gt;
    &lt;parameter name=&quot;browser&quot; value=&quot;chrome&quot;/&gt;
    &lt;parameter name=&quot;deviceName&quot; value=&quot;Tablet Portrait&quot;/&gt;
    &lt;classes&gt;
      &lt;class name=&quot;zapcg.Capillary.LoginTestCases.Login_Valid_TestCases&quot;/&gt;
      &lt;class name=&quot;zapcg.Capillary.LoginTestCases.Login_Invalid_TestCases&quot;/&gt;
      &lt;class name=&quot;zapcg.Capillary.LocationPageTestCases.Location_ExistingUser_TestCases&quot;/&gt;
      &lt;class name=&quot;zapcg.Capillary.MemberLookupTestCases.MemberLookup_Valid_TestCases&quot;/&gt;
      &lt;class name=&quot;zapcg.Capillary.MemberLookupTestCases.memberLookup_Invalid_TestCases&quot;/&gt;
      &lt;class name=&quot;zapcg.Capillary.MemberDetailsTestCases.memberDetails_TestCases&quot;/&gt;
      &lt;class name=&quot;zapcg.Capillary.EarnPointPageTestCases.EarnPoint_Valid_TestCases&quot;/&gt;
      &lt;class name=&quot;zapcg.Capillary.EarnPointPageTestCases.EarnPoint_Invalid_TestCases&quot;/&gt;
      &lt;class name=&quot;zapcg.Capillary.EarnPointPageTestCases.GoToPassPointMoreThanAvailablePoint&quot;/&gt;
    &lt;/classes&gt;
  &lt;/test&gt; &lt;!-- LoginTestsChromeBrowserTabletPortrait --&gt;
&lt;/suite&gt; &lt;!-- TestSuite --&gt;
            </pre>
          </div> <!-- main-panel-content rounded-window-bottom -->
        </div> <!-- panel -->
        <div panel-name="testlist-TestSuite" class="panel">
          <div class="main-panel-header rounded-window-top">
            <span class="header-content">Tests for TestSuite</span>
          </div> <!-- main-panel-header rounded-window-top -->
          <div class="main-panel-content rounded-window-bottom">
            <ul>
              <li>
                <span class="test-name">LoginTestsChromeBrowserTabletPortrait (9 classes)</span>
              </li>
            </ul>
          </div> <!-- main-panel-content rounded-window-bottom -->
        </div> <!-- panel -->
        <div panel-name="group-TestSuite" class="panel">
          <div class="main-panel-header rounded-window-top">
            <span class="header-content">Groups for TestSuite</span>
          </div> <!-- main-panel-header rounded-window-top -->
          <div class="main-panel-content rounded-window-bottom">
            <div class="test-group">
              <span class="test-group-name">EarnPoint</span>
              <br/>
              <div class="method-in-group">
                <span class="method-in-group-name">empty_TxnAmount_But_GoToPassPointValue</span>
                <br/>
              </div> <!-- method-in-group -->
              <div class="method-in-group">
                <span class="method-in-group-name">empty_TxnAmount_But_GoToPassPoint_Value</span>
                <br/>
              </div> <!-- method-in-group -->
              <div class="method-in-group">
                <span class="method-in-group-name">goTOPassPoint_More_Than_TransactionAmount</span>
                <br/>
              </div> <!-- method-in-group -->
              <div class="method-in-group">
                <span class="method-in-group-name">verifySuccessMessageForOnlyTransactionAmount</span>
                <br/>
              </div> <!-- method-in-group -->
              <div class="method-in-group">
                <span class="method-in-group-name">verify_BackButton_Navigation_On_EarnPoint_Page</span>
                <br/>
              </div> <!-- method-in-group -->
              <div class="method-in-group">
                <span class="method-in-group-name">verify_Date_Equal_To_System_CurrentDate</span>
                <br/>
              </div> <!-- method-in-group -->
              <div class="method-in-group">
                <span class="method-in-group-name">verify_EarnPoints_Navigation_From_MeberDetailsScreen</span>
                <br/>
              </div> <!-- method-in-group -->
              <div class="method-in-group">
                <span class="method-in-group-name">verify_Eligible_EarningPoints</span>
                <br/>
              </div> <!-- method-in-group -->
              <div class="method-in-group">
                <span class="method-in-group-name">verify_ExceedThresold_SuccessMessage</span>
                <br/>
              </div> <!-- method-in-group -->
              <div class="method-in-group">
                <span class="method-in-group-name">verify_HamBurger_LogoutOption_From_EarnPoint_Page</span>
                <br/>
              </div> <!-- method-in-group -->
              <div class="method-in-group">
                <span class="method-in-group-name">verify_Hamburger_LocationOption_From_EarnPoint_Page</span>
                <br/>
              </div> <!-- method-in-group -->
              <div class="method-in-group">
                <span class="method-in-group-name">verify_Hamburger_MemberLookupOption_From_EarnPoint_Page</span>
                <br/>
              </div> <!-- method-in-group -->
              <div class="method-in-group">
                <span class="method-in-group-name">verify_HeaderHyperlink_On_EarnPoint_Page</span>
                <br/>
              </div> <!-- method-in-group -->
              <div class="method-in-group">
                <span class="method-in-group-name">verify_MemberDetails_Content_Displaying_On_EarnPointScreen</span>
                <br/>
              </div> <!-- method-in-group -->
              <div class="method-in-group">
                <span class="method-in-group-name">verify_NonEditable_DateField</span>
                <br/>
              </div> <!-- method-in-group -->
              <div class="method-in-group">
                <span class="method-in-group-name">verify_NonEditable_LocationField</span>
                <br/>
              </div> <!-- method-in-group -->
              <div class="method-in-group">
                <span class="method-in-group-name">verify_NonEditable_TimeField</span>
                <br/>
              </div> <!-- method-in-group -->
              <div class="method-in-group">
                <span class="method-in-group-name">verify_SuccessMessage_For_RedeemPoint</span>
                <br/>
              </div> <!-- method-in-group -->
              <div class="method-in-group">
                <span class="method-in-group-name">verify_TaxAssumedAmount</span>
                <br/>
              </div> <!-- method-in-group -->
              <div class="method-in-group">
                <span class="method-in-group-name">verify_Time_Equal_To_System_CurrentTime</span>
                <br/>
              </div> <!-- method-in-group -->
              <div class="method-in-group">
                <span class="method-in-group-name">verify_ValidationMessage_If_GoToPass_Is_Greater_Than_AvailablePoints</span>
                <br/>
              </div> <!-- method-in-group -->
              <div class="method-in-group">
                <span class="method-in-group-name">verify_With_Empty_TransactionAmount</span>
                <br/>
              </div> <!-- method-in-group -->
            </div> <!-- test-group -->
            <div class="test-group">
              <span class="test-group-name">Location</span>
              <br/>
              <div class="method-in-group">
                <span class="method-in-group-name">choose_ValidLocation_For_NewUser</span>
                <br/>
              </div> <!-- method-in-group -->
              <div class="method-in-group">
                <span class="method-in-group-name">hamburgerIcon_MemberLocation_Navigation_From_LocationScreen</span>
                <br/>
              </div> <!-- method-in-group -->
              <div class="method-in-group">
                <span class="method-in-group-name">hamburgerIcon_MemberLookup_Navigation_From_LocationScreen</span>
                <br/>
              </div> <!-- method-in-group -->
              <div class="method-in-group">
                <span class="method-in-group-name">hamburger_Icon_Logout_From_LocationScreen</span>
                <br/>
              </div> <!-- method-in-group -->
              <div class="method-in-group">
                <span class="method-in-group-name">navigated_From_Location_To_LookupScreen_With_Valid_Inputs</span>
                <br/>
              </div> <!-- method-in-group -->
              <div class="method-in-group">
                <span class="method-in-group-name">verify_Able_To_SelectOption_From_DropDown</span>
                <br/>
              </div> <!-- method-in-group -->
              <div class="method-in-group">
                <span class="method-in-group-name">verify_Choose_Location_Button_Availability</span>
                <br/>
              </div> <!-- method-in-group -->
              <div class="method-in-group">
                <span class="method-in-group-name">verify_DropDown_Availability</span>
                <br/>
              </div> <!-- method-in-group -->
              <div class="method-in-group">
                <span class="method-in-group-name">verify_Header_Of_MemberLookup_Screen</span>
                <br/>
              </div> <!-- method-in-group -->
            </div> <!-- test-group -->
            <div class="test-group">
              <span class="test-group-name">Login</span>
              <br/>
              <div class="method-in-group">
                <span class="method-in-group-name">testValidLogin_TestCase1</span>
                <br/>
              </div> <!-- method-in-group -->
              <div class="method-in-group">
                <span class="method-in-group-name">test_Invalid_Password</span>
                <br/>
              </div> <!-- method-in-group -->
              <div class="method-in-group">
                <span class="method-in-group-name">test_Invalid_Username</span>
                <br/>
              </div> <!-- method-in-group -->
              <div class="method-in-group">
                <span class="method-in-group-name">test_MinLength_Password</span>
                <br/>
              </div> <!-- method-in-group -->
              <div class="method-in-group">
                <span class="method-in-group-name">test_TooLong_Username</span>
                <br/>
              </div> <!-- method-in-group -->
              <div class="method-in-group">
                <span class="method-in-group-name">test_Username_WithSpaces</span>
                <br/>
              </div> <!-- method-in-group -->
              <div class="method-in-group">
                <span class="method-in-group-name">verify_Disabled_LoginButton_EmptyPassword</span>
                <br/>
              </div> <!-- method-in-group -->
              <div class="method-in-group">
                <span class="method-in-group-name">verify_Disabled_LoginButton_EmptyUsername</span>
                <br/>
              </div> <!-- method-in-group -->
              <div class="method-in-group">
                <span class="method-in-group-name">verify_Disabled_LoginButton_EmptyUsernamePassword_TestCase10</span>
                <br/>
              </div> <!-- method-in-group -->
              <div class="method-in-group">
                <span class="method-in-group-name">verify_Enabled_LoginButton</span>
                <br/>
              </div> <!-- method-in-group -->
            </div> <!-- test-group -->
            <div class="test-group">
              <span class="test-group-name">MemberDetails</span>
              <br/>
              <div class="method-in-group">
                <span class="method-in-group-name">verify_BackButton_On_MemberDetails_Screen</span>
                <br/>
              </div> <!-- method-in-group -->
              <div class="method-in-group">
                <span class="method-in-group-name">verify_Enabled_EnterReceiptDetails_Button</span>
                <br/>
              </div> <!-- method-in-group -->
              <div class="method-in-group">
                <span class="method-in-group-name">verify_Hamburger_LocationOption_On_MemberDetails</span>
                <br/>
              </div> <!-- method-in-group -->
              <div class="method-in-group">
                <span class="method-in-group-name">verify_Hamburger_LogoutOption_On_MemberDetails</span>
                <br/>
              </div> <!-- method-in-group -->
              <div class="method-in-group">
                <span class="method-in-group-name">verify_Hamburger_MemberLookup_Option_on_MemberDetails</span>
                <br/>
              </div> <!-- method-in-group -->
              <div class="method-in-group">
                <span class="method-in-group-name">verify_Header_MemberDetailsScreen</span>
                <br/>
              </div> <!-- method-in-group -->
              <div class="method-in-group">
                <span class="method-in-group-name">verify_MemberDetails_ContentDisplaying</span>
                <br/>
              </div> <!-- method-in-group -->
              <div class="method-in-group">
                <span class="method-in-group-name">verify_MemberDetails_Displaying</span>
                <br/>
              </div> <!-- method-in-group -->
              <div class="method-in-group">
                <span class="method-in-group-name">verify_MemberDetails_Navigation_From_MeberLookupScreen_To_MemberDetailsPage</span>
                <br/>
              </div> <!-- method-in-group -->
            </div> <!-- test-group -->
            <div class="test-group">
              <span class="test-group-name">MemberLookup</span>
              <br/>
              <div class="method-in-group">
                <span class="method-in-group-name">enter_Valid_MemberId</span>
                <br/>
              </div> <!-- method-in-group -->
              <div class="method-in-group">
                <span class="method-in-group-name">hamburgerIcon_Location_Navigation_From_MemberLookup</span>
                <br/>
              </div> <!-- method-in-group -->
              <div class="method-in-group">
                <span class="method-in-group-name">hamburgerIcon_Logout_From_MemberLookup</span>
                <br/>
              </div> <!-- method-in-group -->
              <div class="method-in-group">
                <span class="method-in-group-name">hamburgerIcon_MemberLookup_Navigation_From_MemberLookup</span>
                <br/>
              </div> <!-- method-in-group -->
              <div class="method-in-group">
                <span class="method-in-group-name">verifyScanButtonAvailability</span>
                <br/>
              </div> <!-- method-in-group -->
              <div class="method-in-group">
                <span class="method-in-group-name">verify_CardNumber_Field_MaxLength</span>
                <br/>
              </div> <!-- method-in-group -->
              <div class="method-in-group">
                <span class="method-in-group-name">verify_Empty_CardNumber_ButtonIsDisabled</span>
                <br/>
              </div> <!-- method-in-group -->
              <div class="method-in-group">
                <span class="method-in-group-name">verify_Header_Hyperlink</span>
                <br/>
              </div> <!-- method-in-group -->
              <div class="method-in-group">
                <span class="method-in-group-name">verify_Invalid_CardNumber_MinLength</span>
                <br/>
              </div> <!-- method-in-group -->
              <div class="method-in-group">
                <span class="method-in-group-name">verify_Invalid_MemberID</span>
                <br/>
              </div> <!-- method-in-group -->
              <div class="method-in-group">
                <span class="method-in-group-name">verify_MemberId_Field_MaxLength</span>
                <br/>
              </div> <!-- method-in-group -->
            </div> <!-- test-group -->
          </div> <!-- main-panel-content rounded-window-bottom -->
        </div> <!-- panel -->
        <div panel-name="times-TestSuite" class="panel">
          <div class="main-panel-header rounded-window-top">
            <span class="header-content">Times for TestSuite</span>
          </div> <!-- main-panel-header rounded-window-top -->
          <div class="main-panel-content rounded-window-bottom">
            <div class="times-div">
              <script type="text/javascript">
suiteTableInitFunctions.push('tableData_TestSuite');
function tableData_TestSuite() {
var data = new google.visualization.DataTable();
data.addColumn('number', 'Number');
data.addColumn('string', 'Method');
data.addColumn('string', 'Class');
data.addColumn('number', 'Time (ms)');
data.addRows(62);
data.setCell(0, 0, 0)
data.setCell(0, 1, 'goTOPassPoint_More_Than_TransactionAmount')
data.setCell(0, 2, 'zapcg.Capillary.EarnPointPageTestCases.EarnPoint_Invalid_TestCases')
data.setCell(0, 3, 60534);
data.setCell(1, 0, 1)
data.setCell(1, 1, 'verify_SuccessMessage_For_RedeemPoint')
data.setCell(1, 2, 'zapcg.Capillary.EarnPointPageTestCases.EarnPoint_Valid_TestCases')
data.setCell(1, 3, 60503);
data.setCell(2, 0, 2)
data.setCell(2, 1, 'verify_MemberDetails_ContentDisplaying')
data.setCell(2, 2, 'zapcg.Capillary.MemberDetailsTestCases.memberDetails_TestCases')
data.setCell(2, 3, 31808);
data.setCell(3, 0, 3)
data.setCell(3, 1, 'verify_MemberDetails_Content_Displaying_On_EarnPointScreen')
data.setCell(3, 2, 'zapcg.Capillary.EarnPointPageTestCases.EarnPoint_Valid_TestCases')
data.setCell(3, 3, 30267);
data.setCell(4, 0, 4)
data.setCell(4, 1, 'enter_Valid_MemberId')
data.setCell(4, 2, 'zapcg.Capillary.MemberLookupTestCases.MemberLookup_Valid_TestCases')
data.setCell(4, 3, 3256);
data.setCell(5, 0, 5)
data.setCell(5, 1, 'verify_CardNumber_Field_MaxLength')
data.setCell(5, 2, 'zapcg.Capillary.MemberLookupTestCases.memberLookup_Invalid_TestCases')
data.setCell(5, 3, 3255);
data.setCell(6, 0, 6)
data.setCell(6, 1, 'choose_ValidLocation_For_NewUser')
data.setCell(6, 2, 'zapcg.Capillary.LocationPageTestCases.Location_ExistingUser_TestCases')
data.setCell(6, 3, 3165);
data.setCell(7, 0, 7)
data.setCell(7, 1, 'verify_Invalid_CardNumber_MinLength')
data.setCell(7, 2, 'zapcg.Capillary.MemberLookupTestCases.memberLookup_Invalid_TestCases')
data.setCell(7, 3, 3125);
data.setCell(8, 0, 8)
data.setCell(8, 1, 'verify_MemberId_Field_MaxLength')
data.setCell(8, 2, 'zapcg.Capillary.MemberLookupTestCases.memberLookup_Invalid_TestCases')
data.setCell(8, 3, 3097);
data.setCell(9, 0, 9)
data.setCell(9, 1, 'verifySuccessMessageForOnlyTransactionAmount')
data.setCell(9, 2, 'zapcg.Capillary.EarnPointPageTestCases.EarnPoint_Valid_TestCases')
data.setCell(9, 3, 3073);
data.setCell(10, 0, 10)
data.setCell(10, 1, 'verify_Header_Of_MemberLookup_Screen')
data.setCell(10, 2, 'zapcg.Capillary.LocationPageTestCases.Location_ExistingUser_TestCases')
data.setCell(10, 3, 3067);
data.setCell(11, 0, 11)
data.setCell(11, 1, 'verify_Invalid_MemberID')
data.setCell(11, 2, 'zapcg.Capillary.MemberLookupTestCases.memberLookup_Invalid_TestCases')
data.setCell(11, 3, 3030);
data.setCell(12, 0, 12)
data.setCell(12, 1, 'verify_Hamburger_MemberLookup_Option_on_MemberDetails')
data.setCell(12, 2, 'zapcg.Capillary.MemberDetailsTestCases.memberDetails_TestCases')
data.setCell(12, 3, 3024);
data.setCell(13, 0, 13)
data.setCell(13, 1, 'verify_Hamburger_LocationOption_On_MemberDetails')
data.setCell(13, 2, 'zapcg.Capillary.MemberDetailsTestCases.memberDetails_TestCases')
data.setCell(13, 3, 2973);
data.setCell(14, 0, 14)
data.setCell(14, 1, 'verify_Hamburger_LogoutOption_On_MemberDetails')
data.setCell(14, 2, 'zapcg.Capillary.MemberDetailsTestCases.memberDetails_TestCases')
data.setCell(14, 3, 2937);
data.setCell(15, 0, 15)
data.setCell(15, 1, 'verify_BackButton_On_MemberDetails_Screen')
data.setCell(15, 2, 'zapcg.Capillary.MemberDetailsTestCases.memberDetails_TestCases')
data.setCell(15, 3, 2600);
data.setCell(16, 0, 16)
data.setCell(16, 1, 'verify_Enabled_LoginButton')
data.setCell(16, 2, 'zapcg.Capillary.LoginTestCases.Login_Invalid_TestCases')
data.setCell(16, 3, 2537);
data.setCell(17, 0, 17)
data.setCell(17, 1, 'navigated_From_Location_To_LookupScreen_With_Valid_Inputs')
data.setCell(17, 2, 'zapcg.Capillary.LocationPageTestCases.Location_ExistingUser_TestCases')
data.setCell(17, 3, 2447);
data.setCell(18, 0, 18)
data.setCell(18, 1, 'test_Invalid_Username')
data.setCell(18, 2, 'zapcg.Capillary.LoginTestCases.Login_Invalid_TestCases')
data.setCell(18, 3, 1997);
data.setCell(19, 0, 19)
data.setCell(19, 1, 'test_Invalid_Password')
data.setCell(19, 2, 'zapcg.Capillary.LoginTestCases.Login_Invalid_TestCases')
data.setCell(19, 3, 1960);
data.setCell(20, 0, 20)
data.setCell(20, 1, 'hamburgerIcon_Location_Navigation_From_MemberLookup')
data.setCell(20, 2, 'zapcg.Capillary.MemberLookupTestCases.MemberLookup_Valid_TestCases')
data.setCell(20, 3, 1947);
data.setCell(21, 0, 21)
data.setCell(21, 1, 'verifyScanButtonAvailability')
data.setCell(21, 2, 'zapcg.Capillary.MemberLookupTestCases.MemberLookup_Valid_TestCases')
data.setCell(21, 3, 1907);
data.setCell(22, 0, 22)
data.setCell(22, 1, 'verify_Choose_Location_Button_Availability')
data.setCell(22, 2, 'zapcg.Capillary.LocationPageTestCases.Location_ExistingUser_TestCases')
data.setCell(22, 3, 1791);
data.setCell(23, 0, 23)
data.setCell(23, 1, 'verify_ExceedThresold_SuccessMessage')
data.setCell(23, 2, 'zapcg.Capillary.EarnPointPageTestCases.EarnPoint_Valid_TestCases')
data.setCell(23, 3, 1788);
data.setCell(24, 0, 24)
data.setCell(24, 1, 'verify_Empty_CardNumber_ButtonIsDisabled')
data.setCell(24, 2, 'zapcg.Capillary.MemberLookupTestCases.memberLookup_Invalid_TestCases')
data.setCell(24, 3, 1772);
data.setCell(25, 0, 25)
data.setCell(25, 1, 'verify_Enabled_EnterReceiptDetails_Button')
data.setCell(25, 2, 'zapcg.Capillary.MemberDetailsTestCases.memberDetails_TestCases')
data.setCell(25, 3, 1749);
data.setCell(26, 0, 26)
data.setCell(26, 1, 'verify_Header_Hyperlink')
data.setCell(26, 2, 'zapcg.Capillary.MemberLookupTestCases.MemberLookup_Valid_TestCases')
data.setCell(26, 3, 1731);
data.setCell(27, 0, 27)
data.setCell(27, 1, 'hamburgerIcon_MemberLookup_Navigation_From_MemberLookup')
data.setCell(27, 2, 'zapcg.Capillary.MemberLookupTestCases.MemberLookup_Valid_TestCases')
data.setCell(27, 3, 1713);
data.setCell(28, 0, 28)
data.setCell(28, 1, 'verify_MemberDetails_Displaying')
data.setCell(28, 2, 'zapcg.Capillary.MemberDetailsTestCases.memberDetails_TestCases')
data.setCell(28, 3, 1710);
data.setCell(29, 0, 29)
data.setCell(29, 1, 'testValidLogin_TestCase1')
data.setCell(29, 2, 'zapcg.Capillary.LoginTestCases.Login_Valid_TestCases')
data.setCell(29, 3, 1679);
data.setCell(30, 0, 30)
data.setCell(30, 1, 'verify_Header_MemberDetailsScreen')
data.setCell(30, 2, 'zapcg.Capillary.MemberDetailsTestCases.memberDetails_TestCases')
data.setCell(30, 3, 1510);
data.setCell(31, 0, 31)
data.setCell(31, 1, 'verify_Hamburger_LocationOption_From_EarnPoint_Page')
data.setCell(31, 2, 'zapcg.Capillary.EarnPointPageTestCases.EarnPoint_Valid_TestCases')
data.setCell(31, 3, 1356);
data.setCell(32, 0, 32)
data.setCell(32, 1, 'hamburgerIcon_Logout_From_MemberLookup')
data.setCell(32, 2, 'zapcg.Capillary.MemberLookupTestCases.MemberLookup_Valid_TestCases')
data.setCell(32, 3, 1353);
data.setCell(33, 0, 33)
data.setCell(33, 1, 'verify_MemberDetails_Navigation_From_MeberLookupScreen_To_MemberDetailsPage')
data.setCell(33, 2, 'zapcg.Capillary.MemberDetailsTestCases.memberDetails_TestCases')
data.setCell(33, 3, 1341);
data.setCell(34, 0, 34)
data.setCell(34, 1, 'verify_HamBurger_LogoutOption_From_EarnPoint_Page')
data.setCell(34, 2, 'zapcg.Capillary.EarnPointPageTestCases.EarnPoint_Valid_TestCases')
data.setCell(34, 3, 1326);
data.setCell(35, 0, 35)
data.setCell(35, 1, 'verify_Hamburger_MemberLookupOption_From_EarnPoint_Page')
data.setCell(35, 2, 'zapcg.Capillary.EarnPointPageTestCases.EarnPoint_Valid_TestCases')
data.setCell(35, 3, 1299);
data.setCell(36, 0, 36)
data.setCell(36, 1, 'test_TooLong_Username')
data.setCell(36, 2, 'zapcg.Capillary.LoginTestCases.Login_Invalid_TestCases')
data.setCell(36, 3, 585);
data.setCell(37, 0, 37)
data.setCell(37, 1, 'test_Username_WithSpaces')
data.setCell(37, 2, 'zapcg.Capillary.LoginTestCases.Login_Invalid_TestCases')
data.setCell(37, 3, 424);
data.setCell(38, 0, 38)
data.setCell(38, 1, 'test_MinLength_Password')
data.setCell(38, 2, 'zapcg.Capillary.LoginTestCases.Login_Invalid_TestCases')
data.setCell(38, 3, 360);
data.setCell(39, 0, 39)
data.setCell(39, 1, 'hamburgerIcon_MemberLookup_Navigation_From_LocationScreen')
data.setCell(39, 2, 'zapcg.Capillary.LocationPageTestCases.Location_ExistingUser_TestCases')
data.setCell(39, 3, 334);
data.setCell(40, 0, 40)
data.setCell(40, 1, 'verify_Eligible_EarningPoints')
data.setCell(40, 2, 'zapcg.Capillary.EarnPointPageTestCases.EarnPoint_Valid_TestCases')
data.setCell(40, 3, 328);
data.setCell(41, 0, 41)
data.setCell(41, 1, 'verify_Disabled_LoginButton_EmptyPassword')
data.setCell(41, 2, 'zapcg.Capillary.LoginTestCases.Login_Invalid_TestCases')
data.setCell(41, 3, 288);
data.setCell(42, 0, 42)
data.setCell(42, 1, 'verify_TaxAssumedAmount')
data.setCell(42, 2, 'zapcg.Capillary.EarnPointPageTestCases.EarnPoint_Valid_TestCases')
data.setCell(42, 3, 258);
data.setCell(43, 0, 43)
data.setCell(43, 1, 'empty_TxnAmount_But_GoToPassPointValue')
data.setCell(43, 2, 'zapcg.Capillary.EarnPointPageTestCases.EarnPoint_Invalid_TestCases')
data.setCell(43, 3, 255);
data.setCell(44, 0, 44)
data.setCell(44, 1, 'empty_TxnAmount_But_GoToPassPoint_Value')
data.setCell(44, 2, 'zapcg.Capillary.EarnPointPageTestCases.EarnPoint_Valid_TestCases')
data.setCell(44, 3, 254);
data.setCell(45, 0, 45)
data.setCell(45, 1, 'verify_Able_To_SelectOption_From_DropDown')
data.setCell(45, 2, 'zapcg.Capillary.LocationPageTestCases.Location_ExistingUser_TestCases')
data.setCell(45, 3, 216);
data.setCell(46, 0, 46)
data.setCell(46, 1, 'verify_Disabled_LoginButton_EmptyUsername')
data.setCell(46, 2, 'zapcg.Capillary.LoginTestCases.Login_Invalid_TestCases')
data.setCell(46, 3, 181);
data.setCell(47, 0, 47)
data.setCell(47, 1, 'verify_Disabled_LoginButton_EmptyUsernamePassword_TestCase10')
data.setCell(47, 2, 'zapcg.Capillary.LoginTestCases.Login_Invalid_TestCases')
data.setCell(47, 3, 179);
data.setCell(48, 0, 48)
data.setCell(48, 1, 'hamburgerIcon_MemberLocation_Navigation_From_LocationScreen')
data.setCell(48, 2, 'zapcg.Capillary.LocationPageTestCases.Location_ExistingUser_TestCases')
data.setCell(48, 3, 178);
data.setCell(49, 0, 49)
data.setCell(49, 1, 'verify_BackButton_Navigation_On_EarnPoint_Page')
data.setCell(49, 2, 'zapcg.Capillary.EarnPointPageTestCases.EarnPoint_Valid_TestCases')
data.setCell(49, 3, 176);
data.setCell(50, 0, 50)
data.setCell(50, 1, 'hamburger_Icon_Logout_From_LocationScreen')
data.setCell(50, 2, 'zapcg.Capillary.LocationPageTestCases.Location_ExistingUser_TestCases')
data.setCell(50, 3, 176);
data.setCell(51, 0, 51)
data.setCell(51, 1, 'verify_HeaderHyperlink_On_EarnPoint_Page')
data.setCell(51, 2, 'zapcg.Capillary.EarnPointPageTestCases.EarnPoint_Valid_TestCases')
data.setCell(51, 3, 174);
data.setCell(52, 0, 52)
data.setCell(52, 1, 'verify_With_Empty_TransactionAmount')
data.setCell(52, 2, 'zapcg.Capillary.EarnPointPageTestCases.EarnPoint_Valid_TestCases')
data.setCell(52, 3, 165);
data.setCell(53, 0, 53)
data.setCell(53, 1, 'verify_With_Empty_TransactionAmount')
data.setCell(53, 2, 'zapcg.Capillary.EarnPointPageTestCases.EarnPoint_Invalid_TestCases')
data.setCell(53, 3, 152);
data.setCell(54, 0, 54)
data.setCell(54, 1, 'verify_EarnPoints_Navigation_From_MeberDetailsScreen')
data.setCell(54, 2, 'zapcg.Capillary.EarnPointPageTestCases.EarnPoint_Valid_TestCases')
data.setCell(54, 3, 121);
data.setCell(55, 0, 55)
data.setCell(55, 1, 'verify_NonEditable_LocationField')
data.setCell(55, 2, 'zapcg.Capillary.EarnPointPageTestCases.EarnPoint_Valid_TestCases')
data.setCell(55, 3, 80);
data.setCell(56, 0, 56)
data.setCell(56, 1, 'verify_DropDown_Availability')
data.setCell(56, 2, 'zapcg.Capillary.LocationPageTestCases.Location_ExistingUser_TestCases')
data.setCell(56, 3, 65);
data.setCell(57, 0, 57)
data.setCell(57, 1, 'verify_NonEditable_DateField')
data.setCell(57, 2, 'zapcg.Capillary.EarnPointPageTestCases.EarnPoint_Valid_TestCases')
data.setCell(57, 3, 50);
data.setCell(58, 0, 58)
data.setCell(58, 1, 'verify_Date_Equal_To_System_CurrentDate')
data.setCell(58, 2, 'zapcg.Capillary.EarnPointPageTestCases.EarnPoint_Valid_TestCases')
data.setCell(58, 3, 48);
data.setCell(59, 0, 59)
data.setCell(59, 1, 'verify_NonEditable_TimeField')
data.setCell(59, 2, 'zapcg.Capillary.EarnPointPageTestCases.EarnPoint_Valid_TestCases')
data.setCell(59, 3, 47);
data.setCell(60, 0, 60)
data.setCell(60, 1, 'verify_Time_Equal_To_System_CurrentTime')
data.setCell(60, 2, 'zapcg.Capillary.EarnPointPageTestCases.EarnPoint_Valid_TestCases')
data.setCell(60, 3, 34);
data.setCell(61, 0, 61)
data.setCell(61, 1, 'verify_ValidationMessage_If_GoToPass_Is_Greater_Than_AvailablePoints')
data.setCell(61, 2, 'zapcg.Capillary.EarnPointPageTestCases.GoToPassPointMoreThanAvailablePoint')
data.setCell(61, 3, 1);
window.suiteTableData['TestSuite']= { tableData: data, tableDiv: 'times-div-TestSuite'}
return data;
}
              </script>
              <span class="suite-total-time">Total running time: 10 minutes</span>
              <div id="times-div-TestSuite">
              </div> <!-- times-div-TestSuite -->
            </div> <!-- times-div -->
          </div> <!-- main-panel-content rounded-window-bottom -->
        </div> <!-- panel -->
        <div panel-name="reporter-TestSuite" class="panel">
          <div class="main-panel-header rounded-window-top">
            <span class="header-content">Reporter output for TestSuite</span>
          </div> <!-- main-panel-header rounded-window-top -->
          <div class="main-panel-content rounded-window-bottom">
          </div> <!-- main-panel-content rounded-window-bottom -->
        </div> <!-- panel -->
        <div panel-name="ignored-methods-TestSuite" class="panel">
          <div class="main-panel-header rounded-window-top">
            <span class="header-content">0 ignored methods</span>
          </div> <!-- main-panel-header rounded-window-top -->
          <div class="main-panel-content rounded-window-bottom">
          </div> <!-- main-panel-content rounded-window-bottom -->
        </div> <!-- panel -->
        <div panel-name="chronological-TestSuite" class="panel">
          <div class="main-panel-header rounded-window-top">
            <span class="header-content">Methods in chronological order</span>
          </div> <!-- main-panel-header rounded-window-top -->
          <div class="main-panel-content rounded-window-bottom">
            <div class="chronological-class">
              <div class="chronological-class-name">zapcg.Capillary.LocationPageTestCases.Location_ExistingUser_TestCases</div> <!-- chronological-class-name -->
              <div class="configuration-method before">
                <span class="method-name">initialize(chrome, Tablet Portrait)</span>
                <span class="method-start">0 ms</span>
              </div> <!-- configuration-method before -->
              <div class="test-method">
                <img src="failed.png">
                </img>
                <span class="method-name">choose_ValidLocation_For_NewUser</span>
                <span class="method-start">9024 ms</span>
              </div> <!-- test-method -->
              <div class="configuration-method after">
                <span class="method-name">tearDown</span>
                <span class="method-start">12195 ms</span>
              </div> <!-- configuration-method after -->
            </div> <!-- chronological-class -->
            <div class="chronological-class">
              <div class="chronological-class-name">zapcg.Capillary.LoginTestCases.Login_Valid_TestCases</div> <!-- chronological-class-name -->
              <div class="configuration-method before">
                <span class="method-name">initialize(chrome, Tablet Portrait)</span>
                <span class="method-start">12817 ms</span>
              </div> <!-- configuration-method before -->
              <div class="test-method">
                <span class="method-name">testValidLogin_TestCase1</span>
                <span class="method-start">15639 ms</span>
              </div> <!-- test-method -->
              <div class="configuration-method after">
                <span class="method-name">tearDown</span>
                <span class="method-start">17319 ms</span>
              </div> <!-- configuration-method after -->
            </div> <!-- chronological-class -->
            <div class="chronological-class">
              <div class="chronological-class-name">zapcg.Capillary.LoginTestCases.Login_Invalid_TestCases</div> <!-- chronological-class-name -->
              <div class="configuration-method before">
                <span class="method-name">initialize(chrome, Tablet Portrait)</span>
                <span class="method-start">17861 ms</span>
              </div> <!-- configuration-method before -->
              <div class="test-method">
                <span class="method-name">test_Invalid_Username</span>
                <span class="method-start">20656 ms</span>
              </div> <!-- test-method -->
              <div class="configuration-method after">
                <span class="method-name">tearDown</span>
                <span class="method-start">22654 ms</span>
              </div> <!-- configuration-method after -->
            </div> <!-- chronological-class -->
            <div class="chronological-class">
              <div class="chronological-class-name">zapcg.Capillary.MemberLookupTestCases.MemberLookup_Valid_TestCases</div> <!-- chronological-class-name -->
              <div class="configuration-method before">
                <span class="method-name">initialize(chrome, Tablet Portrait)</span>
                <span class="method-start">23239 ms</span>
              </div> <!-- configuration-method before -->
              <div class="test-method">
                <span class="method-name">verifyScanButtonAvailability</span>
                <span class="method-start">26493 ms</span>
              </div> <!-- test-method -->
              <div class="configuration-method after">
                <span class="method-name">tearDown</span>
                <span class="method-start">28402 ms</span>
              </div> <!-- configuration-method after -->
            </div> <!-- chronological-class -->
            <div class="chronological-class">
              <div class="chronological-class-name">zapcg.Capillary.MemberLookupTestCases.memberLookup_Invalid_TestCases</div> <!-- chronological-class-name -->
              <div class="configuration-method before">
                <span class="method-name">initialize(chrome, Tablet Portrait)</span>
                <span class="method-start">28989 ms</span>
              </div> <!-- configuration-method before -->
              <div class="test-method">
                <span class="method-name">verify_Invalid_MemberID</span>
                <span class="method-start">32916 ms</span>
              </div> <!-- test-method -->
              <div class="configuration-method after">
                <span class="method-name">tearDown</span>
                <span class="method-start">35950 ms</span>
              </div> <!-- configuration-method after -->
            </div> <!-- chronological-class -->
            <div class="chronological-class">
              <div class="chronological-class-name">zapcg.Capillary.MemberDetailsTestCases.memberDetails_TestCases</div> <!-- chronological-class-name -->
              <div class="configuration-method before">
                <span class="method-name">initialize(chrome, Tablet Portrait)</span>
                <span class="method-start">36544 ms</span>
              </div> <!-- configuration-method before -->
              <div class="test-method">
                <span class="method-name">verify_MemberDetails_Navigation_From_MeberLookupScreen_To_MemberDetailsPage</span>
                <span class="method-start">41845 ms</span>
              </div> <!-- test-method -->
              <div class="configuration-method after">
                <span class="method-name">tearDown</span>
                <span class="method-start">43188 ms</span>
              </div> <!-- configuration-method after -->
            </div> <!-- chronological-class -->
            <div class="chronological-class">
              <div class="chronological-class-name">zapcg.Capillary.EarnPointPageTestCases.EarnPoint_Valid_TestCases</div> <!-- chronological-class-name -->
              <div class="configuration-method before">
                <span class="method-name">initialize(chrome, Tablet Portrait)</span>
                <span class="method-start">43782 ms</span>
              </div> <!-- configuration-method before -->
              <div class="test-method">
                <span class="method-name">verify_NonEditable_LocationField</span>
                <span class="method-start">50937 ms</span>
              </div> <!-- test-method -->
              <div class="configuration-method after">
                <span class="method-name">tearDown</span>
                <span class="method-start">51018 ms</span>
              </div> <!-- configuration-method after -->
            </div> <!-- chronological-class -->
            <div class="chronological-class">
              <div class="chronological-class-name">zapcg.Capillary.EarnPointPageTestCases.GoToPassPointMoreThanAvailablePoint</div> <!-- chronological-class-name -->
              <div class="configuration-method before">
                <span class="method-name">initialize(chrome, Tablet Portrait)</span>
                <span class="method-start">51620 ms</span>
              </div> <!-- configuration-method before -->
              <div class="test-method">
                <span class="method-name">verify_ValidationMessage_If_GoToPass_Is_Greater_Than_AvailablePoints</span>
                <span class="method-start">58479 ms</span>
              </div> <!-- test-method -->
              <div class="configuration-method after">
                <span class="method-name">tearDown</span>
                <span class="method-start">58481 ms</span>
              </div> <!-- configuration-method after -->
            </div> <!-- chronological-class -->
            <div class="chronological-class">
              <div class="chronological-class-name">zapcg.Capillary.EarnPointPageTestCases.EarnPoint_Invalid_TestCases</div> <!-- chronological-class-name -->
              <div class="configuration-method before">
                <span class="method-name">initialize(chrome, Tablet Portrait)</span>
                <span class="method-start">59050 ms</span>
              </div> <!-- configuration-method before -->
              <div class="test-method">
                <span class="method-name">verify_With_Empty_TransactionAmount</span>
                <span class="method-start">65705 ms</span>
              </div> <!-- test-method -->
              <div class="configuration-method after">
                <span class="method-name">tearDown</span>
                <span class="method-start">65858 ms</span>
              </div> <!-- configuration-method after -->
              <div class="configuration-method before">
                <span class="method-name">initialize(chrome, Tablet Portrait)</span>
                <span class="method-start">66435 ms</span>
              </div> <!-- configuration-method before -->
              <div class="test-method">
                <span class="method-name">empty_TxnAmount_But_GoToPassPointValue</span>
                <span class="method-start">72982 ms</span>
              </div> <!-- test-method -->
              <div class="configuration-method after">
                <span class="method-name">tearDown</span>
                <span class="method-start">73238 ms</span>
              </div> <!-- configuration-method after -->
            </div> <!-- chronological-class -->
            <div class="chronological-class">
              <div class="chronological-class-name">zapcg.Capillary.MemberLookupTestCases.MemberLookup_Valid_TestCases</div> <!-- chronological-class-name -->
              <div class="configuration-method before">
                <span class="method-name">initialize(chrome, Tablet Portrait)</span>
                <span class="method-start">73811 ms</span>
              </div> <!-- configuration-method before -->
              <div class="test-method">
                <span class="method-name">enter_Valid_MemberId</span>
                <span class="method-start">77209 ms</span>
              </div> <!-- test-method -->
              <div class="configuration-method after">
                <span class="method-name">tearDown</span>
                <span class="method-start">80466 ms</span>
              </div> <!-- configuration-method after -->
            </div> <!-- chronological-class -->
            <div class="chronological-class">
              <div class="chronological-class-name">zapcg.Capillary.LoginTestCases.Login_Invalid_TestCases</div> <!-- chronological-class-name -->
              <div class="configuration-method before">
                <span class="method-name">initialize(chrome, Tablet Portrait)</span>
                <span class="method-start">81034 ms</span>
              </div> <!-- configuration-method before -->
              <div class="test-method">
                <span class="method-name">test_Invalid_Password</span>
                <span class="method-start">84321 ms</span>
              </div> <!-- test-method -->
              <div class="configuration-method after">
                <span class="method-name">tearDown</span>
                <span class="method-start">86299 ms</span>
              </div> <!-- configuration-method after -->
            </div> <!-- chronological-class -->
            <div class="chronological-class">
              <div class="chronological-class-name">zapcg.Capillary.LocationPageTestCases.Location_ExistingUser_TestCases</div> <!-- chronological-class-name -->
              <div class="configuration-method before">
                <span class="method-name">initialize(chrome, Tablet Portrait)</span>
                <span class="method-start">86931 ms</span>
              </div> <!-- configuration-method before -->
              <div class="test-method">
                <span class="method-name">verify_DropDown_Availability</span>
                <span class="method-start">91533 ms</span>
              </div> <!-- test-method -->
              <div class="configuration-method after">
                <span class="method-name">tearDown</span>
                <span class="method-start">91605 ms</span>
              </div> <!-- configuration-method after -->
            </div> <!-- chronological-class -->
            <div class="chronological-class">
              <div class="chronological-class-name">zapcg.Capillary.MemberDetailsTestCases.memberDetails_TestCases</div> <!-- chronological-class-name -->
              <div class="configuration-method before">
                <span class="method-name">initialize(chrome, Tablet Portrait)</span>
                <span class="method-start">92185 ms</span>
              </div> <!-- configuration-method before -->
              <div class="test-method">
                <span class="method-name">verify_MemberDetails_Displaying</span>
                <span class="method-start">97353 ms</span>
              </div> <!-- test-method -->
              <div class="configuration-method after">
                <span class="method-name">tearDown</span>
                <span class="method-start">99064 ms</span>
              </div> <!-- configuration-method after -->
            </div> <!-- chronological-class -->
            <div class="chronological-class">
              <div class="chronological-class-name">zapcg.Capillary.MemberLookupTestCases.memberLookup_Invalid_TestCases</div> <!-- chronological-class-name -->
              <div class="configuration-method before">
                <span class="method-name">initialize(chrome, Tablet Portrait)</span>
                <span class="method-start">99661 ms</span>
              </div> <!-- configuration-method before -->
              <div class="test-method">
                <span class="method-name">verify_MemberId_Field_MaxLength</span>
                <span class="method-start">102800 ms</span>
              </div> <!-- test-method -->
              <div class="configuration-method after">
                <span class="method-name">tearDown</span>
                <span class="method-start">105898 ms</span>
              </div> <!-- configuration-method after -->
            </div> <!-- chronological-class -->
            <div class="chronological-class">
              <div class="chronological-class-name">zapcg.Capillary.EarnPointPageTestCases.EarnPoint_Valid_TestCases</div> <!-- chronological-class-name -->
              <div class="configuration-method before">
                <span class="method-name">initialize(chrome, Tablet Portrait)</span>
                <span class="method-start">106462 ms</span>
              </div> <!-- configuration-method before -->
              <div class="test-method">
                <span class="method-name">verify_NonEditable_DateField</span>
                <span class="method-start">112278 ms</span>
              </div> <!-- test-method -->
              <div class="configuration-method after">
                <span class="method-name">tearDown</span>
                <span class="method-start">112328 ms</span>
              </div> <!-- configuration-method after -->
            </div> <!-- chronological-class -->
            <div class="chronological-class">
              <div class="chronological-class-name">zapcg.Capillary.EarnPointPageTestCases.EarnPoint_Invalid_TestCases</div> <!-- chronological-class-name -->
              <div class="configuration-method before">
                <span class="method-name">initialize(chrome, Tablet Portrait)</span>
                <span class="method-start">112904 ms</span>
              </div> <!-- configuration-method before -->
              <div class="test-method">
                <img src="failed.png">
                </img>
                <span class="method-name">goTOPassPoint_More_Than_TransactionAmount</span>
                <span class="method-start">120408 ms</span>
              </div> <!-- test-method -->
              <div class="configuration-method after">
                <span class="method-name">tearDown</span>
                <span class="method-start">180949 ms</span>
              </div> <!-- configuration-method after -->
            </div> <!-- chronological-class -->
            <div class="chronological-class">
              <div class="chronological-class-name">zapcg.Capillary.LoginTestCases.Login_Invalid_TestCases</div> <!-- chronological-class-name -->
              <div class="configuration-method before">
                <span class="method-name">initialize(chrome, Tablet Portrait)</span>
                <span class="method-start">181594 ms</span>
              </div> <!-- configuration-method before -->
              <div class="test-method">
                <span class="method-name">test_TooLong_Username</span>
                <span class="method-start">184479 ms</span>
              </div> <!-- test-method -->
              <div class="configuration-method after">
                <span class="method-name">tearDown</span>
                <span class="method-start">185064 ms</span>
              </div> <!-- configuration-method after -->
            </div> <!-- chronological-class -->
            <div class="chronological-class">
              <div class="chronological-class-name">zapcg.Capillary.LocationPageTestCases.Location_ExistingUser_TestCases</div> <!-- chronological-class-name -->
              <div class="configuration-method before">
                <span class="method-name">initialize(chrome, Tablet Portrait)</span>
                <span class="method-start">185635 ms</span>
              </div> <!-- configuration-method before -->
              <div class="test-method">
                <span class="method-name">verify_Able_To_SelectOption_From_DropDown</span>
                <span class="method-start">190831 ms</span>
              </div> <!-- test-method -->
              <div class="configuration-method after">
                <span class="method-name">tearDown</span>
                <span class="method-start">191047 ms</span>
              </div> <!-- configuration-method after -->
            </div> <!-- chronological-class -->
            <div class="chronological-class">
              <div class="chronological-class-name">zapcg.Capillary.MemberLookupTestCases.MemberLookup_Valid_TestCases</div> <!-- chronological-class-name -->
              <div class="configuration-method before">
                <span class="method-name">initialize(chrome, Tablet Portrait)</span>
                <span class="method-start">191613 ms</span>
              </div> <!-- configuration-method before -->
              <div class="test-method">
                <span class="method-name">verify_Header_Hyperlink</span>
                <span class="method-start">194797 ms</span>
              </div> <!-- test-method -->
              <div class="configuration-method after">
                <span class="method-name">tearDown</span>
                <span class="method-start">196528 ms</span>
              </div> <!-- configuration-method after -->
            </div> <!-- chronological-class -->
            <div class="chronological-class">
              <div class="chronological-class-name">zapcg.Capillary.MemberLookupTestCases.memberLookup_Invalid_TestCases</div> <!-- chronological-class-name -->
              <div class="configuration-method before">
                <span class="method-name">initialize(chrome, Tablet Portrait)</span>
                <span class="method-start">197110 ms</span>
              </div> <!-- configuration-method before -->
              <div class="test-method">
                <span class="method-name">verify_Invalid_CardNumber_MinLength</span>
                <span class="method-start">200235 ms</span>
              </div> <!-- test-method -->
              <div class="configuration-method after">
                <span class="method-name">tearDown</span>
                <span class="method-start">203365 ms</span>
              </div> <!-- configuration-method after -->
            </div> <!-- chronological-class -->
            <div class="chronological-class">
              <div class="chronological-class-name">zapcg.Capillary.MemberDetailsTestCases.memberDetails_TestCases</div> <!-- chronological-class-name -->
              <div class="configuration-method before">
                <span class="method-name">initialize(chrome, Tablet Portrait)</span>
                <span class="method-start">203955 ms</span>
              </div> <!-- configuration-method before -->
              <div class="test-method">
                <img src="failed.png">
                </img>
                <span class="method-name">verify_MemberDetails_ContentDisplaying</span>
                <span class="method-start">208497 ms</span>
              </div> <!-- test-method -->
              <div class="configuration-method after">
                <span class="method-name">tearDown</span>
                <span class="method-start">240305 ms</span>
              </div> <!-- configuration-method after -->
            </div> <!-- chronological-class -->
            <div class="chronological-class">
              <div class="chronological-class-name">zapcg.Capillary.EarnPointPageTestCases.EarnPoint_Valid_TestCases</div> <!-- chronological-class-name -->
              <div class="configuration-method before">
                <span class="method-name">initialize(chrome, Tablet Portrait)</span>
                <span class="method-start">240924 ms</span>
              </div> <!-- configuration-method before -->
              <div class="test-method">
                <span class="method-name">verify_NonEditable_TimeField</span>
                <span class="method-start">247758 ms</span>
              </div> <!-- test-method -->
              <div class="configuration-method after">
                <span class="method-name">tearDown</span>
                <span class="method-start">247805 ms</span>
              </div> <!-- configuration-method after -->
            </div> <!-- chronological-class -->
            <div class="chronological-class">
              <div class="chronological-class-name">zapcg.Capillary.MemberLookupTestCases.MemberLookup_Valid_TestCases</div> <!-- chronological-class-name -->
              <div class="configuration-method before">
                <span class="method-name">initialize(chrome, Tablet Portrait)</span>
                <span class="method-start">248408 ms</span>
              </div> <!-- configuration-method before -->
              <div class="test-method">
                <span class="method-name">hamburgerIcon_MemberLookup_Navigation_From_MemberLookup</span>
                <span class="method-start">251574 ms</span>
              </div> <!-- test-method -->
              <div class="configuration-method after">
                <span class="method-name">tearDown</span>
                <span class="method-start">253287 ms</span>
              </div> <!-- configuration-method after -->
            </div> <!-- chronological-class -->
            <div class="chronological-class">
              <div class="chronological-class-name">zapcg.Capillary.LoginTestCases.Login_Invalid_TestCases</div> <!-- chronological-class-name -->
              <div class="configuration-method before">
                <span class="method-name">initialize(chrome, Tablet Portrait)</span>
                <span class="method-start">253889 ms</span>
              </div> <!-- configuration-method before -->
              <div class="test-method">
                <span class="method-name">test_MinLength_Password</span>
                <span class="method-start">256756 ms</span>
              </div> <!-- test-method -->
              <div class="configuration-method after">
                <span class="method-name">tearDown</span>
                <span class="method-start">257116 ms</span>
              </div> <!-- configuration-method after -->
            </div> <!-- chronological-class -->
            <div class="chronological-class">
              <div class="chronological-class-name">zapcg.Capillary.MemberLookupTestCases.memberLookup_Invalid_TestCases</div> <!-- chronological-class-name -->
              <div class="configuration-method before">
                <span class="method-name">initialize(chrome, Tablet Portrait)</span>
                <span class="method-start">257697 ms</span>
              </div> <!-- configuration-method before -->
              <div class="test-method">
                <span class="method-name">verify_CardNumber_Field_MaxLength</span>
                <span class="method-start">260776 ms</span>
              </div> <!-- test-method -->
              <div class="configuration-method after">
                <span class="method-name">tearDown</span>
                <span class="method-start">264036 ms</span>
              </div> <!-- configuration-method after -->
            </div> <!-- chronological-class -->
            <div class="chronological-class">
              <div class="chronological-class-name">zapcg.Capillary.LocationPageTestCases.Location_ExistingUser_TestCases</div> <!-- chronological-class-name -->
              <div class="configuration-method before">
                <span class="method-name">initialize(chrome, Tablet Portrait)</span>
                <span class="method-start">264613 ms</span>
              </div> <!-- configuration-method before -->
              <div class="test-method">
                <span class="method-name">verify_Choose_Location_Button_Availability</span>
                <span class="method-start">269526 ms</span>
              </div> <!-- test-method -->
              <div class="configuration-method after">
                <span class="method-name">tearDown</span>
                <span class="method-start">271317 ms</span>
              </div> <!-- configuration-method after -->
            </div> <!-- chronological-class -->
            <div class="chronological-class">
              <div class="chronological-class-name">zapcg.Capillary.EarnPointPageTestCases.EarnPoint_Valid_TestCases</div> <!-- chronological-class-name -->
              <div class="configuration-method before">
                <span class="method-name">initialize(chrome, Tablet Portrait)</span>
                <span class="method-start">271884 ms</span>
              </div> <!-- configuration-method before -->
              <div class="test-method">
                <span class="method-name">verify_EarnPoints_Navigation_From_MeberDetailsScreen</span>
                <span class="method-start">278644 ms</span>
              </div> <!-- test-method -->
              <div class="configuration-method after">
                <span class="method-name">tearDown</span>
                <span class="method-start">278781 ms</span>
              </div> <!-- configuration-method after -->
            </div> <!-- chronological-class -->
            <div class="chronological-class">
              <div class="chronological-class-name">zapcg.Capillary.MemberDetailsTestCases.memberDetails_TestCases</div> <!-- chronological-class-name -->
              <div class="configuration-method before">
                <span class="method-name">initialize(chrome, Tablet Portrait)</span>
                <span class="method-start">279379 ms</span>
              </div> <!-- configuration-method before -->
              <div class="test-method">
                <span class="method-name">verify_Enabled_EnterReceiptDetails_Button</span>
                <span class="method-start">284171 ms</span>
              </div> <!-- test-method -->
              <div class="configuration-method after">
                <span class="method-name">tearDown</span>
                <span class="method-start">285920 ms</span>
              </div> <!-- configuration-method after -->
            </div> <!-- chronological-class -->
            <div class="chronological-class">
              <div class="chronological-class-name">zapcg.Capillary.MemberLookupTestCases.MemberLookup_Valid_TestCases</div> <!-- chronological-class-name -->
              <div class="configuration-method before">
                <span class="method-name">initialize(chrome, Tablet Portrait)</span>
                <span class="method-start">286495 ms</span>
              </div> <!-- configuration-method before -->
              <div class="test-method">
                <span class="method-name">hamburgerIcon_Location_Navigation_From_MemberLookup</span>
                <span class="method-start">290231 ms</span>
              </div> <!-- test-method -->
              <div class="configuration-method after">
                <span class="method-name">tearDown</span>
                <span class="method-start">292178 ms</span>
              </div> <!-- configuration-method after -->
            </div> <!-- chronological-class -->
            <div class="chronological-class">
              <div class="chronological-class-name">zapcg.Capillary.LoginTestCases.Login_Invalid_TestCases</div> <!-- chronological-class-name -->
              <div class="configuration-method before">
                <span class="method-name">initialize(chrome, Tablet Portrait)</span>
                <span class="method-start">292757 ms</span>
              </div> <!-- configuration-method before -->
              <div class="test-method">
                <span class="method-name">test_Username_WithSpaces</span>
                <span class="method-start">295425 ms</span>
              </div> <!-- test-method -->
              <div class="configuration-method after">
                <span class="method-name">tearDown</span>
                <span class="method-start">295849 ms</span>
              </div> <!-- configuration-method after -->
            </div> <!-- chronological-class -->
            <div class="chronological-class">
              <div class="chronological-class-name">zapcg.Capillary.MemberLookupTestCases.memberLookup_Invalid_TestCases</div> <!-- chronological-class-name -->
              <div class="configuration-method before">
                <span class="method-name">initialize(chrome, Tablet Portrait)</span>
                <span class="method-start">296421 ms</span>
              </div> <!-- configuration-method before -->
              <div class="test-method">
                <span class="method-name">verify_Empty_CardNumber_ButtonIsDisabled</span>
                <span class="method-start">299803 ms</span>
              </div> <!-- test-method -->
              <div class="configuration-method after">
                <span class="method-name">tearDown</span>
                <span class="method-start">301575 ms</span>
              </div> <!-- configuration-method after -->
            </div> <!-- chronological-class -->
            <div class="chronological-class">
              <div class="chronological-class-name">zapcg.Capillary.MemberDetailsTestCases.memberDetails_TestCases</div> <!-- chronological-class-name -->
              <div class="configuration-method before">
                <span class="method-name">initialize(chrome, Tablet Portrait)</span>
                <span class="method-start">302148 ms</span>
              </div> <!-- configuration-method before -->
              <div class="test-method">
                <span class="method-name">verify_Header_MemberDetailsScreen</span>
                <span class="method-start">306968 ms</span>
              </div> <!-- test-method -->
              <div class="configuration-method after">
                <span class="method-name">tearDown</span>
                <span class="method-start">308478 ms</span>
              </div> <!-- configuration-method after -->
            </div> <!-- chronological-class -->
            <div class="chronological-class">
              <div class="chronological-class-name">zapcg.Capillary.LocationPageTestCases.Location_ExistingUser_TestCases</div> <!-- chronological-class-name -->
              <div class="configuration-method before">
                <span class="method-name">initialize(chrome, Tablet Portrait)</span>
                <span class="method-start">309050 ms</span>
              </div> <!-- configuration-method before -->
              <div class="test-method">
                <img src="failed.png">
                </img>
                <span class="method-name">verify_Header_Of_MemberLookup_Screen</span>
                <span class="method-start">314038 ms</span>
              </div> <!-- test-method -->
              <div class="configuration-method after">
                <span class="method-name">tearDown</span>
                <span class="method-start">317105 ms</span>
              </div> <!-- configuration-method after -->
            </div> <!-- chronological-class -->
            <div class="chronological-class">
              <div class="chronological-class-name">zapcg.Capillary.EarnPointPageTestCases.EarnPoint_Valid_TestCases</div> <!-- chronological-class-name -->
              <div class="configuration-method before">
                <span class="method-name">initialize(chrome, Tablet Portrait)</span>
                <span class="method-start">317685 ms</span>
              </div> <!-- configuration-method before -->
              <div class="test-method">
                <img src="failed.png">
                </img>
                <span class="method-name">verify_MemberDetails_Content_Displaying_On_EarnPointScreen</span>
                <span class="method-start">324561 ms</span>
              </div> <!-- test-method -->
              <div class="configuration-method after">
                <span class="method-name">tearDown</span>
                <span class="method-start">354836 ms</span>
              </div> <!-- configuration-method after -->
            </div> <!-- chronological-class -->
            <div class="chronological-class">
              <div class="chronological-class-name">zapcg.Capillary.MemberLookupTestCases.MemberLookup_Valid_TestCases</div> <!-- chronological-class-name -->
              <div class="configuration-method before">
                <span class="method-name">initialize(chrome, Tablet Portrait)</span>
                <span class="method-start">355446 ms</span>
              </div> <!-- configuration-method before -->
              <div class="test-method">
                <span class="method-name">hamburgerIcon_Logout_From_MemberLookup</span>
                <span class="method-start">358564 ms</span>
              </div> <!-- test-method -->
              <div class="configuration-method after">
                <span class="method-name">tearDown</span>
                <span class="method-start">359919 ms</span>
              </div> <!-- configuration-method after -->
            </div> <!-- chronological-class -->
            <div class="chronological-class">
              <div class="chronological-class-name">zapcg.Capillary.LocationPageTestCases.Location_ExistingUser_TestCases</div> <!-- chronological-class-name -->
              <div class="configuration-method before">
                <span class="method-name">initialize(chrome, Tablet Portrait)</span>
                <span class="method-start">360506 ms</span>
              </div> <!-- configuration-method before -->
              <div class="test-method">
                <span class="method-name">hamburgerIcon_MemberLookup_Navigation_From_LocationScreen</span>
                <span class="method-start">365699 ms</span>
              </div> <!-- test-method -->
              <div class="configuration-method after">
                <span class="method-name">tearDown</span>
                <span class="method-start">366038 ms</span>
              </div> <!-- configuration-method after -->
            </div> <!-- chronological-class -->
            <div class="chronological-class">
              <div class="chronological-class-name">zapcg.Capillary.LoginTestCases.Login_Invalid_TestCases</div> <!-- chronological-class-name -->
              <div class="configuration-method before">
                <span class="method-name">initialize(chrome, Tablet Portrait)</span>
                <span class="method-start">366601 ms</span>
              </div> <!-- configuration-method before -->
              <div class="test-method">
                <span class="method-name">verify_Enabled_LoginButton</span>
                <span class="method-start">369448 ms</span>
              </div> <!-- test-method -->
              <div class="configuration-method after">
                <span class="method-name">tearDown</span>
                <span class="method-start">371985 ms</span>
              </div> <!-- configuration-method after -->
            </div> <!-- chronological-class -->
            <div class="chronological-class">
              <div class="chronological-class-name">zapcg.Capillary.EarnPointPageTestCases.EarnPoint_Valid_TestCases</div> <!-- chronological-class-name -->
              <div class="configuration-method before">
                <span class="method-name">initialize(chrome, Tablet Portrait)</span>
                <span class="method-start">372552 ms</span>
              </div> <!-- configuration-method before -->
              <div class="test-method">
                <span class="method-name">verify_HeaderHyperlink_On_EarnPoint_Page</span>
                <span class="method-start">379515 ms</span>
              </div> <!-- test-method -->
              <div class="configuration-method after">
                <span class="method-name">tearDown</span>
                <span class="method-start">379689 ms</span>
              </div> <!-- configuration-method after -->
            </div> <!-- chronological-class -->
            <div class="chronological-class">
              <div class="chronological-class-name">zapcg.Capillary.LocationPageTestCases.Location_ExistingUser_TestCases</div> <!-- chronological-class-name -->
              <div class="configuration-method before">
                <span class="method-name">initialize(chrome, Tablet Portrait)</span>
                <span class="method-start">380264 ms</span>
              </div> <!-- configuration-method before -->
              <div class="test-method">
                <span class="method-name">hamburgerIcon_MemberLocation_Navigation_From_LocationScreen</span>
                <span class="method-start">384675 ms</span>
              </div> <!-- test-method -->
              <div class="configuration-method after">
                <span class="method-name">tearDown</span>
                <span class="method-start">384853 ms</span>
              </div> <!-- configuration-method after -->
            </div> <!-- chronological-class -->
            <div class="chronological-class">
              <div class="chronological-class-name">zapcg.Capillary.EarnPointPageTestCases.EarnPoint_Valid_TestCases</div> <!-- chronological-class-name -->
              <div class="configuration-method before">
                <span class="method-name">initialize(chrome, Tablet Portrait)</span>
                <span class="method-start">385428 ms</span>
              </div> <!-- configuration-method before -->
              <div class="test-method">
                <span class="method-name">verify_BackButton_Navigation_On_EarnPoint_Page</span>
                <span class="method-start">391929 ms</span>
              </div> <!-- test-method -->
              <div class="configuration-method after">
                <span class="method-name">tearDown</span>
                <span class="method-start">392105 ms</span>
              </div> <!-- configuration-method after -->
            </div> <!-- chronological-class -->
            <div class="chronological-class">
              <div class="chronological-class-name">zapcg.Capillary.LoginTestCases.Login_Invalid_TestCases</div> <!-- chronological-class-name -->
              <div class="configuration-method before">
                <span class="method-name">initialize(chrome, Tablet Portrait)</span>
                <span class="method-start">392675 ms</span>
              </div> <!-- configuration-method before -->
              <div class="test-method">
                <span class="method-name">verify_Disabled_LoginButton_EmptyUsername</span>
                <span class="method-start">395406 ms</span>
              </div> <!-- test-method -->
              <div class="configuration-method after">
                <span class="method-name">tearDown</span>
                <span class="method-start">395595 ms</span>
              </div> <!-- configuration-method after -->
            </div> <!-- chronological-class -->
            <div class="chronological-class">
              <div class="chronological-class-name">zapcg.Capillary.MemberDetailsTestCases.memberDetails_TestCases</div> <!-- chronological-class-name -->
              <div class="configuration-method before">
                <span class="method-name">initialize(chrome, Tablet Portrait)</span>
                <span class="method-start">396177 ms</span>
              </div> <!-- configuration-method before -->
              <div class="test-method">
                <span class="method-name">verify_Hamburger_MemberLookup_Option_on_MemberDetails</span>
                <span class="method-start">401117 ms</span>
              </div> <!-- test-method -->
              <div class="configuration-method after">
                <span class="method-name">tearDown</span>
                <span class="method-start">404141 ms</span>
              </div> <!-- configuration-method after -->
            </div> <!-- chronological-class -->
            <div class="chronological-class">
              <div class="chronological-class-name">zapcg.Capillary.LocationPageTestCases.Location_ExistingUser_TestCases</div> <!-- chronological-class-name -->
              <div class="configuration-method before">
                <span class="method-name">initialize(chrome, Tablet Portrait)</span>
                <span class="method-start">404740 ms</span>
              </div> <!-- configuration-method before -->
              <div class="test-method">
                <span class="method-name">hamburger_Icon_Logout_From_LocationScreen</span>
                <span class="method-start">409738 ms</span>
              </div> <!-- test-method -->
              <div class="configuration-method after">
                <span class="method-name">tearDown</span>
                <span class="method-start">409915 ms</span>
              </div> <!-- configuration-method after -->
            </div> <!-- chronological-class -->
            <div class="chronological-class">
              <div class="chronological-class-name">zapcg.Capillary.LoginTestCases.Login_Invalid_TestCases</div> <!-- chronological-class-name -->
              <div class="configuration-method before">
                <span class="method-name">initialize(chrome, Tablet Portrait)</span>
                <span class="method-start">410476 ms</span>
              </div> <!-- configuration-method before -->
              <div class="test-method">
                <span class="method-name">verify_Disabled_LoginButton_EmptyPassword</span>
                <span class="method-start">413427 ms</span>
              </div> <!-- test-method -->
              <div class="configuration-method after">
                <span class="method-name">tearDown</span>
                <span class="method-start">413715 ms</span>
              </div> <!-- configuration-method after -->
            </div> <!-- chronological-class -->
            <div class="chronological-class">
              <div class="chronological-class-name">zapcg.Capillary.MemberDetailsTestCases.memberDetails_TestCases</div> <!-- chronological-class-name -->
              <div class="configuration-method before">
                <span class="method-name">initialize(chrome, Tablet Portrait)</span>
                <span class="method-start">414301 ms</span>
              </div> <!-- configuration-method before -->
              <div class="test-method">
                <span class="method-name">verify_Hamburger_LocationOption_On_MemberDetails</span>
                <span class="method-start">418863 ms</span>
              </div> <!-- test-method -->
              <div class="configuration-method after">
                <span class="method-name">tearDown</span>
                <span class="method-start">421836 ms</span>
              </div> <!-- configuration-method after -->
            </div> <!-- chronological-class -->
            <div class="chronological-class">
              <div class="chronological-class-name">zapcg.Capillary.EarnPointPageTestCases.EarnPoint_Valid_TestCases</div> <!-- chronological-class-name -->
              <div class="configuration-method before">
                <span class="method-name">initialize(chrome, Tablet Portrait)</span>
                <span class="method-start">422421 ms</span>
              </div> <!-- configuration-method before -->
              <div class="test-method">
                <span class="method-name">verify_Hamburger_MemberLookupOption_From_EarnPoint_Page</span>
                <span class="method-start">429354 ms</span>
              </div> <!-- test-method -->
              <div class="configuration-method after">
                <span class="method-name">tearDown</span>
                <span class="method-start">430653 ms</span>
              </div> <!-- configuration-method after -->
            </div> <!-- chronological-class -->
            <div class="chronological-class">
              <div class="chronological-class-name">zapcg.Capillary.LocationPageTestCases.Location_ExistingUser_TestCases</div> <!-- chronological-class-name -->
              <div class="configuration-method before">
                <span class="method-name">initialize(chrome, Tablet Portrait)</span>
                <span class="method-start">431241 ms</span>
              </div> <!-- configuration-method before -->
              <div class="test-method">
                <img src="failed.png">
                </img>
                <span class="method-name">navigated_From_Location_To_LookupScreen_With_Valid_Inputs</span>
                <span class="method-start">436117 ms</span>
              </div> <!-- test-method -->
              <div class="configuration-method after">
                <span class="method-name">tearDown</span>
                <span class="method-start">438567 ms</span>
              </div> <!-- configuration-method after -->
            </div> <!-- chronological-class -->
            <div class="chronological-class">
              <div class="chronological-class-name">zapcg.Capillary.LoginTestCases.Login_Invalid_TestCases</div> <!-- chronological-class-name -->
              <div class="configuration-method before">
                <span class="method-name">initialize(chrome, Tablet Portrait)</span>
                <span class="method-start">439149 ms</span>
              </div> <!-- configuration-method before -->
              <div class="test-method">
                <span class="method-name">verify_Disabled_LoginButton_EmptyUsernamePassword_TestCase10</span>
                <span class="method-start">442537 ms</span>
              </div> <!-- test-method -->
              <div class="configuration-method after">
                <span class="method-name">tearDown</span>
                <span class="method-start">442716 ms</span>
              </div> <!-- configuration-method after -->
            </div> <!-- chronological-class -->
            <div class="chronological-class">
              <div class="chronological-class-name">zapcg.Capillary.EarnPointPageTestCases.EarnPoint_Valid_TestCases</div> <!-- chronological-class-name -->
              <div class="configuration-method before">
                <span class="method-name">initialize(chrome, Tablet Portrait)</span>
                <span class="method-start">443306 ms</span>
              </div> <!-- configuration-method before -->
              <div class="test-method">
                <span class="method-name">verify_Hamburger_LocationOption_From_EarnPoint_Page</span>
                <span class="method-start">449292 ms</span>
              </div> <!-- test-method -->
              <div class="configuration-method after">
                <span class="method-name">tearDown</span>
                <span class="method-start">450650 ms</span>
              </div> <!-- configuration-method after -->
            </div> <!-- chronological-class -->
            <div class="chronological-class">
              <div class="chronological-class-name">zapcg.Capillary.MemberDetailsTestCases.memberDetails_TestCases</div> <!-- chronological-class-name -->
              <div class="configuration-method before">
                <span class="method-name">initialize(chrome, Tablet Portrait)</span>
                <span class="method-start">451229 ms</span>
              </div> <!-- configuration-method before -->
              <div class="test-method">
                <span class="method-name">verify_Hamburger_LogoutOption_On_MemberDetails</span>
                <span class="method-start">456136 ms</span>
              </div> <!-- test-method -->
              <div class="configuration-method after">
                <span class="method-name">tearDown</span>
                <span class="method-start">459087 ms</span>
              </div> <!-- configuration-method after -->
              <div class="configuration-method before">
                <span class="method-name">initialize(chrome, Tablet Portrait)</span>
                <span class="method-start">459688 ms</span>
              </div> <!-- configuration-method before -->
              <div class="test-method">
                <span class="method-name">verify_BackButton_On_MemberDetails_Screen</span>
                <span class="method-start">464786 ms</span>
              </div> <!-- test-method -->
              <div class="configuration-method after">
                <span class="method-name">tearDown</span>
                <span class="method-start">467386 ms</span>
              </div> <!-- configuration-method after -->
            </div> <!-- chronological-class -->
            <div class="chronological-class">
              <div class="chronological-class-name">zapcg.Capillary.EarnPointPageTestCases.EarnPoint_Valid_TestCases</div> <!-- chronological-class-name -->
              <div class="configuration-method before">
                <span class="method-name">initialize(chrome, Tablet Portrait)</span>
                <span class="method-start">468017 ms</span>
              </div> <!-- configuration-method before -->
              <div class="test-method">
                <span class="method-name">verify_HamBurger_LogoutOption_From_EarnPoint_Page</span>
                <span class="method-start">474367 ms</span>
              </div> <!-- test-method -->
              <div class="configuration-method after">
                <span class="method-name">tearDown</span>
                <span class="method-start">475693 ms</span>
              </div> <!-- configuration-method after -->
              <div class="configuration-method before">
                <span class="method-name">initialize(chrome, Tablet Portrait)</span>
                <span class="method-start">476280 ms</span>
              </div> <!-- configuration-method before -->
              <div class="test-method">
                <span class="method-name">verify_Date_Equal_To_System_CurrentDate</span>
                <span class="method-start">483283 ms</span>
              </div> <!-- test-method -->
              <div class="configuration-method after">
                <span class="method-name">tearDown</span>
                <span class="method-start">483331 ms</span>
              </div> <!-- configuration-method after -->
              <div class="configuration-method before">
                <span class="method-name">initialize(chrome, Tablet Portrait)</span>
                <span class="method-start">483914 ms</span>
              </div> <!-- configuration-method before -->
              <div class="test-method">
                <span class="method-name">verify_Time_Equal_To_System_CurrentTime</span>
                <span class="method-start">490678 ms</span>
              </div> <!-- test-method -->
              <div class="configuration-method after">
                <span class="method-name">tearDown</span>
                <span class="method-start">490717 ms</span>
              </div> <!-- configuration-method after -->
              <div class="configuration-method before">
                <span class="method-name">initialize(chrome, Tablet Portrait)</span>
                <span class="method-start">491296 ms</span>
              </div> <!-- configuration-method before -->
              <div class="test-method">
                <span class="method-name">verify_With_Empty_TransactionAmount</span>
                <span class="method-start">497822 ms</span>
              </div> <!-- test-method -->
              <div class="configuration-method after">
                <span class="method-name">tearDown</span>
                <span class="method-start">497987 ms</span>
              </div> <!-- configuration-method after -->
              <div class="configuration-method before">
                <span class="method-name">initialize(chrome, Tablet Portrait)</span>
                <span class="method-start">498560 ms</span>
              </div> <!-- configuration-method before -->
              <div class="test-method">
                <span class="method-name">empty_TxnAmount_But_GoToPassPoint_Value</span>
                <span class="method-start">504784 ms</span>
              </div> <!-- test-method -->
              <div class="configuration-method after">
                <span class="method-name">tearDown</span>
                <span class="method-start">505038 ms</span>
              </div> <!-- configuration-method after -->
              <div class="configuration-method before">
                <span class="method-name">initialize(chrome, Tablet Portrait)</span>
                <span class="method-start">505601 ms</span>
              </div> <!-- configuration-method before -->
              <div class="test-method">
                <span class="method-name">verifySuccessMessageForOnlyTransactionAmount</span>
                <span class="method-start">512599 ms</span>
              </div> <!-- test-method -->
              <div class="configuration-method after">
                <span class="method-name">tearDown</span>
                <span class="method-start">515685 ms</span>
              </div> <!-- configuration-method after -->
              <div class="configuration-method before">
                <span class="method-name">initialize(chrome, Tablet Portrait)</span>
                <span class="method-start">516292 ms</span>
              </div> <!-- configuration-method before -->
              <div class="test-method">
                <span class="method-name">verify_TaxAssumedAmount</span>
                <span class="method-start">523096 ms</span>
              </div> <!-- test-method -->
              <div class="configuration-method after">
                <span class="method-name">tearDown</span>
                <span class="method-start">523355 ms</span>
              </div> <!-- configuration-method after -->
              <div class="configuration-method before">
                <span class="method-name">initialize(chrome, Tablet Portrait)</span>
                <span class="method-start">523919 ms</span>
              </div> <!-- configuration-method before -->
              <div class="test-method">
                <img src="failed.png">
                </img>
                <span class="method-name">verify_SuccessMessage_For_RedeemPoint</span>
                <span class="method-start">530244 ms</span>
              </div> <!-- test-method -->
              <div class="configuration-method after">
                <span class="method-name">tearDown</span>
                <span class="method-start">590779 ms</span>
              </div> <!-- configuration-method after -->
              <div class="configuration-method before">
                <span class="method-name">initialize(chrome, Tablet Portrait)</span>
                <span class="method-start">591610 ms</span>
              </div> <!-- configuration-method before -->
              <div class="test-method">
                <span class="method-name">verify_Eligible_EarningPoints</span>
                <span class="method-start">598587 ms</span>
              </div> <!-- test-method -->
              <div class="configuration-method after">
                <span class="method-name">tearDown</span>
                <span class="method-start">598916 ms</span>
              </div> <!-- configuration-method after -->
              <div class="configuration-method before">
                <span class="method-name">initialize(chrome, Tablet Portrait)</span>
                <span class="method-start">599503 ms</span>
              </div> <!-- configuration-method before -->
              <div class="test-method">
                <img src="failed.png">
                </img>
                <span class="method-name">verify_ExceedThresold_SuccessMessage</span>
                <span class="method-start">605951 ms</span>
              </div> <!-- test-method -->
              <div class="configuration-method after">
                <span class="method-name">tearDown</span>
                <span class="method-start">607741 ms</span>
              </div> <!-- configuration-method after -->
          </div> <!-- main-panel-content rounded-window-bottom -->
        </div> <!-- panel -->
      </div> <!-- main-panel-root -->
    </div> <!-- wrapper -->
  </body>
<script type="text/javascript" src="testng-reports2.js"></script>
</html>
