<?xml version="1.0" encoding="UTF-8"?>
<testng-results ignored="0" total="62" passed="54" failed="8" skipped="0">
  <reporter-output>
  </reporter-output>
  <suite started-at="2024-07-09T15:51:46 IST" name="TestSuite" finished-at="2024-07-09T16:01:54 IST" duration-ms="608391">
    <groups>
      <group name="EarnPoint">
        <method signature="EarnPoint_Invalid_TestCases.verify_With_Empty_TransactionAmount()[pri:1, instance:zapcg.Capillary.EarnPointPageTestCases.EarnPoint_Invalid_TestCases@19fe4644]" name="verify_With_Empty_TransactionAmount" class="zapcg.Capillary.EarnPointPageTestCases.EarnPoint_Invalid_TestCases"/>
        <method signature="EarnPoint_Valid_TestCases.verify_NonEditable_LocationField()[pri:1, instance:zapcg.Capillary.EarnPointPageTestCases.EarnPoint_Valid_TestCases@31e3250d]" name="verify_NonEditable_LocationField" class="zapcg.Capillary.EarnPointPageTestCases.EarnPoint_Valid_TestCases"/>
        <method signature="GoToPassPointMoreThanAvailablePoint.verify_ValidationMessage_If_GoToPass_Is_Greater_Than_AvailablePoints()[pri:1, instance:zapcg.Capillary.EarnPointPageTestCases.GoToPassPointMoreThanAvailablePoint@21d8bcbe]" name="verify_ValidationMessage_If_GoToPass_Is_Greater_Than_AvailablePoints" class="zapcg.Capillary.EarnPointPageTestCases.GoToPassPointMoreThanAvailablePoint"/>
        <method signature="EarnPoint_Invalid_TestCases.empty_TxnAmount_But_GoToPassPointValue()[pri:2, instance:zapcg.Capillary.EarnPointPageTestCases.EarnPoint_Invalid_TestCases@19fe4644]" name="empty_TxnAmount_But_GoToPassPointValue" class="zapcg.Capillary.EarnPointPageTestCases.EarnPoint_Invalid_TestCases"/>
        <method signature="EarnPoint_Valid_TestCases.verify_NonEditable_DateField()[pri:2, instance:zapcg.Capillary.EarnPointPageTestCases.EarnPoint_Valid_TestCases@31e3250d]" name="verify_NonEditable_DateField" class="zapcg.Capillary.EarnPointPageTestCases.EarnPoint_Valid_TestCases"/>
        <method signature="EarnPoint_Invalid_TestCases.goTOPassPoint_More_Than_TransactionAmount()[pri:3, instance:zapcg.Capillary.EarnPointPageTestCases.EarnPoint_Invalid_TestCases@19fe4644]" name="goTOPassPoint_More_Than_TransactionAmount" class="zapcg.Capillary.EarnPointPageTestCases.EarnPoint_Invalid_TestCases"/>
        <method signature="EarnPoint_Valid_TestCases.verify_NonEditable_TimeField()[pri:3, instance:zapcg.Capillary.EarnPointPageTestCases.EarnPoint_Valid_TestCases@31e3250d]" name="verify_NonEditable_TimeField" class="zapcg.Capillary.EarnPointPageTestCases.EarnPoint_Valid_TestCases"/>
        <method signature="EarnPoint_Valid_TestCases.verify_EarnPoints_Navigation_From_MeberDetailsScreen()[pri:4, instance:zapcg.Capillary.EarnPointPageTestCases.EarnPoint_Valid_TestCases@31e3250d]" name="verify_EarnPoints_Navigation_From_MeberDetailsScreen" class="zapcg.Capillary.EarnPointPageTestCases.EarnPoint_Valid_TestCases"/>
        <method signature="EarnPoint_Valid_TestCases.verify_MemberDetails_Content_Displaying_On_EarnPointScreen()[pri:5, instance:zapcg.Capillary.EarnPointPageTestCases.EarnPoint_Valid_TestCases@31e3250d]" name="verify_MemberDetails_Content_Displaying_On_EarnPointScreen" class="zapcg.Capillary.EarnPointPageTestCases.EarnPoint_Valid_TestCases"/>
        <method signature="EarnPoint_Valid_TestCases.verify_HeaderHyperlink_On_EarnPoint_Page()[pri:6, instance:zapcg.Capillary.EarnPointPageTestCases.EarnPoint_Valid_TestCases@31e3250d]" name="verify_HeaderHyperlink_On_EarnPoint_Page" class="zapcg.Capillary.EarnPointPageTestCases.EarnPoint_Valid_TestCases"/>
        <method signature="EarnPoint_Valid_TestCases.verify_BackButton_Navigation_On_EarnPoint_Page()[pri:7, instance:zapcg.Capillary.EarnPointPageTestCases.EarnPoint_Valid_TestCases@31e3250d]" name="verify_BackButton_Navigation_On_EarnPoint_Page" class="zapcg.Capillary.EarnPointPageTestCases.EarnPoint_Valid_TestCases"/>
        <method signature="EarnPoint_Valid_TestCases.verify_Hamburger_MemberLookupOption_From_EarnPoint_Page()[pri:8, instance:zapcg.Capillary.EarnPointPageTestCases.EarnPoint_Valid_TestCases@31e3250d]" name="verify_Hamburger_MemberLookupOption_From_EarnPoint_Page" class="zapcg.Capillary.EarnPointPageTestCases.EarnPoint_Valid_TestCases"/>
        <method signature="EarnPoint_Valid_TestCases.verify_Hamburger_LocationOption_From_EarnPoint_Page()[pri:9, instance:zapcg.Capillary.EarnPointPageTestCases.EarnPoint_Valid_TestCases@31e3250d]" name="verify_Hamburger_LocationOption_From_EarnPoint_Page" class="zapcg.Capillary.EarnPointPageTestCases.EarnPoint_Valid_TestCases"/>
        <method signature="EarnPoint_Valid_TestCases.verify_HamBurger_LogoutOption_From_EarnPoint_Page()[pri:10, instance:zapcg.Capillary.EarnPointPageTestCases.EarnPoint_Valid_TestCases@31e3250d]" name="verify_HamBurger_LogoutOption_From_EarnPoint_Page" class="zapcg.Capillary.EarnPointPageTestCases.EarnPoint_Valid_TestCases"/>
        <method signature="EarnPoint_Valid_TestCases.verify_Date_Equal_To_System_CurrentDate()[pri:11, instance:zapcg.Capillary.EarnPointPageTestCases.EarnPoint_Valid_TestCases@31e3250d]" name="verify_Date_Equal_To_System_CurrentDate" class="zapcg.Capillary.EarnPointPageTestCases.EarnPoint_Valid_TestCases"/>
        <method signature="EarnPoint_Valid_TestCases.verify_Time_Equal_To_System_CurrentTime()[pri:12, instance:zapcg.Capillary.EarnPointPageTestCases.EarnPoint_Valid_TestCases@31e3250d]" name="verify_Time_Equal_To_System_CurrentTime" class="zapcg.Capillary.EarnPointPageTestCases.EarnPoint_Valid_TestCases"/>
        <method signature="EarnPoint_Valid_TestCases.verify_With_Empty_TransactionAmount()[pri:13, instance:zapcg.Capillary.EarnPointPageTestCases.EarnPoint_Valid_TestCases@31e3250d]" name="verify_With_Empty_TransactionAmount" class="zapcg.Capillary.EarnPointPageTestCases.EarnPoint_Valid_TestCases"/>
        <method signature="EarnPoint_Valid_TestCases.empty_TxnAmount_But_GoToPassPoint_Value()[pri:14, instance:zapcg.Capillary.EarnPointPageTestCases.EarnPoint_Valid_TestCases@31e3250d]" name="empty_TxnAmount_But_GoToPassPoint_Value" class="zapcg.Capillary.EarnPointPageTestCases.EarnPoint_Valid_TestCases"/>
        <method signature="EarnPoint_Valid_TestCases.verifySuccessMessageForOnlyTransactionAmount()[pri:15, instance:zapcg.Capillary.EarnPointPageTestCases.EarnPoint_Valid_TestCases@31e3250d]" name="verifySuccessMessageForOnlyTransactionAmount" class="zapcg.Capillary.EarnPointPageTestCases.EarnPoint_Valid_TestCases"/>
        <method signature="EarnPoint_Valid_TestCases.verify_TaxAssumedAmount()[pri:16, instance:zapcg.Capillary.EarnPointPageTestCases.EarnPoint_Valid_TestCases@31e3250d]" name="verify_TaxAssumedAmount" class="zapcg.Capillary.EarnPointPageTestCases.EarnPoint_Valid_TestCases"/>
        <method signature="EarnPoint_Valid_TestCases.verify_SuccessMessage_For_RedeemPoint()[pri:17, instance:zapcg.Capillary.EarnPointPageTestCases.EarnPoint_Valid_TestCases@31e3250d]" name="verify_SuccessMessage_For_RedeemPoint" class="zapcg.Capillary.EarnPointPageTestCases.EarnPoint_Valid_TestCases"/>
        <method signature="EarnPoint_Valid_TestCases.verify_Eligible_EarningPoints()[pri:18, instance:zapcg.Capillary.EarnPointPageTestCases.EarnPoint_Valid_TestCases@31e3250d]" name="verify_Eligible_EarningPoints" class="zapcg.Capillary.EarnPointPageTestCases.EarnPoint_Valid_TestCases"/>
        <method signature="EarnPoint_Valid_TestCases.verify_ExceedThresold_SuccessMessage()[pri:19, instance:zapcg.Capillary.EarnPointPageTestCases.EarnPoint_Valid_TestCases@31e3250d]" name="verify_ExceedThresold_SuccessMessage" class="zapcg.Capillary.EarnPointPageTestCases.EarnPoint_Valid_TestCases"/>
      </group> <!-- EarnPoint -->
      <group name="MemberLookup">
        <method signature="MemberLookup_Valid_TestCases.verifyScanButtonAvailability()[pri:1, instance:zapcg.Capillary.MemberLookupTestCases.MemberLookup_Valid_TestCases@636e8cc]" name="verifyScanButtonAvailability" class="zapcg.Capillary.MemberLookupTestCases.MemberLookup_Valid_TestCases"/>
        <method signature="memberLookup_Invalid_TestCases.verify_Invalid_MemberID()[pri:1, instance:zapcg.Capillary.MemberLookupTestCases.memberLookup_Invalid_TestCases@f79a760]" name="verify_Invalid_MemberID" class="zapcg.Capillary.MemberLookupTestCases.memberLookup_Invalid_TestCases"/>
        <method signature="MemberLookup_Valid_TestCases.enter_Valid_MemberId()[pri:2, instance:zapcg.Capillary.MemberLookupTestCases.MemberLookup_Valid_TestCases@636e8cc]" name="enter_Valid_MemberId" class="zapcg.Capillary.MemberLookupTestCases.MemberLookup_Valid_TestCases"/>
        <method signature="memberLookup_Invalid_TestCases.verify_MemberId_Field_MaxLength()[pri:2, instance:zapcg.Capillary.MemberLookupTestCases.memberLookup_Invalid_TestCases@f79a760]" name="verify_MemberId_Field_MaxLength" class="zapcg.Capillary.MemberLookupTestCases.memberLookup_Invalid_TestCases"/>
        <method signature="MemberLookup_Valid_TestCases.verify_Header_Hyperlink()[pri:3, instance:zapcg.Capillary.MemberLookupTestCases.MemberLookup_Valid_TestCases@636e8cc]" name="verify_Header_Hyperlink" class="zapcg.Capillary.MemberLookupTestCases.MemberLookup_Valid_TestCases"/>
        <method signature="memberLookup_Invalid_TestCases.verify_Invalid_CardNumber_MinLength()[pri:3, instance:zapcg.Capillary.MemberLookupTestCases.memberLookup_Invalid_TestCases@f79a760]" name="verify_Invalid_CardNumber_MinLength" class="zapcg.Capillary.MemberLookupTestCases.memberLookup_Invalid_TestCases"/>
        <method signature="MemberLookup_Valid_TestCases.hamburgerIcon_MemberLookup_Navigation_From_MemberLookup()[pri:4, instance:zapcg.Capillary.MemberLookupTestCases.MemberLookup_Valid_TestCases@636e8cc]" name="hamburgerIcon_MemberLookup_Navigation_From_MemberLookup" class="zapcg.Capillary.MemberLookupTestCases.MemberLookup_Valid_TestCases"/>
        <method signature="memberLookup_Invalid_TestCases.verify_CardNumber_Field_MaxLength()[pri:4, instance:zapcg.Capillary.MemberLookupTestCases.memberLookup_Invalid_TestCases@f79a760]" name="verify_CardNumber_Field_MaxLength" class="zapcg.Capillary.MemberLookupTestCases.memberLookup_Invalid_TestCases"/>
        <method signature="MemberLookup_Valid_TestCases.hamburgerIcon_Location_Navigation_From_MemberLookup()[pri:5, instance:zapcg.Capillary.MemberLookupTestCases.MemberLookup_Valid_TestCases@636e8cc]" name="hamburgerIcon_Location_Navigation_From_MemberLookup" class="zapcg.Capillary.MemberLookupTestCases.MemberLookup_Valid_TestCases"/>
        <method signature="memberLookup_Invalid_TestCases.verify_Empty_CardNumber_ButtonIsDisabled()[pri:5, instance:zapcg.Capillary.MemberLookupTestCases.memberLookup_Invalid_TestCases@f79a760]" name="verify_Empty_CardNumber_ButtonIsDisabled" class="zapcg.Capillary.MemberLookupTestCases.memberLookup_Invalid_TestCases"/>
        <method signature="MemberLookup_Valid_TestCases.hamburgerIcon_Logout_From_MemberLookup()[pri:6, instance:zapcg.Capillary.MemberLookupTestCases.MemberLookup_Valid_TestCases@636e8cc]" name="hamburgerIcon_Logout_From_MemberLookup" class="zapcg.Capillary.MemberLookupTestCases.MemberLookup_Valid_TestCases"/>
      </group> <!-- MemberLookup -->
      <group name="MemberDetails">
        <method signature="memberDetails_TestCases.verify_MemberDetails_Navigation_From_MeberLookupScreen_To_MemberDetailsPage()[pri:1, instance:zapcg.Capillary.MemberDetailsTestCases.memberDetails_TestCases@1c9f0a20]" name="verify_MemberDetails_Navigation_From_MeberLookupScreen_To_MemberDetailsPage" class="zapcg.Capillary.MemberDetailsTestCases.memberDetails_TestCases"/>
        <method signature="memberDetails_TestCases.verify_MemberDetails_Displaying()[pri:2, instance:zapcg.Capillary.MemberDetailsTestCases.memberDetails_TestCases@1c9f0a20]" name="verify_MemberDetails_Displaying" class="zapcg.Capillary.MemberDetailsTestCases.memberDetails_TestCases"/>
        <method signature="memberDetails_TestCases.verify_MemberDetails_ContentDisplaying()[pri:3, instance:zapcg.Capillary.MemberDetailsTestCases.memberDetails_TestCases@1c9f0a20]" name="verify_MemberDetails_ContentDisplaying" class="zapcg.Capillary.MemberDetailsTestCases.memberDetails_TestCases"/>
        <method signature="memberDetails_TestCases.verify_Enabled_EnterReceiptDetails_Button()[pri:4, instance:zapcg.Capillary.MemberDetailsTestCases.memberDetails_TestCases@1c9f0a20]" name="verify_Enabled_EnterReceiptDetails_Button" class="zapcg.Capillary.MemberDetailsTestCases.memberDetails_TestCases"/>
        <method signature="memberDetails_TestCases.verify_Header_MemberDetailsScreen()[pri:5, instance:zapcg.Capillary.MemberDetailsTestCases.memberDetails_TestCases@1c9f0a20]" name="verify_Header_MemberDetailsScreen" class="zapcg.Capillary.MemberDetailsTestCases.memberDetails_TestCases"/>
        <method signature="memberDetails_TestCases.verify_Hamburger_MemberLookup_Option_on_MemberDetails()[pri:7, instance:zapcg.Capillary.MemberDetailsTestCases.memberDetails_TestCases@1c9f0a20]" name="verify_Hamburger_MemberLookup_Option_on_MemberDetails" class="zapcg.Capillary.MemberDetailsTestCases.memberDetails_TestCases"/>
        <method signature="memberDetails_TestCases.verify_Hamburger_LocationOption_On_MemberDetails()[pri:8, instance:zapcg.Capillary.MemberDetailsTestCases.memberDetails_TestCases@1c9f0a20]" name="verify_Hamburger_LocationOption_On_MemberDetails" class="zapcg.Capillary.MemberDetailsTestCases.memberDetails_TestCases"/>
        <method signature="memberDetails_TestCases.verify_Hamburger_LogoutOption_On_MemberDetails()[pri:9, instance:zapcg.Capillary.MemberDetailsTestCases.memberDetails_TestCases@1c9f0a20]" name="verify_Hamburger_LogoutOption_On_MemberDetails" class="zapcg.Capillary.MemberDetailsTestCases.memberDetails_TestCases"/>
        <method signature="memberDetails_TestCases.verify_BackButton_On_MemberDetails_Screen()[pri:10, instance:zapcg.Capillary.MemberDetailsTestCases.memberDetails_TestCases@1c9f0a20]" name="verify_BackButton_On_MemberDetails_Screen" class="zapcg.Capillary.MemberDetailsTestCases.memberDetails_TestCases"/>
      </group> <!-- MemberDetails -->
      <group name="Login">
        <method signature="Login_Invalid_TestCases.test_Invalid_Username()[pri:1, instance:zapcg.Capillary.LoginTestCases.Login_Invalid_TestCases@56c9bbd8]" name="test_Invalid_Username" class="zapcg.Capillary.LoginTestCases.Login_Invalid_TestCases"/>
        <method signature="Login_Valid_TestCases.testValidLogin_TestCase1()[pri:1, instance:zapcg.Capillary.LoginTestCases.Login_Valid_TestCases@14c01636]" name="testValidLogin_TestCase1" class="zapcg.Capillary.LoginTestCases.Login_Valid_TestCases"/>
        <method signature="Login_Invalid_TestCases.test_Invalid_Password()[pri:2, instance:zapcg.Capillary.LoginTestCases.Login_Invalid_TestCases@56c9bbd8]" name="test_Invalid_Password" class="zapcg.Capillary.LoginTestCases.Login_Invalid_TestCases"/>
        <method signature="Login_Invalid_TestCases.test_TooLong_Username()[pri:3, instance:zapcg.Capillary.LoginTestCases.Login_Invalid_TestCases@56c9bbd8]" name="test_TooLong_Username" class="zapcg.Capillary.LoginTestCases.Login_Invalid_TestCases"/>
        <method signature="Login_Invalid_TestCases.test_MinLength_Password()[pri:4, instance:zapcg.Capillary.LoginTestCases.Login_Invalid_TestCases@56c9bbd8]" name="test_MinLength_Password" class="zapcg.Capillary.LoginTestCases.Login_Invalid_TestCases"/>
        <method signature="Login_Invalid_TestCases.test_Username_WithSpaces()[pri:5, instance:zapcg.Capillary.LoginTestCases.Login_Invalid_TestCases@56c9bbd8]" name="test_Username_WithSpaces" class="zapcg.Capillary.LoginTestCases.Login_Invalid_TestCases"/>
        <method signature="Login_Invalid_TestCases.verify_Enabled_LoginButton()[pri:6, instance:zapcg.Capillary.LoginTestCases.Login_Invalid_TestCases@56c9bbd8]" name="verify_Enabled_LoginButton" class="zapcg.Capillary.LoginTestCases.Login_Invalid_TestCases"/>
        <method signature="Login_Invalid_TestCases.verify_Disabled_LoginButton_EmptyUsername()[pri:7, instance:zapcg.Capillary.LoginTestCases.Login_Invalid_TestCases@56c9bbd8]" name="verify_Disabled_LoginButton_EmptyUsername" class="zapcg.Capillary.LoginTestCases.Login_Invalid_TestCases"/>
        <method signature="Login_Invalid_TestCases.verify_Disabled_LoginButton_EmptyPassword()[pri:8, instance:zapcg.Capillary.LoginTestCases.Login_Invalid_TestCases@56c9bbd8]" name="verify_Disabled_LoginButton_EmptyPassword" class="zapcg.Capillary.LoginTestCases.Login_Invalid_TestCases"/>
        <method signature="Login_Invalid_TestCases.verify_Disabled_LoginButton_EmptyUsernamePassword_TestCase10()[pri:9, instance:zapcg.Capillary.LoginTestCases.Login_Invalid_TestCases@56c9bbd8]" name="verify_Disabled_LoginButton_EmptyUsernamePassword_TestCase10" class="zapcg.Capillary.LoginTestCases.Login_Invalid_TestCases"/>
      </group> <!-- Login -->
      <group name="Location">
        <method signature="Location_ExistingUser_TestCases.choose_ValidLocation_For_NewUser()[pri:1, instance:zapcg.Capillary.LocationPageTestCases.Location_ExistingUser_TestCases@630cb4a4]" name="choose_ValidLocation_For_NewUser" class="zapcg.Capillary.LocationPageTestCases.Location_ExistingUser_TestCases"/>
        <method signature="Location_ExistingUser_TestCases.verify_DropDown_Availability()[pri:2, instance:zapcg.Capillary.LocationPageTestCases.Location_ExistingUser_TestCases@630cb4a4]" name="verify_DropDown_Availability" class="zapcg.Capillary.LocationPageTestCases.Location_ExistingUser_TestCases"/>
        <method signature="Location_ExistingUser_TestCases.verify_Able_To_SelectOption_From_DropDown()[pri:3, instance:zapcg.Capillary.LocationPageTestCases.Location_ExistingUser_TestCases@630cb4a4]" name="verify_Able_To_SelectOption_From_DropDown" class="zapcg.Capillary.LocationPageTestCases.Location_ExistingUser_TestCases"/>
        <method signature="Location_ExistingUser_TestCases.verify_Choose_Location_Button_Availability()[pri:4, instance:zapcg.Capillary.LocationPageTestCases.Location_ExistingUser_TestCases@630cb4a4]" name="verify_Choose_Location_Button_Availability" class="zapcg.Capillary.LocationPageTestCases.Location_ExistingUser_TestCases"/>
        <method signature="Location_ExistingUser_TestCases.verify_Header_Of_MemberLookup_Screen()[pri:5, instance:zapcg.Capillary.LocationPageTestCases.Location_ExistingUser_TestCases@630cb4a4]" name="verify_Header_Of_MemberLookup_Screen" class="zapcg.Capillary.LocationPageTestCases.Location_ExistingUser_TestCases"/>
        <method signature="Location_ExistingUser_TestCases.hamburgerIcon_MemberLookup_Navigation_From_LocationScreen()[pri:6, instance:zapcg.Capillary.LocationPageTestCases.Location_ExistingUser_TestCases@630cb4a4]" name="hamburgerIcon_MemberLookup_Navigation_From_LocationScreen" class="zapcg.Capillary.LocationPageTestCases.Location_ExistingUser_TestCases"/>
        <method signature="Location_ExistingUser_TestCases.hamburgerIcon_MemberLocation_Navigation_From_LocationScreen()[pri:7, instance:zapcg.Capillary.LocationPageTestCases.Location_ExistingUser_TestCases@630cb4a4]" name="hamburgerIcon_MemberLocation_Navigation_From_LocationScreen" class="zapcg.Capillary.LocationPageTestCases.Location_ExistingUser_TestCases"/>
        <method signature="Location_ExistingUser_TestCases.hamburger_Icon_Logout_From_LocationScreen()[pri:8, instance:zapcg.Capillary.LocationPageTestCases.Location_ExistingUser_TestCases@630cb4a4]" name="hamburger_Icon_Logout_From_LocationScreen" class="zapcg.Capillary.LocationPageTestCases.Location_ExistingUser_TestCases"/>
        <method signature="Location_ExistingUser_TestCases.navigated_From_Location_To_LookupScreen_With_Valid_Inputs()[pri:9, instance:zapcg.Capillary.LocationPageTestCases.Location_ExistingUser_TestCases@630cb4a4]" name="navigated_From_Location_To_LookupScreen_With_Valid_Inputs" class="zapcg.Capillary.LocationPageTestCases.Location_ExistingUser_TestCases"/>
      </group> <!-- Location -->
    </groups>
    <test started-at="2024-07-09T15:51:46 IST" name="LoginTestsChromeBrowserTabletPortrait" finished-at="2024-07-09T16:01:54 IST" duration-ms="608391">
      <class name="zapcg.Capillary.EarnPointPageTestCases.EarnPoint_Invalid_TestCases">
        <test-method is-config="true" signature="initialize(java.lang.String,java.lang.String)[pri:0, instance:zapcg.Capillary.EarnPointPageTestCases.EarnPoint_Invalid_TestCases@19fe4644]" started-at="2024-07-09T15:52:45 IST" name="initialize" finished-at="2024-07-09T15:52:52 IST" duration-ms="6655" status="PASS">
          <params>
            <param index="0">
              <value>
                <![CDATA[chrome]]>
              </value>
            </param>
            <param index="1">
              <value>
                <![CDATA[Tablet Portrait]]>
              </value>
            </param>
          </params>
          <reporter-output>
          </reporter-output>
        </test-method> <!-- initialize -->
        <test-method signature="verify_With_Empty_TransactionAmount()[pri:1, instance:zapcg.Capillary.EarnPointPageTestCases.EarnPoint_Invalid_TestCases@19fe4644]" started-at="2024-07-09T15:52:52 IST" name="verify_With_Empty_TransactionAmount" finished-at="2024-07-09T15:52:52 IST" duration-ms="152" status="PASS">
          <reporter-output>
          </reporter-output>
        </test-method> <!-- verify_With_Empty_TransactionAmount -->
        <test-method is-config="true" signature="tearDown()[pri:0, instance:zapcg.Capillary.EarnPointPageTestCases.EarnPoint_Invalid_TestCases@19fe4644]" started-at="2024-07-09T15:52:52 IST" name="tearDown" finished-at="2024-07-09T15:52:52 IST" duration-ms="576" status="PASS">
          <reporter-output>
          </reporter-output>
        </test-method> <!-- tearDown -->
        <test-method is-config="true" signature="initialize(java.lang.String,java.lang.String)[pri:0, instance:zapcg.Capillary.EarnPointPageTestCases.EarnPoint_Invalid_TestCases@19fe4644]" started-at="2024-07-09T15:52:52 IST" name="initialize" finished-at="2024-07-09T15:52:59 IST" duration-ms="6547" status="PASS">
          <params>
            <param index="0">
              <value>
                <![CDATA[chrome]]>
              </value>
            </param>
            <param index="1">
              <value>
                <![CDATA[Tablet Portrait]]>
              </value>
            </param>
          </params>
          <reporter-output>
          </reporter-output>
        </test-method> <!-- initialize -->
        <test-method signature="empty_TxnAmount_But_GoToPassPointValue()[pri:2, instance:zapcg.Capillary.EarnPointPageTestCases.EarnPoint_Invalid_TestCases@19fe4644]" started-at="2024-07-09T15:52:59 IST" name="empty_TxnAmount_But_GoToPassPointValue" finished-at="2024-07-09T15:52:59 IST" duration-ms="255" status="PASS">
          <reporter-output>
          </reporter-output>
        </test-method> <!-- empty_TxnAmount_But_GoToPassPointValue -->
        <test-method is-config="true" signature="tearDown()[pri:0, instance:zapcg.Capillary.EarnPointPageTestCases.EarnPoint_Invalid_TestCases@19fe4644]" started-at="2024-07-09T15:52:59 IST" name="tearDown" finished-at="2024-07-09T15:53:00 IST" duration-ms="572" status="PASS">
          <reporter-output>
          </reporter-output>
        </test-method> <!-- tearDown -->
        <test-method is-config="true" signature="initialize(java.lang.String,java.lang.String)[pri:0, instance:zapcg.Capillary.EarnPointPageTestCases.EarnPoint_Invalid_TestCases@19fe4644]" started-at="2024-07-09T15:53:39 IST" name="initialize" finished-at="2024-07-09T15:53:46 IST" duration-ms="7504" status="PASS">
          <params>
            <param index="0">
              <value>
                <![CDATA[chrome]]>
              </value>
            </param>
            <param index="1">
              <value>
                <![CDATA[Tablet Portrait]]>
              </value>
            </param>
          </params>
          <reporter-output>
          </reporter-output>
        </test-method> <!-- initialize -->
        <test-method signature="goTOPassPoint_More_Than_TransactionAmount()[pri:3, instance:zapcg.Capillary.EarnPointPageTestCases.EarnPoint_Invalid_TestCases@19fe4644]" started-at="2024-07-09T15:53:46 IST" name="goTOPassPoint_More_Than_TransactionAmount" finished-at="2024-07-09T15:54:47 IST" duration-ms="60534" status="FAIL">
          <exception class="java.lang.AssertionError">
            <message>
              <![CDATA[An error occurred while verifying the Validation message: Expected condition failed: waiting for visibility of Proxy element for: DefaultElementLocator 'By.xpath: //p[@id='EP041-helper-text' and contains(text(),'Entered Go To Pass points used is more than the Transaction Amount')]' (tried for 10 second(s) with 500 milliseconds interval)]]>
            </message>
            <full-stacktrace>
              <![CDATA[java.lang.AssertionError: An error occurred while verifying the Validation message: Expected condition failed: waiting for visibility of Proxy element for: DefaultElementLocator 'By.xpath: //p[@id='EP041-helper-text' and contains(text(),'Entered Go To Pass points used is more than the Transaction Amount')]' (tried for 10 second(s) with 500 milliseconds interval)
at org.testng.Assert.fail(Assert.java:111)
at zapcg.Capillary.PageObject.earnPointsPage.verifyValidationMessageIfGoToPassIsGreaterThanTxnAmt(earnPointsPage.java:839)
at zapcg.Capillary.EarnPointPageTestCases.EarnPoint_Invalid_TestCases.goTOPassPoint_More_Than_TransactionAmount(EarnPoint_Invalid_TestCases.java:79)
at java.base/jdk.internal.reflect.NativeMethodAccessorImpl.invoke0(Native Method)
at java.base/jdk.internal.reflect.NativeMethodAccessorImpl.invoke(NativeMethodAccessorImpl.java:64)
at java.base/jdk.internal.reflect.DelegatingMethodAccessorImpl.invoke(DelegatingMethodAccessorImpl.java:43)
at java.base/java.lang.reflect.Method.invoke(Method.java:564)
at org.testng.internal.invokers.MethodInvocationHelper.invokeMethod(MethodInvocationHelper.java:141)
at org.testng.internal.invokers.TestInvoker.invokeMethod(TestInvoker.java:686)
at org.testng.internal.invokers.TestInvoker.invokeTestMethod(TestInvoker.java:230)
at org.testng.internal.invokers.MethodRunner.runInSequence(MethodRunner.java:63)
at org.testng.internal.invokers.TestInvoker$MethodInvocationAgent.invoke(TestInvoker.java:992)
at org.testng.internal.invokers.TestInvoker.invokeTestMethods(TestInvoker.java:203)
at org.testng.internal.invokers.TestMethodWorker.invokeTestMethods(TestMethodWorker.java:154)
at org.testng.internal.invokers.TestMethodWorker.run(TestMethodWorker.java:134)
at java.base/java.util.ArrayList.forEach(ArrayList.java:1511)
at org.testng.TestRunner.privateRun(TestRunner.java:739)
at org.testng.TestRunner.run(TestRunner.java:614)
at org.testng.SuiteRunner.runTest(SuiteRunner.java:421)
at org.testng.SuiteRunner$SuiteWorker.run(SuiteRunner.java:463)
at org.testng.internal.thread.ThreadUtil.lambda$execute$0(ThreadUtil.java:64)
at java.base/java.util.concurrent.FutureTask.run(FutureTask.java:264)
at java.base/java.util.concurrent.ThreadPoolExecutor.runWorker(ThreadPoolExecutor.java:1130)
at java.base/java.util.concurrent.ThreadPoolExecutor$Worker.run(ThreadPoolExecutor.java:630)
at java.base/java.lang.Thread.run(Thread.java:832)
]]>
            </full-stacktrace>
          </exception> <!-- java.lang.AssertionError -->
          <reporter-output>
          </reporter-output>
        </test-method> <!-- goTOPassPoint_More_Than_TransactionAmount -->
        <test-method is-config="true" signature="tearDown()[pri:0, instance:zapcg.Capillary.EarnPointPageTestCases.EarnPoint_Invalid_TestCases@19fe4644]" started-at="2024-07-09T15:54:47 IST" name="tearDown" finished-at="2024-07-09T15:54:48 IST" duration-ms="644" status="PASS">
          <reporter-output>
          </reporter-output>
        </test-method> <!-- tearDown -->
      </class> <!-- zapcg.Capillary.EarnPointPageTestCases.EarnPoint_Invalid_TestCases -->
      <class name="zapcg.Capillary.LoginTestCases.Login_Invalid_TestCases">
        <test-method is-config="true" signature="initialize(java.lang.String,java.lang.String)[pri:0, instance:zapcg.Capillary.LoginTestCases.Login_Invalid_TestCases@56c9bbd8]" started-at="2024-07-09T15:52:04 IST" name="initialize" finished-at="2024-07-09T15:52:07 IST" duration-ms="2795" status="PASS">
          <params>
            <param index="0">
              <value>
                <![CDATA[chrome]]>
              </value>
            </param>
            <param index="1">
              <value>
                <![CDATA[Tablet Portrait]]>
              </value>
            </param>
          </params>
          <reporter-output>
          </reporter-output>
        </test-method> <!-- initialize -->
        <test-method signature="test_Invalid_Username()[pri:1, instance:zapcg.Capillary.LoginTestCases.Login_Invalid_TestCases@56c9bbd8]" started-at="2024-07-09T15:52:07 IST" name="test_Invalid_Username" finished-at="2024-07-09T15:52:09 IST" duration-ms="1997" status="PASS">
          <reporter-output>
          </reporter-output>
        </test-method> <!-- test_Invalid_Username -->
        <test-method is-config="true" signature="tearDown()[pri:0, instance:zapcg.Capillary.LoginTestCases.Login_Invalid_TestCases@56c9bbd8]" started-at="2024-07-09T15:52:09 IST" name="tearDown" finished-at="2024-07-09T15:52:09 IST" duration-ms="584" status="PASS">
          <reporter-output>
          </reporter-output>
        </test-method> <!-- tearDown -->
        <test-method is-config="true" signature="initialize(java.lang.String,java.lang.String)[pri:0, instance:zapcg.Capillary.LoginTestCases.Login_Invalid_TestCases@56c9bbd8]" started-at="2024-07-09T15:53:07 IST" name="initialize" finished-at="2024-07-09T15:53:10 IST" duration-ms="3287" status="PASS">
          <params>
            <param index="0">
              <value>
                <![CDATA[chrome]]>
              </value>
            </param>
            <param index="1">
              <value>
                <![CDATA[Tablet Portrait]]>
              </value>
            </param>
          </params>
          <reporter-output>
          </reporter-output>
        </test-method> <!-- initialize -->
        <test-method signature="test_Invalid_Password()[pri:2, instance:zapcg.Capillary.LoginTestCases.Login_Invalid_TestCases@56c9bbd8]" started-at="2024-07-09T15:53:10 IST" name="test_Invalid_Password" finished-at="2024-07-09T15:53:12 IST" duration-ms="1960" status="PASS">
          <reporter-output>
          </reporter-output>
        </test-method> <!-- test_Invalid_Password -->
        <test-method is-config="true" signature="tearDown()[pri:0, instance:zapcg.Capillary.LoginTestCases.Login_Invalid_TestCases@56c9bbd8]" started-at="2024-07-09T15:53:12 IST" name="tearDown" finished-at="2024-07-09T15:53:13 IST" duration-ms="632" status="PASS">
          <reporter-output>
          </reporter-output>
        </test-method> <!-- tearDown -->
        <test-method is-config="true" signature="initialize(java.lang.String,java.lang.String)[pri:0, instance:zapcg.Capillary.LoginTestCases.Login_Invalid_TestCases@56c9bbd8]" started-at="2024-07-09T15:54:48 IST" name="initialize" finished-at="2024-07-09T15:54:50 IST" duration-ms="2885" status="PASS">
          <params>
            <param index="0">
              <value>
                <![CDATA[chrome]]>
              </value>
            </param>
            <param index="1">
              <value>
                <![CDATA[Tablet Portrait]]>
              </value>
            </param>
          </params>
          <reporter-output>
          </reporter-output>
        </test-method> <!-- initialize -->
        <test-method signature="test_TooLong_Username()[pri:3, instance:zapcg.Capillary.LoginTestCases.Login_Invalid_TestCases@56c9bbd8]" started-at="2024-07-09T15:54:50 IST" name="test_TooLong_Username" finished-at="2024-07-09T15:54:51 IST" duration-ms="585" status="PASS">
          <reporter-output>
          </reporter-output>
        </test-method> <!-- test_TooLong_Username -->
        <test-method is-config="true" signature="tearDown()[pri:0, instance:zapcg.Capillary.LoginTestCases.Login_Invalid_TestCases@56c9bbd8]" started-at="2024-07-09T15:54:51 IST" name="tearDown" finished-at="2024-07-09T15:54:52 IST" duration-ms="570" status="PASS">
          <reporter-output>
          </reporter-output>
        </test-method> <!-- tearDown -->
        <test-method is-config="true" signature="initialize(java.lang.String,java.lang.String)[pri:0, instance:zapcg.Capillary.LoginTestCases.Login_Invalid_TestCases@56c9bbd8]" started-at="2024-07-09T15:56:00 IST" name="initialize" finished-at="2024-07-09T15:56:03 IST" duration-ms="2862" status="PASS">
          <params>
            <param index="0">
              <value>
                <![CDATA[chrome]]>
              </value>
            </param>
            <param index="1">
              <value>
                <![CDATA[Tablet Portrait]]>
              </value>
            </param>
          </params>
          <reporter-output>
          </reporter-output>
        </test-method> <!-- initialize -->
        <test-method signature="test_MinLength_Password()[pri:4, instance:zapcg.Capillary.LoginTestCases.Login_Invalid_TestCases@56c9bbd8]" started-at="2024-07-09T15:56:03 IST" name="test_MinLength_Password" finished-at="2024-07-09T15:56:03 IST" duration-ms="360" status="PASS">
          <reporter-output>
          </reporter-output>
        </test-method> <!-- test_MinLength_Password -->
        <test-method is-config="true" signature="tearDown()[pri:0, instance:zapcg.Capillary.LoginTestCases.Login_Invalid_TestCases@56c9bbd8]" started-at="2024-07-09T15:56:03 IST" name="tearDown" finished-at="2024-07-09T15:56:04 IST" duration-ms="581" status="PASS">
          <reporter-output>
          </reporter-output>
        </test-method> <!-- tearDown -->
        <test-method is-config="true" signature="initialize(java.lang.String,java.lang.String)[pri:0, instance:zapcg.Capillary.LoginTestCases.Login_Invalid_TestCases@56c9bbd8]" started-at="2024-07-09T15:56:39 IST" name="initialize" finished-at="2024-07-09T15:56:41 IST" duration-ms="2668" status="PASS">
          <params>
            <param index="0">
              <value>
                <![CDATA[chrome]]>
              </value>
            </param>
            <param index="1">
              <value>
                <![CDATA[Tablet Portrait]]>
              </value>
            </param>
          </params>
          <reporter-output>
          </reporter-output>
        </test-method> <!-- initialize -->
        <test-method signature="test_Username_WithSpaces()[pri:5, instance:zapcg.Capillary.LoginTestCases.Login_Invalid_TestCases@56c9bbd8]" started-at="2024-07-09T15:56:41 IST" name="test_Username_WithSpaces" finished-at="2024-07-09T15:56:42 IST" duration-ms="424" status="PASS">
          <reporter-output>
          </reporter-output>
        </test-method> <!-- test_Username_WithSpaces -->
        <test-method is-config="true" signature="tearDown()[pri:0, instance:zapcg.Capillary.LoginTestCases.Login_Invalid_TestCases@56c9bbd8]" started-at="2024-07-09T15:56:42 IST" name="tearDown" finished-at="2024-07-09T15:56:42 IST" duration-ms="572" status="PASS">
          <reporter-output>
          </reporter-output>
        </test-method> <!-- tearDown -->
        <test-method is-config="true" signature="initialize(java.lang.String,java.lang.String)[pri:0, instance:zapcg.Capillary.LoginTestCases.Login_Invalid_TestCases@56c9bbd8]" started-at="2024-07-09T15:57:53 IST" name="initialize" finished-at="2024-07-09T15:57:55 IST" duration-ms="2847" status="PASS">
          <params>
            <param index="0">
              <value>
                <![CDATA[chrome]]>
              </value>
            </param>
            <param index="1">
              <value>
                <![CDATA[Tablet Portrait]]>
              </value>
            </param>
          </params>
          <reporter-output>
          </reporter-output>
        </test-method> <!-- initialize -->
        <test-method signature="verify_Enabled_LoginButton()[pri:6, instance:zapcg.Capillary.LoginTestCases.Login_Invalid_TestCases@56c9bbd8]" started-at="2024-07-09T15:57:55 IST" name="verify_Enabled_LoginButton" finished-at="2024-07-09T15:57:58 IST" duration-ms="2537" status="PASS">
          <reporter-output>
          </reporter-output>
        </test-method> <!-- verify_Enabled_LoginButton -->
        <test-method is-config="true" signature="tearDown()[pri:0, instance:zapcg.Capillary.LoginTestCases.Login_Invalid_TestCases@56c9bbd8]" started-at="2024-07-09T15:57:58 IST" name="tearDown" finished-at="2024-07-09T15:57:58 IST" duration-ms="567" status="PASS">
          <reporter-output>
          </reporter-output>
        </test-method> <!-- tearDown -->
        <test-method is-config="true" signature="initialize(java.lang.String,java.lang.String)[pri:0, instance:zapcg.Capillary.LoginTestCases.Login_Invalid_TestCases@56c9bbd8]" started-at="2024-07-09T15:58:19 IST" name="initialize" finished-at="2024-07-09T15:58:21 IST" duration-ms="2731" status="PASS">
          <params>
            <param index="0">
              <value>
                <![CDATA[chrome]]>
              </value>
            </param>
            <param index="1">
              <value>
                <![CDATA[Tablet Portrait]]>
              </value>
            </param>
          </params>
          <reporter-output>
          </reporter-output>
        </test-method> <!-- initialize -->
        <test-method signature="verify_Disabled_LoginButton_EmptyUsername()[pri:7, instance:zapcg.Capillary.LoginTestCases.Login_Invalid_TestCases@56c9bbd8]" started-at="2024-07-09T15:58:21 IST" name="verify_Disabled_LoginButton_EmptyUsername" finished-at="2024-07-09T15:58:22 IST" duration-ms="181" status="PASS">
          <reporter-output>
          </reporter-output>
        </test-method> <!-- verify_Disabled_LoginButton_EmptyUsername -->
        <test-method is-config="true" signature="tearDown()[pri:0, instance:zapcg.Capillary.LoginTestCases.Login_Invalid_TestCases@56c9bbd8]" started-at="2024-07-09T15:58:22 IST" name="tearDown" finished-at="2024-07-09T15:58:22 IST" duration-ms="581" status="PASS">
          <reporter-output>
          </reporter-output>
        </test-method> <!-- tearDown -->
        <test-method is-config="true" signature="initialize(java.lang.String,java.lang.String)[pri:0, instance:zapcg.Capillary.LoginTestCases.Login_Invalid_TestCases@56c9bbd8]" started-at="2024-07-09T15:58:36 IST" name="initialize" finished-at="2024-07-09T15:58:39 IST" duration-ms="2951" status="PASS">
          <params>
            <param index="0">
              <value>
                <![CDATA[chrome]]>
              </value>
            </param>
            <param index="1">
              <value>
                <![CDATA[Tablet Portrait]]>
              </value>
            </param>
          </params>
          <reporter-output>
          </reporter-output>
        </test-method> <!-- initialize -->
        <test-method signature="verify_Disabled_LoginButton_EmptyPassword()[pri:8, instance:zapcg.Capillary.LoginTestCases.Login_Invalid_TestCases@56c9bbd8]" started-at="2024-07-09T15:58:39 IST" name="verify_Disabled_LoginButton_EmptyPassword" finished-at="2024-07-09T15:58:40 IST" duration-ms="288" status="PASS">
          <reporter-output>
          </reporter-output>
        </test-method> <!-- verify_Disabled_LoginButton_EmptyPassword -->
        <test-method is-config="true" signature="tearDown()[pri:0, instance:zapcg.Capillary.LoginTestCases.Login_Invalid_TestCases@56c9bbd8]" started-at="2024-07-09T15:58:40 IST" name="tearDown" finished-at="2024-07-09T15:58:40 IST" duration-ms="586" status="PASS">
          <reporter-output>
          </reporter-output>
        </test-method> <!-- tearDown -->
        <test-method is-config="true" signature="initialize(java.lang.String,java.lang.String)[pri:0, instance:zapcg.Capillary.LoginTestCases.Login_Invalid_TestCases@56c9bbd8]" started-at="2024-07-09T15:59:05 IST" name="initialize" finished-at="2024-07-09T15:59:08 IST" duration-ms="3388" status="PASS">
          <params>
            <param index="0">
              <value>
                <![CDATA[chrome]]>
              </value>
            </param>
            <param index="1">
              <value>
                <![CDATA[Tablet Portrait]]>
              </value>
            </param>
          </params>
          <reporter-output>
          </reporter-output>
        </test-method> <!-- initialize -->
        <test-method signature="verify_Disabled_LoginButton_EmptyUsernamePassword_TestCase10()[pri:9, instance:zapcg.Capillary.LoginTestCases.Login_Invalid_TestCases@56c9bbd8]" started-at="2024-07-09T15:59:08 IST" name="verify_Disabled_LoginButton_EmptyUsernamePassword_TestCase10" finished-at="2024-07-09T15:59:09 IST" duration-ms="179" status="PASS">
          <reporter-output>
          </reporter-output>
        </test-method> <!-- verify_Disabled_LoginButton_EmptyUsernamePassword_TestCase10 -->
        <test-method is-config="true" signature="tearDown()[pri:0, instance:zapcg.Capillary.LoginTestCases.Login_Invalid_TestCases@56c9bbd8]" started-at="2024-07-09T15:59:09 IST" name="tearDown" finished-at="2024-07-09T15:59:09 IST" duration-ms="588" status="PASS">
          <reporter-output>
          </reporter-output>
        </test-method> <!-- tearDown -->
      </class> <!-- zapcg.Capillary.LoginTestCases.Login_Invalid_TestCases -->
      <class name="zapcg.Capillary.LoginTestCases.Login_Valid_TestCases">
        <test-method is-config="true" signature="initialize(java.lang.String,java.lang.String)[pri:0, instance:zapcg.Capillary.LoginTestCases.Login_Valid_TestCases@14c01636]" started-at="2024-07-09T15:51:59 IST" name="initialize" finished-at="2024-07-09T15:52:02 IST" duration-ms="2822" status="PASS">
          <params>
            <param index="0">
              <value>
                <![CDATA[chrome]]>
              </value>
            </param>
            <param index="1">
              <value>
                <![CDATA[Tablet Portrait]]>
              </value>
            </param>
          </params>
          <reporter-output>
          </reporter-output>
        </test-method> <!-- initialize -->
        <test-method signature="testValidLogin_TestCase1()[pri:1, instance:zapcg.Capillary.LoginTestCases.Login_Valid_TestCases@14c01636]" started-at="2024-07-09T15:52:02 IST" name="testValidLogin_TestCase1" finished-at="2024-07-09T15:52:03 IST" duration-ms="1679" status="PASS">
          <reporter-output>
          </reporter-output>
        </test-method> <!-- testValidLogin_TestCase1 -->
        <test-method is-config="true" signature="tearDown()[pri:0, instance:zapcg.Capillary.LoginTestCases.Login_Valid_TestCases@14c01636]" started-at="2024-07-09T15:52:03 IST" name="tearDown" finished-at="2024-07-09T15:52:04 IST" duration-ms="542" status="PASS">
          <reporter-output>
          </reporter-output>
        </test-method> <!-- tearDown -->
      </class> <!-- zapcg.Capillary.LoginTestCases.Login_Valid_TestCases -->
      <class name="zapcg.Capillary.MemberLookupTestCases.memberLookup_Invalid_TestCases">
        <test-method is-config="true" signature="initialize(java.lang.String,java.lang.String)[pri:0, instance:zapcg.Capillary.MemberLookupTestCases.memberLookup_Invalid_TestCases@f79a760]" started-at="2024-07-09T15:52:15 IST" name="initialize" finished-at="2024-07-09T15:52:19 IST" duration-ms="3927" status="PASS">
          <params>
            <param index="0">
              <value>
                <![CDATA[chrome]]>
              </value>
            </param>
            <param index="1">
              <value>
                <![CDATA[Tablet Portrait]]>
              </value>
            </param>
          </params>
          <reporter-output>
          </reporter-output>
        </test-method> <!-- initialize -->
        <test-method signature="verify_Invalid_MemberID()[pri:1, instance:zapcg.Capillary.MemberLookupTestCases.memberLookup_Invalid_TestCases@f79a760]" started-at="2024-07-09T15:52:19 IST" name="verify_Invalid_MemberID" finished-at="2024-07-09T15:52:22 IST" duration-ms="3030" status="PASS">
          <reporter-output>
          </reporter-output>
        </test-method> <!-- verify_Invalid_MemberID -->
        <test-method is-config="true" signature="tearDown()[pri:0, instance:zapcg.Capillary.MemberLookupTestCases.memberLookup_Invalid_TestCases@f79a760]" started-at="2024-07-09T15:52:22 IST" name="tearDown" finished-at="2024-07-09T15:52:22 IST" duration-ms="593" status="PASS">
          <reporter-output>
          </reporter-output>
        </test-method> <!-- tearDown -->
        <test-method is-config="true" signature="initialize(java.lang.String,java.lang.String)[pri:0, instance:zapcg.Capillary.MemberLookupTestCases.memberLookup_Invalid_TestCases@f79a760]" started-at="2024-07-09T15:53:26 IST" name="initialize" finished-at="2024-07-09T15:53:29 IST" duration-ms="3139" status="PASS">
          <params>
            <param index="0">
              <value>
                <![CDATA[chrome]]>
              </value>
            </param>
            <param index="1">
              <value>
                <![CDATA[Tablet Portrait]]>
              </value>
            </param>
          </params>
          <reporter-output>
          </reporter-output>
        </test-method> <!-- initialize -->
        <test-method signature="verify_MemberId_Field_MaxLength()[pri:2, instance:zapcg.Capillary.MemberLookupTestCases.memberLookup_Invalid_TestCases@f79a760]" started-at="2024-07-09T15:53:29 IST" name="verify_MemberId_Field_MaxLength" finished-at="2024-07-09T15:53:32 IST" duration-ms="3097" status="PASS">
          <reporter-output>
          </reporter-output>
        </test-method> <!-- verify_MemberId_Field_MaxLength -->
        <test-method is-config="true" signature="tearDown()[pri:0, instance:zapcg.Capillary.MemberLookupTestCases.memberLookup_Invalid_TestCases@f79a760]" started-at="2024-07-09T15:53:32 IST" name="tearDown" finished-at="2024-07-09T15:53:32 IST" duration-ms="563" status="PASS">
          <reporter-output>
          </reporter-output>
        </test-method> <!-- tearDown -->
        <test-method is-config="true" signature="initialize(java.lang.String,java.lang.String)[pri:0, instance:zapcg.Capillary.MemberLookupTestCases.memberLookup_Invalid_TestCases@f79a760]" started-at="2024-07-09T15:55:03 IST" name="initialize" finished-at="2024-07-09T15:55:06 IST" duration-ms="3125" status="PASS">
          <params>
            <param index="0">
              <value>
                <![CDATA[chrome]]>
              </value>
            </param>
            <param index="1">
              <value>
                <![CDATA[Tablet Portrait]]>
              </value>
            </param>
          </params>
          <reporter-output>
          </reporter-output>
        </test-method> <!-- initialize -->
        <test-method signature="verify_Invalid_CardNumber_MinLength()[pri:3, instance:zapcg.Capillary.MemberLookupTestCases.memberLookup_Invalid_TestCases@f79a760]" started-at="2024-07-09T15:55:06 IST" name="verify_Invalid_CardNumber_MinLength" finished-at="2024-07-09T15:55:09 IST" duration-ms="3125" status="PASS">
          <reporter-output>
          </reporter-output>
        </test-method> <!-- verify_Invalid_CardNumber_MinLength -->
        <test-method is-config="true" signature="tearDown()[pri:0, instance:zapcg.Capillary.MemberLookupTestCases.memberLookup_Invalid_TestCases@f79a760]" started-at="2024-07-09T15:55:09 IST" name="tearDown" finished-at="2024-07-09T15:55:10 IST" duration-ms="590" status="PASS">
          <reporter-output>
          </reporter-output>
        </test-method> <!-- tearDown -->
        <test-method is-config="true" signature="initialize(java.lang.String,java.lang.String)[pri:0, instance:zapcg.Capillary.MemberLookupTestCases.memberLookup_Invalid_TestCases@f79a760]" started-at="2024-07-09T15:56:04 IST" name="initialize" finished-at="2024-07-09T15:56:07 IST" duration-ms="3079" status="PASS">
          <params>
            <param index="0">
              <value>
                <![CDATA[chrome]]>
              </value>
            </param>
            <param index="1">
              <value>
                <![CDATA[Tablet Portrait]]>
              </value>
            </param>
          </params>
          <reporter-output>
          </reporter-output>
        </test-method> <!-- initialize -->
        <test-method signature="verify_CardNumber_Field_MaxLength()[pri:4, instance:zapcg.Capillary.MemberLookupTestCases.memberLookup_Invalid_TestCases@f79a760]" started-at="2024-07-09T15:56:07 IST" name="verify_CardNumber_Field_MaxLength" finished-at="2024-07-09T15:56:10 IST" duration-ms="3255" status="PASS">
          <reporter-output>
          </reporter-output>
        </test-method> <!-- verify_CardNumber_Field_MaxLength -->
        <test-method is-config="true" signature="tearDown()[pri:0, instance:zapcg.Capillary.MemberLookupTestCases.memberLookup_Invalid_TestCases@f79a760]" started-at="2024-07-09T15:56:10 IST" name="tearDown" finished-at="2024-07-09T15:56:11 IST" duration-ms="577" status="PASS">
          <reporter-output>
          </reporter-output>
        </test-method> <!-- tearDown -->
        <test-method is-config="true" signature="initialize(java.lang.String,java.lang.String)[pri:0, instance:zapcg.Capillary.MemberLookupTestCases.memberLookup_Invalid_TestCases@f79a760]" started-at="2024-07-09T15:56:42 IST" name="initialize" finished-at="2024-07-09T15:56:46 IST" duration-ms="3382" status="PASS">
          <params>
            <param index="0">
              <value>
                <![CDATA[chrome]]>
              </value>
            </param>
            <param index="1">
              <value>
                <![CDATA[Tablet Portrait]]>
              </value>
            </param>
          </params>
          <reporter-output>
          </reporter-output>
        </test-method> <!-- initialize -->
        <test-method signature="verify_Empty_CardNumber_ButtonIsDisabled()[pri:5, instance:zapcg.Capillary.MemberLookupTestCases.memberLookup_Invalid_TestCases@f79a760]" started-at="2024-07-09T15:56:46 IST" name="verify_Empty_CardNumber_ButtonIsDisabled" finished-at="2024-07-09T15:56:48 IST" duration-ms="1772" status="PASS">
          <reporter-output>
          </reporter-output>
        </test-method> <!-- verify_Empty_CardNumber_ButtonIsDisabled -->
        <test-method is-config="true" signature="tearDown()[pri:0, instance:zapcg.Capillary.MemberLookupTestCases.memberLookup_Invalid_TestCases@f79a760]" started-at="2024-07-09T15:56:48 IST" name="tearDown" finished-at="2024-07-09T15:56:48 IST" duration-ms="573" status="PASS">
          <reporter-output>
          </reporter-output>
        </test-method> <!-- tearDown -->
      </class> <!-- zapcg.Capillary.MemberLookupTestCases.memberLookup_Invalid_TestCases -->
      <class name="zapcg.Capillary.MemberLookupTestCases.MemberLookup_Valid_TestCases">
        <test-method is-config="true" signature="initialize(java.lang.String,java.lang.String)[pri:0, instance:zapcg.Capillary.MemberLookupTestCases.MemberLookup_Valid_TestCases@636e8cc]" started-at="2024-07-09T15:52:09 IST" name="initialize" finished-at="2024-07-09T15:52:12 IST" duration-ms="3254" status="PASS">
          <params>
            <param index="0">
              <value>
                <![CDATA[chrome]]>
              </value>
            </param>
            <param index="1">
              <value>
                <![CDATA[Tablet Portrait]]>
              </value>
            </param>
          </params>
          <reporter-output>
          </reporter-output>
        </test-method> <!-- initialize -->
        <test-method signature="verifyScanButtonAvailability()[pri:1, instance:zapcg.Capillary.MemberLookupTestCases.MemberLookup_Valid_TestCases@636e8cc]" started-at="2024-07-09T15:52:12 IST" name="verifyScanButtonAvailability" finished-at="2024-07-09T15:52:14 IST" duration-ms="1907" status="PASS">
          <reporter-output>
          </reporter-output>
        </test-method> <!-- verifyScanButtonAvailability -->
        <test-method is-config="true" signature="tearDown()[pri:0, instance:zapcg.Capillary.MemberLookupTestCases.MemberLookup_Valid_TestCases@636e8cc]" started-at="2024-07-09T15:52:14 IST" name="tearDown" finished-at="2024-07-09T15:52:15 IST" duration-ms="586" status="PASS">
          <reporter-output>
          </reporter-output>
        </test-method> <!-- tearDown -->
        <test-method is-config="true" signature="initialize(java.lang.String,java.lang.String)[pri:0, instance:zapcg.Capillary.MemberLookupTestCases.MemberLookup_Valid_TestCases@636e8cc]" started-at="2024-07-09T15:53:00 IST" name="initialize" finished-at="2024-07-09T15:53:03 IST" duration-ms="3398" status="PASS">
          <params>
            <param index="0">
              <value>
                <![CDATA[chrome]]>
              </value>
            </param>
            <param index="1">
              <value>
                <![CDATA[Tablet Portrait]]>
              </value>
            </param>
          </params>
          <reporter-output>
          </reporter-output>
        </test-method> <!-- initialize -->
        <test-method signature="enter_Valid_MemberId()[pri:2, instance:zapcg.Capillary.MemberLookupTestCases.MemberLookup_Valid_TestCases@636e8cc]" started-at="2024-07-09T15:53:03 IST" name="enter_Valid_MemberId" finished-at="2024-07-09T15:53:06 IST" duration-ms="3256" status="PASS">
          <reporter-output>
          </reporter-output>
        </test-method> <!-- enter_Valid_MemberId -->
        <test-method is-config="true" signature="tearDown()[pri:0, instance:zapcg.Capillary.MemberLookupTestCases.MemberLookup_Valid_TestCases@636e8cc]" started-at="2024-07-09T15:53:06 IST" name="tearDown" finished-at="2024-07-09T15:53:07 IST" duration-ms="567" status="PASS">
          <reporter-output>
          </reporter-output>
        </test-method> <!-- tearDown -->
        <test-method is-config="true" signature="initialize(java.lang.String,java.lang.String)[pri:0, instance:zapcg.Capillary.MemberLookupTestCases.MemberLookup_Valid_TestCases@636e8cc]" started-at="2024-07-09T15:54:58 IST" name="initialize" finished-at="2024-07-09T15:55:01 IST" duration-ms="3184" status="PASS">
          <params>
            <param index="0">
              <value>
                <![CDATA[chrome]]>
              </value>
            </param>
            <param index="1">
              <value>
                <![CDATA[Tablet Portrait]]>
              </value>
            </param>
          </params>
          <reporter-output>
          </reporter-output>
        </test-method> <!-- initialize -->
        <test-method signature="verify_Header_Hyperlink()[pri:3, instance:zapcg.Capillary.MemberLookupTestCases.MemberLookup_Valid_TestCases@636e8cc]" started-at="2024-07-09T15:55:01 IST" name="verify_Header_Hyperlink" finished-at="2024-07-09T15:55:02 IST" duration-ms="1731" status="PASS">
          <reporter-output>
          </reporter-output>
        </test-method> <!-- verify_Header_Hyperlink -->
        <test-method is-config="true" signature="tearDown()[pri:0, instance:zapcg.Capillary.MemberLookupTestCases.MemberLookup_Valid_TestCases@636e8cc]" started-at="2024-07-09T15:55:02 IST" name="tearDown" finished-at="2024-07-09T15:55:03 IST" duration-ms="580" status="PASS">
          <reporter-output>
          </reporter-output>
        </test-method> <!-- tearDown -->
        <test-method is-config="true" signature="initialize(java.lang.String,java.lang.String)[pri:0, instance:zapcg.Capillary.MemberLookupTestCases.MemberLookup_Valid_TestCases@636e8cc]" started-at="2024-07-09T15:55:54 IST" name="initialize" finished-at="2024-07-09T15:55:58 IST" duration-ms="3166" status="PASS">
          <params>
            <param index="0">
              <value>
                <![CDATA[chrome]]>
              </value>
            </param>
            <param index="1">
              <value>
                <![CDATA[Tablet Portrait]]>
              </value>
            </param>
          </params>
          <reporter-output>
          </reporter-output>
        </test-method> <!-- initialize -->
        <test-method signature="hamburgerIcon_MemberLookup_Navigation_From_MemberLookup()[pri:4, instance:zapcg.Capillary.MemberLookupTestCases.MemberLookup_Valid_TestCases@636e8cc]" started-at="2024-07-09T15:55:58 IST" name="hamburgerIcon_MemberLookup_Navigation_From_MemberLookup" finished-at="2024-07-09T15:55:59 IST" duration-ms="1713" status="PASS">
          <reporter-output>
          </reporter-output>
        </test-method> <!-- hamburgerIcon_MemberLookup_Navigation_From_MemberLookup -->
        <test-method is-config="true" signature="tearDown()[pri:0, instance:zapcg.Capillary.MemberLookupTestCases.MemberLookup_Valid_TestCases@636e8cc]" started-at="2024-07-09T15:55:59 IST" name="tearDown" finished-at="2024-07-09T15:56:00 IST" duration-ms="602" status="PASS">
          <reporter-output>
          </reporter-output>
        </test-method> <!-- tearDown -->
        <test-method is-config="true" signature="initialize(java.lang.String,java.lang.String)[pri:0, instance:zapcg.Capillary.MemberLookupTestCases.MemberLookup_Valid_TestCases@636e8cc]" started-at="2024-07-09T15:56:32 IST" name="initialize" finished-at="2024-07-09T15:56:36 IST" duration-ms="3736" status="PASS">
          <params>
            <param index="0">
              <value>
                <![CDATA[chrome]]>
              </value>
            </param>
            <param index="1">
              <value>
                <![CDATA[Tablet Portrait]]>
              </value>
            </param>
          </params>
          <reporter-output>
          </reporter-output>
        </test-method> <!-- initialize -->
        <test-method signature="hamburgerIcon_Location_Navigation_From_MemberLookup()[pri:5, instance:zapcg.Capillary.MemberLookupTestCases.MemberLookup_Valid_TestCases@636e8cc]" started-at="2024-07-09T15:56:36 IST" name="hamburgerIcon_Location_Navigation_From_MemberLookup" finished-at="2024-07-09T15:56:38 IST" duration-ms="1947" status="PASS">
          <reporter-output>
          </reporter-output>
        </test-method> <!-- hamburgerIcon_Location_Navigation_From_MemberLookup -->
        <test-method is-config="true" signature="tearDown()[pri:0, instance:zapcg.Capillary.MemberLookupTestCases.MemberLookup_Valid_TestCases@636e8cc]" started-at="2024-07-09T15:56:38 IST" name="tearDown" finished-at="2024-07-09T15:56:39 IST" duration-ms="577" status="PASS">
          <reporter-output>
          </reporter-output>
        </test-method> <!-- tearDown -->
        <test-method is-config="true" signature="initialize(java.lang.String,java.lang.String)[pri:0, instance:zapcg.Capillary.MemberLookupTestCases.MemberLookup_Valid_TestCases@636e8cc]" started-at="2024-07-09T15:57:41 IST" name="initialize" finished-at="2024-07-09T15:57:45 IST" duration-ms="3118" status="PASS">
          <params>
            <param index="0">
              <value>
                <![CDATA[chrome]]>
              </value>
            </param>
            <param index="1">
              <value>
                <![CDATA[Tablet Portrait]]>
              </value>
            </param>
          </params>
          <reporter-output>
          </reporter-output>
        </test-method> <!-- initialize -->
        <test-method signature="hamburgerIcon_Logout_From_MemberLookup()[pri:6, instance:zapcg.Capillary.MemberLookupTestCases.MemberLookup_Valid_TestCases@636e8cc]" started-at="2024-07-09T15:57:45 IST" name="hamburgerIcon_Logout_From_MemberLookup" finished-at="2024-07-09T15:57:46 IST" duration-ms="1353" status="PASS">
          <reporter-output>
          </reporter-output>
        </test-method> <!-- hamburgerIcon_Logout_From_MemberLookup -->
        <test-method is-config="true" signature="tearDown()[pri:0, instance:zapcg.Capillary.MemberLookupTestCases.MemberLookup_Valid_TestCases@636e8cc]" started-at="2024-07-09T15:57:46 IST" name="tearDown" finished-at="2024-07-09T15:57:46 IST" duration-ms="586" status="PASS">
          <reporter-output>
          </reporter-output>
        </test-method> <!-- tearDown -->
      </class> <!-- zapcg.Capillary.MemberLookupTestCases.MemberLookup_Valid_TestCases -->
      <class name="zapcg.Capillary.EarnPointPageTestCases.GoToPassPointMoreThanAvailablePoint">
        <test-method is-config="true" signature="initialize(java.lang.String,java.lang.String)[pri:0, instance:zapcg.Capillary.EarnPointPageTestCases.GoToPassPointMoreThanAvailablePoint@21d8bcbe]" started-at="2024-07-09T15:52:38 IST" name="initialize" finished-at="2024-07-09T15:52:44 IST" duration-ms="6859" status="PASS">
          <params>
            <param index="0">
              <value>
                <![CDATA[chrome]]>
              </value>
            </param>
            <param index="1">
              <value>
                <![CDATA[Tablet Portrait]]>
              </value>
            </param>
          </params>
          <reporter-output>
          </reporter-output>
        </test-method> <!-- initialize -->
        <test-method signature="verify_ValidationMessage_If_GoToPass_Is_Greater_Than_AvailablePoints()[pri:1, instance:zapcg.Capillary.EarnPointPageTestCases.GoToPassPointMoreThanAvailablePoint@21d8bcbe]" started-at="2024-07-09T15:52:44 IST" name="verify_ValidationMessage_If_GoToPass_Is_Greater_Than_AvailablePoints" finished-at="2024-07-09T15:52:44 IST" duration-ms="1" status="PASS">
          <reporter-output>
          </reporter-output>
        </test-method> <!-- verify_ValidationMessage_If_GoToPass_Is_Greater_Than_AvailablePoints -->
        <test-method is-config="true" signature="tearDown()[pri:0, instance:zapcg.Capillary.EarnPointPageTestCases.GoToPassPointMoreThanAvailablePoint@21d8bcbe]" started-at="2024-07-09T15:52:44 IST" name="tearDown" finished-at="2024-07-09T15:52:45 IST" duration-ms="568" status="PASS">
          <reporter-output>
          </reporter-output>
        </test-method> <!-- tearDown -->
      </class> <!-- zapcg.Capillary.EarnPointPageTestCases.GoToPassPointMoreThanAvailablePoint -->
      <class name="zapcg.Capillary.LocationPageTestCases.Location_ExistingUser_TestCases">
        <test-method is-config="true" signature="initialize(java.lang.String,java.lang.String)[pri:0, instance:zapcg.Capillary.LocationPageTestCases.Location_ExistingUser_TestCases@630cb4a4]" started-at="2024-07-09T15:51:46 IST" name="initialize" finished-at="2024-07-09T15:51:55 IST" duration-ms="9023" status="PASS">
          <params>
            <param index="0">
              <value>
                <![CDATA[chrome]]>
              </value>
            </param>
            <param index="1">
              <value>
                <![CDATA[Tablet Portrait]]>
              </value>
            </param>
          </params>
          <reporter-output>
          </reporter-output>
        </test-method> <!-- initialize -->
        <test-method signature="choose_ValidLocation_For_NewUser()[pri:1, instance:zapcg.Capillary.LocationPageTestCases.Location_ExistingUser_TestCases@630cb4a4]" started-at="2024-07-09T15:51:55 IST" name="choose_ValidLocation_For_NewUser" finished-at="2024-07-09T15:51:58 IST" duration-ms="3165" status="FAIL">
          <exception class="org.openqa.selenium.ElementClickInterceptedException">
            <message>
              <![CDATA[element click intercepted: Element <button class="MuiButtonBase-root MuiButton-root MuiButton-contained MuiButton-containedPrimary MuiButton-sizeMedium MuiButton-containedSizeMedium MuiButton-colorPrimary MuiButton-root MuiButton-contained MuiButton-containedPrimary MuiButton-sizeMedium MuiButton-containedSizeMedium MuiButton-colorPrimary css-y7km40" tabindex="0" type="button" data-testid="LS014B" id="LS014B">...</button> is not clickable at point (384, 534). Other element would receive the click: <li tabindex="-1" role="option" id="LS013OP1" data-option-index="1" aria-disabled="false" aria-selected="false" class="MuiAutocomplete-option" data-testid="LS013OP1">...</li>
  (Session info: chrome-headless-shell=126.0.6478.127)
Build info: version: '4.22.0', revision: 'c5f3146703*'
System info: os.name: 'Windows 10', os.arch: 'amd64', os.version: '10.0', java.version: '15.0.2'
Driver info: org.openqa.selenium.chrome.ChromeDriver
Command: [90f65e8b65c58996e1731ecc4039f010, clickElement {id=f.C034E98EC876238CBE2469B4A39D7FB7.d.C353E149041B54D3B35D046668BF4D5D.e.61}]
Capabilities {acceptInsecureCerts: true, browserName: chrome-headless-shell, browserVersion: 126.0.6478.127, chrome: {chromedriverVersion: 126.0.6478.126 (d36ace6122e..., userDataDir: C:\Users\KAJALS~1\AppData\L...}, fedcm:accounts: true, goog:chromeOptions: {debuggerAddress: localhost:56383}, networkConnectionEnabled: false, pageLoadStrategy: normal, platformName: windows, proxy: Proxy(), se:cdp: ws://localhost:56383/devtoo..., se:cdpVersion: 126.0.6478.127, setWindowRect: true, strictFileInteractability: false, timeouts: {implicit: 0, pageLoad: 300000, script: 30000}, unhandledPromptBehavior: dismiss and notify, webauthn:extension:credBlob: true, webauthn:extension:largeBlob: true, webauthn:extension:minPinLength: true, webauthn:extension:prf: true, webauthn:virtualAuthenticators: true}
Element: [[ChromeDriver: chrome-headless-shell on windows (90f65e8b65c58996e1731ecc4039f010)] -> xpath: //button[@id='LS014B']]
Session ID: 90f65e8b65c58996e1731ecc4039f010]]>
            </message>
            <full-stacktrace>
              <![CDATA[org.openqa.selenium.ElementClickInterceptedException: element click intercepted: Element <button class="MuiButtonBase-root MuiButton-root MuiButton-contained MuiButton-containedPrimary MuiButton-sizeMedium MuiButton-containedSizeMedium MuiButton-colorPrimary MuiButton-root MuiButton-contained MuiButton-containedPrimary MuiButton-sizeMedium MuiButton-containedSizeMedium MuiButton-colorPrimary css-y7km40" tabindex="0" type="button" data-testid="LS014B" id="LS014B">...</button> is not clickable at point (384, 534). Other element would receive the click: <li tabindex="-1" role="option" id="LS013OP1" data-option-index="1" aria-disabled="false" aria-selected="false" class="MuiAutocomplete-option" data-testid="LS013OP1">...</li>
  (Session info: chrome-headless-shell=126.0.6478.127)
Build info: version: '4.22.0', revision: 'c5f3146703*'
System info: os.name: 'Windows 10', os.arch: 'amd64', os.version: '10.0', java.version: '15.0.2'
Driver info: org.openqa.selenium.chrome.ChromeDriver
Command: [90f65e8b65c58996e1731ecc4039f010, clickElement {id=f.C034E98EC876238CBE2469B4A39D7FB7.d.C353E149041B54D3B35D046668BF4D5D.e.61}]
Capabilities {acceptInsecureCerts: true, browserName: chrome-headless-shell, browserVersion: 126.0.6478.127, chrome: {chromedriverVersion: 126.0.6478.126 (d36ace6122e..., userDataDir: C:\Users\KAJALS~1\AppData\L...}, fedcm:accounts: true, goog:chromeOptions: {debuggerAddress: localhost:56383}, networkConnectionEnabled: false, pageLoadStrategy: normal, platformName: windows, proxy: Proxy(), se:cdp: ws://localhost:56383/devtoo..., se:cdpVersion: 126.0.6478.127, setWindowRect: true, strictFileInteractability: false, timeouts: {implicit: 0, pageLoad: 300000, script: 30000}, unhandledPromptBehavior: dismiss and notify, webauthn:extension:credBlob: true, webauthn:extension:largeBlob: true, webauthn:extension:minPinLength: true, webauthn:extension:prf: true, webauthn:virtualAuthenticators: true}
Element: [[ChromeDriver: chrome-headless-shell on windows (90f65e8b65c58996e1731ecc4039f010)] -> xpath: //button[@id='LS014B']]
Session ID: 90f65e8b65c58996e1731ecc4039f010
at java.base/jdk.internal.reflect.NativeConstructorAccessorImpl.newInstance0(Native Method)
at java.base/jdk.internal.reflect.NativeConstructorAccessorImpl.newInstance(NativeConstructorAccessorImpl.java:64)
at java.base/jdk.internal.reflect.DelegatingConstructorAccessorImpl.newInstance(DelegatingConstructorAccessorImpl.java:45)
at java.base/java.lang.reflect.Constructor.newInstanceWithCaller(Constructor.java:500)
at java.base/java.lang.reflect.Constructor.newInstance(Constructor.java:481)
at org.openqa.selenium.remote.ErrorCodec.decode(ErrorCodec.java:167)
at org.openqa.selenium.remote.codec.w3c.W3CHttpResponseCodec.decode(W3CHttpResponseCodec.java:138)
at org.openqa.selenium.remote.codec.w3c.W3CHttpResponseCodec.decode(W3CHttpResponseCodec.java:50)
at org.openqa.selenium.remote.HttpCommandExecutor.execute(HttpCommandExecutor.java:190)
at org.openqa.selenium.remote.service.DriverCommandExecutor.invokeExecute(DriverCommandExecutor.java:216)
at org.openqa.selenium.remote.service.DriverCommandExecutor.execute(DriverCommandExecutor.java:174)
at org.openqa.selenium.remote.RemoteWebDriver.execute(RemoteWebDriver.java:518)
at org.openqa.selenium.remote.RemoteWebElement.execute(RemoteWebElement.java:223)
at org.openqa.selenium.remote.RemoteWebElement.click(RemoteWebElement.java:76)
at java.base/jdk.internal.reflect.NativeMethodAccessorImpl.invoke0(Native Method)
at java.base/jdk.internal.reflect.NativeMethodAccessorImpl.invoke(NativeMethodAccessorImpl.java:64)
at java.base/jdk.internal.reflect.DelegatingMethodAccessorImpl.invoke(DelegatingMethodAccessorImpl.java:43)
at java.base/java.lang.reflect.Method.invoke(Method.java:564)
at org.openqa.selenium.support.pagefactory.internal.LocatingElementHandler.invoke(LocatingElementHandler.java:51)
at com.sun.proxy.$Proxy18.click(Unknown Source)
at zapcg.Capillary.PageObject.locationSelectionPage.clickOnChooseLocationButton(locationSelectionPage.java:160)
at zapcg.Capillary.LocationPageTestCases.Location_ExistingUser_TestCases.choose_ValidLocation_For_NewUser(Location_ExistingUser_TestCases.java:54)
at java.base/jdk.internal.reflect.NativeMethodAccessorImpl.invoke0(Native Method)
at java.base/jdk.internal.reflect.NativeMethodAccessorImpl.invoke(NativeMethodAccessorImpl.java:64)
at java.base/jdk.internal.reflect.DelegatingMethodAccessorImpl.invoke(DelegatingMethodAccessorImpl.java:43)
at java.base/java.lang.reflect.Method.invoke(Method.java:564)
at org.testng.internal.invokers.MethodInvocationHelper.invokeMethod(MethodInvocationHelper.java:141)
at org.testng.internal.invokers.TestInvoker.invokeMethod(TestInvoker.java:686)
at org.testng.internal.invokers.TestInvoker.invokeTestMethod(TestInvoker.java:230)
at org.testng.internal.invokers.MethodRunner.runInSequence(MethodRunner.java:63)
at org.testng.internal.invokers.TestInvoker$MethodInvocationAgent.invoke(TestInvoker.java:992)
at org.testng.internal.invokers.TestInvoker.invokeTestMethods(TestInvoker.java:203)
at org.testng.internal.invokers.TestMethodWorker.invokeTestMethods(TestMethodWorker.java:154)
at org.testng.internal.invokers.TestMethodWorker.run(TestMethodWorker.java:134)
at java.base/java.util.ArrayList.forEach(ArrayList.java:1511)
at org.testng.TestRunner.privateRun(TestRunner.java:739)
at org.testng.TestRunner.run(TestRunner.java:614)
at org.testng.SuiteRunner.runTest(SuiteRunner.java:421)
at org.testng.SuiteRunner$SuiteWorker.run(SuiteRunner.java:463)
at org.testng.internal.thread.ThreadUtil.lambda$execute$0(ThreadUtil.java:64)
at java.base/java.util.concurrent.FutureTask.run(FutureTask.java:264)
at java.base/java.util.concurrent.ThreadPoolExecutor.runWorker(ThreadPoolExecutor.java:1130)
at java.base/java.util.concurrent.ThreadPoolExecutor$Worker.run(ThreadPoolExecutor.java:630)
at java.base/java.lang.Thread.run(Thread.java:832)
]]>
            </full-stacktrace>
          </exception> <!-- org.openqa.selenium.ElementClickInterceptedException -->
          <reporter-output>
          </reporter-output>
        </test-method> <!-- choose_ValidLocation_For_NewUser -->
        <test-method is-config="true" signature="tearDown()[pri:0, instance:zapcg.Capillary.LocationPageTestCases.Location_ExistingUser_TestCases@630cb4a4]" started-at="2024-07-09T15:51:58 IST" name="tearDown" finished-at="2024-07-09T15:51:59 IST" duration-ms="614" status="PASS">
          <reporter-output>
          </reporter-output>
        </test-method> <!-- tearDown -->
        <test-method is-config="true" signature="initialize(java.lang.String,java.lang.String)[pri:0, instance:zapcg.Capillary.LocationPageTestCases.Location_ExistingUser_TestCases@630cb4a4]" started-at="2024-07-09T15:53:13 IST" name="initialize" finished-at="2024-07-09T15:53:17 IST" duration-ms="4601" status="PASS">
          <params>
            <param index="0">
              <value>
                <![CDATA[chrome]]>
              </value>
            </param>
            <param index="1">
              <value>
                <![CDATA[Tablet Portrait]]>
              </value>
            </param>
          </params>
          <reporter-output>
          </reporter-output>
        </test-method> <!-- initialize -->
        <test-method signature="verify_DropDown_Availability()[pri:2, instance:zapcg.Capillary.LocationPageTestCases.Location_ExistingUser_TestCases@630cb4a4]" started-at="2024-07-09T15:53:17 IST" name="verify_DropDown_Availability" finished-at="2024-07-09T15:53:18 IST" duration-ms="65" status="PASS">
          <reporter-output>
          </reporter-output>
        </test-method> <!-- verify_DropDown_Availability -->
        <test-method is-config="true" signature="tearDown()[pri:0, instance:zapcg.Capillary.LocationPageTestCases.Location_ExistingUser_TestCases@630cb4a4]" started-at="2024-07-09T15:53:18 IST" name="tearDown" finished-at="2024-07-09T15:53:18 IST" duration-ms="578" status="PASS">
          <reporter-output>
          </reporter-output>
        </test-method> <!-- tearDown -->
        <test-method is-config="true" signature="initialize(java.lang.String,java.lang.String)[pri:0, instance:zapcg.Capillary.LocationPageTestCases.Location_ExistingUser_TestCases@630cb4a4]" started-at="2024-07-09T15:54:52 IST" name="initialize" finished-at="2024-07-09T15:54:57 IST" duration-ms="5196" status="PASS">
          <params>
            <param index="0">
              <value>
                <![CDATA[chrome]]>
              </value>
            </param>
            <param index="1">
              <value>
                <![CDATA[Tablet Portrait]]>
              </value>
            </param>
          </params>
          <reporter-output>
          </reporter-output>
        </test-method> <!-- initialize -->
        <test-method signature="verify_Able_To_SelectOption_From_DropDown()[pri:3, instance:zapcg.Capillary.LocationPageTestCases.Location_ExistingUser_TestCases@630cb4a4]" started-at="2024-07-09T15:54:57 IST" name="verify_Able_To_SelectOption_From_DropDown" finished-at="2024-07-09T15:54:57 IST" duration-ms="216" status="PASS">
          <reporter-output>
          </reporter-output>
        </test-method> <!-- verify_Able_To_SelectOption_From_DropDown -->
        <test-method is-config="true" signature="tearDown()[pri:0, instance:zapcg.Capillary.LocationPageTestCases.Location_ExistingUser_TestCases@630cb4a4]" started-at="2024-07-09T15:54:57 IST" name="tearDown" finished-at="2024-07-09T15:54:58 IST" duration-ms="566" status="PASS">
          <reporter-output>
          </reporter-output>
        </test-method> <!-- tearDown -->
        <test-method is-config="true" signature="initialize(java.lang.String,java.lang.String)[pri:0, instance:zapcg.Capillary.LocationPageTestCases.Location_ExistingUser_TestCases@630cb4a4]" started-at="2024-07-09T15:56:11 IST" name="initialize" finished-at="2024-07-09T15:56:15 IST" duration-ms="4913" status="PASS">
          <params>
            <param index="0">
              <value>
                <![CDATA[chrome]]>
              </value>
            </param>
            <param index="1">
              <value>
                <![CDATA[Tablet Portrait]]>
              </value>
            </param>
          </params>
          <reporter-output>
          </reporter-output>
        </test-method> <!-- initialize -->
        <test-method signature="verify_Choose_Location_Button_Availability()[pri:4, instance:zapcg.Capillary.LocationPageTestCases.Location_ExistingUser_TestCases@630cb4a4]" started-at="2024-07-09T15:56:15 IST" name="verify_Choose_Location_Button_Availability" finished-at="2024-07-09T15:56:17 IST" duration-ms="1791" status="PASS">
          <reporter-output>
          </reporter-output>
        </test-method> <!-- verify_Choose_Location_Button_Availability -->
        <test-method is-config="true" signature="tearDown()[pri:0, instance:zapcg.Capillary.LocationPageTestCases.Location_ExistingUser_TestCases@630cb4a4]" started-at="2024-07-09T15:56:17 IST" name="tearDown" finished-at="2024-07-09T15:56:18 IST" duration-ms="567" status="PASS">
          <reporter-output>
          </reporter-output>
        </test-method> <!-- tearDown -->
        <test-method is-config="true" signature="initialize(java.lang.String,java.lang.String)[pri:0, instance:zapcg.Capillary.LocationPageTestCases.Location_ExistingUser_TestCases@630cb4a4]" started-at="2024-07-09T15:56:55 IST" name="initialize" finished-at="2024-07-09T15:57:00 IST" duration-ms="4988" status="PASS">
          <params>
            <param index="0">
              <value>
                <![CDATA[chrome]]>
              </value>
            </param>
            <param index="1">
              <value>
                <![CDATA[Tablet Portrait]]>
              </value>
            </param>
          </params>
          <reporter-output>
          </reporter-output>
        </test-method> <!-- initialize -->
        <test-method signature="verify_Header_Of_MemberLookup_Screen()[pri:5, instance:zapcg.Capillary.LocationPageTestCases.Location_ExistingUser_TestCases@630cb4a4]" started-at="2024-07-09T15:57:00 IST" name="verify_Header_Of_MemberLookup_Screen" finished-at="2024-07-09T15:57:03 IST" duration-ms="3067" status="FAIL">
          <exception class="java.lang.AssertionError">
            <message>
              <![CDATA[An error occurred while verifying the dropdown selections: element click intercepted: Element <button class="MuiButtonBase-root MuiButton-root MuiButton-contained MuiButton-containedPrimary MuiButton-sizeMedium MuiButton-containedSizeMedium MuiButton-colorPrimary MuiButton-root MuiButton-contained MuiButton-containedPrimary MuiButton-sizeMedium MuiButton-containedSizeMedium MuiButton-colorPrimary css-y7km40" tabindex="0" type="button" data-testid="LS014B" id="LS014B">...</button> is not clickable at point (384, 534). Other element would receive the click: <li tabindex="-1" role="option" id="LS013OP1" data-option-index="1" aria-disabled="false" aria-selected="false" class="MuiAutocomplete-option" data-testid="LS013OP1">...</li>
  (Session info: chrome-headless-shell=126.0.6478.127)
Build info: version: '4.22.0', revision: 'c5f3146703*'
System info: os.name: 'Windows 10', os.arch: 'amd64', os.version: '10.0', java.version: '15.0.2'
Driver info: org.openqa.selenium.chrome.ChromeDriver
Command: [419c482b0f1c8fcf7f2facbb197d0205, clickElement {id=f.F6CC2ADAAFF337FE737E02AF3F452D7E.d.860B80AC65B8BC10C3C00EE6735C26C1.e.46}]
Capabilities {acceptInsecureCerts: true, browserName: chrome-headless-shell, browserVersion: 126.0.6478.127, chrome: {chromedriverVersion: 126.0.6478.126 (d36ace6122e..., userDataDir: C:\Users\KAJALS~1\AppData\L...}, fedcm:accounts: true, goog:chromeOptions: {debuggerAddress: localhost:57185}, networkConnectionEnabled: false, pageLoadStrategy: normal, platformName: windows, proxy: Proxy(), se:cdp: ws://localhost:57185/devtoo..., se:cdpVersion: 126.0.6478.127, setWindowRect: true, strictFileInteractability: false, timeouts: {implicit: 0, pageLoad: 300000, script: 30000}, unhandledPromptBehavior: dismiss and notify, webauthn:extension:credBlob: true, webauthn:extension:largeBlob: true, webauthn:extension:minPinLength: true, webauthn:extension:prf: true, webauthn:virtualAuthenticators: true}
Element: [[ChromeDriver: chrome-headless-shell on windows (419c482b0f1c8fcf7f2facbb197d0205)] -> xpath: //button[@id='LS014B']]
Session ID: 419c482b0f1c8fcf7f2facbb197d0205]]>
            </message>
            <full-stacktrace>
              <![CDATA[java.lang.AssertionError: An error occurred while verifying the dropdown selections: element click intercepted: Element <button class="MuiButtonBase-root MuiButton-root MuiButton-contained MuiButton-containedPrimary MuiButton-sizeMedium MuiButton-containedSizeMedium MuiButton-colorPrimary MuiButton-root MuiButton-contained MuiButton-containedPrimary MuiButton-sizeMedium MuiButton-containedSizeMedium MuiButton-colorPrimary css-y7km40" tabindex="0" type="button" data-testid="LS014B" id="LS014B">...</button> is not clickable at point (384, 534). Other element would receive the click: <li tabindex="-1" role="option" id="LS013OP1" data-option-index="1" aria-disabled="false" aria-selected="false" class="MuiAutocomplete-option" data-testid="LS013OP1">...</li>
  (Session info: chrome-headless-shell=126.0.6478.127)
Build info: version: '4.22.0', revision: 'c5f3146703*'
System info: os.name: 'Windows 10', os.arch: 'amd64', os.version: '10.0', java.version: '15.0.2'
Driver info: org.openqa.selenium.chrome.ChromeDriver
Command: [419c482b0f1c8fcf7f2facbb197d0205, clickElement {id=f.F6CC2ADAAFF337FE737E02AF3F452D7E.d.860B80AC65B8BC10C3C00EE6735C26C1.e.46}]
Capabilities {acceptInsecureCerts: true, browserName: chrome-headless-shell, browserVersion: 126.0.6478.127, chrome: {chromedriverVersion: 126.0.6478.126 (d36ace6122e..., userDataDir: C:\Users\KAJALS~1\AppData\L...}, fedcm:accounts: true, goog:chromeOptions: {debuggerAddress: localhost:57185}, networkConnectionEnabled: false, pageLoadStrategy: normal, platformName: windows, proxy: Proxy(), se:cdp: ws://localhost:57185/devtoo..., se:cdpVersion: 126.0.6478.127, setWindowRect: true, strictFileInteractability: false, timeouts: {implicit: 0, pageLoad: 300000, script: 30000}, unhandledPromptBehavior: dismiss and notify, webauthn:extension:credBlob: true, webauthn:extension:largeBlob: true, webauthn:extension:minPinLength: true, webauthn:extension:prf: true, webauthn:virtualAuthenticators: true}
Element: [[ChromeDriver: chrome-headless-shell on windows (419c482b0f1c8fcf7f2facbb197d0205)] -> xpath: //button[@id='LS014B']]
Session ID: 419c482b0f1c8fcf7f2facbb197d0205
at org.testng.Assert.fail(Assert.java:111)
at zapcg.Capillary.LocationPageTestCases.Location_ExistingUser_TestCases.verify_Header_Of_MemberLookup_Screen(Location_ExistingUser_TestCases.java:152)
at java.base/jdk.internal.reflect.NativeMethodAccessorImpl.invoke0(Native Method)
at java.base/jdk.internal.reflect.NativeMethodAccessorImpl.invoke(NativeMethodAccessorImpl.java:64)
at java.base/jdk.internal.reflect.DelegatingMethodAccessorImpl.invoke(DelegatingMethodAccessorImpl.java:43)
at java.base/java.lang.reflect.Method.invoke(Method.java:564)
at org.testng.internal.invokers.MethodInvocationHelper.invokeMethod(MethodInvocationHelper.java:141)
at org.testng.internal.invokers.TestInvoker.invokeMethod(TestInvoker.java:686)
at org.testng.internal.invokers.TestInvoker.invokeTestMethod(TestInvoker.java:230)
at org.testng.internal.invokers.MethodRunner.runInSequence(MethodRunner.java:63)
at org.testng.internal.invokers.TestInvoker$MethodInvocationAgent.invoke(TestInvoker.java:992)
at org.testng.internal.invokers.TestInvoker.invokeTestMethods(TestInvoker.java:203)
at org.testng.internal.invokers.TestMethodWorker.invokeTestMethods(TestMethodWorker.java:154)
at org.testng.internal.invokers.TestMethodWorker.run(TestMethodWorker.java:134)
at java.base/java.util.ArrayList.forEach(ArrayList.java:1511)
at org.testng.TestRunner.privateRun(TestRunner.java:739)
at org.testng.TestRunner.run(TestRunner.java:614)
at org.testng.SuiteRunner.runTest(SuiteRunner.java:421)
at org.testng.SuiteRunner$SuiteWorker.run(SuiteRunner.java:463)
at org.testng.internal.thread.ThreadUtil.lambda$execute$0(ThreadUtil.java:64)
at java.base/java.util.concurrent.FutureTask.run(FutureTask.java:264)
at java.base/java.util.concurrent.ThreadPoolExecutor.runWorker(ThreadPoolExecutor.java:1130)
at java.base/java.util.concurrent.ThreadPoolExecutor$Worker.run(ThreadPoolExecutor.java:630)
at java.base/java.lang.Thread.run(Thread.java:832)
]]>
            </full-stacktrace>
          </exception> <!-- java.lang.AssertionError -->
          <reporter-output>
          </reporter-output>
        </test-method> <!-- verify_Header_Of_MemberLookup_Screen -->
        <test-method is-config="true" signature="tearDown()[pri:0, instance:zapcg.Capillary.LocationPageTestCases.Location_ExistingUser_TestCases@630cb4a4]" started-at="2024-07-09T15:57:03 IST" name="tearDown" finished-at="2024-07-09T15:57:04 IST" duration-ms="580" status="PASS">
          <reporter-output>
          </reporter-output>
        </test-method> <!-- tearDown -->
        <test-method is-config="true" signature="initialize(java.lang.String,java.lang.String)[pri:0, instance:zapcg.Capillary.LocationPageTestCases.Location_ExistingUser_TestCases@630cb4a4]" started-at="2024-07-09T15:57:46 IST" name="initialize" finished-at="2024-07-09T15:57:52 IST" duration-ms="5193" status="PASS">
          <params>
            <param index="0">
              <value>
                <![CDATA[chrome]]>
              </value>
            </param>
            <param index="1">
              <value>
                <![CDATA[Tablet Portrait]]>
              </value>
            </param>
          </params>
          <reporter-output>
          </reporter-output>
        </test-method> <!-- initialize -->
        <test-method signature="hamburgerIcon_MemberLookup_Navigation_From_LocationScreen()[pri:6, instance:zapcg.Capillary.LocationPageTestCases.Location_ExistingUser_TestCases@630cb4a4]" started-at="2024-07-09T15:57:52 IST" name="hamburgerIcon_MemberLookup_Navigation_From_LocationScreen" finished-at="2024-07-09T15:57:52 IST" duration-ms="334" status="PASS">
          <reporter-output>
          </reporter-output>
        </test-method> <!-- hamburgerIcon_MemberLookup_Navigation_From_LocationScreen -->
        <test-method is-config="true" signature="tearDown()[pri:0, instance:zapcg.Capillary.LocationPageTestCases.Location_ExistingUser_TestCases@630cb4a4]" started-at="2024-07-09T15:57:52 IST" name="tearDown" finished-at="2024-07-09T15:57:53 IST" duration-ms="563" status="PASS">
          <reporter-output>
          </reporter-output>
        </test-method> <!-- tearDown -->
        <test-method is-config="true" signature="initialize(java.lang.String,java.lang.String)[pri:0, instance:zapcg.Capillary.LocationPageTestCases.Location_ExistingUser_TestCases@630cb4a4]" started-at="2024-07-09T15:58:06 IST" name="initialize" finished-at="2024-07-09T15:58:11 IST" duration-ms="4411" status="PASS">
          <params>
            <param index="0">
              <value>
                <![CDATA[chrome]]>
              </value>
            </param>
            <param index="1">
              <value>
                <![CDATA[Tablet Portrait]]>
              </value>
            </param>
          </params>
          <reporter-output>
          </reporter-output>
        </test-method> <!-- initialize -->
        <test-method signature="hamburgerIcon_MemberLocation_Navigation_From_LocationScreen()[pri:7, instance:zapcg.Capillary.LocationPageTestCases.Location_ExistingUser_TestCases@630cb4a4]" started-at="2024-07-09T15:58:11 IST" name="hamburgerIcon_MemberLocation_Navigation_From_LocationScreen" finished-at="2024-07-09T15:58:11 IST" duration-ms="178" status="PASS">
          <reporter-output>
          </reporter-output>
        </test-method> <!-- hamburgerIcon_MemberLocation_Navigation_From_LocationScreen -->
        <test-method is-config="true" signature="tearDown()[pri:0, instance:zapcg.Capillary.LocationPageTestCases.Location_ExistingUser_TestCases@630cb4a4]" started-at="2024-07-09T15:58:11 IST" name="tearDown" finished-at="2024-07-09T15:58:11 IST" duration-ms="575" status="PASS">
          <reporter-output>
          </reporter-output>
        </test-method> <!-- tearDown -->
        <test-method is-config="true" signature="initialize(java.lang.String,java.lang.String)[pri:0, instance:zapcg.Capillary.LocationPageTestCases.Location_ExistingUser_TestCases@630cb4a4]" started-at="2024-07-09T15:58:31 IST" name="initialize" finished-at="2024-07-09T15:58:36 IST" duration-ms="4998" status="PASS">
          <params>
            <param index="0">
              <value>
                <![CDATA[chrome]]>
              </value>
            </param>
            <param index="1">
              <value>
                <![CDATA[Tablet Portrait]]>
              </value>
            </param>
          </params>
          <reporter-output>
          </reporter-output>
        </test-method> <!-- initialize -->
        <test-method signature="hamburger_Icon_Logout_From_LocationScreen()[pri:8, instance:zapcg.Capillary.LocationPageTestCases.Location_ExistingUser_TestCases@630cb4a4]" started-at="2024-07-09T15:58:36 IST" name="hamburger_Icon_Logout_From_LocationScreen" finished-at="2024-07-09T15:58:36 IST" duration-ms="176" status="PASS">
          <reporter-output>
          </reporter-output>
        </test-method> <!-- hamburger_Icon_Logout_From_LocationScreen -->
        <test-method is-config="true" signature="tearDown()[pri:0, instance:zapcg.Capillary.LocationPageTestCases.Location_ExistingUser_TestCases@630cb4a4]" started-at="2024-07-09T15:58:36 IST" name="tearDown" finished-at="2024-07-09T15:58:36 IST" duration-ms="561" status="PASS">
          <reporter-output>
          </reporter-output>
        </test-method> <!-- tearDown -->
        <test-method is-config="true" signature="initialize(java.lang.String,java.lang.String)[pri:0, instance:zapcg.Capillary.LocationPageTestCases.Location_ExistingUser_TestCases@630cb4a4]" started-at="2024-07-09T15:58:57 IST" name="initialize" finished-at="2024-07-09T15:59:02 IST" duration-ms="4876" status="PASS">
          <params>
            <param index="0">
              <value>
                <![CDATA[chrome]]>
              </value>
            </param>
            <param index="1">
              <value>
                <![CDATA[Tablet Portrait]]>
              </value>
            </param>
          </params>
          <reporter-output>
          </reporter-output>
        </test-method> <!-- initialize -->
        <test-method signature="navigated_From_Location_To_LookupScreen_With_Valid_Inputs()[pri:9, instance:zapcg.Capillary.LocationPageTestCases.Location_ExistingUser_TestCases@630cb4a4]" started-at="2024-07-09T15:59:02 IST" name="navigated_From_Location_To_LookupScreen_With_Valid_Inputs" finished-at="2024-07-09T15:59:05 IST" duration-ms="2447" status="FAIL">
          <exception class="org.openqa.selenium.ElementClickInterceptedException">
            <message>
              <![CDATA[element click intercepted: Element <button class="MuiButtonBase-root MuiButton-root MuiButton-contained MuiButton-containedPrimary MuiButton-sizeMedium MuiButton-containedSizeMedium MuiButton-colorPrimary MuiButton-root MuiButton-contained MuiButton-containedPrimary MuiButton-sizeMedium MuiButton-containedSizeMedium MuiButton-colorPrimary css-y7km40" tabindex="0" type="button" data-testid="LS014B" id="LS014B">...</button> is not clickable at point (384, 534). Other element would receive the click: <li tabindex="-1" role="option" id="LS013OP1" data-option-index="1" aria-disabled="false" aria-selected="false" class="MuiAutocomplete-option" data-testid="LS013OP1">...</li>
  (Session info: chrome-headless-shell=126.0.6478.127)
Build info: version: '4.22.0', revision: 'c5f3146703*'
System info: os.name: 'Windows 10', os.arch: 'amd64', os.version: '10.0', java.version: '15.0.2'
Driver info: org.openqa.selenium.chrome.ChromeDriver
Command: [18cc4e3e6a69caa498e72b4494e1c4b6, clickElement {id=f.F59B5D73D2A68EB287A1F0C18BB6593F.d.5602CFCA4E807FD8C1A8F3079D7C7C37.e.57}]
Capabilities {acceptInsecureCerts: true, browserName: chrome-headless-shell, browserVersion: 126.0.6478.127, chrome: {chromedriverVersion: 126.0.6478.126 (d36ace6122e..., userDataDir: C:\Users\KAJALS~1\AppData\L...}, fedcm:accounts: true, goog:chromeOptions: {debuggerAddress: localhost:57490}, networkConnectionEnabled: false, pageLoadStrategy: normal, platformName: windows, proxy: Proxy(), se:cdp: ws://localhost:57490/devtoo..., se:cdpVersion: 126.0.6478.127, setWindowRect: true, strictFileInteractability: false, timeouts: {implicit: 0, pageLoad: 300000, script: 30000}, unhandledPromptBehavior: dismiss and notify, webauthn:extension:credBlob: true, webauthn:extension:largeBlob: true, webauthn:extension:minPinLength: true, webauthn:extension:prf: true, webauthn:virtualAuthenticators: true}
Element: [[ChromeDriver: chrome-headless-shell on windows (18cc4e3e6a69caa498e72b4494e1c4b6)] -> xpath: //button[@id='LS014B']]
Session ID: 18cc4e3e6a69caa498e72b4494e1c4b6]]>
            </message>
            <full-stacktrace>
              <![CDATA[org.openqa.selenium.ElementClickInterceptedException: element click intercepted: Element <button class="MuiButtonBase-root MuiButton-root MuiButton-contained MuiButton-containedPrimary MuiButton-sizeMedium MuiButton-containedSizeMedium MuiButton-colorPrimary MuiButton-root MuiButton-contained MuiButton-containedPrimary MuiButton-sizeMedium MuiButton-containedSizeMedium MuiButton-colorPrimary css-y7km40" tabindex="0" type="button" data-testid="LS014B" id="LS014B">...</button> is not clickable at point (384, 534). Other element would receive the click: <li tabindex="-1" role="option" id="LS013OP1" data-option-index="1" aria-disabled="false" aria-selected="false" class="MuiAutocomplete-option" data-testid="LS013OP1">...</li>
  (Session info: chrome-headless-shell=126.0.6478.127)
Build info: version: '4.22.0', revision: 'c5f3146703*'
System info: os.name: 'Windows 10', os.arch: 'amd64', os.version: '10.0', java.version: '15.0.2'
Driver info: org.openqa.selenium.chrome.ChromeDriver
Command: [18cc4e3e6a69caa498e72b4494e1c4b6, clickElement {id=f.F59B5D73D2A68EB287A1F0C18BB6593F.d.5602CFCA4E807FD8C1A8F3079D7C7C37.e.57}]
Capabilities {acceptInsecureCerts: true, browserName: chrome-headless-shell, browserVersion: 126.0.6478.127, chrome: {chromedriverVersion: 126.0.6478.126 (d36ace6122e..., userDataDir: C:\Users\KAJALS~1\AppData\L...}, fedcm:accounts: true, goog:chromeOptions: {debuggerAddress: localhost:57490}, networkConnectionEnabled: false, pageLoadStrategy: normal, platformName: windows, proxy: Proxy(), se:cdp: ws://localhost:57490/devtoo..., se:cdpVersion: 126.0.6478.127, setWindowRect: true, strictFileInteractability: false, timeouts: {implicit: 0, pageLoad: 300000, script: 30000}, unhandledPromptBehavior: dismiss and notify, webauthn:extension:credBlob: true, webauthn:extension:largeBlob: true, webauthn:extension:minPinLength: true, webauthn:extension:prf: true, webauthn:virtualAuthenticators: true}
Element: [[ChromeDriver: chrome-headless-shell on windows (18cc4e3e6a69caa498e72b4494e1c4b6)] -> xpath: //button[@id='LS014B']]
Session ID: 18cc4e3e6a69caa498e72b4494e1c4b6
at java.base/jdk.internal.reflect.NativeConstructorAccessorImpl.newInstance0(Native Method)
at java.base/jdk.internal.reflect.NativeConstructorAccessorImpl.newInstance(NativeConstructorAccessorImpl.java:64)
at java.base/jdk.internal.reflect.DelegatingConstructorAccessorImpl.newInstance(DelegatingConstructorAccessorImpl.java:45)
at java.base/java.lang.reflect.Constructor.newInstanceWithCaller(Constructor.java:500)
at java.base/java.lang.reflect.Constructor.newInstance(Constructor.java:481)
at org.openqa.selenium.remote.ErrorCodec.decode(ErrorCodec.java:167)
at org.openqa.selenium.remote.codec.w3c.W3CHttpResponseCodec.decode(W3CHttpResponseCodec.java:138)
at org.openqa.selenium.remote.codec.w3c.W3CHttpResponseCodec.decode(W3CHttpResponseCodec.java:50)
at org.openqa.selenium.remote.HttpCommandExecutor.execute(HttpCommandExecutor.java:190)
at org.openqa.selenium.remote.service.DriverCommandExecutor.invokeExecute(DriverCommandExecutor.java:216)
at org.openqa.selenium.remote.service.DriverCommandExecutor.execute(DriverCommandExecutor.java:174)
at org.openqa.selenium.remote.RemoteWebDriver.execute(RemoteWebDriver.java:518)
at org.openqa.selenium.remote.RemoteWebElement.execute(RemoteWebElement.java:223)
at org.openqa.selenium.remote.RemoteWebElement.click(RemoteWebElement.java:76)
at jdk.internal.reflect.GeneratedMethodAccessor1.invoke(Unknown Source)
at java.base/jdk.internal.reflect.DelegatingMethodAccessorImpl.invoke(DelegatingMethodAccessorImpl.java:43)
at java.base/java.lang.reflect.Method.invoke(Method.java:564)
at org.openqa.selenium.support.pagefactory.internal.LocatingElementHandler.invoke(LocatingElementHandler.java:51)
at com.sun.proxy.$Proxy18.click(Unknown Source)
at zapcg.Capillary.PageObject.locationSelectionPage.clickOnChooseLocationButton(locationSelectionPage.java:160)
at zapcg.Capillary.LocationPageTestCases.Location_ExistingUser_TestCases.navigated_From_Location_To_LookupScreen_With_Valid_Inputs(Location_ExistingUser_TestCases.java:208)
at java.base/jdk.internal.reflect.NativeMethodAccessorImpl.invoke0(Native Method)
at java.base/jdk.internal.reflect.NativeMethodAccessorImpl.invoke(NativeMethodAccessorImpl.java:64)
at java.base/jdk.internal.reflect.DelegatingMethodAccessorImpl.invoke(DelegatingMethodAccessorImpl.java:43)
at java.base/java.lang.reflect.Method.invoke(Method.java:564)
at org.testng.internal.invokers.MethodInvocationHelper.invokeMethod(MethodInvocationHelper.java:141)
at org.testng.internal.invokers.TestInvoker.invokeMethod(TestInvoker.java:686)
at org.testng.internal.invokers.TestInvoker.invokeTestMethod(TestInvoker.java:230)
at org.testng.internal.invokers.MethodRunner.runInSequence(MethodRunner.java:63)
at org.testng.internal.invokers.TestInvoker$MethodInvocationAgent.invoke(TestInvoker.java:992)
at org.testng.internal.invokers.TestInvoker.invokeTestMethods(TestInvoker.java:203)
at org.testng.internal.invokers.TestMethodWorker.invokeTestMethods(TestMethodWorker.java:154)
at org.testng.internal.invokers.TestMethodWorker.run(TestMethodWorker.java:134)
at java.base/java.util.ArrayList.forEach(ArrayList.java:1511)
at org.testng.TestRunner.privateRun(TestRunner.java:739)
at org.testng.TestRunner.run(TestRunner.java:614)
at org.testng.SuiteRunner.runTest(SuiteRunner.java:421)
at org.testng.SuiteRunner$SuiteWorker.run(SuiteRunner.java:463)
at org.testng.internal.thread.ThreadUtil.lambda$execute$0(ThreadUtil.java:64)
at java.base/java.util.concurrent.FutureTask.run(FutureTask.java:264)
at java.base/java.util.concurrent.ThreadPoolExecutor.runWorker(ThreadPoolExecutor.java:1130)
at java.base/java.util.concurrent.ThreadPoolExecutor$Worker.run(ThreadPoolExecutor.java:630)
at java.base/java.lang.Thread.run(Thread.java:832)
]]>
            </full-stacktrace>
          </exception> <!-- org.openqa.selenium.ElementClickInterceptedException -->
          <reporter-output>
          </reporter-output>
        </test-method> <!-- navigated_From_Location_To_LookupScreen_With_Valid_Inputs -->
        <test-method is-config="true" signature="tearDown()[pri:0, instance:zapcg.Capillary.LocationPageTestCases.Location_ExistingUser_TestCases@630cb4a4]" started-at="2024-07-09T15:59:05 IST" name="tearDown" finished-at="2024-07-09T15:59:05 IST" duration-ms="582" status="PASS">
          <reporter-output>
          </reporter-output>
        </test-method> <!-- tearDown -->
      </class> <!-- zapcg.Capillary.LocationPageTestCases.Location_ExistingUser_TestCases -->
      <class name="zapcg.Capillary.EarnPointPageTestCases.EarnPoint_Valid_TestCases">
        <test-method is-config="true" signature="initialize(java.lang.String,java.lang.String)[pri:0, instance:zapcg.Capillary.EarnPointPageTestCases.EarnPoint_Valid_TestCases@31e3250d]" started-at="2024-07-09T15:52:30 IST" name="initialize" finished-at="2024-07-09T15:52:37 IST" duration-ms="7155" status="PASS">
          <params>
            <param index="0">
              <value>
                <![CDATA[chrome]]>
              </value>
            </param>
            <param index="1">
              <value>
                <![CDATA[Tablet Portrait]]>
              </value>
            </param>
          </params>
          <reporter-output>
          </reporter-output>
        </test-method> <!-- initialize -->
        <test-method signature="verify_NonEditable_LocationField()[pri:1, instance:zapcg.Capillary.EarnPointPageTestCases.EarnPoint_Valid_TestCases@31e3250d]" started-at="2024-07-09T15:52:37 IST" name="verify_NonEditable_LocationField" finished-at="2024-07-09T15:52:37 IST" duration-ms="80" status="PASS">
          <reporter-output>
          </reporter-output>
        </test-method> <!-- verify_NonEditable_LocationField -->
        <test-method is-config="true" signature="tearDown()[pri:0, instance:zapcg.Capillary.EarnPointPageTestCases.EarnPoint_Valid_TestCases@31e3250d]" started-at="2024-07-09T15:52:37 IST" name="tearDown" finished-at="2024-07-09T15:52:38 IST" duration-ms="599" status="PASS">
          <reporter-output>
          </reporter-output>
        </test-method> <!-- tearDown -->
        <test-method is-config="true" signature="initialize(java.lang.String,java.lang.String)[pri:0, instance:zapcg.Capillary.EarnPointPageTestCases.EarnPoint_Valid_TestCases@31e3250d]" started-at="2024-07-09T15:53:32 IST" name="initialize" finished-at="2024-07-09T15:53:38 IST" duration-ms="5814" status="PASS">
          <params>
            <param index="0">
              <value>
                <![CDATA[chrome]]>
              </value>
            </param>
            <param index="1">
              <value>
                <![CDATA[Tablet Portrait]]>
              </value>
            </param>
          </params>
          <reporter-output>
          </reporter-output>
        </test-method> <!-- initialize -->
        <test-method signature="verify_NonEditable_DateField()[pri:2, instance:zapcg.Capillary.EarnPointPageTestCases.EarnPoint_Valid_TestCases@31e3250d]" started-at="2024-07-09T15:53:38 IST" name="verify_NonEditable_DateField" finished-at="2024-07-09T15:53:38 IST" duration-ms="50" status="PASS">
          <reporter-output>
          </reporter-output>
        </test-method> <!-- verify_NonEditable_DateField -->
        <test-method is-config="true" signature="tearDown()[pri:0, instance:zapcg.Capillary.EarnPointPageTestCases.EarnPoint_Valid_TestCases@31e3250d]" started-at="2024-07-09T15:53:38 IST" name="tearDown" finished-at="2024-07-09T15:53:39 IST" duration-ms="576" status="PASS">
          <reporter-output>
          </reporter-output>
        </test-method> <!-- tearDown -->
        <test-method is-config="true" signature="initialize(java.lang.String,java.lang.String)[pri:0, instance:zapcg.Capillary.EarnPointPageTestCases.EarnPoint_Valid_TestCases@31e3250d]" started-at="2024-07-09T15:55:47 IST" name="initialize" finished-at="2024-07-09T15:55:54 IST" duration-ms="6834" status="PASS">
          <params>
            <param index="0">
              <value>
                <![CDATA[chrome]]>
              </value>
            </param>
            <param index="1">
              <value>
                <![CDATA[Tablet Portrait]]>
              </value>
            </param>
          </params>
          <reporter-output>
          </reporter-output>
        </test-method> <!-- initialize -->
        <test-method signature="verify_NonEditable_TimeField()[pri:3, instance:zapcg.Capillary.EarnPointPageTestCases.EarnPoint_Valid_TestCases@31e3250d]" started-at="2024-07-09T15:55:54 IST" name="verify_NonEditable_TimeField" finished-at="2024-07-09T15:55:54 IST" duration-ms="47" status="PASS">
          <reporter-output>
          </reporter-output>
        </test-method> <!-- verify_NonEditable_TimeField -->
        <test-method is-config="true" signature="tearDown()[pri:0, instance:zapcg.Capillary.EarnPointPageTestCases.EarnPoint_Valid_TestCases@31e3250d]" started-at="2024-07-09T15:55:54 IST" name="tearDown" finished-at="2024-07-09T15:55:54 IST" duration-ms="603" status="PASS">
          <reporter-output>
          </reporter-output>
        </test-method> <!-- tearDown -->
        <test-method is-config="true" signature="initialize(java.lang.String,java.lang.String)[pri:0, instance:zapcg.Capillary.EarnPointPageTestCases.EarnPoint_Valid_TestCases@31e3250d]" started-at="2024-07-09T15:56:18 IST" name="initialize" finished-at="2024-07-09T15:56:25 IST" duration-ms="6760" status="PASS">
          <params>
            <param index="0">
              <value>
                <![CDATA[chrome]]>
              </value>
            </param>
            <param index="1">
              <value>
                <![CDATA[Tablet Portrait]]>
              </value>
            </param>
          </params>
          <reporter-output>
          </reporter-output>
        </test-method> <!-- initialize -->
        <test-method signature="verify_EarnPoints_Navigation_From_MeberDetailsScreen()[pri:4, instance:zapcg.Capillary.EarnPointPageTestCases.EarnPoint_Valid_TestCases@31e3250d]" started-at="2024-07-09T15:56:25 IST" name="verify_EarnPoints_Navigation_From_MeberDetailsScreen" finished-at="2024-07-09T15:56:25 IST" duration-ms="121" status="PASS">
          <reporter-output>
          </reporter-output>
        </test-method> <!-- verify_EarnPoints_Navigation_From_MeberDetailsScreen -->
        <test-method is-config="true" signature="tearDown()[pri:0, instance:zapcg.Capillary.EarnPointPageTestCases.EarnPoint_Valid_TestCases@31e3250d]" started-at="2024-07-09T15:56:25 IST" name="tearDown" finished-at="2024-07-09T15:56:25 IST" duration-ms="598" status="PASS">
          <reporter-output>
          </reporter-output>
        </test-method> <!-- tearDown -->
        <test-method is-config="true" signature="initialize(java.lang.String,java.lang.String)[pri:0, instance:zapcg.Capillary.EarnPointPageTestCases.EarnPoint_Valid_TestCases@31e3250d]" started-at="2024-07-09T15:57:04 IST" name="initialize" finished-at="2024-07-09T15:57:11 IST" duration-ms="6876" status="PASS">
          <params>
            <param index="0">
              <value>
                <![CDATA[chrome]]>
              </value>
            </param>
            <param index="1">
              <value>
                <![CDATA[Tablet Portrait]]>
              </value>
            </param>
          </params>
          <reporter-output>
          </reporter-output>
        </test-method> <!-- initialize -->
        <test-method signature="verify_MemberDetails_Content_Displaying_On_EarnPointScreen()[pri:5, instance:zapcg.Capillary.EarnPointPageTestCases.EarnPoint_Valid_TestCases@31e3250d]" started-at="2024-07-09T15:57:11 IST" name="verify_MemberDetails_Content_Displaying_On_EarnPointScreen" finished-at="2024-07-09T15:57:41 IST" duration-ms="30267" status="FAIL">
          <exception class="java.lang.ClassCastException">
            <message>
              <![CDATA[class org.openqa.selenium.By$ByXPath cannot be cast to class org.openqa.selenium.WebElement (org.openqa.selenium.By$ByXPath and org.openqa.selenium.WebElement are in unnamed module of loader 'app')]]>
            </message>
            <full-stacktrace>
              <![CDATA[java.lang.ClassCastException: class org.openqa.selenium.By$ByXPath cannot be cast to class org.openqa.selenium.WebElement (org.openqa.selenium.By$ByXPath and org.openqa.selenium.WebElement are in unnamed module of loader 'app')
at zapcg.Capillary.PageObject.earnPointsPage.verifyTheMemberDetailsContentDisplaying(earnPointsPage.java:192)
at zapcg.Capillary.EarnPointPageTestCases.EarnPoint_Valid_TestCases.verify_MemberDetails_Content_Displaying_On_EarnPointScreen(EarnPoint_Valid_TestCases.java:86)
at java.base/jdk.internal.reflect.NativeMethodAccessorImpl.invoke0(Native Method)
at java.base/jdk.internal.reflect.NativeMethodAccessorImpl.invoke(NativeMethodAccessorImpl.java:64)
at java.base/jdk.internal.reflect.DelegatingMethodAccessorImpl.invoke(DelegatingMethodAccessorImpl.java:43)
at java.base/java.lang.reflect.Method.invoke(Method.java:564)
at org.testng.internal.invokers.MethodInvocationHelper.invokeMethod(MethodInvocationHelper.java:141)
at org.testng.internal.invokers.TestInvoker.invokeMethod(TestInvoker.java:686)
at org.testng.internal.invokers.TestInvoker.invokeTestMethod(TestInvoker.java:230)
at org.testng.internal.invokers.MethodRunner.runInSequence(MethodRunner.java:63)
at org.testng.internal.invokers.TestInvoker$MethodInvocationAgent.invoke(TestInvoker.java:992)
at org.testng.internal.invokers.TestInvoker.invokeTestMethods(TestInvoker.java:203)
at org.testng.internal.invokers.TestMethodWorker.invokeTestMethods(TestMethodWorker.java:154)
at org.testng.internal.invokers.TestMethodWorker.run(TestMethodWorker.java:134)
at java.base/java.util.ArrayList.forEach(ArrayList.java:1511)
at org.testng.TestRunner.privateRun(TestRunner.java:739)
at org.testng.TestRunner.run(TestRunner.java:614)
at org.testng.SuiteRunner.runTest(SuiteRunner.java:421)
at org.testng.SuiteRunner$SuiteWorker.run(SuiteRunner.java:463)
at org.testng.internal.thread.ThreadUtil.lambda$execute$0(ThreadUtil.java:64)
at java.base/java.util.concurrent.FutureTask.run(FutureTask.java:264)
at java.base/java.util.concurrent.ThreadPoolExecutor.runWorker(ThreadPoolExecutor.java:1130)
at java.base/java.util.concurrent.ThreadPoolExecutor$Worker.run(ThreadPoolExecutor.java:630)
at java.base/java.lang.Thread.run(Thread.java:832)
]]>
            </full-stacktrace>
          </exception> <!-- java.lang.ClassCastException -->
          <reporter-output>
          </reporter-output>
        </test-method> <!-- verify_MemberDetails_Content_Displaying_On_EarnPointScreen -->
        <test-method is-config="true" signature="tearDown()[pri:0, instance:zapcg.Capillary.EarnPointPageTestCases.EarnPoint_Valid_TestCases@31e3250d]" started-at="2024-07-09T15:57:41 IST" name="tearDown" finished-at="2024-07-09T15:57:41 IST" duration-ms="609" status="PASS">
          <reporter-output>
          </reporter-output>
        </test-method> <!-- tearDown -->
        <test-method is-config="true" signature="initialize(java.lang.String,java.lang.String)[pri:0, instance:zapcg.Capillary.EarnPointPageTestCases.EarnPoint_Valid_TestCases@31e3250d]" started-at="2024-07-09T15:57:58 IST" name="initialize" finished-at="2024-07-09T15:58:05 IST" duration-ms="6963" status="PASS">
          <params>
            <param index="0">
              <value>
                <![CDATA[chrome]]>
              </value>
            </param>
            <param index="1">
              <value>
                <![CDATA[Tablet Portrait]]>
              </value>
            </param>
          </params>
          <reporter-output>
          </reporter-output>
        </test-method> <!-- initialize -->
        <test-method signature="verify_HeaderHyperlink_On_EarnPoint_Page()[pri:6, instance:zapcg.Capillary.EarnPointPageTestCases.EarnPoint_Valid_TestCases@31e3250d]" started-at="2024-07-09T15:58:05 IST" name="verify_HeaderHyperlink_On_EarnPoint_Page" finished-at="2024-07-09T15:58:06 IST" duration-ms="174" status="PASS">
          <reporter-output>
          </reporter-output>
        </test-method> <!-- verify_HeaderHyperlink_On_EarnPoint_Page -->
        <test-method is-config="true" signature="tearDown()[pri:0, instance:zapcg.Capillary.EarnPointPageTestCases.EarnPoint_Valid_TestCases@31e3250d]" started-at="2024-07-09T15:58:06 IST" name="tearDown" finished-at="2024-07-09T15:58:06 IST" duration-ms="575" status="PASS">
          <reporter-output>
          </reporter-output>
        </test-method> <!-- tearDown -->
        <test-method is-config="true" signature="initialize(java.lang.String,java.lang.String)[pri:0, instance:zapcg.Capillary.EarnPointPageTestCases.EarnPoint_Valid_TestCases@31e3250d]" started-at="2024-07-09T15:58:11 IST" name="initialize" finished-at="2024-07-09T15:58:18 IST" duration-ms="6501" status="PASS">
          <params>
            <param index="0">
              <value>
                <![CDATA[chrome]]>
              </value>
            </param>
            <param index="1">
              <value>
                <![CDATA[Tablet Portrait]]>
              </value>
            </param>
          </params>
          <reporter-output>
          </reporter-output>
        </test-method> <!-- initialize -->
        <test-method signature="verify_BackButton_Navigation_On_EarnPoint_Page()[pri:7, instance:zapcg.Capillary.EarnPointPageTestCases.EarnPoint_Valid_TestCases@31e3250d]" started-at="2024-07-09T15:58:18 IST" name="verify_BackButton_Navigation_On_EarnPoint_Page" finished-at="2024-07-09T15:58:18 IST" duration-ms="176" status="PASS">
          <reporter-output>
          </reporter-output>
        </test-method> <!-- verify_BackButton_Navigation_On_EarnPoint_Page -->
        <test-method is-config="true" signature="tearDown()[pri:0, instance:zapcg.Capillary.EarnPointPageTestCases.EarnPoint_Valid_TestCases@31e3250d]" started-at="2024-07-09T15:58:18 IST" name="tearDown" finished-at="2024-07-09T15:58:19 IST" duration-ms="569" status="PASS">
          <reporter-output>
          </reporter-output>
        </test-method> <!-- tearDown -->
        <test-method is-config="true" signature="initialize(java.lang.String,java.lang.String)[pri:0, instance:zapcg.Capillary.EarnPointPageTestCases.EarnPoint_Valid_TestCases@31e3250d]" started-at="2024-07-09T15:58:48 IST" name="initialize" finished-at="2024-07-09T15:58:55 IST" duration-ms="6933" status="PASS">
          <params>
            <param index="0">
              <value>
                <![CDATA[chrome]]>
              </value>
            </param>
            <param index="1">
              <value>
                <![CDATA[Tablet Portrait]]>
              </value>
            </param>
          </params>
          <reporter-output>
          </reporter-output>
        </test-method> <!-- initialize -->
        <test-method signature="verify_Hamburger_MemberLookupOption_From_EarnPoint_Page()[pri:8, instance:zapcg.Capillary.EarnPointPageTestCases.EarnPoint_Valid_TestCases@31e3250d]" started-at="2024-07-09T15:58:55 IST" name="verify_Hamburger_MemberLookupOption_From_EarnPoint_Page" finished-at="2024-07-09T15:58:57 IST" duration-ms="1299" status="PASS">
          <reporter-output>
          </reporter-output>
        </test-method> <!-- verify_Hamburger_MemberLookupOption_From_EarnPoint_Page -->
        <test-method is-config="true" signature="tearDown()[pri:0, instance:zapcg.Capillary.EarnPointPageTestCases.EarnPoint_Valid_TestCases@31e3250d]" started-at="2024-07-09T15:58:57 IST" name="tearDown" finished-at="2024-07-09T15:58:57 IST" duration-ms="588" status="PASS">
          <reporter-output>
          </reporter-output>
        </test-method> <!-- tearDown -->
        <test-method is-config="true" signature="initialize(java.lang.String,java.lang.String)[pri:0, instance:zapcg.Capillary.EarnPointPageTestCases.EarnPoint_Valid_TestCases@31e3250d]" started-at="2024-07-09T15:59:09 IST" name="initialize" finished-at="2024-07-09T15:59:15 IST" duration-ms="5986" status="PASS">
          <params>
            <param index="0">
              <value>
                <![CDATA[chrome]]>
              </value>
            </param>
            <param index="1">
              <value>
                <![CDATA[Tablet Portrait]]>
              </value>
            </param>
          </params>
          <reporter-output>
          </reporter-output>
        </test-method> <!-- initialize -->
        <test-method signature="verify_Hamburger_LocationOption_From_EarnPoint_Page()[pri:9, instance:zapcg.Capillary.EarnPointPageTestCases.EarnPoint_Valid_TestCases@31e3250d]" started-at="2024-07-09T15:59:15 IST" name="verify_Hamburger_LocationOption_From_EarnPoint_Page" finished-at="2024-07-09T15:59:17 IST" duration-ms="1356" status="PASS">
          <reporter-output>
          </reporter-output>
        </test-method> <!-- verify_Hamburger_LocationOption_From_EarnPoint_Page -->
        <test-method is-config="true" signature="tearDown()[pri:0, instance:zapcg.Capillary.EarnPointPageTestCases.EarnPoint_Valid_TestCases@31e3250d]" started-at="2024-07-09T15:59:17 IST" name="tearDown" finished-at="2024-07-09T15:59:17 IST" duration-ms="578" status="PASS">
          <reporter-output>
          </reporter-output>
        </test-method> <!-- tearDown -->
        <test-method is-config="true" signature="initialize(java.lang.String,java.lang.String)[pri:0, instance:zapcg.Capillary.EarnPointPageTestCases.EarnPoint_Valid_TestCases@31e3250d]" started-at="2024-07-09T15:59:34 IST" name="initialize" finished-at="2024-07-09T15:59:40 IST" duration-ms="6350" status="PASS">
          <params>
            <param index="0">
              <value>
                <![CDATA[chrome]]>
              </value>
            </param>
            <param index="1">
              <value>
                <![CDATA[Tablet Portrait]]>
              </value>
            </param>
          </params>
          <reporter-output>
          </reporter-output>
        </test-method> <!-- initialize -->
        <test-method signature="verify_HamBurger_LogoutOption_From_EarnPoint_Page()[pri:10, instance:zapcg.Capillary.EarnPointPageTestCases.EarnPoint_Valid_TestCases@31e3250d]" started-at="2024-07-09T15:59:40 IST" name="verify_HamBurger_LogoutOption_From_EarnPoint_Page" finished-at="2024-07-09T15:59:42 IST" duration-ms="1326" status="PASS">
          <reporter-output>
          </reporter-output>
        </test-method> <!-- verify_HamBurger_LogoutOption_From_EarnPoint_Page -->
        <test-method is-config="true" signature="tearDown()[pri:0, instance:zapcg.Capillary.EarnPointPageTestCases.EarnPoint_Valid_TestCases@31e3250d]" started-at="2024-07-09T15:59:42 IST" name="tearDown" finished-at="2024-07-09T15:59:42 IST" duration-ms="587" status="PASS">
          <reporter-output>
          </reporter-output>
        </test-method> <!-- tearDown -->
        <test-method is-config="true" signature="initialize(java.lang.String,java.lang.String)[pri:0, instance:zapcg.Capillary.EarnPointPageTestCases.EarnPoint_Valid_TestCases@31e3250d]" started-at="2024-07-09T15:59:42 IST" name="initialize" finished-at="2024-07-09T15:59:49 IST" duration-ms="7003" status="PASS">
          <params>
            <param index="0">
              <value>
                <![CDATA[chrome]]>
              </value>
            </param>
            <param index="1">
              <value>
                <![CDATA[Tablet Portrait]]>
              </value>
            </param>
          </params>
          <reporter-output>
          </reporter-output>
        </test-method> <!-- initialize -->
        <test-method signature="verify_Date_Equal_To_System_CurrentDate()[pri:11, instance:zapcg.Capillary.EarnPointPageTestCases.EarnPoint_Valid_TestCases@31e3250d]" started-at="2024-07-09T15:59:49 IST" name="verify_Date_Equal_To_System_CurrentDate" finished-at="2024-07-09T15:59:49 IST" duration-ms="48" status="PASS">
          <reporter-output>
          </reporter-output>
        </test-method> <!-- verify_Date_Equal_To_System_CurrentDate -->
        <test-method is-config="true" signature="tearDown()[pri:0, instance:zapcg.Capillary.EarnPointPageTestCases.EarnPoint_Valid_TestCases@31e3250d]" started-at="2024-07-09T15:59:49 IST" name="tearDown" finished-at="2024-07-09T15:59:50 IST" duration-ms="583" status="PASS">
          <reporter-output>
          </reporter-output>
        </test-method> <!-- tearDown -->
        <test-method is-config="true" signature="initialize(java.lang.String,java.lang.String)[pri:0, instance:zapcg.Capillary.EarnPointPageTestCases.EarnPoint_Valid_TestCases@31e3250d]" started-at="2024-07-09T15:59:50 IST" name="initialize" finished-at="2024-07-09T15:59:57 IST" duration-ms="6764" status="PASS">
          <params>
            <param index="0">
              <value>
                <![CDATA[chrome]]>
              </value>
            </param>
            <param index="1">
              <value>
                <![CDATA[Tablet Portrait]]>
              </value>
            </param>
          </params>
          <reporter-output>
          </reporter-output>
        </test-method> <!-- initialize -->
        <test-method signature="verify_Time_Equal_To_System_CurrentTime()[pri:12, instance:zapcg.Capillary.EarnPointPageTestCases.EarnPoint_Valid_TestCases@31e3250d]" started-at="2024-07-09T15:59:57 IST" name="verify_Time_Equal_To_System_CurrentTime" finished-at="2024-07-09T15:59:57 IST" duration-ms="34" status="PASS">
          <reporter-output>
          </reporter-output>
        </test-method> <!-- verify_Time_Equal_To_System_CurrentTime -->
        <test-method is-config="true" signature="tearDown()[pri:0, instance:zapcg.Capillary.EarnPointPageTestCases.EarnPoint_Valid_TestCases@31e3250d]" started-at="2024-07-09T15:59:57 IST" name="tearDown" finished-at="2024-07-09T15:59:57 IST" duration-ms="579" status="PASS">
          <reporter-output>
          </reporter-output>
        </test-method> <!-- tearDown -->
        <test-method is-config="true" signature="initialize(java.lang.String,java.lang.String)[pri:0, instance:zapcg.Capillary.EarnPointPageTestCases.EarnPoint_Valid_TestCases@31e3250d]" started-at="2024-07-09T15:59:57 IST" name="initialize" finished-at="2024-07-09T16:00:04 IST" duration-ms="6526" status="PASS">
          <params>
            <param index="0">
              <value>
                <![CDATA[chrome]]>
              </value>
            </param>
            <param index="1">
              <value>
                <![CDATA[Tablet Portrait]]>
              </value>
            </param>
          </params>
          <reporter-output>
          </reporter-output>
        </test-method> <!-- initialize -->
        <test-method signature="verify_With_Empty_TransactionAmount()[pri:13, instance:zapcg.Capillary.EarnPointPageTestCases.EarnPoint_Valid_TestCases@31e3250d]" started-at="2024-07-09T16:00:04 IST" name="verify_With_Empty_TransactionAmount" finished-at="2024-07-09T16:00:04 IST" duration-ms="165" status="PASS">
          <reporter-output>
          </reporter-output>
        </test-method> <!-- verify_With_Empty_TransactionAmount -->
        <test-method is-config="true" signature="tearDown()[pri:0, instance:zapcg.Capillary.EarnPointPageTestCases.EarnPoint_Valid_TestCases@31e3250d]" started-at="2024-07-09T16:00:04 IST" name="tearDown" finished-at="2024-07-09T16:00:05 IST" duration-ms="573" status="PASS">
          <reporter-output>
          </reporter-output>
        </test-method> <!-- tearDown -->
        <test-method is-config="true" signature="initialize(java.lang.String,java.lang.String)[pri:0, instance:zapcg.Capillary.EarnPointPageTestCases.EarnPoint_Valid_TestCases@31e3250d]" started-at="2024-07-09T16:00:05 IST" name="initialize" finished-at="2024-07-09T16:00:11 IST" duration-ms="6224" status="PASS">
          <params>
            <param index="0">
              <value>
                <![CDATA[chrome]]>
              </value>
            </param>
            <param index="1">
              <value>
                <![CDATA[Tablet Portrait]]>
              </value>
            </param>
          </params>
          <reporter-output>
          </reporter-output>
        </test-method> <!-- initialize -->
        <test-method signature="empty_TxnAmount_But_GoToPassPoint_Value()[pri:14, instance:zapcg.Capillary.EarnPointPageTestCases.EarnPoint_Valid_TestCases@31e3250d]" started-at="2024-07-09T16:00:11 IST" name="empty_TxnAmount_But_GoToPassPoint_Value" finished-at="2024-07-09T16:00:11 IST" duration-ms="254" status="PASS">
          <reporter-output>
          </reporter-output>
        </test-method> <!-- empty_TxnAmount_But_GoToPassPoint_Value -->
        <test-method is-config="true" signature="tearDown()[pri:0, instance:zapcg.Capillary.EarnPointPageTestCases.EarnPoint_Valid_TestCases@31e3250d]" started-at="2024-07-09T16:00:11 IST" name="tearDown" finished-at="2024-07-09T16:00:12 IST" duration-ms="563" status="PASS">
          <reporter-output>
          </reporter-output>
        </test-method> <!-- tearDown -->
        <test-method is-config="true" signature="initialize(java.lang.String,java.lang.String)[pri:0, instance:zapcg.Capillary.EarnPointPageTestCases.EarnPoint_Valid_TestCases@31e3250d]" started-at="2024-07-09T16:00:12 IST" name="initialize" finished-at="2024-07-09T16:00:19 IST" duration-ms="6998" status="PASS">
          <params>
            <param index="0">
              <value>
                <![CDATA[chrome]]>
              </value>
            </param>
            <param index="1">
              <value>
                <![CDATA[Tablet Portrait]]>
              </value>
            </param>
          </params>
          <reporter-output>
          </reporter-output>
        </test-method> <!-- initialize -->
        <test-method signature="verifySuccessMessageForOnlyTransactionAmount()[pri:15, instance:zapcg.Capillary.EarnPointPageTestCases.EarnPoint_Valid_TestCases@31e3250d]" started-at="2024-07-09T16:00:19 IST" name="verifySuccessMessageForOnlyTransactionAmount" finished-at="2024-07-09T16:00:22 IST" duration-ms="3073" status="PASS">
          <reporter-output>
          </reporter-output>
        </test-method> <!-- verifySuccessMessageForOnlyTransactionAmount -->
        <test-method is-config="true" signature="tearDown()[pri:0, instance:zapcg.Capillary.EarnPointPageTestCases.EarnPoint_Valid_TestCases@31e3250d]" started-at="2024-07-09T16:00:22 IST" name="tearDown" finished-at="2024-07-09T16:00:22 IST" duration-ms="604" status="PASS">
          <reporter-output>
          </reporter-output>
        </test-method> <!-- tearDown -->
        <test-method is-config="true" signature="initialize(java.lang.String,java.lang.String)[pri:0, instance:zapcg.Capillary.EarnPointPageTestCases.EarnPoint_Valid_TestCases@31e3250d]" started-at="2024-07-09T16:00:22 IST" name="initialize" finished-at="2024-07-09T16:00:29 IST" duration-ms="6804" status="PASS">
          <params>
            <param index="0">
              <value>
                <![CDATA[chrome]]>
              </value>
            </param>
            <param index="1">
              <value>
                <![CDATA[Tablet Portrait]]>
              </value>
            </param>
          </params>
          <reporter-output>
          </reporter-output>
        </test-method> <!-- initialize -->
        <test-method signature="verify_TaxAssumedAmount()[pri:16, instance:zapcg.Capillary.EarnPointPageTestCases.EarnPoint_Valid_TestCases@31e3250d]" started-at="2024-07-09T16:00:29 IST" name="verify_TaxAssumedAmount" finished-at="2024-07-09T16:00:29 IST" duration-ms="258" status="PASS">
          <reporter-output>
          </reporter-output>
        </test-method> <!-- verify_TaxAssumedAmount -->
        <test-method is-config="true" signature="tearDown()[pri:0, instance:zapcg.Capillary.EarnPointPageTestCases.EarnPoint_Valid_TestCases@31e3250d]" started-at="2024-07-09T16:00:29 IST" name="tearDown" finished-at="2024-07-09T16:00:30 IST" duration-ms="564" status="PASS">
          <reporter-output>
          </reporter-output>
        </test-method> <!-- tearDown -->
        <test-method is-config="true" signature="initialize(java.lang.String,java.lang.String)[pri:0, instance:zapcg.Capillary.EarnPointPageTestCases.EarnPoint_Valid_TestCases@31e3250d]" started-at="2024-07-09T16:00:30 IST" name="initialize" finished-at="2024-07-09T16:00:36 IST" duration-ms="6325" status="PASS">
          <params>
            <param index="0">
              <value>
                <![CDATA[chrome]]>
              </value>
            </param>
            <param index="1">
              <value>
                <![CDATA[Tablet Portrait]]>
              </value>
            </param>
          </params>
          <reporter-output>
          </reporter-output>
        </test-method> <!-- initialize -->
        <test-method signature="verify_SuccessMessage_For_RedeemPoint()[pri:17, instance:zapcg.Capillary.EarnPointPageTestCases.EarnPoint_Valid_TestCases@31e3250d]" started-at="2024-07-09T16:00:36 IST" name="verify_SuccessMessage_For_RedeemPoint" finished-at="2024-07-09T16:01:37 IST" duration-ms="60503" status="FAIL">
          <exception class="java.lang.AssertionError">
            <message>
              <![CDATA[An error occurred while verifying the success message: Expected condition failed: waiting for visibility of Proxy element for: DefaultElementLocator 'By.xpath: //p[@id='EPMDLMSG' and contains(text(), 'transaction has been successfully submitted. They have earned 35 points and have spent 1 points.')]' (tried for 10 second(s) with 500 milliseconds interval)]]>
            </message>
            <full-stacktrace>
              <![CDATA[java.lang.AssertionError: An error occurred while verifying the success message: Expected condition failed: waiting for visibility of Proxy element for: DefaultElementLocator 'By.xpath: //p[@id='EPMDLMSG' and contains(text(), 'transaction has been successfully submitted. They have earned 35 points and have spent 1 points.')]' (tried for 10 second(s) with 500 milliseconds interval)
at org.testng.Assert.fail(Assert.java:111)
at zapcg.Capillary.PageObject.earnPointsPage.verifySuccessMessageIfRedeemingPoints(earnPointsPage.java:765)
at zapcg.Capillary.EarnPointPageTestCases.EarnPoint_Valid_TestCases.verify_SuccessMessage_For_RedeemPoint(EarnPoint_Valid_TestCases.java:232)
at java.base/jdk.internal.reflect.NativeMethodAccessorImpl.invoke0(Native Method)
at java.base/jdk.internal.reflect.NativeMethodAccessorImpl.invoke(NativeMethodAccessorImpl.java:64)
at java.base/jdk.internal.reflect.DelegatingMethodAccessorImpl.invoke(DelegatingMethodAccessorImpl.java:43)
at java.base/java.lang.reflect.Method.invoke(Method.java:564)
at org.testng.internal.invokers.MethodInvocationHelper.invokeMethod(MethodInvocationHelper.java:141)
at org.testng.internal.invokers.TestInvoker.invokeMethod(TestInvoker.java:686)
at org.testng.internal.invokers.TestInvoker.invokeTestMethod(TestInvoker.java:230)
at org.testng.internal.invokers.MethodRunner.runInSequence(MethodRunner.java:63)
at org.testng.internal.invokers.TestInvoker$MethodInvocationAgent.invoke(TestInvoker.java:992)
at org.testng.internal.invokers.TestInvoker.invokeTestMethods(TestInvoker.java:203)
at org.testng.internal.invokers.TestMethodWorker.invokeTestMethods(TestMethodWorker.java:154)
at org.testng.internal.invokers.TestMethodWorker.run(TestMethodWorker.java:134)
at java.base/java.util.ArrayList.forEach(ArrayList.java:1511)
at org.testng.TestRunner.privateRun(TestRunner.java:739)
at org.testng.TestRunner.run(TestRunner.java:614)
at org.testng.SuiteRunner.runTest(SuiteRunner.java:421)
at org.testng.SuiteRunner$SuiteWorker.run(SuiteRunner.java:463)
at org.testng.internal.thread.ThreadUtil.lambda$execute$0(ThreadUtil.java:64)
at java.base/java.util.concurrent.FutureTask.run(FutureTask.java:264)
at java.base/java.util.concurrent.ThreadPoolExecutor.runWorker(ThreadPoolExecutor.java:1130)
at java.base/java.util.concurrent.ThreadPoolExecutor$Worker.run(ThreadPoolExecutor.java:630)
at java.base/java.lang.Thread.run(Thread.java:832)
]]>
            </full-stacktrace>
          </exception> <!-- java.lang.AssertionError -->
          <reporter-output>
          </reporter-output>
        </test-method> <!-- verify_SuccessMessage_For_RedeemPoint -->
        <test-method is-config="true" signature="tearDown()[pri:0, instance:zapcg.Capillary.EarnPointPageTestCases.EarnPoint_Valid_TestCases@31e3250d]" started-at="2024-07-09T16:01:37 IST" name="tearDown" finished-at="2024-07-09T16:01:38 IST" duration-ms="831" status="PASS">
          <reporter-output>
          </reporter-output>
        </test-method> <!-- tearDown -->
        <test-method is-config="true" signature="initialize(java.lang.String,java.lang.String)[pri:0, instance:zapcg.Capillary.EarnPointPageTestCases.EarnPoint_Valid_TestCases@31e3250d]" started-at="2024-07-09T16:01:38 IST" name="initialize" finished-at="2024-07-09T16:01:45 IST" duration-ms="6977" status="PASS">
          <params>
            <param index="0">
              <value>
                <![CDATA[chrome]]>
              </value>
            </param>
            <param index="1">
              <value>
                <![CDATA[Tablet Portrait]]>
              </value>
            </param>
          </params>
          <reporter-output>
          </reporter-output>
        </test-method> <!-- initialize -->
        <test-method signature="verify_Eligible_EarningPoints()[pri:18, instance:zapcg.Capillary.EarnPointPageTestCases.EarnPoint_Valid_TestCases@31e3250d]" started-at="2024-07-09T16:01:45 IST" name="verify_Eligible_EarningPoints" finished-at="2024-07-09T16:01:45 IST" duration-ms="328" status="PASS">
          <reporter-output>
          </reporter-output>
        </test-method> <!-- verify_Eligible_EarningPoints -->
        <test-method is-config="true" signature="tearDown()[pri:0, instance:zapcg.Capillary.EarnPointPageTestCases.EarnPoint_Valid_TestCases@31e3250d]" started-at="2024-07-09T16:01:45 IST" name="tearDown" finished-at="2024-07-09T16:01:45 IST" duration-ms="587" status="PASS">
          <reporter-output>
          </reporter-output>
        </test-method> <!-- tearDown -->
        <test-method is-config="true" signature="initialize(java.lang.String,java.lang.String)[pri:0, instance:zapcg.Capillary.EarnPointPageTestCases.EarnPoint_Valid_TestCases@31e3250d]" started-at="2024-07-09T16:01:45 IST" name="initialize" finished-at="2024-07-09T16:01:52 IST" duration-ms="6448" status="PASS">
          <params>
            <param index="0">
              <value>
                <![CDATA[chrome]]>
              </value>
            </param>
            <param index="1">
              <value>
                <![CDATA[Tablet Portrait]]>
              </value>
            </param>
          </params>
          <reporter-output>
          </reporter-output>
        </test-method> <!-- initialize -->
        <test-method signature="verify_ExceedThresold_SuccessMessage()[pri:19, instance:zapcg.Capillary.EarnPointPageTestCases.EarnPoint_Valid_TestCases@31e3250d]" started-at="2024-07-09T16:01:52 IST" name="verify_ExceedThresold_SuccessMessage" finished-at="2024-07-09T16:01:54 IST" duration-ms="1788" status="FAIL">
          <exception class="java.lang.NullPointerException">
            <message>
              <![CDATA[Cannot invoke "org.openqa.selenium.SearchContext.findElement(org.openqa.selenium.By)" because "this.searchContext" is null]]>
            </message>
            <full-stacktrace>
              <![CDATA[java.lang.NullPointerException: Cannot invoke "org.openqa.selenium.SearchContext.findElement(org.openqa.selenium.By)" because "this.searchContext" is null
at org.openqa.selenium.support.pagefactory.DefaultElementLocator.findElement(DefaultElementLocator.java:68)
at org.openqa.selenium.support.pagefactory.internal.LocatingElementHandler.invoke(LocatingElementHandler.java:38)
at com.sun.proxy.$Proxy18.sendKeys(Unknown Source)
at zapcg.Capillary.PageObject.memberLookupPage.enterMemberId(memberLookupPage.java:94)
at zapcg.Capillary.EarnPointPageTestCases.EarnPoint_Valid_TestCases.verify_ExceedThresold_SuccessMessage(EarnPoint_Valid_TestCases.java:288)
at java.base/jdk.internal.reflect.NativeMethodAccessorImpl.invoke0(Native Method)
at java.base/jdk.internal.reflect.NativeMethodAccessorImpl.invoke(NativeMethodAccessorImpl.java:64)
at java.base/jdk.internal.reflect.DelegatingMethodAccessorImpl.invoke(DelegatingMethodAccessorImpl.java:43)
at java.base/java.lang.reflect.Method.invoke(Method.java:564)
at org.testng.internal.invokers.MethodInvocationHelper.invokeMethod(MethodInvocationHelper.java:141)
at org.testng.internal.invokers.TestInvoker.invokeMethod(TestInvoker.java:686)
at org.testng.internal.invokers.TestInvoker.invokeTestMethod(TestInvoker.java:230)
at org.testng.internal.invokers.MethodRunner.runInSequence(MethodRunner.java:63)
at org.testng.internal.invokers.TestInvoker$MethodInvocationAgent.invoke(TestInvoker.java:992)
at org.testng.internal.invokers.TestInvoker.invokeTestMethods(TestInvoker.java:203)
at org.testng.internal.invokers.TestMethodWorker.invokeTestMethods(TestMethodWorker.java:154)
at org.testng.internal.invokers.TestMethodWorker.run(TestMethodWorker.java:134)
at java.base/java.util.ArrayList.forEach(ArrayList.java:1511)
at org.testng.TestRunner.privateRun(TestRunner.java:739)
at org.testng.TestRunner.run(TestRunner.java:614)
at org.testng.SuiteRunner.runTest(SuiteRunner.java:421)
at org.testng.SuiteRunner$SuiteWorker.run(SuiteRunner.java:463)
at org.testng.internal.thread.ThreadUtil.lambda$execute$0(ThreadUtil.java:64)
at java.base/java.util.concurrent.FutureTask.run(FutureTask.java:264)
at java.base/java.util.concurrent.ThreadPoolExecutor.runWorker(ThreadPoolExecutor.java:1130)
at java.base/java.util.concurrent.ThreadPoolExecutor$Worker.run(ThreadPoolExecutor.java:630)
at java.base/java.lang.Thread.run(Thread.java:832)
]]>
            </full-stacktrace>
          </exception> <!-- java.lang.NullPointerException -->
          <reporter-output>
          </reporter-output>
        </test-method> <!-- verify_ExceedThresold_SuccessMessage -->
        <test-method is-config="true" signature="tearDown()[pri:0, instance:zapcg.Capillary.EarnPointPageTestCases.EarnPoint_Valid_TestCases@31e3250d]" started-at="2024-07-09T16:01:54 IST" name="tearDown" finished-at="2024-07-09T16:01:54 IST" duration-ms="591" status="PASS">
          <reporter-output>
          </reporter-output>
        </test-method> <!-- tearDown -->
      </class> <!-- zapcg.Capillary.EarnPointPageTestCases.EarnPoint_Valid_TestCases -->
      <class name="zapcg.Capillary.MemberDetailsTestCases.memberDetails_TestCases">
        <test-method is-config="true" signature="initialize(java.lang.String,java.lang.String)[pri:0, instance:zapcg.Capillary.MemberDetailsTestCases.memberDetails_TestCases@1c9f0a20]" started-at="2024-07-09T15:52:22 IST" name="initialize" finished-at="2024-07-09T15:52:28 IST" duration-ms="5301" status="PASS">
          <params>
            <param index="0">
              <value>
                <![CDATA[chrome]]>
              </value>
            </param>
            <param index="1">
              <value>
                <![CDATA[Tablet Portrait]]>
              </value>
            </param>
          </params>
          <reporter-output>
          </reporter-output>
        </test-method> <!-- initialize -->
        <test-method signature="verify_MemberDetails_Navigation_From_MeberLookupScreen_To_MemberDetailsPage()[pri:1, instance:zapcg.Capillary.MemberDetailsTestCases.memberDetails_TestCases@1c9f0a20]" started-at="2024-07-09T15:52:28 IST" name="verify_MemberDetails_Navigation_From_MeberLookupScreen_To_MemberDetailsPage" finished-at="2024-07-09T15:52:29 IST" duration-ms="1341" status="PASS">
          <reporter-output>
          </reporter-output>
        </test-method> <!-- verify_MemberDetails_Navigation_From_MeberLookupScreen_To_MemberDetailsPage -->
        <test-method is-config="true" signature="tearDown()[pri:0, instance:zapcg.Capillary.MemberDetailsTestCases.memberDetails_TestCases@1c9f0a20]" started-at="2024-07-09T15:52:29 IST" name="tearDown" finished-at="2024-07-09T15:52:30 IST" duration-ms="593" status="PASS">
          <reporter-output>
          </reporter-output>
        </test-method> <!-- tearDown -->
        <test-method is-config="true" signature="initialize(java.lang.String,java.lang.String)[pri:0, instance:zapcg.Capillary.MemberDetailsTestCases.memberDetails_TestCases@1c9f0a20]" started-at="2024-07-09T15:53:18 IST" name="initialize" finished-at="2024-07-09T15:53:23 IST" duration-ms="5167" status="PASS">
          <params>
            <param index="0">
              <value>
                <![CDATA[chrome]]>
              </value>
            </param>
            <param index="1">
              <value>
                <![CDATA[Tablet Portrait]]>
              </value>
            </param>
          </params>
          <reporter-output>
          </reporter-output>
        </test-method> <!-- initialize -->
        <test-method signature="verify_MemberDetails_Displaying()[pri:2, instance:zapcg.Capillary.MemberDetailsTestCases.memberDetails_TestCases@1c9f0a20]" started-at="2024-07-09T15:53:23 IST" name="verify_MemberDetails_Displaying" finished-at="2024-07-09T15:53:25 IST" duration-ms="1710" status="PASS">
          <reporter-output>
          </reporter-output>
        </test-method> <!-- verify_MemberDetails_Displaying -->
        <test-method is-config="true" signature="tearDown()[pri:0, instance:zapcg.Capillary.MemberDetailsTestCases.memberDetails_TestCases@1c9f0a20]" started-at="2024-07-09T15:53:25 IST" name="tearDown" finished-at="2024-07-09T15:53:26 IST" duration-ms="595" status="PASS">
          <reporter-output>
          </reporter-output>
        </test-method> <!-- tearDown -->
        <test-method is-config="true" signature="initialize(java.lang.String,java.lang.String)[pri:0, instance:zapcg.Capillary.MemberDetailsTestCases.memberDetails_TestCases@1c9f0a20]" started-at="2024-07-09T15:55:10 IST" name="initialize" finished-at="2024-07-09T15:55:14 IST" duration-ms="4542" status="PASS">
          <params>
            <param index="0">
              <value>
                <![CDATA[chrome]]>
              </value>
            </param>
            <param index="1">
              <value>
                <![CDATA[Tablet Portrait]]>
              </value>
            </param>
          </params>
          <reporter-output>
          </reporter-output>
        </test-method> <!-- initialize -->
        <test-method signature="verify_MemberDetails_ContentDisplaying()[pri:3, instance:zapcg.Capillary.MemberDetailsTestCases.memberDetails_TestCases@1c9f0a20]" started-at="2024-07-09T15:55:14 IST" name="verify_MemberDetails_ContentDisplaying" finished-at="2024-07-09T15:55:46 IST" duration-ms="31808" status="FAIL">
          <exception class="java.lang.AssertionError">
            <message>
              <![CDATA[An error occurred during Member details verification: Expected condition failed: waiting for visibility of element located by By.xpath: //h6[@id='MDMBRCPEX'] (tried for 20 second(s) with 500 milliseconds interval)
Build info: version: '4.22.0', revision: 'c5f3146703*'
System info: os.name: 'Windows 10', os.arch: 'amd64', os.version: '10.0', java.version: '15.0.2'
Driver info: org.openqa.selenium.chrome.ChromeDriver
Capabilities {acceptInsecureCerts: true, browserName: chrome-headless-shell, browserVersion: 126.0.6478.127, chrome: {chromedriverVersion: 126.0.6478.126 (d36ace6122e..., userDataDir: C:\Users\KAJALS~1\AppData\L...}, fedcm:accounts: true, goog:chromeOptions: {debuggerAddress: localhost:56910}, networkConnectionEnabled: false, pageLoadStrategy: normal, platformName: windows, proxy: Proxy(), se:cdp: ws://localhost:56910/devtoo..., se:cdpVersion: 126.0.6478.127, setWindowRect: true, strictFileInteractability: false, timeouts: {implicit: 0, pageLoad: 300000, script: 30000}, unhandledPromptBehavior: dismiss and notify, webauthn:extension:credBlob: true, webauthn:extension:largeBlob: true, webauthn:extension:minPinLength: true, webauthn:extension:prf: true, webauthn:virtualAuthenticators: true}
Session ID: 6d35321617766318c2b41ae5b0aad149]]>
            </message>
            <full-stacktrace>
              <![CDATA[java.lang.AssertionError: An error occurred during Member details verification: Expected condition failed: waiting for visibility of element located by By.xpath: //h6[@id='MDMBRCPEX'] (tried for 20 second(s) with 500 milliseconds interval)
Build info: version: '4.22.0', revision: 'c5f3146703*'
System info: os.name: 'Windows 10', os.arch: 'amd64', os.version: '10.0', java.version: '15.0.2'
Driver info: org.openqa.selenium.chrome.ChromeDriver
Capabilities {acceptInsecureCerts: true, browserName: chrome-headless-shell, browserVersion: 126.0.6478.127, chrome: {chromedriverVersion: 126.0.6478.126 (d36ace6122e..., userDataDir: C:\Users\KAJALS~1\AppData\L...}, fedcm:accounts: true, goog:chromeOptions: {debuggerAddress: localhost:56910}, networkConnectionEnabled: false, pageLoadStrategy: normal, platformName: windows, proxy: Proxy(), se:cdp: ws://localhost:56910/devtoo..., se:cdpVersion: 126.0.6478.127, setWindowRect: true, strictFileInteractability: false, timeouts: {implicit: 0, pageLoad: 300000, script: 30000}, unhandledPromptBehavior: dismiss and notify, webauthn:extension:credBlob: true, webauthn:extension:largeBlob: true, webauthn:extension:minPinLength: true, webauthn:extension:prf: true, webauthn:virtualAuthenticators: true}
Session ID: 6d35321617766318c2b41ae5b0aad149
at org.testng.Assert.fail(Assert.java:111)
at zapcg.Capillary.PageObject.memberDetailsPage.verifyTheMemberDetailsContentDisplaying(memberDetailsPage.java:191)
at zapcg.Capillary.MemberDetailsTestCases.memberDetails_TestCases.verify_MemberDetails_ContentDisplaying(memberDetails_TestCases.java:67)
at java.base/jdk.internal.reflect.NativeMethodAccessorImpl.invoke0(Native Method)
at java.base/jdk.internal.reflect.NativeMethodAccessorImpl.invoke(NativeMethodAccessorImpl.java:64)
at java.base/jdk.internal.reflect.DelegatingMethodAccessorImpl.invoke(DelegatingMethodAccessorImpl.java:43)
at java.base/java.lang.reflect.Method.invoke(Method.java:564)
at org.testng.internal.invokers.MethodInvocationHelper.invokeMethod(MethodInvocationHelper.java:141)
at org.testng.internal.invokers.TestInvoker.invokeMethod(TestInvoker.java:686)
at org.testng.internal.invokers.TestInvoker.invokeTestMethod(TestInvoker.java:230)
at org.testng.internal.invokers.MethodRunner.runInSequence(MethodRunner.java:63)
at org.testng.internal.invokers.TestInvoker$MethodInvocationAgent.invoke(TestInvoker.java:992)
at org.testng.internal.invokers.TestInvoker.invokeTestMethods(TestInvoker.java:203)
at org.testng.internal.invokers.TestMethodWorker.invokeTestMethods(TestMethodWorker.java:154)
at org.testng.internal.invokers.TestMethodWorker.run(TestMethodWorker.java:134)
at java.base/java.util.ArrayList.forEach(ArrayList.java:1511)
at org.testng.TestRunner.privateRun(TestRunner.java:739)
at org.testng.TestRunner.run(TestRunner.java:614)
at org.testng.SuiteRunner.runTest(SuiteRunner.java:421)
at org.testng.SuiteRunner$SuiteWorker.run(SuiteRunner.java:463)
at org.testng.internal.thread.ThreadUtil.lambda$execute$0(ThreadUtil.java:64)
at java.base/java.util.concurrent.FutureTask.run(FutureTask.java:264)
at java.base/java.util.concurrent.ThreadPoolExecutor.runWorker(ThreadPoolExecutor.java:1130)
at java.base/java.util.concurrent.ThreadPoolExecutor$Worker.run(ThreadPoolExecutor.java:630)
at java.base/java.lang.Thread.run(Thread.java:832)
]]>
            </full-stacktrace>
          </exception> <!-- java.lang.AssertionError -->
          <reporter-output>
          </reporter-output>
        </test-method> <!-- verify_MemberDetails_ContentDisplaying -->
        <test-method is-config="true" signature="tearDown()[pri:0, instance:zapcg.Capillary.MemberDetailsTestCases.memberDetails_TestCases@1c9f0a20]" started-at="2024-07-09T15:55:46 IST" name="tearDown" finished-at="2024-07-09T15:55:47 IST" duration-ms="619" status="PASS">
          <reporter-output>
          </reporter-output>
        </test-method> <!-- tearDown -->
        <test-method is-config="true" signature="initialize(java.lang.String,java.lang.String)[pri:0, instance:zapcg.Capillary.MemberDetailsTestCases.memberDetails_TestCases@1c9f0a20]" started-at="2024-07-09T15:56:25 IST" name="initialize" finished-at="2024-07-09T15:56:30 IST" duration-ms="4792" status="PASS">
          <params>
            <param index="0">
              <value>
                <![CDATA[chrome]]>
              </value>
            </param>
            <param index="1">
              <value>
                <![CDATA[Tablet Portrait]]>
              </value>
            </param>
          </params>
          <reporter-output>
          </reporter-output>
        </test-method> <!-- initialize -->
        <test-method signature="verify_Enabled_EnterReceiptDetails_Button()[pri:4, instance:zapcg.Capillary.MemberDetailsTestCases.memberDetails_TestCases@1c9f0a20]" started-at="2024-07-09T15:56:30 IST" name="verify_Enabled_EnterReceiptDetails_Button" finished-at="2024-07-09T15:56:32 IST" duration-ms="1749" status="PASS">
          <reporter-output>
          </reporter-output>
        </test-method> <!-- verify_Enabled_EnterReceiptDetails_Button -->
        <test-method is-config="true" signature="tearDown()[pri:0, instance:zapcg.Capillary.MemberDetailsTestCases.memberDetails_TestCases@1c9f0a20]" started-at="2024-07-09T15:56:32 IST" name="tearDown" finished-at="2024-07-09T15:56:32 IST" duration-ms="572" status="PASS">
          <reporter-output>
          </reporter-output>
        </test-method> <!-- tearDown -->
        <test-method is-config="true" signature="initialize(java.lang.String,java.lang.String)[pri:0, instance:zapcg.Capillary.MemberDetailsTestCases.memberDetails_TestCases@1c9f0a20]" started-at="2024-07-09T15:56:48 IST" name="initialize" finished-at="2024-07-09T15:56:53 IST" duration-ms="4820" status="PASS">
          <params>
            <param index="0">
              <value>
                <![CDATA[chrome]]>
              </value>
            </param>
            <param index="1">
              <value>
                <![CDATA[Tablet Portrait]]>
              </value>
            </param>
          </params>
          <reporter-output>
          </reporter-output>
        </test-method> <!-- initialize -->
        <test-method signature="verify_Header_MemberDetailsScreen()[pri:5, instance:zapcg.Capillary.MemberDetailsTestCases.memberDetails_TestCases@1c9f0a20]" started-at="2024-07-09T15:56:53 IST" name="verify_Header_MemberDetailsScreen" finished-at="2024-07-09T15:56:54 IST" duration-ms="1510" status="PASS">
          <reporter-output>
          </reporter-output>
        </test-method> <!-- verify_Header_MemberDetailsScreen -->
        <test-method is-config="true" signature="tearDown()[pri:0, instance:zapcg.Capillary.MemberDetailsTestCases.memberDetails_TestCases@1c9f0a20]" started-at="2024-07-09T15:56:54 IST" name="tearDown" finished-at="2024-07-09T15:56:55 IST" duration-ms="572" status="PASS">
          <reporter-output>
          </reporter-output>
        </test-method> <!-- tearDown -->
        <test-method is-config="true" signature="initialize(java.lang.String,java.lang.String)[pri:0, instance:zapcg.Capillary.MemberDetailsTestCases.memberDetails_TestCases@1c9f0a20]" started-at="2024-07-09T15:58:22 IST" name="initialize" finished-at="2024-07-09T15:58:27 IST" duration-ms="4940" status="PASS">
          <params>
            <param index="0">
              <value>
                <![CDATA[chrome]]>
              </value>
            </param>
            <param index="1">
              <value>
                <![CDATA[Tablet Portrait]]>
              </value>
            </param>
          </params>
          <reporter-output>
          </reporter-output>
        </test-method> <!-- initialize -->
        <test-method signature="verify_Hamburger_MemberLookup_Option_on_MemberDetails()[pri:7, instance:zapcg.Capillary.MemberDetailsTestCases.memberDetails_TestCases@1c9f0a20]" started-at="2024-07-09T15:58:27 IST" name="verify_Hamburger_MemberLookup_Option_on_MemberDetails" finished-at="2024-07-09T15:58:30 IST" duration-ms="3024" status="PASS">
          <reporter-output>
          </reporter-output>
        </test-method> <!-- verify_Hamburger_MemberLookup_Option_on_MemberDetails -->
        <test-method is-config="true" signature="tearDown()[pri:0, instance:zapcg.Capillary.MemberDetailsTestCases.memberDetails_TestCases@1c9f0a20]" started-at="2024-07-09T15:58:30 IST" name="tearDown" finished-at="2024-07-09T15:58:31 IST" duration-ms="598" status="PASS">
          <reporter-output>
          </reporter-output>
        </test-method> <!-- tearDown -->
        <test-method is-config="true" signature="initialize(java.lang.String,java.lang.String)[pri:0, instance:zapcg.Capillary.MemberDetailsTestCases.memberDetails_TestCases@1c9f0a20]" started-at="2024-07-09T15:58:40 IST" name="initialize" finished-at="2024-07-09T15:58:45 IST" duration-ms="4562" status="PASS">
          <params>
            <param index="0">
              <value>
                <![CDATA[chrome]]>
              </value>
            </param>
            <param index="1">
              <value>
                <![CDATA[Tablet Portrait]]>
              </value>
            </param>
          </params>
          <reporter-output>
          </reporter-output>
        </test-method> <!-- initialize -->
        <test-method signature="verify_Hamburger_LocationOption_On_MemberDetails()[pri:8, instance:zapcg.Capillary.MemberDetailsTestCases.memberDetails_TestCases@1c9f0a20]" started-at="2024-07-09T15:58:45 IST" name="verify_Hamburger_LocationOption_On_MemberDetails" finished-at="2024-07-09T15:58:48 IST" duration-ms="2973" status="PASS">
          <reporter-output>
          </reporter-output>
        </test-method> <!-- verify_Hamburger_LocationOption_On_MemberDetails -->
        <test-method is-config="true" signature="tearDown()[pri:0, instance:zapcg.Capillary.MemberDetailsTestCases.memberDetails_TestCases@1c9f0a20]" started-at="2024-07-09T15:58:48 IST" name="tearDown" finished-at="2024-07-09T15:58:48 IST" duration-ms="585" status="PASS">
          <reporter-output>
          </reporter-output>
        </test-method> <!-- tearDown -->
        <test-method is-config="true" signature="initialize(java.lang.String,java.lang.String)[pri:0, instance:zapcg.Capillary.MemberDetailsTestCases.memberDetails_TestCases@1c9f0a20]" started-at="2024-07-09T15:59:17 IST" name="initialize" finished-at="2024-07-09T15:59:22 IST" duration-ms="4906" status="PASS">
          <params>
            <param index="0">
              <value>
                <![CDATA[chrome]]>
              </value>
            </param>
            <param index="1">
              <value>
                <![CDATA[Tablet Portrait]]>
              </value>
            </param>
          </params>
          <reporter-output>
          </reporter-output>
        </test-method> <!-- initialize -->
        <test-method signature="verify_Hamburger_LogoutOption_On_MemberDetails()[pri:9, instance:zapcg.Capillary.MemberDetailsTestCases.memberDetails_TestCases@1c9f0a20]" started-at="2024-07-09T15:59:22 IST" name="verify_Hamburger_LogoutOption_On_MemberDetails" finished-at="2024-07-09T15:59:25 IST" duration-ms="2937" status="PASS">
          <reporter-output>
          </reporter-output>
        </test-method> <!-- verify_Hamburger_LogoutOption_On_MemberDetails -->
        <test-method is-config="true" signature="tearDown()[pri:0, instance:zapcg.Capillary.MemberDetailsTestCases.memberDetails_TestCases@1c9f0a20]" started-at="2024-07-09T15:59:25 IST" name="tearDown" finished-at="2024-07-09T15:59:26 IST" duration-ms="599" status="PASS">
          <reporter-output>
          </reporter-output>
        </test-method> <!-- tearDown -->
        <test-method is-config="true" signature="initialize(java.lang.String,java.lang.String)[pri:0, instance:zapcg.Capillary.MemberDetailsTestCases.memberDetails_TestCases@1c9f0a20]" started-at="2024-07-09T15:59:26 IST" name="initialize" finished-at="2024-07-09T15:59:31 IST" duration-ms="5098" status="PASS">
          <params>
            <param index="0">
              <value>
                <![CDATA[chrome]]>
              </value>
            </param>
            <param index="1">
              <value>
                <![CDATA[Tablet Portrait]]>
              </value>
            </param>
          </params>
          <reporter-output>
          </reporter-output>
        </test-method> <!-- initialize -->
        <test-method signature="verify_BackButton_On_MemberDetails_Screen()[pri:10, instance:zapcg.Capillary.MemberDetailsTestCases.memberDetails_TestCases@1c9f0a20]" started-at="2024-07-09T15:59:31 IST" name="verify_BackButton_On_MemberDetails_Screen" finished-at="2024-07-09T15:59:33 IST" duration-ms="2600" status="PASS">
          <reporter-output>
          </reporter-output>
        </test-method> <!-- verify_BackButton_On_MemberDetails_Screen -->
        <test-method is-config="true" signature="tearDown()[pri:0, instance:zapcg.Capillary.MemberDetailsTestCases.memberDetails_TestCases@1c9f0a20]" started-at="2024-07-09T15:59:33 IST" name="tearDown" finished-at="2024-07-09T15:59:34 IST" duration-ms="631" status="PASS">
          <reporter-output>
          </reporter-output>
        </test-method> <!-- tearDown -->
      </class> <!-- zapcg.Capillary.MemberDetailsTestCases.memberDetails_TestCases -->
    </test> <!-- LoginTestsChromeBrowserTabletPortrait -->
  </suite> <!-- TestSuite -->
</testng-results>
