<?xml version="1.0" encoding="UTF-8"?>
<!-- Generated by org.testng.reporters.JUnitReportReporter -->
<testsuite hostname="ZCBLRLP0293" failures="0" tests="60" name="zapcg.Capillary.LoginTestCases.Login_Invalid_TestCases" time="0.007" errors="6" timestamp="2024-07-05T13:42:08 IST" skipped="54">
  <testcase classname="zapcg.Capillary.LoginTestCases.Login_Invalid_TestCases" name="beforeClass" time="0.003">
    <error message="Unresolved compilation problem: 
	The method setUp(String, String) is undefined for the type BaseTest
" type="java.lang.Error">
      <![CDATA[java.lang.Error: Unresolved compilation problem: 
The method setUp(String, String) is undefined for the type BaseTest

at zapcg.Capillary.Base.BaseTest.beforeClass(BaseTest.java:47)
at java.base/jdk.internal.reflect.NativeMethodAccessorImpl.invoke0(Native Method)
at java.base/jdk.internal.reflect.NativeMethodAccessorImpl.invoke(NativeMethodAccessorImpl.java:64)
at java.base/jdk.internal.reflect.DelegatingMethodAccessorImpl.invoke(DelegatingMethodAccessorImpl.java:43)
at java.base/java.lang.reflect.Method.invoke(Method.java:564)
at org.testng.internal.invokers.MethodInvocationHelper.invokeMethod(MethodInvocationHelper.java:141)
at org.testng.internal.invokers.MethodInvocationHelper.invokeMethodConsideringTimeout(MethodInvocationHelper.java:71)
at org.testng.internal.invokers.ConfigInvoker.invokeConfigurationMethod(ConfigInvoker.java:400)
at org.testng.internal.invokers.ConfigInvoker.invokeConfigurations(ConfigInvoker.java:333)
at org.testng.internal.invokers.TestMethodWorker.invokeBeforeClassMethods(TestMethodWorker.java:188)
at org.testng.internal.invokers.TestMethodWorker.run(TestMethodWorker.java:128)
at java.base/java.util.ArrayList.forEach(ArrayList.java:1511)
at org.testng.TestRunner.privateRun(TestRunner.java:739)
at org.testng.TestRunner.run(TestRunner.java:614)
at org.testng.SuiteRunner.runTest(SuiteRunner.java:421)
at org.testng.SuiteRunner$SuiteWorker.run(SuiteRunner.java:463)
at org.testng.internal.thread.ThreadUtil.lambda$execute$0(ThreadUtil.java:64)
at java.base/java.util.concurrent.FutureTask.run(FutureTask.java:264)
at java.base/java.util.concurrent.ThreadPoolExecutor.runWorker(ThreadPoolExecutor.java:1130)
at java.base/java.util.concurrent.ThreadPoolExecutor$Worker.run(ThreadPoolExecutor.java:630)
at java.base/java.lang.Thread.run(Thread.java:832)
]]>
    </error>
  </testcase> <!-- beforeClass -->
  <testcase classname="zapcg.Capillary.LoginTestCases.Login_Invalid_TestCases" name="beforeClass" time="0.000">
    <error message="Unresolved compilation problem: 
	The method setUp(String, String) is undefined for the type BaseTest
" type="java.lang.Error">
      <![CDATA[java.lang.Error: Unresolved compilation problem: 
The method setUp(String, String) is undefined for the type BaseTest

at zapcg.Capillary.Base.BaseTest.beforeClass(BaseTest.java:47)
at jdk.internal.reflect.GeneratedMethodAccessor2.invoke(Unknown Source)
at java.base/jdk.internal.reflect.DelegatingMethodAccessorImpl.invoke(DelegatingMethodAccessorImpl.java:43)
at java.base/java.lang.reflect.Method.invoke(Method.java:564)
at org.testng.internal.invokers.MethodInvocationHelper.invokeMethod(MethodInvocationHelper.java:141)
at org.testng.internal.invokers.MethodInvocationHelper.invokeMethodConsideringTimeout(MethodInvocationHelper.java:71)
at org.testng.internal.invokers.ConfigInvoker.invokeConfigurationMethod(ConfigInvoker.java:400)
at org.testng.internal.invokers.ConfigInvoker.invokeConfigurations(ConfigInvoker.java:333)
at org.testng.internal.invokers.TestMethodWorker.invokeBeforeClassMethods(TestMethodWorker.java:188)
at org.testng.internal.invokers.TestMethodWorker.run(TestMethodWorker.java:128)
at java.base/java.util.ArrayList.forEach(ArrayList.java:1511)
at org.testng.TestRunner.privateRun(TestRunner.java:739)
at org.testng.TestRunner.run(TestRunner.java:614)
at org.testng.SuiteRunner.runTest(SuiteRunner.java:421)
at org.testng.SuiteRunner$SuiteWorker.run(SuiteRunner.java:463)
at org.testng.internal.thread.ThreadUtil.lambda$execute$0(ThreadUtil.java:64)
at java.base/java.util.concurrent.FutureTask.run(FutureTask.java:264)
at java.base/java.util.concurrent.ThreadPoolExecutor.runWorker(ThreadPoolExecutor.java:1130)
at java.base/java.util.concurrent.ThreadPoolExecutor$Worker.run(ThreadPoolExecutor.java:630)
at java.base/java.lang.Thread.run(Thread.java:832)
]]>
    </error>
  </testcase> <!-- beforeClass -->
  <testcase classname="zapcg.Capillary.LoginTestCases.Login_Invalid_TestCases" name="beforeClass" time="0.001">
    <error message="Unresolved compilation problem: 
	The method setUp(String, String) is undefined for the type BaseTest
" type="java.lang.Error">
      <![CDATA[java.lang.Error: Unresolved compilation problem: 
The method setUp(String, String) is undefined for the type BaseTest

at zapcg.Capillary.Base.BaseTest.beforeClass(BaseTest.java:47)
at java.base/jdk.internal.reflect.NativeMethodAccessorImpl.invoke0(Native Method)
at java.base/jdk.internal.reflect.NativeMethodAccessorImpl.invoke(NativeMethodAccessorImpl.java:64)
at java.base/jdk.internal.reflect.DelegatingMethodAccessorImpl.invoke(DelegatingMethodAccessorImpl.java:43)
at java.base/java.lang.reflect.Method.invoke(Method.java:564)
at org.testng.internal.invokers.MethodInvocationHelper.invokeMethod(MethodInvocationHelper.java:141)
at org.testng.internal.invokers.MethodInvocationHelper.invokeMethodConsideringTimeout(MethodInvocationHelper.java:71)
at org.testng.internal.invokers.ConfigInvoker.invokeConfigurationMethod(ConfigInvoker.java:400)
at org.testng.internal.invokers.ConfigInvoker.invokeConfigurations(ConfigInvoker.java:333)
at org.testng.internal.invokers.TestMethodWorker.invokeBeforeClassMethods(TestMethodWorker.java:188)
at org.testng.internal.invokers.TestMethodWorker.run(TestMethodWorker.java:128)
at java.base/java.util.ArrayList.forEach(ArrayList.java:1511)
at org.testng.TestRunner.privateRun(TestRunner.java:739)
at org.testng.TestRunner.run(TestRunner.java:614)
at org.testng.SuiteRunner.runTest(SuiteRunner.java:421)
at org.testng.SuiteRunner$SuiteWorker.run(SuiteRunner.java:463)
at org.testng.internal.thread.ThreadUtil.lambda$execute$0(ThreadUtil.java:64)
at java.base/java.util.concurrent.FutureTask.run(FutureTask.java:264)
at java.base/java.util.concurrent.ThreadPoolExecutor.runWorker(ThreadPoolExecutor.java:1130)
at java.base/java.util.concurrent.ThreadPoolExecutor$Worker.run(ThreadPoolExecutor.java:630)
at java.base/java.lang.Thread.run(Thread.java:832)
]]>
    </error>
  </testcase> <!-- beforeClass -->
  <testcase classname="zapcg.Capillary.LoginTestCases.Login_Invalid_TestCases" name="beforeClass" time="0.000">
    <error message="Unresolved compilation problem: 
	The method setUp(String, String) is undefined for the type BaseTest
" type="java.lang.Error">
      <![CDATA[java.lang.Error: Unresolved compilation problem: 
The method setUp(String, String) is undefined for the type BaseTest

at zapcg.Capillary.Base.BaseTest.beforeClass(BaseTest.java:47)
at java.base/jdk.internal.reflect.NativeMethodAccessorImpl.invoke0(Native Method)
at java.base/jdk.internal.reflect.NativeMethodAccessorImpl.invoke(NativeMethodAccessorImpl.java:64)
at java.base/jdk.internal.reflect.DelegatingMethodAccessorImpl.invoke(DelegatingMethodAccessorImpl.java:43)
at java.base/java.lang.reflect.Method.invoke(Method.java:564)
at org.testng.internal.invokers.MethodInvocationHelper.invokeMethod(MethodInvocationHelper.java:141)
at org.testng.internal.invokers.MethodInvocationHelper.invokeMethodConsideringTimeout(MethodInvocationHelper.java:71)
at org.testng.internal.invokers.ConfigInvoker.invokeConfigurationMethod(ConfigInvoker.java:400)
at org.testng.internal.invokers.ConfigInvoker.invokeConfigurations(ConfigInvoker.java:333)
at org.testng.internal.invokers.TestMethodWorker.invokeBeforeClassMethods(TestMethodWorker.java:188)
at org.testng.internal.invokers.TestMethodWorker.run(TestMethodWorker.java:128)
at java.base/java.util.ArrayList.forEach(ArrayList.java:1511)
at org.testng.TestRunner.privateRun(TestRunner.java:739)
at org.testng.TestRunner.run(TestRunner.java:614)
at org.testng.SuiteRunner.runTest(SuiteRunner.java:421)
at org.testng.SuiteRunner$SuiteWorker.run(SuiteRunner.java:463)
at org.testng.internal.thread.ThreadUtil.lambda$execute$0(ThreadUtil.java:64)
at java.base/java.util.concurrent.FutureTask.run(FutureTask.java:264)
at java.base/java.util.concurrent.ThreadPoolExecutor.runWorker(ThreadPoolExecutor.java:1130)
at java.base/java.util.concurrent.ThreadPoolExecutor$Worker.run(ThreadPoolExecutor.java:630)
at java.base/java.lang.Thread.run(Thread.java:832)
]]>
    </error>
  </testcase> <!-- beforeClass -->
  <testcase classname="zapcg.Capillary.LoginTestCases.Login_Invalid_TestCases" name="beforeClass" time="0.001">
    <error message="Unresolved compilation problem: 
	The method setUp(String, String) is undefined for the type BaseTest
" type="java.lang.Error">
      <![CDATA[java.lang.Error: Unresolved compilation problem: 
The method setUp(String, String) is undefined for the type BaseTest

at zapcg.Capillary.Base.BaseTest.beforeClass(BaseTest.java:47)
at java.base/jdk.internal.reflect.NativeMethodAccessorImpl.invoke0(Native Method)
at java.base/jdk.internal.reflect.NativeMethodAccessorImpl.invoke(NativeMethodAccessorImpl.java:64)
at java.base/jdk.internal.reflect.DelegatingMethodAccessorImpl.invoke(DelegatingMethodAccessorImpl.java:43)
at java.base/java.lang.reflect.Method.invoke(Method.java:564)
at org.testng.internal.invokers.MethodInvocationHelper.invokeMethod(MethodInvocationHelper.java:141)
at org.testng.internal.invokers.MethodInvocationHelper.invokeMethodConsideringTimeout(MethodInvocationHelper.java:71)
at org.testng.internal.invokers.ConfigInvoker.invokeConfigurationMethod(ConfigInvoker.java:400)
at org.testng.internal.invokers.ConfigInvoker.invokeConfigurations(ConfigInvoker.java:333)
at org.testng.internal.invokers.TestMethodWorker.invokeBeforeClassMethods(TestMethodWorker.java:188)
at org.testng.internal.invokers.TestMethodWorker.run(TestMethodWorker.java:128)
at java.base/java.util.ArrayList.forEach(ArrayList.java:1511)
at org.testng.TestRunner.privateRun(TestRunner.java:739)
at org.testng.TestRunner.run(TestRunner.java:614)
at org.testng.SuiteRunner.runTest(SuiteRunner.java:421)
at org.testng.SuiteRunner$SuiteWorker.run(SuiteRunner.java:463)
at org.testng.internal.thread.ThreadUtil.lambda$execute$0(ThreadUtil.java:64)
at java.base/java.util.concurrent.FutureTask.run(FutureTask.java:264)
at java.base/java.util.concurrent.ThreadPoolExecutor.runWorker(ThreadPoolExecutor.java:1130)
at java.base/java.util.concurrent.ThreadPoolExecutor$Worker.run(ThreadPoolExecutor.java:630)
at java.base/java.lang.Thread.run(Thread.java:832)
]]>
    </error>
  </testcase> <!-- beforeClass -->
  <testcase classname="zapcg.Capillary.LoginTestCases.Login_Invalid_TestCases" name="beforeClass" time="0.000">
    <error message="Unresolved compilation problem: 
	The method setUp(String, String) is undefined for the type BaseTest
" type="java.lang.Error">
      <![CDATA[java.lang.Error: Unresolved compilation problem: 
The method setUp(String, String) is undefined for the type BaseTest

at zapcg.Capillary.Base.BaseTest.beforeClass(BaseTest.java:47)
at java.base/jdk.internal.reflect.NativeMethodAccessorImpl.invoke0(Native Method)
at java.base/jdk.internal.reflect.NativeMethodAccessorImpl.invoke(NativeMethodAccessorImpl.java:64)
at java.base/jdk.internal.reflect.DelegatingMethodAccessorImpl.invoke(DelegatingMethodAccessorImpl.java:43)
at java.base/java.lang.reflect.Method.invoke(Method.java:564)
at org.testng.internal.invokers.MethodInvocationHelper.invokeMethod(MethodInvocationHelper.java:141)
at org.testng.internal.invokers.MethodInvocationHelper.invokeMethodConsideringTimeout(MethodInvocationHelper.java:71)
at org.testng.internal.invokers.ConfigInvoker.invokeConfigurationMethod(ConfigInvoker.java:400)
at org.testng.internal.invokers.ConfigInvoker.invokeConfigurations(ConfigInvoker.java:333)
at org.testng.internal.invokers.TestMethodWorker.invokeBeforeClassMethods(TestMethodWorker.java:188)
at org.testng.internal.invokers.TestMethodWorker.run(TestMethodWorker.java:128)
at java.base/java.util.ArrayList.forEach(ArrayList.java:1511)
at org.testng.TestRunner.privateRun(TestRunner.java:739)
at org.testng.TestRunner.run(TestRunner.java:614)
at org.testng.SuiteRunner.runTest(SuiteRunner.java:421)
at org.testng.SuiteRunner$SuiteWorker.run(SuiteRunner.java:463)
at org.testng.internal.thread.ThreadUtil.lambda$execute$0(ThreadUtil.java:64)
at java.base/java.util.concurrent.FutureTask.run(FutureTask.java:264)
at java.base/java.util.concurrent.ThreadPoolExecutor.runWorker(ThreadPoolExecutor.java:1130)
at java.base/java.util.concurrent.ThreadPoolExecutor$Worker.run(ThreadPoolExecutor.java:630)
at java.base/java.lang.Thread.run(Thread.java:832)
]]>
    </error>
  </testcase> <!-- beforeClass -->
  <testcase classname="zapcg.Capillary.LoginTestCases.Login_Invalid_TestCases" name="testInvalidUsername_TestCase2" time="0.000">
    <skipped/>
  </testcase> <!-- testInvalidUsername_TestCase2 -->
  <testcase classname="zapcg.Capillary.LoginTestCases.Login_Invalid_TestCases" name="testInvalidUsername_TestCase2" time="0.000">
    <skipped/>
  </testcase> <!-- testInvalidUsername_TestCase2 -->
  <testcase classname="zapcg.Capillary.LoginTestCases.Login_Invalid_TestCases" name="testInvalidUsername_TestCase2" time="0.000">
    <skipped/>
  </testcase> <!-- testInvalidUsername_TestCase2 -->
  <testcase classname="zapcg.Capillary.LoginTestCases.Login_Invalid_TestCases" name="testInvalidUsername_TestCase2" time="0.001">
    <skipped/>
  </testcase> <!-- testInvalidUsername_TestCase2 -->
  <testcase classname="zapcg.Capillary.LoginTestCases.Login_Invalid_TestCases" name="testInvalidUsername_TestCase2" time="0.000">
    <skipped/>
  </testcase> <!-- testInvalidUsername_TestCase2 -->
  <testcase classname="zapcg.Capillary.LoginTestCases.Login_Invalid_TestCases" name="testInvalidUsername_TestCase2" time="0.000">
    <skipped/>
  </testcase> <!-- testInvalidUsername_TestCase2 -->
  <testcase classname="zapcg.Capillary.LoginTestCases.Login_Invalid_TestCases" name="testInvalidPassword_TestCase3" time="0.001">
    <skipped/>
  </testcase> <!-- testInvalidPassword_TestCase3 -->
  <testcase classname="zapcg.Capillary.LoginTestCases.Login_Invalid_TestCases" name="testInvalidPassword_TestCase3" time="0.000">
    <skipped/>
  </testcase> <!-- testInvalidPassword_TestCase3 -->
  <testcase classname="zapcg.Capillary.LoginTestCases.Login_Invalid_TestCases" name="testInvalidPassword_TestCase3" time="0.000">
    <skipped/>
  </testcase> <!-- testInvalidPassword_TestCase3 -->
  <testcase classname="zapcg.Capillary.LoginTestCases.Login_Invalid_TestCases" name="testInvalidPassword_TestCase3" time="0.000">
    <skipped/>
  </testcase> <!-- testInvalidPassword_TestCase3 -->
  <testcase classname="zapcg.Capillary.LoginTestCases.Login_Invalid_TestCases" name="testInvalidPassword_TestCase3" time="0.000">
    <skipped/>
  </testcase> <!-- testInvalidPassword_TestCase3 -->
  <testcase classname="zapcg.Capillary.LoginTestCases.Login_Invalid_TestCases" name="testInvalidPassword_TestCase3" time="0.000">
    <skipped/>
  </testcase> <!-- testInvalidPassword_TestCase3 -->
  <testcase classname="zapcg.Capillary.LoginTestCases.Login_Invalid_TestCases" name="testTooLongUsername_TestCase4" time="0.000">
    <skipped/>
  </testcase> <!-- testTooLongUsername_TestCase4 -->
  <testcase classname="zapcg.Capillary.LoginTestCases.Login_Invalid_TestCases" name="testTooLongUsername_TestCase4" time="0.000">
    <skipped/>
  </testcase> <!-- testTooLongUsername_TestCase4 -->
  <testcase classname="zapcg.Capillary.LoginTestCases.Login_Invalid_TestCases" name="testTooLongUsername_TestCase4" time="0.000">
    <skipped/>
  </testcase> <!-- testTooLongUsername_TestCase4 -->
  <testcase classname="zapcg.Capillary.LoginTestCases.Login_Invalid_TestCases" name="testTooLongUsername_TestCase4" time="0.000">
    <skipped/>
  </testcase> <!-- testTooLongUsername_TestCase4 -->
  <testcase classname="zapcg.Capillary.LoginTestCases.Login_Invalid_TestCases" name="testTooLongUsername_TestCase4" time="0.000">
    <skipped/>
  </testcase> <!-- testTooLongUsername_TestCase4 -->
  <testcase classname="zapcg.Capillary.LoginTestCases.Login_Invalid_TestCases" name="testTooLongUsername_TestCase4" time="0.000">
    <skipped/>
  </testcase> <!-- testTooLongUsername_TestCase4 -->
  <testcase classname="zapcg.Capillary.LoginTestCases.Login_Invalid_TestCases" name="testMinLengthPassword_TestCase5" time="0.000">
    <skipped/>
  </testcase> <!-- testMinLengthPassword_TestCase5 -->
  <testcase classname="zapcg.Capillary.LoginTestCases.Login_Invalid_TestCases" name="testMinLengthPassword_TestCase5" time="0.000">
    <skipped/>
  </testcase> <!-- testMinLengthPassword_TestCase5 -->
  <testcase classname="zapcg.Capillary.LoginTestCases.Login_Invalid_TestCases" name="testMinLengthPassword_TestCase5" time="0.000">
    <skipped/>
  </testcase> <!-- testMinLengthPassword_TestCase5 -->
  <testcase classname="zapcg.Capillary.LoginTestCases.Login_Invalid_TestCases" name="testMinLengthPassword_TestCase5" time="0.000">
    <skipped/>
  </testcase> <!-- testMinLengthPassword_TestCase5 -->
  <testcase classname="zapcg.Capillary.LoginTestCases.Login_Invalid_TestCases" name="testMinLengthPassword_TestCase5" time="0.000">
    <skipped/>
  </testcase> <!-- testMinLengthPassword_TestCase5 -->
  <testcase classname="zapcg.Capillary.LoginTestCases.Login_Invalid_TestCases" name="testMinLengthPassword_TestCase5" time="0.000">
    <skipped/>
  </testcase> <!-- testMinLengthPassword_TestCase5 -->
  <testcase classname="zapcg.Capillary.LoginTestCases.Login_Invalid_TestCases" name="testUsernameWithSpaces_TestCase6" time="0.000">
    <skipped/>
  </testcase> <!-- testUsernameWithSpaces_TestCase6 -->
  <testcase classname="zapcg.Capillary.LoginTestCases.Login_Invalid_TestCases" name="testUsernameWithSpaces_TestCase6" time="0.000">
    <skipped/>
  </testcase> <!-- testUsernameWithSpaces_TestCase6 -->
  <testcase classname="zapcg.Capillary.LoginTestCases.Login_Invalid_TestCases" name="testUsernameWithSpaces_TestCase6" time="0.000">
    <skipped/>
  </testcase> <!-- testUsernameWithSpaces_TestCase6 -->
  <testcase classname="zapcg.Capillary.LoginTestCases.Login_Invalid_TestCases" name="testUsernameWithSpaces_TestCase6" time="0.000">
    <skipped/>
  </testcase> <!-- testUsernameWithSpaces_TestCase6 -->
  <testcase classname="zapcg.Capillary.LoginTestCases.Login_Invalid_TestCases" name="testUsernameWithSpaces_TestCase6" time="0.000">
    <skipped/>
  </testcase> <!-- testUsernameWithSpaces_TestCase6 -->
  <testcase classname="zapcg.Capillary.LoginTestCases.Login_Invalid_TestCases" name="testUsernameWithSpaces_TestCase6" time="0.000">
    <skipped/>
  </testcase> <!-- testUsernameWithSpaces_TestCase6 -->
  <testcase classname="zapcg.Capillary.LoginTestCases.Login_Invalid_TestCases" name="verifyForEnabledLoginButton_TestCase7" time="0.000">
    <skipped/>
  </testcase> <!-- verifyForEnabledLoginButton_TestCase7 -->
  <testcase classname="zapcg.Capillary.LoginTestCases.Login_Invalid_TestCases" name="verifyForEnabledLoginButton_TestCase7" time="0.000">
    <skipped/>
  </testcase> <!-- verifyForEnabledLoginButton_TestCase7 -->
  <testcase classname="zapcg.Capillary.LoginTestCases.Login_Invalid_TestCases" name="verifyForEnabledLoginButton_TestCase7" time="0.000">
    <skipped/>
  </testcase> <!-- verifyForEnabledLoginButton_TestCase7 -->
  <testcase classname="zapcg.Capillary.LoginTestCases.Login_Invalid_TestCases" name="verifyForEnabledLoginButton_TestCase7" time="0.000">
    <skipped/>
  </testcase> <!-- verifyForEnabledLoginButton_TestCase7 -->
  <testcase classname="zapcg.Capillary.LoginTestCases.Login_Invalid_TestCases" name="verifyForEnabledLoginButton_TestCase7" time="0.000">
    <skipped/>
  </testcase> <!-- verifyForEnabledLoginButton_TestCase7 -->
  <testcase classname="zapcg.Capillary.LoginTestCases.Login_Invalid_TestCases" name="verifyForEnabledLoginButton_TestCase7" time="0.000">
    <skipped/>
  </testcase> <!-- verifyForEnabledLoginButton_TestCase7 -->
  <testcase classname="zapcg.Capillary.LoginTestCases.Login_Invalid_TestCases" name="verifyForDisabledLoginButtonForEmptyUsername_TestCase8" time="0.000">
    <skipped/>
  </testcase> <!-- verifyForDisabledLoginButtonForEmptyUsername_TestCase8 -->
  <testcase classname="zapcg.Capillary.LoginTestCases.Login_Invalid_TestCases" name="verifyForDisabledLoginButtonForEmptyUsername_TestCase8" time="0.000">
    <skipped/>
  </testcase> <!-- verifyForDisabledLoginButtonForEmptyUsername_TestCase8 -->
  <testcase classname="zapcg.Capillary.LoginTestCases.Login_Invalid_TestCases" name="verifyForDisabledLoginButtonForEmptyUsername_TestCase8" time="0.000">
    <skipped/>
  </testcase> <!-- verifyForDisabledLoginButtonForEmptyUsername_TestCase8 -->
  <testcase classname="zapcg.Capillary.LoginTestCases.Login_Invalid_TestCases" name="verifyForDisabledLoginButtonForEmptyUsername_TestCase8" time="0.000">
    <skipped/>
  </testcase> <!-- verifyForDisabledLoginButtonForEmptyUsername_TestCase8 -->
  <testcase classname="zapcg.Capillary.LoginTestCases.Login_Invalid_TestCases" name="verifyForDisabledLoginButtonForEmptyUsername_TestCase8" time="0.000">
    <skipped/>
  </testcase> <!-- verifyForDisabledLoginButtonForEmptyUsername_TestCase8 -->
  <testcase classname="zapcg.Capillary.LoginTestCases.Login_Invalid_TestCases" name="verifyForDisabledLoginButtonForEmptyUsername_TestCase8" time="0.000">
    <skipped/>
  </testcase> <!-- verifyForDisabledLoginButtonForEmptyUsername_TestCase8 -->
  <testcase classname="zapcg.Capillary.LoginTestCases.Login_Invalid_TestCases" name="verifyForDisabledLoginButtonForEmptyPassword_TestCase9" time="0.000">
    <skipped/>
  </testcase> <!-- verifyForDisabledLoginButtonForEmptyPassword_TestCase9 -->
  <testcase classname="zapcg.Capillary.LoginTestCases.Login_Invalid_TestCases" name="verifyForDisabledLoginButtonForEmptyPassword_TestCase9" time="0.000">
    <skipped/>
  </testcase> <!-- verifyForDisabledLoginButtonForEmptyPassword_TestCase9 -->
  <testcase classname="zapcg.Capillary.LoginTestCases.Login_Invalid_TestCases" name="verifyForDisabledLoginButtonForEmptyPassword_TestCase9" time="0.000">
    <skipped/>
  </testcase> <!-- verifyForDisabledLoginButtonForEmptyPassword_TestCase9 -->
  <testcase classname="zapcg.Capillary.LoginTestCases.Login_Invalid_TestCases" name="verifyForDisabledLoginButtonForEmptyPassword_TestCase9" time="0.000">
    <skipped/>
  </testcase> <!-- verifyForDisabledLoginButtonForEmptyPassword_TestCase9 -->
  <testcase classname="zapcg.Capillary.LoginTestCases.Login_Invalid_TestCases" name="verifyForDisabledLoginButtonForEmptyPassword_TestCase9" time="0.000">
    <skipped/>
  </testcase> <!-- verifyForDisabledLoginButtonForEmptyPassword_TestCase9 -->
  <testcase classname="zapcg.Capillary.LoginTestCases.Login_Invalid_TestCases" name="verifyForDisabledLoginButtonForEmptyPassword_TestCase9" time="0.000">
    <skipped/>
  </testcase> <!-- verifyForDisabledLoginButtonForEmptyPassword_TestCase9 -->
  <testcase classname="zapcg.Capillary.LoginTestCases.Login_Invalid_TestCases" name="verifyForDisabledLoginButtonForEmptyUsernamePassword_TestCase10" time="0.000">
    <skipped/>
  </testcase> <!-- verifyForDisabledLoginButtonForEmptyUsernamePassword_TestCase10 -->
  <testcase classname="zapcg.Capillary.LoginTestCases.Login_Invalid_TestCases" name="verifyForDisabledLoginButtonForEmptyUsernamePassword_TestCase10" time="0.000">
    <skipped/>
  </testcase> <!-- verifyForDisabledLoginButtonForEmptyUsernamePassword_TestCase10 -->
  <testcase classname="zapcg.Capillary.LoginTestCases.Login_Invalid_TestCases" name="verifyForDisabledLoginButtonForEmptyUsernamePassword_TestCase10" time="0.000">
    <skipped/>
  </testcase> <!-- verifyForDisabledLoginButtonForEmptyUsernamePassword_TestCase10 -->
  <testcase classname="zapcg.Capillary.LoginTestCases.Login_Invalid_TestCases" name="verifyForDisabledLoginButtonForEmptyUsernamePassword_TestCase10" time="0.000">
    <skipped/>
  </testcase> <!-- verifyForDisabledLoginButtonForEmptyUsernamePassword_TestCase10 -->
  <testcase classname="zapcg.Capillary.LoginTestCases.Login_Invalid_TestCases" name="verifyForDisabledLoginButtonForEmptyUsernamePassword_TestCase10" time="0.000">
    <skipped/>
  </testcase> <!-- verifyForDisabledLoginButtonForEmptyUsernamePassword_TestCase10 -->
  <testcase classname="zapcg.Capillary.LoginTestCases.Login_Invalid_TestCases" name="verifyForDisabledLoginButtonForEmptyUsernamePassword_TestCase10" time="0.000">
    <skipped/>
  </testcase> <!-- verifyForDisabledLoginButtonForEmptyUsernamePassword_TestCase10 -->
</testsuite> <!-- zapcg.Capillary.LoginTestCases.Login_Invalid_TestCases -->
