<html>
<head>
<title>TestNG:  LoginTestsChromeBrowserTabletPortrait</title>
<link href="../testng.css" rel="stylesheet" type="text/css" />
<link href="../my-testng.css" rel="stylesheet" type="text/css" />

<style type="text/css">
.log { display: none;} 
.stack-trace { display: none;} 
</style>
<script type="text/javascript">
<!--
function flip(e) {
  current = e.style.display;
  if (current == 'block') {
    e.style.display = 'none';
    return 0;
  }
  else {
    e.style.display = 'block';
    return 1;
  }
}

function toggleBox(szDivId, elem, msg1, msg2)
{
  var res = -1;  if (document.getElementById) {
    res = flip(document.getElementById(szDivId));
  }
  else if (document.all) {
    // this is the way old msie versions work
    res = flip(document.all[szDivId]);
  }
  if(elem) {
    if(res == 0) elem.innerHTML = msg1; else elem.innerHTML = msg2;
  }

}

function toggleAllBoxes() {
  if (document.getElementsByTagName) {
    d = document.getElementsByTagName('div');
    for (i = 0; i < d.length; i++) {
      if (d[i].className == 'log') {
        flip(d[i]);
      }
    }
  }
}

// -->
</script>

</head>
<body>
<h2 align='center'>LoginTestsChromeBrowserTabletPortrait</h2><table border='1' align="center">
<tr>
<td>Tests passed/Failed/Skipped:</td><td>54/8/0</td>
</tr><tr>
<td>Started on:</td><td>Tue Jul 09 15:51:46 IST 2024</td>
</tr>
<tr><td>Total time:</td><td>608 seconds (608391 ms)</td>
</tr><tr>
<td>Included groups:</td><td></td>
</tr><tr>
<td>Excluded groups:</td><td></td>
</tr>
</table><p/>
<small><i>(Hover the method name to see the test class name)</i></small><p/>
<table width='100%' border='1' class='invocation-failed'>
<tr><td colspan='4' align='center'><b>FAILED TESTS</b></td></tr>
<tr><td><b>Test method</b></td>
<td><b>Attribute(s)</b></td>
<td width="30%"><b>Exception</b></td>
<td width="10%"><b>Time (seconds)</b></td>
<td><b>Instance</b></td>
</tr>
<tr>
<td title='zapcg.Capillary.EarnPointPageTestCases.EarnPoint_Valid_TestCases.verify_MemberDetails_Content_Displaying_On_EarnPointScreen()'><b>verify_MemberDetails_Content_Displaying_On_EarnPointScreen</b><br>Test class: zapcg.Capillary.EarnPointPageTestCases.EarnPoint_Valid_TestCases</td>
<td><div><pre>java.lang.ClassCastException: class org.openqa.selenium.By$ByXPath cannot be cast to class org.openqa.selenium.WebElement (org.openqa.selenium.By$ByXPath and org.openqa.selenium.WebElement are in unnamed module of loader &apos;app&apos;)
	at zapcg.Capillary.PageObject.earnPointsPage.verifyTheMemberDetailsContentDisplaying(earnPointsPage.java:192)
	at zapcg.Capillary.EarnPointPageTestCases.EarnPoint_Valid_TestCases.verify_MemberDetails_Content_Displaying_On_EarnPointScreen(EarnPoint_Valid_TestCases.java:86)
	at java.base/java.util.ArrayList.forEach(ArrayList.java:1511)
	at java.base/java.util.concurrent.FutureTask.run(FutureTask.java:264)
	at java.base/java.util.concurrent.ThreadPoolExecutor.runWorker(ThreadPoolExecutor.java:1130)
	at java.base/java.util.concurrent.ThreadPoolExecutor$Worker.run(ThreadPoolExecutor.java:630)
	at java.base/java.lang.Thread.run(Thread.java:832)
... Removed 17 stack frames</pre></div><a href='#' onClick='toggleBox("stack-trace471860288", this, "Click to show all stack frames", "Click to hide stack frames")'>Click to show all stack frames</a>
<div class='stack-trace' id='stack-trace471860288'><pre>java.lang.ClassCastException: class org.openqa.selenium.By$ByXPath cannot be cast to class org.openqa.selenium.WebElement (org.openqa.selenium.By$ByXPath and org.openqa.selenium.WebElement are in unnamed module of loader &apos;app&apos;)
	at zapcg.Capillary.PageObject.earnPointsPage.verifyTheMemberDetailsContentDisplaying(earnPointsPage.java:192)
	at zapcg.Capillary.EarnPointPageTestCases.EarnPoint_Valid_TestCases.verify_MemberDetails_Content_Displaying_On_EarnPointScreen(EarnPoint_Valid_TestCases.java:86)
	at java.base/jdk.internal.reflect.NativeMethodAccessorImpl.invoke0(Native Method)
	at java.base/jdk.internal.reflect.NativeMethodAccessorImpl.invoke(NativeMethodAccessorImpl.java:64)
	at java.base/jdk.internal.reflect.DelegatingMethodAccessorImpl.invoke(DelegatingMethodAccessorImpl.java:43)
	at java.base/java.lang.reflect.Method.invoke(Method.java:564)
	at org.testng.internal.invokers.MethodInvocationHelper.invokeMethod(MethodInvocationHelper.java:141)
	at org.testng.internal.invokers.TestInvoker.invokeMethod(TestInvoker.java:686)
	at org.testng.internal.invokers.TestInvoker.invokeTestMethod(TestInvoker.java:230)
	at org.testng.internal.invokers.MethodRunner.runInSequence(MethodRunner.java:63)
	at org.testng.internal.invokers.TestInvoker$MethodInvocationAgent.invoke(TestInvoker.java:992)
	at org.testng.internal.invokers.TestInvoker.invokeTestMethods(TestInvoker.java:203)
	at org.testng.internal.invokers.TestMethodWorker.invokeTestMethods(TestMethodWorker.java:154)
	at org.testng.internal.invokers.TestMethodWorker.run(TestMethodWorker.java:134)
	at java.base/java.util.ArrayList.forEach(ArrayList.java:1511)
	at org.testng.TestRunner.privateRun(TestRunner.java:739)
	at org.testng.TestRunner.run(TestRunner.java:614)
	at org.testng.SuiteRunner.runTest(SuiteRunner.java:421)
	at org.testng.SuiteRunner$SuiteWorker.run(SuiteRunner.java:463)
	at org.testng.internal.thread.ThreadUtil.lambda$execute$0(ThreadUtil.java:64)
	at java.base/java.util.concurrent.FutureTask.run(FutureTask.java:264)
	at java.base/java.util.concurrent.ThreadPoolExecutor.runWorker(ThreadPoolExecutor.java:1130)
	at java.base/java.util.concurrent.ThreadPoolExecutor$Worker.run(ThreadPoolExecutor.java:630)
	at java.base/java.lang.Thread.run(Thread.java:832)
</pre></div></td>
<td>30</td>
<td>zapcg.Capillary.EarnPointPageTestCases.EarnPoint_Valid_TestCases@31e3250d</td></tr>
<tr>
<td title='zapcg.Capillary.EarnPointPageTestCases.EarnPoint_Valid_TestCases.verify_SuccessMessage_For_RedeemPoint()'><b>verify_SuccessMessage_For_RedeemPoint</b><br>Test class: zapcg.Capillary.EarnPointPageTestCases.EarnPoint_Valid_TestCases</td>
<td><div><pre>java.lang.AssertionError: An error occurred while verifying the success message: Expected condition failed: waiting for visibility of Proxy element for: DefaultElementLocator &apos;By.xpath: //p[@id=&apos;EPMDLMSG&apos; and contains(text(), &apos;transaction has been successfully submitted. They have earned 35 points and have spent 1 points.&apos;)]&apos; (tried for 10 second(s) with 500 milliseconds interval)
	at zapcg.Capillary.PageObject.earnPointsPage.verifySuccessMessageIfRedeemingPoints(earnPointsPage.java:765)
	at zapcg.Capillary.EarnPointPageTestCases.EarnPoint_Valid_TestCases.verify_SuccessMessage_For_RedeemPoint(EarnPoint_Valid_TestCases.java:232)
	at java.base/java.util.ArrayList.forEach(ArrayList.java:1511)
	at java.base/java.util.concurrent.FutureTask.run(FutureTask.java:264)
	at java.base/java.util.concurrent.ThreadPoolExecutor.runWorker(ThreadPoolExecutor.java:1130)
	at java.base/java.util.concurrent.ThreadPoolExecutor$Worker.run(ThreadPoolExecutor.java:630)
	at java.base/java.lang.Thread.run(Thread.java:832)
... Removed 18 stack frames</pre></div><a href='#' onClick='toggleBox("stack-trace987161639", this, "Click to show all stack frames", "Click to hide stack frames")'>Click to show all stack frames</a>
<div class='stack-trace' id='stack-trace987161639'><pre>java.lang.AssertionError: An error occurred while verifying the success message: Expected condition failed: waiting for visibility of Proxy element for: DefaultElementLocator &apos;By.xpath: //p[@id=&apos;EPMDLMSG&apos; and contains(text(), &apos;transaction has been successfully submitted. They have earned 35 points and have spent 1 points.&apos;)]&apos; (tried for 10 second(s) with 500 milliseconds interval)
	at org.testng.Assert.fail(Assert.java:111)
	at zapcg.Capillary.PageObject.earnPointsPage.verifySuccessMessageIfRedeemingPoints(earnPointsPage.java:765)
	at zapcg.Capillary.EarnPointPageTestCases.EarnPoint_Valid_TestCases.verify_SuccessMessage_For_RedeemPoint(EarnPoint_Valid_TestCases.java:232)
	at java.base/jdk.internal.reflect.NativeMethodAccessorImpl.invoke0(Native Method)
	at java.base/jdk.internal.reflect.NativeMethodAccessorImpl.invoke(NativeMethodAccessorImpl.java:64)
	at java.base/jdk.internal.reflect.DelegatingMethodAccessorImpl.invoke(DelegatingMethodAccessorImpl.java:43)
	at java.base/java.lang.reflect.Method.invoke(Method.java:564)
	at org.testng.internal.invokers.MethodInvocationHelper.invokeMethod(MethodInvocationHelper.java:141)
	at org.testng.internal.invokers.TestInvoker.invokeMethod(TestInvoker.java:686)
	at org.testng.internal.invokers.TestInvoker.invokeTestMethod(TestInvoker.java:230)
	at org.testng.internal.invokers.MethodRunner.runInSequence(MethodRunner.java:63)
	at org.testng.internal.invokers.TestInvoker$MethodInvocationAgent.invoke(TestInvoker.java:992)
	at org.testng.internal.invokers.TestInvoker.invokeTestMethods(TestInvoker.java:203)
	at org.testng.internal.invokers.TestMethodWorker.invokeTestMethods(TestMethodWorker.java:154)
	at org.testng.internal.invokers.TestMethodWorker.run(TestMethodWorker.java:134)
	at java.base/java.util.ArrayList.forEach(ArrayList.java:1511)
	at org.testng.TestRunner.privateRun(TestRunner.java:739)
	at org.testng.TestRunner.run(TestRunner.java:614)
	at org.testng.SuiteRunner.runTest(SuiteRunner.java:421)
	at org.testng.SuiteRunner$SuiteWorker.run(SuiteRunner.java:463)
	at org.testng.internal.thread.ThreadUtil.lambda$execute$0(ThreadUtil.java:64)
	at java.base/java.util.concurrent.FutureTask.run(FutureTask.java:264)
	at java.base/java.util.concurrent.ThreadPoolExecutor.runWorker(ThreadPoolExecutor.java:1130)
	at java.base/java.util.concurrent.ThreadPoolExecutor$Worker.run(ThreadPoolExecutor.java:630)
	at java.base/java.lang.Thread.run(Thread.java:832)
</pre></div></td>
<td>60</td>
<td>zapcg.Capillary.EarnPointPageTestCases.EarnPoint_Valid_TestCases@31e3250d</td></tr>
<tr>
<td title='zapcg.Capillary.MemberDetailsTestCases.memberDetails_TestCases.verify_MemberDetails_ContentDisplaying()'><b>verify_MemberDetails_ContentDisplaying</b><br>Test class: zapcg.Capillary.MemberDetailsTestCases.memberDetails_TestCases</td>
<td><div><pre>java.lang.AssertionError: An error occurred during Member details verification: Expected condition failed: waiting for visibility of element located by By.xpath: //h6[@id=&apos;MDMBRCPEX&apos;] (tried for 20 second(s) with 500 milliseconds interval)
Build info: version: &apos;4.22.0&apos;, revision: &apos;c5f3146703*&apos;
System info: os.name: &apos;Windows 10&apos;, os.arch: &apos;amd64&apos;, os.version: &apos;10.0&apos;, java.version: &apos;15.0.2&apos;
Driver info: org.openqa.selenium.chrome.ChromeDriver
Capabilities {acceptInsecureCerts: true, browserName: chrome-headless-shell, browserVersion: 126.0.6478.127, chrome: {chromedriverVersion: 126.0.6478.126 (d36ace6122e..., userDataDir: C:\Users\KAJALS~1\AppData\L...}, fedcm:accounts: true, goog:chromeOptions: {debuggerAddress: localhost:56910}, networkConnectionEnabled: false, pageLoadStrategy: normal, platformName: windows, proxy: Proxy(), se:cdp: ws://localhost:56910/devtoo..., se:cdpVersion: 126.0.6478.127, setWindowRect: true, strictFileInteractability: false, timeouts: {implicit: 0, pageLoad: 300000, script: 30000}, unhandledPromptBehavior: dismiss and notify, webauthn:extension:credBlob: true, webauthn:extension:largeBlob: true, webauthn:extension:minPinLength: true, webauthn:extension:prf: true, webauthn:virtualAuthenticators: true}
Session ID: 6d35321617766318c2b41ae5b0aad149
	at zapcg.Capillary.PageObject.memberDetailsPage.verifyTheMemberDetailsContentDisplaying(memberDetailsPage.java:191)
	at zapcg.Capillary.MemberDetailsTestCases.memberDetails_TestCases.verify_MemberDetails_ContentDisplaying(memberDetails_TestCases.java:67)
	at java.base/java.util.ArrayList.forEach(ArrayList.java:1511)
	at java.base/java.util.concurrent.FutureTask.run(FutureTask.java:264)
	at java.base/java.util.concurrent.ThreadPoolExecutor.runWorker(ThreadPoolExecutor.java:1130)
	at java.base/java.util.concurrent.ThreadPoolExecutor$Worker.run(ThreadPoolExecutor.java:630)
	at java.base/java.lang.Thread.run(Thread.java:832)
... Removed 18 stack frames</pre></div><a href='#' onClick='toggleBox("stack-trace1408566739", this, "Click to show all stack frames", "Click to hide stack frames")'>Click to show all stack frames</a>
<div class='stack-trace' id='stack-trace1408566739'><pre>java.lang.AssertionError: An error occurred during Member details verification: Expected condition failed: waiting for visibility of element located by By.xpath: //h6[@id=&apos;MDMBRCPEX&apos;] (tried for 20 second(s) with 500 milliseconds interval)
Build info: version: &apos;4.22.0&apos;, revision: &apos;c5f3146703*&apos;
System info: os.name: &apos;Windows 10&apos;, os.arch: &apos;amd64&apos;, os.version: &apos;10.0&apos;, java.version: &apos;15.0.2&apos;
Driver info: org.openqa.selenium.chrome.ChromeDriver
Capabilities {acceptInsecureCerts: true, browserName: chrome-headless-shell, browserVersion: 126.0.6478.127, chrome: {chromedriverVersion: 126.0.6478.126 (d36ace6122e..., userDataDir: C:\Users\KAJALS~1\AppData\L...}, fedcm:accounts: true, goog:chromeOptions: {debuggerAddress: localhost:56910}, networkConnectionEnabled: false, pageLoadStrategy: normal, platformName: windows, proxy: Proxy(), se:cdp: ws://localhost:56910/devtoo..., se:cdpVersion: 126.0.6478.127, setWindowRect: true, strictFileInteractability: false, timeouts: {implicit: 0, pageLoad: 300000, script: 30000}, unhandledPromptBehavior: dismiss and notify, webauthn:extension:credBlob: true, webauthn:extension:largeBlob: true, webauthn:extension:minPinLength: true, webauthn:extension:prf: true, webauthn:virtualAuthenticators: true}
Session ID: 6d35321617766318c2b41ae5b0aad149
	at org.testng.Assert.fail(Assert.java:111)
	at zapcg.Capillary.PageObject.memberDetailsPage.verifyTheMemberDetailsContentDisplaying(memberDetailsPage.java:191)
	at zapcg.Capillary.MemberDetailsTestCases.memberDetails_TestCases.verify_MemberDetails_ContentDisplaying(memberDetails_TestCases.java:67)
	at java.base/jdk.internal.reflect.NativeMethodAccessorImpl.invoke0(Native Method)
	at java.base/jdk.internal.reflect.NativeMethodAccessorImpl.invoke(NativeMethodAccessorImpl.java:64)
	at java.base/jdk.internal.reflect.DelegatingMethodAccessorImpl.invoke(DelegatingMethodAccessorImpl.java:43)
	at java.base/java.lang.reflect.Method.invoke(Method.java:564)
	at org.testng.internal.invokers.MethodInvocationHelper.invokeMethod(MethodInvocationHelper.java:141)
	at org.testng.internal.invokers.TestInvoker.invokeMethod(TestInvoker.java:686)
	at org.testng.internal.invokers.TestInvoker.invokeTestMethod(TestInvoker.java:230)
	at org.testng.internal.invokers.MethodRunner.runInSequence(MethodRunner.java:63)
	at org.testng.internal.invokers.TestInvoker$MethodInvocationAgent.invoke(TestInvoker.java:992)
	at org.testng.internal.invokers.TestInvoker.invokeTestMethods(TestInvoker.java:203)
	at org.testng.internal.invokers.TestMethodWorker.invokeTestMethods(TestMethodWorker.java:154)
	at org.testng.internal.invokers.TestMethodWorker.run(TestMethodWorker.java:134)
	at java.base/java.util.ArrayList.forEach(ArrayList.java:1511)
	at org.testng.TestRunner.privateRun(TestRunner.java:739)
	at org.testng.TestRunner.run(TestRunner.java:614)
	at org.testng.SuiteRunner.runTest(SuiteRunner.java:421)
	at org.testng.SuiteRunner$SuiteWorker.run(SuiteRunner.java:463)
	at org.testng.internal.thread.ThreadUtil.lambda$execute$0(ThreadUtil.java:64)
	at java.base/java.util.concurrent.FutureTask.run(FutureTask.java:264)
	at java.base/java.util.concurrent.ThreadPoolExecutor.runWorker(ThreadPoolExecutor.java:1130)
	at java.base/java.util.concurrent.ThreadPoolExecutor$Worker.run(ThreadPoolExecutor.java:630)
	at java.base/java.lang.Thread.run(Thread.java:832)
</pre></div></td>
<td>31</td>
<td>zapcg.Capillary.MemberDetailsTestCases.memberDetails_TestCases@1c9f0a20</td></tr>
<tr>
<td title='zapcg.Capillary.LocationPageTestCases.Location_ExistingUser_TestCases.navigated_From_Location_To_LookupScreen_With_Valid_Inputs()'><b>navigated_From_Location_To_LookupScreen_With_Valid_Inputs</b><br>Test class: zapcg.Capillary.LocationPageTestCases.Location_ExistingUser_TestCases</td>
<td><div><pre>org.openqa.selenium.ElementClickInterceptedException: element click intercepted: Element &lt;button class=&quot;MuiButtonBase-root MuiButton-root MuiButton-contained MuiButton-containedPrimary MuiButton-sizeMedium MuiButton-containedSizeMedium MuiButton-colorPrimary MuiButton-root MuiButton-contained MuiButton-containedPrimary MuiButton-sizeMedium MuiButton-containedSizeMedium MuiButton-colorPrimary css-y7km40&quot; tabindex=&quot;0&quot; type=&quot;button&quot; data-testid=&quot;LS014B&quot; id=&quot;LS014B&quot;&gt;...&lt;/button&gt; is not clickable at point (384, 534). Other element would receive the click: &lt;li tabindex=&quot;-1&quot; role=&quot;option&quot; id=&quot;LS013OP1&quot; data-option-index=&quot;1&quot; aria-disabled=&quot;false&quot; aria-selected=&quot;false&quot; class=&quot;MuiAutocomplete-option&quot; data-testid=&quot;LS013OP1&quot;&gt;...&lt;/li&gt;
  (Session info: chrome-headless-shell=126.0.6478.127)
Build info: version: &apos;4.22.0&apos;, revision: &apos;c5f3146703*&apos;
System info: os.name: &apos;Windows 10&apos;, os.arch: &apos;amd64&apos;, os.version: &apos;10.0&apos;, java.version: &apos;15.0.2&apos;
Driver info: org.openqa.selenium.chrome.ChromeDriver
Command: [18cc4e3e6a69caa498e72b4494e1c4b6, clickElement {id=f.F59B5D73D2A68EB287A1F0C18BB6593F.d.5602CFCA4E807FD8C1A8F3079D7C7C37.e.57}]
Capabilities {acceptInsecureCerts: true, browserName: chrome-headless-shell, browserVersion: 126.0.6478.127, chrome: {chromedriverVersion: 126.0.6478.126 (d36ace6122e..., userDataDir: C:\Users\KAJALS~1\AppData\L...}, fedcm:accounts: true, goog:chromeOptions: {debuggerAddress: localhost:57490}, networkConnectionEnabled: false, pageLoadStrategy: normal, platformName: windows, proxy: Proxy(), se:cdp: ws://localhost:57490/devtoo..., se:cdpVersion: 126.0.6478.127, setWindowRect: true, strictFileInteractability: false, timeouts: {implicit: 0, pageLoad: 300000, script: 30000}, unhandledPromptBehavior: dismiss and notify, webauthn:extension:credBlob: true, webauthn:extension:largeBlob: true, webauthn:extension:minPinLength: true, webauthn:extension:prf: true, webauthn:virtualAuthenticators: true}
Element: [[ChromeDriver: chrome-headless-shell on windows (18cc4e3e6a69caa498e72b4494e1c4b6)] -&gt; xpath: //button[@id=&apos;LS014B&apos;]]
Session ID: 18cc4e3e6a69caa498e72b4494e1c4b6
	at org.openqa.selenium.remote.ErrorCodec.decode(ErrorCodec.java:167)
	at org.openqa.selenium.remote.codec.w3c.W3CHttpResponseCodec.decode(W3CHttpResponseCodec.java:138)
	at org.openqa.selenium.remote.codec.w3c.W3CHttpResponseCodec.decode(W3CHttpResponseCodec.java:50)
	at org.openqa.selenium.remote.HttpCommandExecutor.execute(HttpCommandExecutor.java:190)
	at org.openqa.selenium.remote.service.DriverCommandExecutor.invokeExecute(DriverCommandExecutor.java:216)
	at org.openqa.selenium.remote.service.DriverCommandExecutor.execute(DriverCommandExecutor.java:174)
	at org.openqa.selenium.remote.RemoteWebDriver.execute(RemoteWebDriver.java:518)
	at org.openqa.selenium.remote.RemoteWebElement.execute(RemoteWebElement.java:223)
	at org.openqa.selenium.remote.RemoteWebElement.click(RemoteWebElement.java:76)
	at org.openqa.selenium.support.pagefactory.internal.LocatingElementHandler.invoke(LocatingElementHandler.java:51)
	at com.sun.proxy.$Proxy18.click(Unknown Source)
	at zapcg.Capillary.PageObject.locationSelectionPage.clickOnChooseLocationButton(locationSelectionPage.java:160)
	at zapcg.Capillary.LocationPageTestCases.Location_ExistingUser_TestCases.navigated_From_Location_To_LookupScreen_With_Valid_Inputs(Location_ExistingUser_TestCases.java:208)
	at java.base/java.util.ArrayList.forEach(ArrayList.java:1511)
	at java.base/java.util.concurrent.FutureTask.run(FutureTask.java:264)
	at java.base/java.util.concurrent.ThreadPoolExecutor.runWorker(ThreadPoolExecutor.java:1130)
	at java.base/java.util.concurrent.ThreadPoolExecutor$Worker.run(ThreadPoolExecutor.java:630)
	at java.base/java.lang.Thread.run(Thread.java:832)
... Removed 25 stack frames</pre></div><a href='#' onClick='toggleBox("stack-trace1695018225", this, "Click to show all stack frames", "Click to hide stack frames")'>Click to show all stack frames</a>
<div class='stack-trace' id='stack-trace1695018225'><pre>org.openqa.selenium.ElementClickInterceptedException: element click intercepted: Element &lt;button class=&quot;MuiButtonBase-root MuiButton-root MuiButton-contained MuiButton-containedPrimary MuiButton-sizeMedium MuiButton-containedSizeMedium MuiButton-colorPrimary MuiButton-root MuiButton-contained MuiButton-containedPrimary MuiButton-sizeMedium MuiButton-containedSizeMedium MuiButton-colorPrimary css-y7km40&quot; tabindex=&quot;0&quot; type=&quot;button&quot; data-testid=&quot;LS014B&quot; id=&quot;LS014B&quot;&gt;...&lt;/button&gt; is not clickable at point (384, 534). Other element would receive the click: &lt;li tabindex=&quot;-1&quot; role=&quot;option&quot; id=&quot;LS013OP1&quot; data-option-index=&quot;1&quot; aria-disabled=&quot;false&quot; aria-selected=&quot;false&quot; class=&quot;MuiAutocomplete-option&quot; data-testid=&quot;LS013OP1&quot;&gt;...&lt;/li&gt;
  (Session info: chrome-headless-shell=126.0.6478.127)
Build info: version: &apos;4.22.0&apos;, revision: &apos;c5f3146703*&apos;
System info: os.name: &apos;Windows 10&apos;, os.arch: &apos;amd64&apos;, os.version: &apos;10.0&apos;, java.version: &apos;15.0.2&apos;
Driver info: org.openqa.selenium.chrome.ChromeDriver
Command: [18cc4e3e6a69caa498e72b4494e1c4b6, clickElement {id=f.F59B5D73D2A68EB287A1F0C18BB6593F.d.5602CFCA4E807FD8C1A8F3079D7C7C37.e.57}]
Capabilities {acceptInsecureCerts: true, browserName: chrome-headless-shell, browserVersion: 126.0.6478.127, chrome: {chromedriverVersion: 126.0.6478.126 (d36ace6122e..., userDataDir: C:\Users\KAJALS~1\AppData\L...}, fedcm:accounts: true, goog:chromeOptions: {debuggerAddress: localhost:57490}, networkConnectionEnabled: false, pageLoadStrategy: normal, platformName: windows, proxy: Proxy(), se:cdp: ws://localhost:57490/devtoo..., se:cdpVersion: 126.0.6478.127, setWindowRect: true, strictFileInteractability: false, timeouts: {implicit: 0, pageLoad: 300000, script: 30000}, unhandledPromptBehavior: dismiss and notify, webauthn:extension:credBlob: true, webauthn:extension:largeBlob: true, webauthn:extension:minPinLength: true, webauthn:extension:prf: true, webauthn:virtualAuthenticators: true}
Element: [[ChromeDriver: chrome-headless-shell on windows (18cc4e3e6a69caa498e72b4494e1c4b6)] -&gt; xpath: //button[@id=&apos;LS014B&apos;]]
Session ID: 18cc4e3e6a69caa498e72b4494e1c4b6
	at java.base/jdk.internal.reflect.NativeConstructorAccessorImpl.newInstance0(Native Method)
	at java.base/jdk.internal.reflect.NativeConstructorAccessorImpl.newInstance(NativeConstructorAccessorImpl.java:64)
	at java.base/jdk.internal.reflect.DelegatingConstructorAccessorImpl.newInstance(DelegatingConstructorAccessorImpl.java:45)
	at java.base/java.lang.reflect.Constructor.newInstanceWithCaller(Constructor.java:500)
	at java.base/java.lang.reflect.Constructor.newInstance(Constructor.java:481)
	at org.openqa.selenium.remote.ErrorCodec.decode(ErrorCodec.java:167)
	at org.openqa.selenium.remote.codec.w3c.W3CHttpResponseCodec.decode(W3CHttpResponseCodec.java:138)
	at org.openqa.selenium.remote.codec.w3c.W3CHttpResponseCodec.decode(W3CHttpResponseCodec.java:50)
	at org.openqa.selenium.remote.HttpCommandExecutor.execute(HttpCommandExecutor.java:190)
	at org.openqa.selenium.remote.service.DriverCommandExecutor.invokeExecute(DriverCommandExecutor.java:216)
	at org.openqa.selenium.remote.service.DriverCommandExecutor.execute(DriverCommandExecutor.java:174)
	at org.openqa.selenium.remote.RemoteWebDriver.execute(RemoteWebDriver.java:518)
	at org.openqa.selenium.remote.RemoteWebElement.execute(RemoteWebElement.java:223)
	at org.openqa.selenium.remote.RemoteWebElement.click(RemoteWebElement.java:76)
	at jdk.internal.reflect.GeneratedMethodAccessor1.invoke(Unknown Source)
	at java.base/jdk.internal.reflect.DelegatingMethodAccessorImpl.invoke(DelegatingMethodAccessorImpl.java:43)
	at java.base/java.lang.reflect.Method.invoke(Method.java:564)
	at org.openqa.selenium.support.pagefactory.internal.LocatingElementHandler.invoke(LocatingElementHandler.java:51)
	at com.sun.proxy.$Proxy18.click(Unknown Source)
	at zapcg.Capillary.PageObject.locationSelectionPage.clickOnChooseLocationButton(locationSelectionPage.java:160)
	at zapcg.Capillary.LocationPageTestCases.Location_ExistingUser_TestCases.navigated_From_Location_To_LookupScreen_With_Valid_Inputs(Location_ExistingUser_TestCases.java:208)
	at java.base/jdk.internal.reflect.NativeMethodAccessorImpl.invoke0(Native Method)
	at java.base/jdk.internal.reflect.NativeMethodAccessorImpl.invoke(NativeMethodAccessorImpl.java:64)
	at java.base/jdk.internal.reflect.DelegatingMethodAccessorImpl.invoke(DelegatingMethodAccessorImpl.java:43)
	at java.base/java.lang.reflect.Method.invoke(Method.java:564)
	at org.testng.internal.invokers.MethodInvocationHelper.invokeMethod(MethodInvocationHelper.java:141)
	at org.testng.internal.invokers.TestInvoker.invokeMethod(TestInvoker.java:686)
	at org.testng.internal.invokers.TestInvoker.invokeTestMethod(TestInvoker.java:230)
	at org.testng.internal.invokers.MethodRunner.runInSequence(MethodRunner.java:63)
	at org.testng.internal.invokers.TestInvoker$MethodInvocationAgent.invoke(TestInvoker.java:992)
	at org.testng.internal.invokers.TestInvoker.invokeTestMethods(TestInvoker.java:203)
	at org.testng.internal.invokers.TestMethodWorker.invokeTestMethods(TestMethodWorker.java:154)
	at org.testng.internal.invokers.TestMethodWorker.run(TestMethodWorker.java:134)
	at java.base/java.util.ArrayList.forEach(ArrayList.java:1511)
	at org.testng.TestRunner.privateRun(TestRunner.java:739)
	at org.testng.TestRunner.run(TestRunner.java:614)
	at org.testng.SuiteRunner.runTest(SuiteRunner.java:421)
	at org.testng.SuiteRunner$SuiteWorker.run(SuiteRunner.java:463)
	at org.testng.internal.thread.ThreadUtil.lambda$execute$0(ThreadUtil.java:64)
	at java.base/java.util.concurrent.FutureTask.run(FutureTask.java:264)
	at java.base/java.util.concurrent.ThreadPoolExecutor.runWorker(ThreadPoolExecutor.java:1130)
	at java.base/java.util.concurrent.ThreadPoolExecutor$Worker.run(ThreadPoolExecutor.java:630)
	at java.base/java.lang.Thread.run(Thread.java:832)
</pre></div></td>
<td>2</td>
<td>zapcg.Capillary.LocationPageTestCases.Location_ExistingUser_TestCases@630cb4a4</td></tr>
<tr>
<td title='zapcg.Capillary.EarnPointPageTestCases.EarnPoint_Invalid_TestCases.goTOPassPoint_More_Than_TransactionAmount()'><b>goTOPassPoint_More_Than_TransactionAmount</b><br>Test class: zapcg.Capillary.EarnPointPageTestCases.EarnPoint_Invalid_TestCases</td>
<td><div><pre>java.lang.AssertionError: An error occurred while verifying the Validation message: Expected condition failed: waiting for visibility of Proxy element for: DefaultElementLocator &apos;By.xpath: //p[@id=&apos;EP041-helper-text&apos; and contains(text(),&apos;Entered Go To Pass points used is more than the Transaction Amount&apos;)]&apos; (tried for 10 second(s) with 500 milliseconds interval)
	at zapcg.Capillary.PageObject.earnPointsPage.verifyValidationMessageIfGoToPassIsGreaterThanTxnAmt(earnPointsPage.java:839)
	at zapcg.Capillary.EarnPointPageTestCases.EarnPoint_Invalid_TestCases.goTOPassPoint_More_Than_TransactionAmount(EarnPoint_Invalid_TestCases.java:79)
	at java.base/java.util.ArrayList.forEach(ArrayList.java:1511)
	at java.base/java.util.concurrent.FutureTask.run(FutureTask.java:264)
	at java.base/java.util.concurrent.ThreadPoolExecutor.runWorker(ThreadPoolExecutor.java:1130)
	at java.base/java.util.concurrent.ThreadPoolExecutor$Worker.run(ThreadPoolExecutor.java:630)
	at java.base/java.lang.Thread.run(Thread.java:832)
... Removed 18 stack frames</pre></div><a href='#' onClick='toggleBox("stack-trace459534922", this, "Click to show all stack frames", "Click to hide stack frames")'>Click to show all stack frames</a>
<div class='stack-trace' id='stack-trace459534922'><pre>java.lang.AssertionError: An error occurred while verifying the Validation message: Expected condition failed: waiting for visibility of Proxy element for: DefaultElementLocator &apos;By.xpath: //p[@id=&apos;EP041-helper-text&apos; and contains(text(),&apos;Entered Go To Pass points used is more than the Transaction Amount&apos;)]&apos; (tried for 10 second(s) with 500 milliseconds interval)
	at org.testng.Assert.fail(Assert.java:111)
	at zapcg.Capillary.PageObject.earnPointsPage.verifyValidationMessageIfGoToPassIsGreaterThanTxnAmt(earnPointsPage.java:839)
	at zapcg.Capillary.EarnPointPageTestCases.EarnPoint_Invalid_TestCases.goTOPassPoint_More_Than_TransactionAmount(EarnPoint_Invalid_TestCases.java:79)
	at java.base/jdk.internal.reflect.NativeMethodAccessorImpl.invoke0(Native Method)
	at java.base/jdk.internal.reflect.NativeMethodAccessorImpl.invoke(NativeMethodAccessorImpl.java:64)
	at java.base/jdk.internal.reflect.DelegatingMethodAccessorImpl.invoke(DelegatingMethodAccessorImpl.java:43)
	at java.base/java.lang.reflect.Method.invoke(Method.java:564)
	at org.testng.internal.invokers.MethodInvocationHelper.invokeMethod(MethodInvocationHelper.java:141)
	at org.testng.internal.invokers.TestInvoker.invokeMethod(TestInvoker.java:686)
	at org.testng.internal.invokers.TestInvoker.invokeTestMethod(TestInvoker.java:230)
	at org.testng.internal.invokers.MethodRunner.runInSequence(MethodRunner.java:63)
	at org.testng.internal.invokers.TestInvoker$MethodInvocationAgent.invoke(TestInvoker.java:992)
	at org.testng.internal.invokers.TestInvoker.invokeTestMethods(TestInvoker.java:203)
	at org.testng.internal.invokers.TestMethodWorker.invokeTestMethods(TestMethodWorker.java:154)
	at org.testng.internal.invokers.TestMethodWorker.run(TestMethodWorker.java:134)
	at java.base/java.util.ArrayList.forEach(ArrayList.java:1511)
	at org.testng.TestRunner.privateRun(TestRunner.java:739)
	at org.testng.TestRunner.run(TestRunner.java:614)
	at org.testng.SuiteRunner.runTest(SuiteRunner.java:421)
	at org.testng.SuiteRunner$SuiteWorker.run(SuiteRunner.java:463)
	at org.testng.internal.thread.ThreadUtil.lambda$execute$0(ThreadUtil.java:64)
	at java.base/java.util.concurrent.FutureTask.run(FutureTask.java:264)
	at java.base/java.util.concurrent.ThreadPoolExecutor.runWorker(ThreadPoolExecutor.java:1130)
	at java.base/java.util.concurrent.ThreadPoolExecutor$Worker.run(ThreadPoolExecutor.java:630)
	at java.base/java.lang.Thread.run(Thread.java:832)
</pre></div></td>
<td>60</td>
<td>zapcg.Capillary.EarnPointPageTestCases.EarnPoint_Invalid_TestCases@19fe4644</td></tr>
<tr>
<td title='zapcg.Capillary.LocationPageTestCases.Location_ExistingUser_TestCases.verify_Header_Of_MemberLookup_Screen()'><b>verify_Header_Of_MemberLookup_Screen</b><br>Test class: zapcg.Capillary.LocationPageTestCases.Location_ExistingUser_TestCases</td>
<td><div><pre>java.lang.AssertionError: An error occurred while verifying the dropdown selections: element click intercepted: Element &lt;button class=&quot;MuiButtonBase-root MuiButton-root MuiButton-contained MuiButton-containedPrimary MuiButton-sizeMedium MuiButton-containedSizeMedium MuiButton-colorPrimary MuiButton-root MuiButton-contained MuiButton-containedPrimary MuiButton-sizeMedium MuiButton-containedSizeMedium MuiButton-colorPrimary css-y7km40&quot; tabindex=&quot;0&quot; type=&quot;button&quot; data-testid=&quot;LS014B&quot; id=&quot;LS014B&quot;&gt;...&lt;/button&gt; is not clickable at point (384, 534). Other element would receive the click: &lt;li tabindex=&quot;-1&quot; role=&quot;option&quot; id=&quot;LS013OP1&quot; data-option-index=&quot;1&quot; aria-disabled=&quot;false&quot; aria-selected=&quot;false&quot; class=&quot;MuiAutocomplete-option&quot; data-testid=&quot;LS013OP1&quot;&gt;...&lt;/li&gt;
  (Session info: chrome-headless-shell=126.0.6478.127)
Build info: version: &apos;4.22.0&apos;, revision: &apos;c5f3146703*&apos;
System info: os.name: &apos;Windows 10&apos;, os.arch: &apos;amd64&apos;, os.version: &apos;10.0&apos;, java.version: &apos;15.0.2&apos;
Driver info: org.openqa.selenium.chrome.ChromeDriver
Command: [419c482b0f1c8fcf7f2facbb197d0205, clickElement {id=f.F6CC2ADAAFF337FE737E02AF3F452D7E.d.860B80AC65B8BC10C3C00EE6735C26C1.e.46}]
Capabilities {acceptInsecureCerts: true, browserName: chrome-headless-shell, browserVersion: 126.0.6478.127, chrome: {chromedriverVersion: 126.0.6478.126 (d36ace6122e..., userDataDir: C:\Users\KAJALS~1\AppData\L...}, fedcm:accounts: true, goog:chromeOptions: {debuggerAddress: localhost:57185}, networkConnectionEnabled: false, pageLoadStrategy: normal, platformName: windows, proxy: Proxy(), se:cdp: ws://localhost:57185/devtoo..., se:cdpVersion: 126.0.6478.127, setWindowRect: true, strictFileInteractability: false, timeouts: {implicit: 0, pageLoad: 300000, script: 30000}, unhandledPromptBehavior: dismiss and notify, webauthn:extension:credBlob: true, webauthn:extension:largeBlob: true, webauthn:extension:minPinLength: true, webauthn:extension:prf: true, webauthn:virtualAuthenticators: true}
Element: [[ChromeDriver: chrome-headless-shell on windows (419c482b0f1c8fcf7f2facbb197d0205)] -&gt; xpath: //button[@id=&apos;LS014B&apos;]]
Session ID: 419c482b0f1c8fcf7f2facbb197d0205
	at zapcg.Capillary.LocationPageTestCases.Location_ExistingUser_TestCases.verify_Header_Of_MemberLookup_Screen(Location_ExistingUser_TestCases.java:152)
	at java.base/java.util.ArrayList.forEach(ArrayList.java:1511)
	at java.base/java.util.concurrent.FutureTask.run(FutureTask.java:264)
	at java.base/java.util.concurrent.ThreadPoolExecutor.runWorker(ThreadPoolExecutor.java:1130)
	at java.base/java.util.concurrent.ThreadPoolExecutor$Worker.run(ThreadPoolExecutor.java:630)
	at java.base/java.lang.Thread.run(Thread.java:832)
... Removed 18 stack frames</pre></div><a href='#' onClick='toggleBox("stack-trace1954635896", this, "Click to show all stack frames", "Click to hide stack frames")'>Click to show all stack frames</a>
<div class='stack-trace' id='stack-trace1954635896'><pre>java.lang.AssertionError: An error occurred while verifying the dropdown selections: element click intercepted: Element &lt;button class=&quot;MuiButtonBase-root MuiButton-root MuiButton-contained MuiButton-containedPrimary MuiButton-sizeMedium MuiButton-containedSizeMedium MuiButton-colorPrimary MuiButton-root MuiButton-contained MuiButton-containedPrimary MuiButton-sizeMedium MuiButton-containedSizeMedium MuiButton-colorPrimary css-y7km40&quot; tabindex=&quot;0&quot; type=&quot;button&quot; data-testid=&quot;LS014B&quot; id=&quot;LS014B&quot;&gt;...&lt;/button&gt; is not clickable at point (384, 534). Other element would receive the click: &lt;li tabindex=&quot;-1&quot; role=&quot;option&quot; id=&quot;LS013OP1&quot; data-option-index=&quot;1&quot; aria-disabled=&quot;false&quot; aria-selected=&quot;false&quot; class=&quot;MuiAutocomplete-option&quot; data-testid=&quot;LS013OP1&quot;&gt;...&lt;/li&gt;
  (Session info: chrome-headless-shell=126.0.6478.127)
Build info: version: &apos;4.22.0&apos;, revision: &apos;c5f3146703*&apos;
System info: os.name: &apos;Windows 10&apos;, os.arch: &apos;amd64&apos;, os.version: &apos;10.0&apos;, java.version: &apos;15.0.2&apos;
Driver info: org.openqa.selenium.chrome.ChromeDriver
Command: [419c482b0f1c8fcf7f2facbb197d0205, clickElement {id=f.F6CC2ADAAFF337FE737E02AF3F452D7E.d.860B80AC65B8BC10C3C00EE6735C26C1.e.46}]
Capabilities {acceptInsecureCerts: true, browserName: chrome-headless-shell, browserVersion: 126.0.6478.127, chrome: {chromedriverVersion: 126.0.6478.126 (d36ace6122e..., userDataDir: C:\Users\KAJALS~1\AppData\L...}, fedcm:accounts: true, goog:chromeOptions: {debuggerAddress: localhost:57185}, networkConnectionEnabled: false, pageLoadStrategy: normal, platformName: windows, proxy: Proxy(), se:cdp: ws://localhost:57185/devtoo..., se:cdpVersion: 126.0.6478.127, setWindowRect: true, strictFileInteractability: false, timeouts: {implicit: 0, pageLoad: 300000, script: 30000}, unhandledPromptBehavior: dismiss and notify, webauthn:extension:credBlob: true, webauthn:extension:largeBlob: true, webauthn:extension:minPinLength: true, webauthn:extension:prf: true, webauthn:virtualAuthenticators: true}
Element: [[ChromeDriver: chrome-headless-shell on windows (419c482b0f1c8fcf7f2facbb197d0205)] -&gt; xpath: //button[@id=&apos;LS014B&apos;]]
Session ID: 419c482b0f1c8fcf7f2facbb197d0205
	at org.testng.Assert.fail(Assert.java:111)
	at zapcg.Capillary.LocationPageTestCases.Location_ExistingUser_TestCases.verify_Header_Of_MemberLookup_Screen(Location_ExistingUser_TestCases.java:152)
	at java.base/jdk.internal.reflect.NativeMethodAccessorImpl.invoke0(Native Method)
	at java.base/jdk.internal.reflect.NativeMethodAccessorImpl.invoke(NativeMethodAccessorImpl.java:64)
	at java.base/jdk.internal.reflect.DelegatingMethodAccessorImpl.invoke(DelegatingMethodAccessorImpl.java:43)
	at java.base/java.lang.reflect.Method.invoke(Method.java:564)
	at org.testng.internal.invokers.MethodInvocationHelper.invokeMethod(MethodInvocationHelper.java:141)
	at org.testng.internal.invokers.TestInvoker.invokeMethod(TestInvoker.java:686)
	at org.testng.internal.invokers.TestInvoker.invokeTestMethod(TestInvoker.java:230)
	at org.testng.internal.invokers.MethodRunner.runInSequence(MethodRunner.java:63)
	at org.testng.internal.invokers.TestInvoker$MethodInvocationAgent.invoke(TestInvoker.java:992)
	at org.testng.internal.invokers.TestInvoker.invokeTestMethods(TestInvoker.java:203)
	at org.testng.internal.invokers.TestMethodWorker.invokeTestMethods(TestMethodWorker.java:154)
	at org.testng.internal.invokers.TestMethodWorker.run(TestMethodWorker.java:134)
	at java.base/java.util.ArrayList.forEach(ArrayList.java:1511)
	at org.testng.TestRunner.privateRun(TestRunner.java:739)
	at org.testng.TestRunner.run(TestRunner.java:614)
	at org.testng.SuiteRunner.runTest(SuiteRunner.java:421)
	at org.testng.SuiteRunner$SuiteWorker.run(SuiteRunner.java:463)
	at org.testng.internal.thread.ThreadUtil.lambda$execute$0(ThreadUtil.java:64)
	at java.base/java.util.concurrent.FutureTask.run(FutureTask.java:264)
	at java.base/java.util.concurrent.ThreadPoolExecutor.runWorker(ThreadPoolExecutor.java:1130)
	at java.base/java.util.concurrent.ThreadPoolExecutor$Worker.run(ThreadPoolExecutor.java:630)
	at java.base/java.lang.Thread.run(Thread.java:832)
</pre></div></td>
<td>3</td>
<td>zapcg.Capillary.LocationPageTestCases.Location_ExistingUser_TestCases@630cb4a4</td></tr>
<tr>
<td title='zapcg.Capillary.LocationPageTestCases.Location_ExistingUser_TestCases.choose_ValidLocation_For_NewUser()'><b>choose_ValidLocation_For_NewUser</b><br>Test class: zapcg.Capillary.LocationPageTestCases.Location_ExistingUser_TestCases</td>
<td><div><pre>org.openqa.selenium.ElementClickInterceptedException: element click intercepted: Element &lt;button class=&quot;MuiButtonBase-root MuiButton-root MuiButton-contained MuiButton-containedPrimary MuiButton-sizeMedium MuiButton-containedSizeMedium MuiButton-colorPrimary MuiButton-root MuiButton-contained MuiButton-containedPrimary MuiButton-sizeMedium MuiButton-containedSizeMedium MuiButton-colorPrimary css-y7km40&quot; tabindex=&quot;0&quot; type=&quot;button&quot; data-testid=&quot;LS014B&quot; id=&quot;LS014B&quot;&gt;...&lt;/button&gt; is not clickable at point (384, 534). Other element would receive the click: &lt;li tabindex=&quot;-1&quot; role=&quot;option&quot; id=&quot;LS013OP1&quot; data-option-index=&quot;1&quot; aria-disabled=&quot;false&quot; aria-selected=&quot;false&quot; class=&quot;MuiAutocomplete-option&quot; data-testid=&quot;LS013OP1&quot;&gt;...&lt;/li&gt;
  (Session info: chrome-headless-shell=126.0.6478.127)
Build info: version: &apos;4.22.0&apos;, revision: &apos;c5f3146703*&apos;
System info: os.name: &apos;Windows 10&apos;, os.arch: &apos;amd64&apos;, os.version: &apos;10.0&apos;, java.version: &apos;15.0.2&apos;
Driver info: org.openqa.selenium.chrome.ChromeDriver
Command: [90f65e8b65c58996e1731ecc4039f010, clickElement {id=f.C034E98EC876238CBE2469B4A39D7FB7.d.C353E149041B54D3B35D046668BF4D5D.e.61}]
Capabilities {acceptInsecureCerts: true, browserName: chrome-headless-shell, browserVersion: 126.0.6478.127, chrome: {chromedriverVersion: 126.0.6478.126 (d36ace6122e..., userDataDir: C:\Users\KAJALS~1\AppData\L...}, fedcm:accounts: true, goog:chromeOptions: {debuggerAddress: localhost:56383}, networkConnectionEnabled: false, pageLoadStrategy: normal, platformName: windows, proxy: Proxy(), se:cdp: ws://localhost:56383/devtoo..., se:cdpVersion: 126.0.6478.127, setWindowRect: true, strictFileInteractability: false, timeouts: {implicit: 0, pageLoad: 300000, script: 30000}, unhandledPromptBehavior: dismiss and notify, webauthn:extension:credBlob: true, webauthn:extension:largeBlob: true, webauthn:extension:minPinLength: true, webauthn:extension:prf: true, webauthn:virtualAuthenticators: true}
Element: [[ChromeDriver: chrome-headless-shell on windows (90f65e8b65c58996e1731ecc4039f010)] -&gt; xpath: //button[@id=&apos;LS014B&apos;]]
Session ID: 90f65e8b65c58996e1731ecc4039f010
	at org.openqa.selenium.remote.ErrorCodec.decode(ErrorCodec.java:167)
	at org.openqa.selenium.remote.codec.w3c.W3CHttpResponseCodec.decode(W3CHttpResponseCodec.java:138)
	at org.openqa.selenium.remote.codec.w3c.W3CHttpResponseCodec.decode(W3CHttpResponseCodec.java:50)
	at org.openqa.selenium.remote.HttpCommandExecutor.execute(HttpCommandExecutor.java:190)
	at org.openqa.selenium.remote.service.DriverCommandExecutor.invokeExecute(DriverCommandExecutor.java:216)
	at org.openqa.selenium.remote.service.DriverCommandExecutor.execute(DriverCommandExecutor.java:174)
	at org.openqa.selenium.remote.RemoteWebDriver.execute(RemoteWebDriver.java:518)
	at org.openqa.selenium.remote.RemoteWebElement.execute(RemoteWebElement.java:223)
	at org.openqa.selenium.remote.RemoteWebElement.click(RemoteWebElement.java:76)
	at org.openqa.selenium.support.pagefactory.internal.LocatingElementHandler.invoke(LocatingElementHandler.java:51)
	at com.sun.proxy.$Proxy18.click(Unknown Source)
	at zapcg.Capillary.PageObject.locationSelectionPage.clickOnChooseLocationButton(locationSelectionPage.java:160)
	at zapcg.Capillary.LocationPageTestCases.Location_ExistingUser_TestCases.choose_ValidLocation_For_NewUser(Location_ExistingUser_TestCases.java:54)
	at java.base/java.util.ArrayList.forEach(ArrayList.java:1511)
	at java.base/java.util.concurrent.FutureTask.run(FutureTask.java:264)
	at java.base/java.util.concurrent.ThreadPoolExecutor.runWorker(ThreadPoolExecutor.java:1130)
	at java.base/java.util.concurrent.ThreadPoolExecutor$Worker.run(ThreadPoolExecutor.java:630)
	at java.base/java.lang.Thread.run(Thread.java:832)
... Removed 26 stack frames</pre></div><a href='#' onClick='toggleBox("stack-trace341072607", this, "Click to show all stack frames", "Click to hide stack frames")'>Click to show all stack frames</a>
<div class='stack-trace' id='stack-trace341072607'><pre>org.openqa.selenium.ElementClickInterceptedException: element click intercepted: Element &lt;button class=&quot;MuiButtonBase-root MuiButton-root MuiButton-contained MuiButton-containedPrimary MuiButton-sizeMedium MuiButton-containedSizeMedium MuiButton-colorPrimary MuiButton-root MuiButton-contained MuiButton-containedPrimary MuiButton-sizeMedium MuiButton-containedSizeMedium MuiButton-colorPrimary css-y7km40&quot; tabindex=&quot;0&quot; type=&quot;button&quot; data-testid=&quot;LS014B&quot; id=&quot;LS014B&quot;&gt;...&lt;/button&gt; is not clickable at point (384, 534). Other element would receive the click: &lt;li tabindex=&quot;-1&quot; role=&quot;option&quot; id=&quot;LS013OP1&quot; data-option-index=&quot;1&quot; aria-disabled=&quot;false&quot; aria-selected=&quot;false&quot; class=&quot;MuiAutocomplete-option&quot; data-testid=&quot;LS013OP1&quot;&gt;...&lt;/li&gt;
  (Session info: chrome-headless-shell=126.0.6478.127)
Build info: version: &apos;4.22.0&apos;, revision: &apos;c5f3146703*&apos;
System info: os.name: &apos;Windows 10&apos;, os.arch: &apos;amd64&apos;, os.version: &apos;10.0&apos;, java.version: &apos;15.0.2&apos;
Driver info: org.openqa.selenium.chrome.ChromeDriver
Command: [90f65e8b65c58996e1731ecc4039f010, clickElement {id=f.C034E98EC876238CBE2469B4A39D7FB7.d.C353E149041B54D3B35D046668BF4D5D.e.61}]
Capabilities {acceptInsecureCerts: true, browserName: chrome-headless-shell, browserVersion: 126.0.6478.127, chrome: {chromedriverVersion: 126.0.6478.126 (d36ace6122e..., userDataDir: C:\Users\KAJALS~1\AppData\L...}, fedcm:accounts: true, goog:chromeOptions: {debuggerAddress: localhost:56383}, networkConnectionEnabled: false, pageLoadStrategy: normal, platformName: windows, proxy: Proxy(), se:cdp: ws://localhost:56383/devtoo..., se:cdpVersion: 126.0.6478.127, setWindowRect: true, strictFileInteractability: false, timeouts: {implicit: 0, pageLoad: 300000, script: 30000}, unhandledPromptBehavior: dismiss and notify, webauthn:extension:credBlob: true, webauthn:extension:largeBlob: true, webauthn:extension:minPinLength: true, webauthn:extension:prf: true, webauthn:virtualAuthenticators: true}
Element: [[ChromeDriver: chrome-headless-shell on windows (90f65e8b65c58996e1731ecc4039f010)] -&gt; xpath: //button[@id=&apos;LS014B&apos;]]
Session ID: 90f65e8b65c58996e1731ecc4039f010
	at java.base/jdk.internal.reflect.NativeConstructorAccessorImpl.newInstance0(Native Method)
	at java.base/jdk.internal.reflect.NativeConstructorAccessorImpl.newInstance(NativeConstructorAccessorImpl.java:64)
	at java.base/jdk.internal.reflect.DelegatingConstructorAccessorImpl.newInstance(DelegatingConstructorAccessorImpl.java:45)
	at java.base/java.lang.reflect.Constructor.newInstanceWithCaller(Constructor.java:500)
	at java.base/java.lang.reflect.Constructor.newInstance(Constructor.java:481)
	at org.openqa.selenium.remote.ErrorCodec.decode(ErrorCodec.java:167)
	at org.openqa.selenium.remote.codec.w3c.W3CHttpResponseCodec.decode(W3CHttpResponseCodec.java:138)
	at org.openqa.selenium.remote.codec.w3c.W3CHttpResponseCodec.decode(W3CHttpResponseCodec.java:50)
	at org.openqa.selenium.remote.HttpCommandExecutor.execute(HttpCommandExecutor.java:190)
	at org.openqa.selenium.remote.service.DriverCommandExecutor.invokeExecute(DriverCommandExecutor.java:216)
	at org.openqa.selenium.remote.service.DriverCommandExecutor.execute(DriverCommandExecutor.java:174)
	at org.openqa.selenium.remote.RemoteWebDriver.execute(RemoteWebDriver.java:518)
	at org.openqa.selenium.remote.RemoteWebElement.execute(RemoteWebElement.java:223)
	at org.openqa.selenium.remote.RemoteWebElement.click(RemoteWebElement.java:76)
	at java.base/jdk.internal.reflect.NativeMethodAccessorImpl.invoke0(Native Method)
	at java.base/jdk.internal.reflect.NativeMethodAccessorImpl.invoke(NativeMethodAccessorImpl.java:64)
	at java.base/jdk.internal.reflect.DelegatingMethodAccessorImpl.invoke(DelegatingMethodAccessorImpl.java:43)
	at java.base/java.lang.reflect.Method.invoke(Method.java:564)
	at org.openqa.selenium.support.pagefactory.internal.LocatingElementHandler.invoke(LocatingElementHandler.java:51)
	at com.sun.proxy.$Proxy18.click(Unknown Source)
	at zapcg.Capillary.PageObject.locationSelectionPage.clickOnChooseLocationButton(locationSelectionPage.java:160)
	at zapcg.Capillary.LocationPageTestCases.Location_ExistingUser_TestCases.choose_ValidLocation_For_NewUser(Location_ExistingUser_TestCases.java:54)
	at java.base/jdk.internal.reflect.NativeMethodAccessorImpl.invoke0(Native Method)
	at java.base/jdk.internal.reflect.NativeMethodAccessorImpl.invoke(NativeMethodAccessorImpl.java:64)
	at java.base/jdk.internal.reflect.DelegatingMethodAccessorImpl.invoke(DelegatingMethodAccessorImpl.java:43)
	at java.base/java.lang.reflect.Method.invoke(Method.java:564)
	at org.testng.internal.invokers.MethodInvocationHelper.invokeMethod(MethodInvocationHelper.java:141)
	at org.testng.internal.invokers.TestInvoker.invokeMethod(TestInvoker.java:686)
	at org.testng.internal.invokers.TestInvoker.invokeTestMethod(TestInvoker.java:230)
	at org.testng.internal.invokers.MethodRunner.runInSequence(MethodRunner.java:63)
	at org.testng.internal.invokers.TestInvoker$MethodInvocationAgent.invoke(TestInvoker.java:992)
	at org.testng.internal.invokers.TestInvoker.invokeTestMethods(TestInvoker.java:203)
	at org.testng.internal.invokers.TestMethodWorker.invokeTestMethods(TestMethodWorker.java:154)
	at org.testng.internal.invokers.TestMethodWorker.run(TestMethodWorker.java:134)
	at java.base/java.util.ArrayList.forEach(ArrayList.java:1511)
	at org.testng.TestRunner.privateRun(TestRunner.java:739)
	at org.testng.TestRunner.run(TestRunner.java:614)
	at org.testng.SuiteRunner.runTest(SuiteRunner.java:421)
	at org.testng.SuiteRunner$SuiteWorker.run(SuiteRunner.java:463)
	at org.testng.internal.thread.ThreadUtil.lambda$execute$0(ThreadUtil.java:64)
	at java.base/java.util.concurrent.FutureTask.run(FutureTask.java:264)
	at java.base/java.util.concurrent.ThreadPoolExecutor.runWorker(ThreadPoolExecutor.java:1130)
	at java.base/java.util.concurrent.ThreadPoolExecutor$Worker.run(ThreadPoolExecutor.java:630)
	at java.base/java.lang.Thread.run(Thread.java:832)
</pre></div></td>
<td>3</td>
<td>zapcg.Capillary.LocationPageTestCases.Location_ExistingUser_TestCases@630cb4a4</td></tr>
<tr>
<td title='zapcg.Capillary.EarnPointPageTestCases.EarnPoint_Valid_TestCases.verify_ExceedThresold_SuccessMessage()'><b>verify_ExceedThresold_SuccessMessage</b><br>Test class: zapcg.Capillary.EarnPointPageTestCases.EarnPoint_Valid_TestCases</td>
<td><div><pre>java.lang.NullPointerException: Cannot invoke &quot;org.openqa.selenium.SearchContext.findElement(org.openqa.selenium.By)&quot; because &quot;this.searchContext&quot; is null
	at org.openqa.selenium.support.pagefactory.DefaultElementLocator.findElement(DefaultElementLocator.java:68)
	at org.openqa.selenium.support.pagefactory.internal.LocatingElementHandler.invoke(LocatingElementHandler.java:38)
	at com.sun.proxy.$Proxy18.sendKeys(Unknown Source)
	at zapcg.Capillary.PageObject.memberLookupPage.enterMemberId(memberLookupPage.java:94)
	at zapcg.Capillary.EarnPointPageTestCases.EarnPoint_Valid_TestCases.verify_ExceedThresold_SuccessMessage(EarnPoint_Valid_TestCases.java:288)
	at java.base/java.util.ArrayList.forEach(ArrayList.java:1511)
	at java.base/java.util.concurrent.FutureTask.run(FutureTask.java:264)
	at java.base/java.util.concurrent.ThreadPoolExecutor.runWorker(ThreadPoolExecutor.java:1130)
	at java.base/java.util.concurrent.ThreadPoolExecutor$Worker.run(ThreadPoolExecutor.java:630)
	at java.base/java.lang.Thread.run(Thread.java:832)
... Removed 17 stack frames</pre></div><a href='#' onClick='toggleBox("stack-trace2070535463", this, "Click to show all stack frames", "Click to hide stack frames")'>Click to show all stack frames</a>
<div class='stack-trace' id='stack-trace2070535463'><pre>java.lang.NullPointerException: Cannot invoke &quot;org.openqa.selenium.SearchContext.findElement(org.openqa.selenium.By)&quot; because &quot;this.searchContext&quot; is null
	at org.openqa.selenium.support.pagefactory.DefaultElementLocator.findElement(DefaultElementLocator.java:68)
	at org.openqa.selenium.support.pagefactory.internal.LocatingElementHandler.invoke(LocatingElementHandler.java:38)
	at com.sun.proxy.$Proxy18.sendKeys(Unknown Source)
	at zapcg.Capillary.PageObject.memberLookupPage.enterMemberId(memberLookupPage.java:94)
	at zapcg.Capillary.EarnPointPageTestCases.EarnPoint_Valid_TestCases.verify_ExceedThresold_SuccessMessage(EarnPoint_Valid_TestCases.java:288)
	at java.base/jdk.internal.reflect.NativeMethodAccessorImpl.invoke0(Native Method)
	at java.base/jdk.internal.reflect.NativeMethodAccessorImpl.invoke(NativeMethodAccessorImpl.java:64)
	at java.base/jdk.internal.reflect.DelegatingMethodAccessorImpl.invoke(DelegatingMethodAccessorImpl.java:43)
	at java.base/java.lang.reflect.Method.invoke(Method.java:564)
	at org.testng.internal.invokers.MethodInvocationHelper.invokeMethod(MethodInvocationHelper.java:141)
	at org.testng.internal.invokers.TestInvoker.invokeMethod(TestInvoker.java:686)
	at org.testng.internal.invokers.TestInvoker.invokeTestMethod(TestInvoker.java:230)
	at org.testng.internal.invokers.MethodRunner.runInSequence(MethodRunner.java:63)
	at org.testng.internal.invokers.TestInvoker$MethodInvocationAgent.invoke(TestInvoker.java:992)
	at org.testng.internal.invokers.TestInvoker.invokeTestMethods(TestInvoker.java:203)
	at org.testng.internal.invokers.TestMethodWorker.invokeTestMethods(TestMethodWorker.java:154)
	at org.testng.internal.invokers.TestMethodWorker.run(TestMethodWorker.java:134)
	at java.base/java.util.ArrayList.forEach(ArrayList.java:1511)
	at org.testng.TestRunner.privateRun(TestRunner.java:739)
	at org.testng.TestRunner.run(TestRunner.java:614)
	at org.testng.SuiteRunner.runTest(SuiteRunner.java:421)
	at org.testng.SuiteRunner$SuiteWorker.run(SuiteRunner.java:463)
	at org.testng.internal.thread.ThreadUtil.lambda$execute$0(ThreadUtil.java:64)
	at java.base/java.util.concurrent.FutureTask.run(FutureTask.java:264)
	at java.base/java.util.concurrent.ThreadPoolExecutor.runWorker(ThreadPoolExecutor.java:1130)
	at java.base/java.util.concurrent.ThreadPoolExecutor$Worker.run(ThreadPoolExecutor.java:630)
	at java.base/java.lang.Thread.run(Thread.java:832)
</pre></div></td>
<td>1</td>
<td>zapcg.Capillary.EarnPointPageTestCases.EarnPoint_Valid_TestCases@31e3250d</td></tr>
</table><p>
<table width='100%' border='1' class='invocation-passed'>
<tr><td colspan='4' align='center'><b>PASSED TESTS</b></td></tr>
<tr><td><b>Test method</b></td>
<td><b>Attribute(s)</b></td>
<td width="30%"><b>Exception</b></td>
<td width="10%"><b>Time (seconds)</b></td>
<td><b>Instance</b></td>
</tr>
<tr>
<td title='zapcg.Capillary.LoginTestCases.Login_Invalid_TestCases.verify_Enabled_LoginButton()'><b>verify_Enabled_LoginButton</b><br>Test class: zapcg.Capillary.LoginTestCases.Login_Invalid_TestCases</td>
<td></td>
<td>2</td>
<td>zapcg.Capillary.LoginTestCases.Login_Invalid_TestCases@56c9bbd8</td></tr>
<tr>
<td title='zapcg.Capillary.LoginTestCases.Login_Invalid_TestCases.verify_Disabled_LoginButton_EmptyPassword()'><b>verify_Disabled_LoginButton_EmptyPassword</b><br>Test class: zapcg.Capillary.LoginTestCases.Login_Invalid_TestCases</td>
<td></td>
<td>0</td>
<td>zapcg.Capillary.LoginTestCases.Login_Invalid_TestCases@56c9bbd8</td></tr>
<tr>
<td title='zapcg.Capillary.EarnPointPageTestCases.EarnPoint_Invalid_TestCases.verify_With_Empty_TransactionAmount()'><b>verify_With_Empty_TransactionAmount</b><br>Test class: zapcg.Capillary.EarnPointPageTestCases.EarnPoint_Invalid_TestCases</td>
<td></td>
<td>0</td>
<td>zapcg.Capillary.EarnPointPageTestCases.EarnPoint_Invalid_TestCases@19fe4644</td></tr>
<tr>
<td title='zapcg.Capillary.EarnPointPageTestCases.EarnPoint_Valid_TestCases.verify_HamBurger_LogoutOption_From_EarnPoint_Page()'><b>verify_HamBurger_LogoutOption_From_EarnPoint_Page</b><br>Test class: zapcg.Capillary.EarnPointPageTestCases.EarnPoint_Valid_TestCases</td>
<td></td>
<td>1</td>
<td>zapcg.Capillary.EarnPointPageTestCases.EarnPoint_Valid_TestCases@31e3250d</td></tr>
<tr>
<td title='zapcg.Capillary.EarnPointPageTestCases.EarnPoint_Valid_TestCases.verify_NonEditable_TimeField()'><b>verify_NonEditable_TimeField</b><br>Test class: zapcg.Capillary.EarnPointPageTestCases.EarnPoint_Valid_TestCases</td>
<td></td>
<td>0</td>
<td>zapcg.Capillary.EarnPointPageTestCases.EarnPoint_Valid_TestCases@31e3250d</td></tr>
<tr>
<td title='zapcg.Capillary.MemberDetailsTestCases.memberDetails_TestCases.verify_Hamburger_LocationOption_On_MemberDetails()'><b>verify_Hamburger_LocationOption_On_MemberDetails</b><br>Test class: zapcg.Capillary.MemberDetailsTestCases.memberDetails_TestCases</td>
<td></td>
<td>2</td>
<td>zapcg.Capillary.MemberDetailsTestCases.memberDetails_TestCases@1c9f0a20</td></tr>
<tr>
<td title='zapcg.Capillary.LocationPageTestCases.Location_ExistingUser_TestCases.hamburgerIcon_MemberLookup_Navigation_From_LocationScreen()'><b>hamburgerIcon_MemberLookup_Navigation_From_LocationScreen</b><br>Test class: zapcg.Capillary.LocationPageTestCases.Location_ExistingUser_TestCases</td>
<td></td>
<td>0</td>
<td>zapcg.Capillary.LocationPageTestCases.Location_ExistingUser_TestCases@630cb4a4</td></tr>
<tr>
<td title='zapcg.Capillary.MemberLookupTestCases.memberLookup_Invalid_TestCases.verify_MemberId_Field_MaxLength()'><b>verify_MemberId_Field_MaxLength</b><br>Test class: zapcg.Capillary.MemberLookupTestCases.memberLookup_Invalid_TestCases</td>
<td></td>
<td>3</td>
<td>zapcg.Capillary.MemberLookupTestCases.memberLookup_Invalid_TestCases@f79a760</td></tr>
<tr>
<td title='zapcg.Capillary.MemberLookupTestCases.memberLookup_Invalid_TestCases.verify_Invalid_MemberID()'><b>verify_Invalid_MemberID</b><br>Test class: zapcg.Capillary.MemberLookupTestCases.memberLookup_Invalid_TestCases</td>
<td></td>
<td>3</td>
<td>zapcg.Capillary.MemberLookupTestCases.memberLookup_Invalid_TestCases@f79a760</td></tr>
<tr>
<td title='zapcg.Capillary.LocationPageTestCases.Location_ExistingUser_TestCases.verify_Choose_Location_Button_Availability()'><b>verify_Choose_Location_Button_Availability</b><br>Test class: zapcg.Capillary.LocationPageTestCases.Location_ExistingUser_TestCases</td>
<td></td>
<td>1</td>
<td>zapcg.Capillary.LocationPageTestCases.Location_ExistingUser_TestCases@630cb4a4</td></tr>
<tr>
<td title='zapcg.Capillary.MemberDetailsTestCases.memberDetails_TestCases.verify_Enabled_EnterReceiptDetails_Button()'><b>verify_Enabled_EnterReceiptDetails_Button</b><br>Test class: zapcg.Capillary.MemberDetailsTestCases.memberDetails_TestCases</td>
<td></td>
<td>1</td>
<td>zapcg.Capillary.MemberDetailsTestCases.memberDetails_TestCases@1c9f0a20</td></tr>
<tr>
<td title='zapcg.Capillary.MemberLookupTestCases.memberLookup_Invalid_TestCases.verify_CardNumber_Field_MaxLength()'><b>verify_CardNumber_Field_MaxLength</b><br>Test class: zapcg.Capillary.MemberLookupTestCases.memberLookup_Invalid_TestCases</td>
<td></td>
<td>3</td>
<td>zapcg.Capillary.MemberLookupTestCases.memberLookup_Invalid_TestCases@f79a760</td></tr>
<tr>
<td title='zapcg.Capillary.EarnPointPageTestCases.EarnPoint_Valid_TestCases.verify_Eligible_EarningPoints()'><b>verify_Eligible_EarningPoints</b><br>Test class: zapcg.Capillary.EarnPointPageTestCases.EarnPoint_Valid_TestCases</td>
<td></td>
<td>0</td>
<td>zapcg.Capillary.EarnPointPageTestCases.EarnPoint_Valid_TestCases@31e3250d</td></tr>
<tr>
<td title='zapcg.Capillary.EarnPointPageTestCases.EarnPoint_Valid_TestCases.verify_TaxAssumedAmount()'><b>verify_TaxAssumedAmount</b><br>Test class: zapcg.Capillary.EarnPointPageTestCases.EarnPoint_Valid_TestCases</td>
<td></td>
<td>0</td>
<td>zapcg.Capillary.EarnPointPageTestCases.EarnPoint_Valid_TestCases@31e3250d</td></tr>
<tr>
<td title='zapcg.Capillary.EarnPointPageTestCases.EarnPoint_Valid_TestCases.verify_BackButton_Navigation_On_EarnPoint_Page()'><b>verify_BackButton_Navigation_On_EarnPoint_Page</b><br>Test class: zapcg.Capillary.EarnPointPageTestCases.EarnPoint_Valid_TestCases</td>
<td></td>
<td>0</td>
<td>zapcg.Capillary.EarnPointPageTestCases.EarnPoint_Valid_TestCases@31e3250d</td></tr>
<tr>
<td title='zapcg.Capillary.LoginTestCases.Login_Valid_TestCases.testValidLogin_TestCase1()'><b>testValidLogin_TestCase1</b><br>Test class: zapcg.Capillary.LoginTestCases.Login_Valid_TestCases</td>
<td></td>
<td>1</td>
<td>zapcg.Capillary.LoginTestCases.Login_Valid_TestCases@14c01636</td></tr>
<tr>
<td title='zapcg.Capillary.LocationPageTestCases.Location_ExistingUser_TestCases.verify_Able_To_SelectOption_From_DropDown()'><b>verify_Able_To_SelectOption_From_DropDown</b><br>Test class: zapcg.Capillary.LocationPageTestCases.Location_ExistingUser_TestCases</td>
<td></td>
<td>0</td>
<td>zapcg.Capillary.LocationPageTestCases.Location_ExistingUser_TestCases@630cb4a4</td></tr>
<tr>
<td title='zapcg.Capillary.EarnPointPageTestCases.EarnPoint_Valid_TestCases.verify_Hamburger_LocationOption_From_EarnPoint_Page()'><b>verify_Hamburger_LocationOption_From_EarnPoint_Page</b><br>Test class: zapcg.Capillary.EarnPointPageTestCases.EarnPoint_Valid_TestCases</td>
<td></td>
<td>1</td>
<td>zapcg.Capillary.EarnPointPageTestCases.EarnPoint_Valid_TestCases@31e3250d</td></tr>
<tr>
<td title='zapcg.Capillary.LoginTestCases.Login_Invalid_TestCases.test_MinLength_Password()'><b>test_MinLength_Password</b><br>Test class: zapcg.Capillary.LoginTestCases.Login_Invalid_TestCases</td>
<td></td>
<td>0</td>
<td>zapcg.Capillary.LoginTestCases.Login_Invalid_TestCases@56c9bbd8</td></tr>
<tr>
<td title='zapcg.Capillary.EarnPointPageTestCases.EarnPoint_Invalid_TestCases.empty_TxnAmount_But_GoToPassPointValue()'><b>empty_TxnAmount_But_GoToPassPointValue</b><br>Test class: zapcg.Capillary.EarnPointPageTestCases.EarnPoint_Invalid_TestCases</td>
<td></td>
<td>0</td>
<td>zapcg.Capillary.EarnPointPageTestCases.EarnPoint_Invalid_TestCases@19fe4644</td></tr>
<tr>
<td title='zapcg.Capillary.LoginTestCases.Login_Invalid_TestCases.test_Invalid_Password()'><b>test_Invalid_Password</b><br>Test class: zapcg.Capillary.LoginTestCases.Login_Invalid_TestCases</td>
<td></td>
<td>1</td>
<td>zapcg.Capillary.LoginTestCases.Login_Invalid_TestCases@56c9bbd8</td></tr>
<tr>
<td title='zapcg.Capillary.MemberDetailsTestCases.memberDetails_TestCases.verify_MemberDetails_Displaying()'><b>verify_MemberDetails_Displaying</b><br>Test class: zapcg.Capillary.MemberDetailsTestCases.memberDetails_TestCases</td>
<td></td>
<td>1</td>
<td>zapcg.Capillary.MemberDetailsTestCases.memberDetails_TestCases@1c9f0a20</td></tr>
<tr>
<td title='zapcg.Capillary.EarnPointPageTestCases.EarnPoint_Valid_TestCases.verify_Time_Equal_To_System_CurrentTime()'><b>verify_Time_Equal_To_System_CurrentTime</b><br>Test class: zapcg.Capillary.EarnPointPageTestCases.EarnPoint_Valid_TestCases</td>
<td></td>
<td>0</td>
<td>zapcg.Capillary.EarnPointPageTestCases.EarnPoint_Valid_TestCases@31e3250d</td></tr>
<tr>
<td title='zapcg.Capillary.EarnPointPageTestCases.EarnPoint_Valid_TestCases.verify_NonEditable_LocationField()'><b>verify_NonEditable_LocationField</b><br>Test class: zapcg.Capillary.EarnPointPageTestCases.EarnPoint_Valid_TestCases</td>
<td></td>
<td>0</td>
<td>zapcg.Capillary.EarnPointPageTestCases.EarnPoint_Valid_TestCases@31e3250d</td></tr>
<tr>
<td title='zapcg.Capillary.MemberDetailsTestCases.memberDetails_TestCases.verify_MemberDetails_Navigation_From_MeberLookupScreen_To_MemberDetailsPage()'><b>verify_MemberDetails_Navigation_From_MeberLookupScreen_To_MemberDetailsPage</b><br>Test class: zapcg.Capillary.MemberDetailsTestCases.memberDetails_TestCases</td>
<td></td>
<td>1</td>
<td>zapcg.Capillary.MemberDetailsTestCases.memberDetails_TestCases@1c9f0a20</td></tr>
<tr>
<td title='zapcg.Capillary.EarnPointPageTestCases.GoToPassPointMoreThanAvailablePoint.verify_ValidationMessage_If_GoToPass_Is_Greater_Than_AvailablePoints()'><b>verify_ValidationMessage_If_GoToPass_Is_Greater_Than_AvailablePoints</b><br>Test class: zapcg.Capillary.EarnPointPageTestCases.GoToPassPointMoreThanAvailablePoint</td>
<td></td>
<td>0</td>
<td>zapcg.Capillary.EarnPointPageTestCases.GoToPassPointMoreThanAvailablePoint@21d8bcbe</td></tr>
<tr>
<td title='zapcg.Capillary.MemberLookupTestCases.MemberLookup_Valid_TestCases.verifyScanButtonAvailability()'><b>verifyScanButtonAvailability</b><br>Test class: zapcg.Capillary.MemberLookupTestCases.MemberLookup_Valid_TestCases</td>
<td></td>
<td>1</td>
<td>zapcg.Capillary.MemberLookupTestCases.MemberLookup_Valid_TestCases@636e8cc</td></tr>
<tr>
<td title='zapcg.Capillary.EarnPointPageTestCases.EarnPoint_Valid_TestCases.verify_EarnPoints_Navigation_From_MeberDetailsScreen()'><b>verify_EarnPoints_Navigation_From_MeberDetailsScreen</b><br>Test class: zapcg.Capillary.EarnPointPageTestCases.EarnPoint_Valid_TestCases</td>
<td></td>
<td>0</td>
<td>zapcg.Capillary.EarnPointPageTestCases.EarnPoint_Valid_TestCases@31e3250d</td></tr>
<tr>
<td title='zapcg.Capillary.EarnPointPageTestCases.EarnPoint_Valid_TestCases.empty_TxnAmount_But_GoToPassPoint_Value()'><b>empty_TxnAmount_But_GoToPassPoint_Value</b><br>Test class: zapcg.Capillary.EarnPointPageTestCases.EarnPoint_Valid_TestCases</td>
<td></td>
<td>0</td>
<td>zapcg.Capillary.EarnPointPageTestCases.EarnPoint_Valid_TestCases@31e3250d</td></tr>
<tr>
<td title='zapcg.Capillary.MemberLookupTestCases.MemberLookup_Valid_TestCases.hamburgerIcon_Logout_From_MemberLookup()'><b>hamburgerIcon_Logout_From_MemberLookup</b><br>Test class: zapcg.Capillary.MemberLookupTestCases.MemberLookup_Valid_TestCases</td>
<td></td>
<td>1</td>
<td>zapcg.Capillary.MemberLookupTestCases.MemberLookup_Valid_TestCases@636e8cc</td></tr>
<tr>
<td title='zapcg.Capillary.LoginTestCases.Login_Invalid_TestCases.verify_Disabled_LoginButton_EmptyUsernamePassword_TestCase10()'><b>verify_Disabled_LoginButton_EmptyUsernamePassword_TestCase10</b><br>Test class: zapcg.Capillary.LoginTestCases.Login_Invalid_TestCases</td>
<td></td>
<td>0</td>
<td>zapcg.Capillary.LoginTestCases.Login_Invalid_TestCases@56c9bbd8</td></tr>
<tr>
<td title='zapcg.Capillary.EarnPointPageTestCases.EarnPoint_Valid_TestCases.verifySuccessMessageForOnlyTransactionAmount()'><b>verifySuccessMessageForOnlyTransactionAmount</b><br>Test class: zapcg.Capillary.EarnPointPageTestCases.EarnPoint_Valid_TestCases</td>
<td></td>
<td>3</td>
<td>zapcg.Capillary.EarnPointPageTestCases.EarnPoint_Valid_TestCases@31e3250d</td></tr>
<tr>
<td title='zapcg.Capillary.LocationPageTestCases.Location_ExistingUser_TestCases.hamburger_Icon_Logout_From_LocationScreen()'><b>hamburger_Icon_Logout_From_LocationScreen</b><br>Test class: zapcg.Capillary.LocationPageTestCases.Location_ExistingUser_TestCases</td>
<td></td>
<td>0</td>
<td>zapcg.Capillary.LocationPageTestCases.Location_ExistingUser_TestCases@630cb4a4</td></tr>
<tr>
<td title='zapcg.Capillary.EarnPointPageTestCases.EarnPoint_Valid_TestCases.verify_Hamburger_MemberLookupOption_From_EarnPoint_Page()'><b>verify_Hamburger_MemberLookupOption_From_EarnPoint_Page</b><br>Test class: zapcg.Capillary.EarnPointPageTestCases.EarnPoint_Valid_TestCases</td>
<td></td>
<td>1</td>
<td>zapcg.Capillary.EarnPointPageTestCases.EarnPoint_Valid_TestCases@31e3250d</td></tr>
<tr>
<td title='zapcg.Capillary.EarnPointPageTestCases.EarnPoint_Valid_TestCases.verify_With_Empty_TransactionAmount()'><b>verify_With_Empty_TransactionAmount</b><br>Test class: zapcg.Capillary.EarnPointPageTestCases.EarnPoint_Valid_TestCases</td>
<td></td>
<td>0</td>
<td>zapcg.Capillary.EarnPointPageTestCases.EarnPoint_Valid_TestCases@31e3250d</td></tr>
<tr>
<td title='zapcg.Capillary.LoginTestCases.Login_Invalid_TestCases.test_Username_WithSpaces()'><b>test_Username_WithSpaces</b><br>Test class: zapcg.Capillary.LoginTestCases.Login_Invalid_TestCases</td>
<td></td>
<td>0</td>
<td>zapcg.Capillary.LoginTestCases.Login_Invalid_TestCases@56c9bbd8</td></tr>
<tr>
<td title='zapcg.Capillary.MemberLookupTestCases.MemberLookup_Valid_TestCases.verify_Header_Hyperlink()'><b>verify_Header_Hyperlink</b><br>Test class: zapcg.Capillary.MemberLookupTestCases.MemberLookup_Valid_TestCases</td>
<td></td>
<td>1</td>
<td>zapcg.Capillary.MemberLookupTestCases.MemberLookup_Valid_TestCases@636e8cc</td></tr>
<tr>
<td title='zapcg.Capillary.EarnPointPageTestCases.EarnPoint_Valid_TestCases.verify_Date_Equal_To_System_CurrentDate()'><b>verify_Date_Equal_To_System_CurrentDate</b><br>Test class: zapcg.Capillary.EarnPointPageTestCases.EarnPoint_Valid_TestCases</td>
<td></td>
<td>0</td>
<td>zapcg.Capillary.EarnPointPageTestCases.EarnPoint_Valid_TestCases@31e3250d</td></tr>
<tr>
<td title='zapcg.Capillary.MemberDetailsTestCases.memberDetails_TestCases.verify_Hamburger_LogoutOption_On_MemberDetails()'><b>verify_Hamburger_LogoutOption_On_MemberDetails</b><br>Test class: zapcg.Capillary.MemberDetailsTestCases.memberDetails_TestCases</td>
<td></td>
<td>2</td>
<td>zapcg.Capillary.MemberDetailsTestCases.memberDetails_TestCases@1c9f0a20</td></tr>
<tr>
<td title='zapcg.Capillary.EarnPointPageTestCases.EarnPoint_Valid_TestCases.verify_NonEditable_DateField()'><b>verify_NonEditable_DateField</b><br>Test class: zapcg.Capillary.EarnPointPageTestCases.EarnPoint_Valid_TestCases</td>
<td></td>
<td>0</td>
<td>zapcg.Capillary.EarnPointPageTestCases.EarnPoint_Valid_TestCases@31e3250d</td></tr>
<tr>
<td title='zapcg.Capillary.LoginTestCases.Login_Invalid_TestCases.test_TooLong_Username()'><b>test_TooLong_Username</b><br>Test class: zapcg.Capillary.LoginTestCases.Login_Invalid_TestCases</td>
<td></td>
<td>0</td>
<td>zapcg.Capillary.LoginTestCases.Login_Invalid_TestCases@56c9bbd8</td></tr>
<tr>
<td title='zapcg.Capillary.MemberDetailsTestCases.memberDetails_TestCases.verify_Header_MemberDetailsScreen()'><b>verify_Header_MemberDetailsScreen</b><br>Test class: zapcg.Capillary.MemberDetailsTestCases.memberDetails_TestCases</td>
<td></td>
<td>1</td>
<td>zapcg.Capillary.MemberDetailsTestCases.memberDetails_TestCases@1c9f0a20</td></tr>
<tr>
<td title='zapcg.Capillary.LoginTestCases.Login_Invalid_TestCases.verify_Disabled_LoginButton_EmptyUsername()'><b>verify_Disabled_LoginButton_EmptyUsername</b><br>Test class: zapcg.Capillary.LoginTestCases.Login_Invalid_TestCases</td>
<td></td>
<td>0</td>
<td>zapcg.Capillary.LoginTestCases.Login_Invalid_TestCases@56c9bbd8</td></tr>
<tr>
<td title='zapcg.Capillary.MemberLookupTestCases.memberLookup_Invalid_TestCases.verify_Empty_CardNumber_ButtonIsDisabled()'><b>verify_Empty_CardNumber_ButtonIsDisabled</b><br>Test class: zapcg.Capillary.MemberLookupTestCases.memberLookup_Invalid_TestCases</td>
<td></td>
<td>1</td>
<td>zapcg.Capillary.MemberLookupTestCases.memberLookup_Invalid_TestCases@f79a760</td></tr>
<tr>
<td title='zapcg.Capillary.MemberLookupTestCases.MemberLookup_Valid_TestCases.hamburgerIcon_Location_Navigation_From_MemberLookup()'><b>hamburgerIcon_Location_Navigation_From_MemberLookup</b><br>Test class: zapcg.Capillary.MemberLookupTestCases.MemberLookup_Valid_TestCases</td>
<td></td>
<td>1</td>
<td>zapcg.Capillary.MemberLookupTestCases.MemberLookup_Valid_TestCases@636e8cc</td></tr>
<tr>
<td title='zapcg.Capillary.EarnPointPageTestCases.EarnPoint_Valid_TestCases.verify_HeaderHyperlink_On_EarnPoint_Page()'><b>verify_HeaderHyperlink_On_EarnPoint_Page</b><br>Test class: zapcg.Capillary.EarnPointPageTestCases.EarnPoint_Valid_TestCases</td>
<td></td>
<td>0</td>
<td>zapcg.Capillary.EarnPointPageTestCases.EarnPoint_Valid_TestCases@31e3250d</td></tr>
<tr>
<td title='zapcg.Capillary.LocationPageTestCases.Location_ExistingUser_TestCases.verify_DropDown_Availability()'><b>verify_DropDown_Availability</b><br>Test class: zapcg.Capillary.LocationPageTestCases.Location_ExistingUser_TestCases</td>
<td></td>
<td>0</td>
<td>zapcg.Capillary.LocationPageTestCases.Location_ExistingUser_TestCases@630cb4a4</td></tr>
<tr>
<td title='zapcg.Capillary.MemberLookupTestCases.memberLookup_Invalid_TestCases.verify_Invalid_CardNumber_MinLength()'><b>verify_Invalid_CardNumber_MinLength</b><br>Test class: zapcg.Capillary.MemberLookupTestCases.memberLookup_Invalid_TestCases</td>
<td></td>
<td>3</td>
<td>zapcg.Capillary.MemberLookupTestCases.memberLookup_Invalid_TestCases@f79a760</td></tr>
<tr>
<td title='zapcg.Capillary.MemberDetailsTestCases.memberDetails_TestCases.verify_BackButton_On_MemberDetails_Screen()'><b>verify_BackButton_On_MemberDetails_Screen</b><br>Test class: zapcg.Capillary.MemberDetailsTestCases.memberDetails_TestCases</td>
<td></td>
<td>2</td>
<td>zapcg.Capillary.MemberDetailsTestCases.memberDetails_TestCases@1c9f0a20</td></tr>
<tr>
<td title='zapcg.Capillary.LocationPageTestCases.Location_ExistingUser_TestCases.hamburgerIcon_MemberLocation_Navigation_From_LocationScreen()'><b>hamburgerIcon_MemberLocation_Navigation_From_LocationScreen</b><br>Test class: zapcg.Capillary.LocationPageTestCases.Location_ExistingUser_TestCases</td>
<td></td>
<td>0</td>
<td>zapcg.Capillary.LocationPageTestCases.Location_ExistingUser_TestCases@630cb4a4</td></tr>
<tr>
<td title='zapcg.Capillary.MemberLookupTestCases.MemberLookup_Valid_TestCases.enter_Valid_MemberId()'><b>enter_Valid_MemberId</b><br>Test class: zapcg.Capillary.MemberLookupTestCases.MemberLookup_Valid_TestCases</td>
<td></td>
<td>3</td>
<td>zapcg.Capillary.MemberLookupTestCases.MemberLookup_Valid_TestCases@636e8cc</td></tr>
<tr>
<td title='zapcg.Capillary.MemberDetailsTestCases.memberDetails_TestCases.verify_Hamburger_MemberLookup_Option_on_MemberDetails()'><b>verify_Hamburger_MemberLookup_Option_on_MemberDetails</b><br>Test class: zapcg.Capillary.MemberDetailsTestCases.memberDetails_TestCases</td>
<td></td>
<td>3</td>
<td>zapcg.Capillary.MemberDetailsTestCases.memberDetails_TestCases@1c9f0a20</td></tr>
<tr>
<td title='zapcg.Capillary.LoginTestCases.Login_Invalid_TestCases.test_Invalid_Username()'><b>test_Invalid_Username</b><br>Test class: zapcg.Capillary.LoginTestCases.Login_Invalid_TestCases</td>
<td></td>
<td>1</td>
<td>zapcg.Capillary.LoginTestCases.Login_Invalid_TestCases@56c9bbd8</td></tr>
<tr>
<td title='zapcg.Capillary.MemberLookupTestCases.MemberLookup_Valid_TestCases.hamburgerIcon_MemberLookup_Navigation_From_MemberLookup()'><b>hamburgerIcon_MemberLookup_Navigation_From_MemberLookup</b><br>Test class: zapcg.Capillary.MemberLookupTestCases.MemberLookup_Valid_TestCases</td>
<td></td>
<td>1</td>
<td>zapcg.Capillary.MemberLookupTestCases.MemberLookup_Valid_TestCases@636e8cc</td></tr>
</table><p>
</body>
</html>