<?xml version="1.0" encoding="UTF-8"?>
<!-- Generated by org.testng.reporters.JUnitXMLReporter -->
<testsuite ignored="0" hostname="ZCBLRLP0293" failures="8" tests="62" name="LoginTestsChromeBrowserTabletPortrait" time="608.391" errors="0" timestamp="2024-07-09T16:01:54 IST">
  <testcase classname="zapcg.Capillary.LocationPageTestCases.Location_ExistingUser_TestCases" name="choose_ValidLocation_For_NewUser" time="3.165">
    <failure type="org.openqa.selenium.ElementClickInterceptedException" message="element click intercepted: Element &amp;lt;button class=&amp;quot;MuiButtonBase-root MuiButton-root MuiButton-contained MuiButton-containedPrimary MuiButton-sizeMedium MuiButton-containedSizeMedium MuiButton-colorPrimary MuiButton-root MuiButton-contained MuiButton-containedPrimary MuiButton-sizeMedium MuiButton-containedSizeMedium MuiButton-colorPrimary css-y7km40&amp;quot; tabindex=&amp;quot;0&amp;quot; type=&amp;quot;button&amp;quot; data-testid=&amp;quot;LS014B&amp;quot; id=&amp;quot;LS014B&amp;quot;&amp;gt;...&amp;lt;/button&amp;gt; is not clickable at point (384, 534). Other element would receive the click: &amp;lt;li tabindex=&amp;quot;-1&amp;quot; role=&amp;quot;option&amp;quot; id=&amp;quot;LS013OP1&amp;quot; data-option-index=&amp;quot;1&amp;quot; aria-disabled=&amp;quot;false&amp;quot; aria-selected=&amp;quot;false&amp;quot; class=&amp;quot;MuiAutocomplete-option&amp;quot; data-testid=&amp;quot;LS013OP1&amp;quot;&amp;gt;...&amp;lt;/li&amp;gt;
  (Session info: chrome-headless-shell=126.0.6478.127)
Build info: version: &amp;apos;4.22.0&amp;apos;, revision: &amp;apos;c5f3146703*&amp;apos;
System info: os.name: &amp;apos;Windows 10&amp;apos;, os.arch: &amp;apos;amd64&amp;apos;, os.version: &amp;apos;10.0&amp;apos;, java.version: &amp;apos;15.0.2&amp;apos;
Driver info: org.openqa.selenium.chrome.ChromeDriver
Command: [90f65e8b65c58996e1731ecc4039f010, clickElement {id=f.C034E98EC876238CBE2469B4A39D7FB7.d.C353E149041B54D3B35D046668BF4D5D.e.61}]
Capabilities {acceptInsecureCerts: true, browserName: chrome-headless-shell, browserVersion: 126.0.6478.127, chrome: {chromedriverVersion: 126.0.6478.126 (d36ace6122e..., userDataDir: C:\Users\KAJALS~1\AppData\L...}, fedcm:accounts: true, goog:chromeOptions: {debuggerAddress: localhost:56383}, networkConnectionEnabled: false, pageLoadStrategy: normal, platformName: windows, proxy: Proxy(), se:cdp: ws://localhost:56383/devtoo..., se:cdpVersion: 126.0.6478.127, setWindowRect: true, strictFileInteractability: false, timeouts: {implicit: 0, pageLoad: 300000, script: 30000}, unhandledPromptBehavior: dismiss and notify, webauthn:extension:credBlob: true, webauthn:extension:largeBlob: true, webauthn:extension:minPinLength: true, webauthn:extension:prf: true, webauthn:virtualAuthenticators: true}
Element: [[ChromeDriver: chrome-headless-shell on windows (90f65e8b65c58996e1731ecc4039f010)] -&amp;gt; xpath: //button[@id=&amp;apos;LS014B&amp;apos;]]
Session ID: 90f65e8b65c58996e1731ecc4039f010">
      <![CDATA[org.openqa.selenium.ElementClickInterceptedException: element click intercepted: Element <button class="MuiButtonBase-root MuiButton-root MuiButton-contained MuiButton-containedPrimary MuiButton-sizeMedium MuiButton-containedSizeMedium MuiButton-colorPrimary MuiButton-root MuiButton-contained MuiButton-containedPrimary MuiButton-sizeMedium MuiButton-containedSizeMedium MuiButton-colorPrimary css-y7km40" tabindex="0" type="button" data-testid="LS014B" id="LS014B">...</button> is not clickable at point (384, 534). Other element would receive the click: <li tabindex="-1" role="option" id="LS013OP1" data-option-index="1" aria-disabled="false" aria-selected="false" class="MuiAutocomplete-option" data-testid="LS013OP1">...</li>
  (Session info: chrome-headless-shell=126.0.6478.127)
Build info: version: '4.22.0', revision: 'c5f3146703*'
System info: os.name: 'Windows 10', os.arch: 'amd64', os.version: '10.0', java.version: '15.0.2'
Driver info: org.openqa.selenium.chrome.ChromeDriver
Command: [90f65e8b65c58996e1731ecc4039f010, clickElement {id=f.C034E98EC876238CBE2469B4A39D7FB7.d.C353E149041B54D3B35D046668BF4D5D.e.61}]
Capabilities {acceptInsecureCerts: true, browserName: chrome-headless-shell, browserVersion: 126.0.6478.127, chrome: {chromedriverVersion: 126.0.6478.126 (d36ace6122e..., userDataDir: C:\Users\KAJALS~1\AppData\L...}, fedcm:accounts: true, goog:chromeOptions: {debuggerAddress: localhost:56383}, networkConnectionEnabled: false, pageLoadStrategy: normal, platformName: windows, proxy: Proxy(), se:cdp: ws://localhost:56383/devtoo..., se:cdpVersion: 126.0.6478.127, setWindowRect: true, strictFileInteractability: false, timeouts: {implicit: 0, pageLoad: 300000, script: 30000}, unhandledPromptBehavior: dismiss and notify, webauthn:extension:credBlob: true, webauthn:extension:largeBlob: true, webauthn:extension:minPinLength: true, webauthn:extension:prf: true, webauthn:virtualAuthenticators: true}
Element: [[ChromeDriver: chrome-headless-shell on windows (90f65e8b65c58996e1731ecc4039f010)] -> xpath: //button[@id='LS014B']]
Session ID: 90f65e8b65c58996e1731ecc4039f010
at org.openqa.selenium.remote.ErrorCodec.decode(ErrorCodec.java:167)
at org.openqa.selenium.remote.codec.w3c.W3CHttpResponseCodec.decode(W3CHttpResponseCodec.java:138)
at org.openqa.selenium.remote.codec.w3c.W3CHttpResponseCodec.decode(W3CHttpResponseCodec.java:50)
at org.openqa.selenium.remote.HttpCommandExecutor.execute(HttpCommandExecutor.java:190)
at org.openqa.selenium.remote.service.DriverCommandExecutor.invokeExecute(DriverCommandExecutor.java:216)
at org.openqa.selenium.remote.service.DriverCommandExecutor.execute(DriverCommandExecutor.java:174)
at org.openqa.selenium.remote.RemoteWebDriver.execute(RemoteWebDriver.java:518)
at org.openqa.selenium.remote.RemoteWebElement.execute(RemoteWebElement.java:223)
at org.openqa.selenium.remote.RemoteWebElement.click(RemoteWebElement.java:76)
at org.openqa.selenium.support.pagefactory.internal.LocatingElementHandler.invoke(LocatingElementHandler.java:51)
at com.sun.proxy.$Proxy18.click(Unknown Source)
at zapcg.Capillary.PageObject.locationSelectionPage.clickOnChooseLocationButton(locationSelectionPage.java:160)
at zapcg.Capillary.LocationPageTestCases.Location_ExistingUser_TestCases.choose_ValidLocation_For_NewUser(Location_ExistingUser_TestCases.java:54)
at java.base/java.util.ArrayList.forEach(ArrayList.java:1511)
at java.base/java.util.concurrent.FutureTask.run(FutureTask.java:264)
at java.base/java.util.concurrent.ThreadPoolExecutor.runWorker(ThreadPoolExecutor.java:1130)
at java.base/java.util.concurrent.ThreadPoolExecutor$Worker.run(ThreadPoolExecutor.java:630)
at java.base/java.lang.Thread.run(Thread.java:832)
... Removed 26 stack frames]]>
    </failure>
  </testcase> <!-- choose_ValidLocation_For_NewUser -->
  <testcase classname="zapcg.Capillary.LoginTestCases.Login_Valid_TestCases" name="testValidLogin_TestCase1" time="1.679"/>
  <testcase classname="zapcg.Capillary.LoginTestCases.Login_Invalid_TestCases" name="test_Invalid_Username" time="1.997"/>
  <testcase classname="zapcg.Capillary.MemberLookupTestCases.MemberLookup_Valid_TestCases" name="verifyScanButtonAvailability" time="1.907"/>
  <testcase classname="zapcg.Capillary.MemberLookupTestCases.memberLookup_Invalid_TestCases" name="verify_Invalid_MemberID" time="3.03"/>
  <testcase classname="zapcg.Capillary.MemberDetailsTestCases.memberDetails_TestCases" name="verify_MemberDetails_Navigation_From_MeberLookupScreen_To_MemberDetailsPage" time="1.341"/>
  <testcase classname="zapcg.Capillary.EarnPointPageTestCases.EarnPoint_Valid_TestCases" name="verify_NonEditable_LocationField" time="0.08"/>
  <testcase classname="zapcg.Capillary.EarnPointPageTestCases.GoToPassPointMoreThanAvailablePoint" name="verify_ValidationMessage_If_GoToPass_Is_Greater_Than_AvailablePoints" time="0.001"/>
  <testcase classname="zapcg.Capillary.EarnPointPageTestCases.EarnPoint_Invalid_TestCases" name="verify_With_Empty_TransactionAmount" time="0.152"/>
  <testcase classname="zapcg.Capillary.EarnPointPageTestCases.EarnPoint_Invalid_TestCases" name="empty_TxnAmount_But_GoToPassPointValue" time="0.255"/>
  <testcase classname="zapcg.Capillary.MemberLookupTestCases.MemberLookup_Valid_TestCases" name="enter_Valid_MemberId" time="3.256"/>
  <testcase classname="zapcg.Capillary.LoginTestCases.Login_Invalid_TestCases" name="test_Invalid_Password" time="1.96"/>
  <testcase classname="zapcg.Capillary.LocationPageTestCases.Location_ExistingUser_TestCases" name="verify_DropDown_Availability" time="0.065"/>
  <testcase classname="zapcg.Capillary.MemberDetailsTestCases.memberDetails_TestCases" name="verify_MemberDetails_Displaying" time="1.71"/>
  <testcase classname="zapcg.Capillary.MemberLookupTestCases.memberLookup_Invalid_TestCases" name="verify_MemberId_Field_MaxLength" time="3.097"/>
  <testcase classname="zapcg.Capillary.EarnPointPageTestCases.EarnPoint_Valid_TestCases" name="verify_NonEditable_DateField" time="0.05"/>
  <testcase classname="zapcg.Capillary.EarnPointPageTestCases.EarnPoint_Invalid_TestCases" name="goTOPassPoint_More_Than_TransactionAmount" time="60.534">
    <failure type="java.lang.AssertionError" message="An error occurred while verifying the Validation message: Expected condition failed: waiting for visibility of Proxy element for: DefaultElementLocator &amp;apos;By.xpath: //p[@id=&amp;apos;EP041-helper-text&amp;apos; and contains(text(),&amp;apos;Entered Go To Pass points used is more than the Transaction Amount&amp;apos;)]&amp;apos; (tried for 10 second(s) with 500 milliseconds interval)">
      <![CDATA[java.lang.AssertionError: An error occurred while verifying the Validation message: Expected condition failed: waiting for visibility of Proxy element for: DefaultElementLocator 'By.xpath: //p[@id='EP041-helper-text' and contains(text(),'Entered Go To Pass points used is more than the Transaction Amount')]' (tried for 10 second(s) with 500 milliseconds interval)
at zapcg.Capillary.PageObject.earnPointsPage.verifyValidationMessageIfGoToPassIsGreaterThanTxnAmt(earnPointsPage.java:839)
at zapcg.Capillary.EarnPointPageTestCases.EarnPoint_Invalid_TestCases.goTOPassPoint_More_Than_TransactionAmount(EarnPoint_Invalid_TestCases.java:79)
at java.base/java.util.ArrayList.forEach(ArrayList.java:1511)
at java.base/java.util.concurrent.FutureTask.run(FutureTask.java:264)
at java.base/java.util.concurrent.ThreadPoolExecutor.runWorker(ThreadPoolExecutor.java:1130)
at java.base/java.util.concurrent.ThreadPoolExecutor$Worker.run(ThreadPoolExecutor.java:630)
at java.base/java.lang.Thread.run(Thread.java:832)
... Removed 18 stack frames]]>
    </failure>
  </testcase> <!-- goTOPassPoint_More_Than_TransactionAmount -->
  <testcase classname="zapcg.Capillary.LoginTestCases.Login_Invalid_TestCases" name="test_TooLong_Username" time="0.585"/>
  <testcase classname="zapcg.Capillary.LocationPageTestCases.Location_ExistingUser_TestCases" name="verify_Able_To_SelectOption_From_DropDown" time="0.216"/>
  <testcase classname="zapcg.Capillary.MemberLookupTestCases.MemberLookup_Valid_TestCases" name="verify_Header_Hyperlink" time="1.731"/>
  <testcase classname="zapcg.Capillary.MemberLookupTestCases.memberLookup_Invalid_TestCases" name="verify_Invalid_CardNumber_MinLength" time="3.125"/>
  <testcase classname="zapcg.Capillary.MemberDetailsTestCases.memberDetails_TestCases" name="verify_MemberDetails_ContentDisplaying" time="31.808">
    <failure type="java.lang.AssertionError" message="An error occurred during Member details verification: Expected condition failed: waiting for visibility of element located by By.xpath: //h6[@id=&amp;apos;MDMBRCPEX&amp;apos;] (tried for 20 second(s) with 500 milliseconds interval)
Build info: version: &amp;apos;4.22.0&amp;apos;, revision: &amp;apos;c5f3146703*&amp;apos;
System info: os.name: &amp;apos;Windows 10&amp;apos;, os.arch: &amp;apos;amd64&amp;apos;, os.version: &amp;apos;10.0&amp;apos;, java.version: &amp;apos;15.0.2&amp;apos;
Driver info: org.openqa.selenium.chrome.ChromeDriver
Capabilities {acceptInsecureCerts: true, browserName: chrome-headless-shell, browserVersion: 126.0.6478.127, chrome: {chromedriverVersion: 126.0.6478.126 (d36ace6122e..., userDataDir: C:\Users\KAJALS~1\AppData\L...}, fedcm:accounts: true, goog:chromeOptions: {debuggerAddress: localhost:56910}, networkConnectionEnabled: false, pageLoadStrategy: normal, platformName: windows, proxy: Proxy(), se:cdp: ws://localhost:56910/devtoo..., se:cdpVersion: 126.0.6478.127, setWindowRect: true, strictFileInteractability: false, timeouts: {implicit: 0, pageLoad: 300000, script: 30000}, unhandledPromptBehavior: dismiss and notify, webauthn:extension:credBlob: true, webauthn:extension:largeBlob: true, webauthn:extension:minPinLength: true, webauthn:extension:prf: true, webauthn:virtualAuthenticators: true}
Session ID: 6d35321617766318c2b41ae5b0aad149">
      <![CDATA[java.lang.AssertionError: An error occurred during Member details verification: Expected condition failed: waiting for visibility of element located by By.xpath: //h6[@id='MDMBRCPEX'] (tried for 20 second(s) with 500 milliseconds interval)
Build info: version: '4.22.0', revision: 'c5f3146703*'
System info: os.name: 'Windows 10', os.arch: 'amd64', os.version: '10.0', java.version: '15.0.2'
Driver info: org.openqa.selenium.chrome.ChromeDriver
Capabilities {acceptInsecureCerts: true, browserName: chrome-headless-shell, browserVersion: 126.0.6478.127, chrome: {chromedriverVersion: 126.0.6478.126 (d36ace6122e..., userDataDir: C:\Users\KAJALS~1\AppData\L...}, fedcm:accounts: true, goog:chromeOptions: {debuggerAddress: localhost:56910}, networkConnectionEnabled: false, pageLoadStrategy: normal, platformName: windows, proxy: Proxy(), se:cdp: ws://localhost:56910/devtoo..., se:cdpVersion: 126.0.6478.127, setWindowRect: true, strictFileInteractability: false, timeouts: {implicit: 0, pageLoad: 300000, script: 30000}, unhandledPromptBehavior: dismiss and notify, webauthn:extension:credBlob: true, webauthn:extension:largeBlob: true, webauthn:extension:minPinLength: true, webauthn:extension:prf: true, webauthn:virtualAuthenticators: true}
Session ID: 6d35321617766318c2b41ae5b0aad149
at zapcg.Capillary.PageObject.memberDetailsPage.verifyTheMemberDetailsContentDisplaying(memberDetailsPage.java:191)
at zapcg.Capillary.MemberDetailsTestCases.memberDetails_TestCases.verify_MemberDetails_ContentDisplaying(memberDetails_TestCases.java:67)
at java.base/java.util.ArrayList.forEach(ArrayList.java:1511)
at java.base/java.util.concurrent.FutureTask.run(FutureTask.java:264)
at java.base/java.util.concurrent.ThreadPoolExecutor.runWorker(ThreadPoolExecutor.java:1130)
at java.base/java.util.concurrent.ThreadPoolExecutor$Worker.run(ThreadPoolExecutor.java:630)
at java.base/java.lang.Thread.run(Thread.java:832)
... Removed 18 stack frames]]>
    </failure>
  </testcase> <!-- verify_MemberDetails_ContentDisplaying -->
  <testcase classname="zapcg.Capillary.EarnPointPageTestCases.EarnPoint_Valid_TestCases" name="verify_NonEditable_TimeField" time="0.047"/>
  <testcase classname="zapcg.Capillary.MemberLookupTestCases.MemberLookup_Valid_TestCases" name="hamburgerIcon_MemberLookup_Navigation_From_MemberLookup" time="1.713"/>
  <testcase classname="zapcg.Capillary.LoginTestCases.Login_Invalid_TestCases" name="test_MinLength_Password" time="0.36"/>
  <testcase classname="zapcg.Capillary.MemberLookupTestCases.memberLookup_Invalid_TestCases" name="verify_CardNumber_Field_MaxLength" time="3.255"/>
  <testcase classname="zapcg.Capillary.LocationPageTestCases.Location_ExistingUser_TestCases" name="verify_Choose_Location_Button_Availability" time="1.791"/>
  <testcase classname="zapcg.Capillary.EarnPointPageTestCases.EarnPoint_Valid_TestCases" name="verify_EarnPoints_Navigation_From_MeberDetailsScreen" time="0.121"/>
  <testcase classname="zapcg.Capillary.MemberDetailsTestCases.memberDetails_TestCases" name="verify_Enabled_EnterReceiptDetails_Button" time="1.749"/>
  <testcase classname="zapcg.Capillary.MemberLookupTestCases.MemberLookup_Valid_TestCases" name="hamburgerIcon_Location_Navigation_From_MemberLookup" time="1.947"/>
  <testcase classname="zapcg.Capillary.LoginTestCases.Login_Invalid_TestCases" name="test_Username_WithSpaces" time="0.424"/>
  <testcase classname="zapcg.Capillary.MemberLookupTestCases.memberLookup_Invalid_TestCases" name="verify_Empty_CardNumber_ButtonIsDisabled" time="1.772"/>
  <testcase classname="zapcg.Capillary.MemberDetailsTestCases.memberDetails_TestCases" name="verify_Header_MemberDetailsScreen" time="1.51"/>
  <testcase classname="zapcg.Capillary.LocationPageTestCases.Location_ExistingUser_TestCases" name="verify_Header_Of_MemberLookup_Screen" time="3.067">
    <failure type="java.lang.AssertionError" message="An error occurred while verifying the dropdown selections: element click intercepted: Element &amp;lt;button class=&amp;quot;MuiButtonBase-root MuiButton-root MuiButton-contained MuiButton-containedPrimary MuiButton-sizeMedium MuiButton-containedSizeMedium MuiButton-colorPrimary MuiButton-root MuiButton-contained MuiButton-containedPrimary MuiButton-sizeMedium MuiButton-containedSizeMedium MuiButton-colorPrimary css-y7km40&amp;quot; tabindex=&amp;quot;0&amp;quot; type=&amp;quot;button&amp;quot; data-testid=&amp;quot;LS014B&amp;quot; id=&amp;quot;LS014B&amp;quot;&amp;gt;...&amp;lt;/button&amp;gt; is not clickable at point (384, 534). Other element would receive the click: &amp;lt;li tabindex=&amp;quot;-1&amp;quot; role=&amp;quot;option&amp;quot; id=&amp;quot;LS013OP1&amp;quot; data-option-index=&amp;quot;1&amp;quot; aria-disabled=&amp;quot;false&amp;quot; aria-selected=&amp;quot;false&amp;quot; class=&amp;quot;MuiAutocomplete-option&amp;quot; data-testid=&amp;quot;LS013OP1&amp;quot;&amp;gt;...&amp;lt;/li&amp;gt;
  (Session info: chrome-headless-shell=126.0.6478.127)
Build info: version: &amp;apos;4.22.0&amp;apos;, revision: &amp;apos;c5f3146703*&amp;apos;
System info: os.name: &amp;apos;Windows 10&amp;apos;, os.arch: &amp;apos;amd64&amp;apos;, os.version: &amp;apos;10.0&amp;apos;, java.version: &amp;apos;15.0.2&amp;apos;
Driver info: org.openqa.selenium.chrome.ChromeDriver
Command: [419c482b0f1c8fcf7f2facbb197d0205, clickElement {id=f.F6CC2ADAAFF337FE737E02AF3F452D7E.d.860B80AC65B8BC10C3C00EE6735C26C1.e.46}]
Capabilities {acceptInsecureCerts: true, browserName: chrome-headless-shell, browserVersion: 126.0.6478.127, chrome: {chromedriverVersion: 126.0.6478.126 (d36ace6122e..., userDataDir: C:\Users\KAJALS~1\AppData\L...}, fedcm:accounts: true, goog:chromeOptions: {debuggerAddress: localhost:57185}, networkConnectionEnabled: false, pageLoadStrategy: normal, platformName: windows, proxy: Proxy(), se:cdp: ws://localhost:57185/devtoo..., se:cdpVersion: 126.0.6478.127, setWindowRect: true, strictFileInteractability: false, timeouts: {implicit: 0, pageLoad: 300000, script: 30000}, unhandledPromptBehavior: dismiss and notify, webauthn:extension:credBlob: true, webauthn:extension:largeBlob: true, webauthn:extension:minPinLength: true, webauthn:extension:prf: true, webauthn:virtualAuthenticators: true}
Element: [[ChromeDriver: chrome-headless-shell on windows (419c482b0f1c8fcf7f2facbb197d0205)] -&amp;gt; xpath: //button[@id=&amp;apos;LS014B&amp;apos;]]
Session ID: 419c482b0f1c8fcf7f2facbb197d0205">
      <![CDATA[java.lang.AssertionError: An error occurred while verifying the dropdown selections: element click intercepted: Element <button class="MuiButtonBase-root MuiButton-root MuiButton-contained MuiButton-containedPrimary MuiButton-sizeMedium MuiButton-containedSizeMedium MuiButton-colorPrimary MuiButton-root MuiButton-contained MuiButton-containedPrimary MuiButton-sizeMedium MuiButton-containedSizeMedium MuiButton-colorPrimary css-y7km40" tabindex="0" type="button" data-testid="LS014B" id="LS014B">...</button> is not clickable at point (384, 534). Other element would receive the click: <li tabindex="-1" role="option" id="LS013OP1" data-option-index="1" aria-disabled="false" aria-selected="false" class="MuiAutocomplete-option" data-testid="LS013OP1">...</li>
  (Session info: chrome-headless-shell=126.0.6478.127)
Build info: version: '4.22.0', revision: 'c5f3146703*'
System info: os.name: 'Windows 10', os.arch: 'amd64', os.version: '10.0', java.version: '15.0.2'
Driver info: org.openqa.selenium.chrome.ChromeDriver
Command: [419c482b0f1c8fcf7f2facbb197d0205, clickElement {id=f.F6CC2ADAAFF337FE737E02AF3F452D7E.d.860B80AC65B8BC10C3C00EE6735C26C1.e.46}]
Capabilities {acceptInsecureCerts: true, browserName: chrome-headless-shell, browserVersion: 126.0.6478.127, chrome: {chromedriverVersion: 126.0.6478.126 (d36ace6122e..., userDataDir: C:\Users\KAJALS~1\AppData\L...}, fedcm:accounts: true, goog:chromeOptions: {debuggerAddress: localhost:57185}, networkConnectionEnabled: false, pageLoadStrategy: normal, platformName: windows, proxy: Proxy(), se:cdp: ws://localhost:57185/devtoo..., se:cdpVersion: 126.0.6478.127, setWindowRect: true, strictFileInteractability: false, timeouts: {implicit: 0, pageLoad: 300000, script: 30000}, unhandledPromptBehavior: dismiss and notify, webauthn:extension:credBlob: true, webauthn:extension:largeBlob: true, webauthn:extension:minPinLength: true, webauthn:extension:prf: true, webauthn:virtualAuthenticators: true}
Element: [[ChromeDriver: chrome-headless-shell on windows (419c482b0f1c8fcf7f2facbb197d0205)] -> xpath: //button[@id='LS014B']]
Session ID: 419c482b0f1c8fcf7f2facbb197d0205
at zapcg.Capillary.LocationPageTestCases.Location_ExistingUser_TestCases.verify_Header_Of_MemberLookup_Screen(Location_ExistingUser_TestCases.java:152)
at java.base/java.util.ArrayList.forEach(ArrayList.java:1511)
at java.base/java.util.concurrent.FutureTask.run(FutureTask.java:264)
at java.base/java.util.concurrent.ThreadPoolExecutor.runWorker(ThreadPoolExecutor.java:1130)
at java.base/java.util.concurrent.ThreadPoolExecutor$Worker.run(ThreadPoolExecutor.java:630)
at java.base/java.lang.Thread.run(Thread.java:832)
... Removed 18 stack frames]]>
    </failure>
  </testcase> <!-- verify_Header_Of_MemberLookup_Screen -->
  <testcase classname="zapcg.Capillary.EarnPointPageTestCases.EarnPoint_Valid_TestCases" name="verify_MemberDetails_Content_Displaying_On_EarnPointScreen" time="30.267">
    <failure type="java.lang.ClassCastException" message="class org.openqa.selenium.By$ByXPath cannot be cast to class org.openqa.selenium.WebElement (org.openqa.selenium.By$ByXPath and org.openqa.selenium.WebElement are in unnamed module of loader &amp;apos;app&amp;apos;)">
      <![CDATA[java.lang.ClassCastException: class org.openqa.selenium.By$ByXPath cannot be cast to class org.openqa.selenium.WebElement (org.openqa.selenium.By$ByXPath and org.openqa.selenium.WebElement are in unnamed module of loader 'app')
at zapcg.Capillary.PageObject.earnPointsPage.verifyTheMemberDetailsContentDisplaying(earnPointsPage.java:192)
at zapcg.Capillary.EarnPointPageTestCases.EarnPoint_Valid_TestCases.verify_MemberDetails_Content_Displaying_On_EarnPointScreen(EarnPoint_Valid_TestCases.java:86)
at java.base/java.util.ArrayList.forEach(ArrayList.java:1511)
at java.base/java.util.concurrent.FutureTask.run(FutureTask.java:264)
at java.base/java.util.concurrent.ThreadPoolExecutor.runWorker(ThreadPoolExecutor.java:1130)
at java.base/java.util.concurrent.ThreadPoolExecutor$Worker.run(ThreadPoolExecutor.java:630)
at java.base/java.lang.Thread.run(Thread.java:832)
... Removed 17 stack frames]]>
    </failure>
  </testcase> <!-- verify_MemberDetails_Content_Displaying_On_EarnPointScreen -->
  <testcase classname="zapcg.Capillary.MemberLookupTestCases.MemberLookup_Valid_TestCases" name="hamburgerIcon_Logout_From_MemberLookup" time="1.353"/>
  <testcase classname="zapcg.Capillary.LocationPageTestCases.Location_ExistingUser_TestCases" name="hamburgerIcon_MemberLookup_Navigation_From_LocationScreen" time="0.334"/>
  <testcase classname="zapcg.Capillary.LoginTestCases.Login_Invalid_TestCases" name="verify_Enabled_LoginButton" time="2.537"/>
  <testcase classname="zapcg.Capillary.EarnPointPageTestCases.EarnPoint_Valid_TestCases" name="verify_HeaderHyperlink_On_EarnPoint_Page" time="0.174"/>
  <testcase classname="zapcg.Capillary.LocationPageTestCases.Location_ExistingUser_TestCases" name="hamburgerIcon_MemberLocation_Navigation_From_LocationScreen" time="0.178"/>
  <testcase classname="zapcg.Capillary.EarnPointPageTestCases.EarnPoint_Valid_TestCases" name="verify_BackButton_Navigation_On_EarnPoint_Page" time="0.176"/>
  <testcase classname="zapcg.Capillary.LoginTestCases.Login_Invalid_TestCases" name="verify_Disabled_LoginButton_EmptyUsername" time="0.181"/>
  <testcase classname="zapcg.Capillary.MemberDetailsTestCases.memberDetails_TestCases" name="verify_Hamburger_MemberLookup_Option_on_MemberDetails" time="3.024"/>
  <testcase classname="zapcg.Capillary.LocationPageTestCases.Location_ExistingUser_TestCases" name="hamburger_Icon_Logout_From_LocationScreen" time="0.176"/>
  <testcase classname="zapcg.Capillary.LoginTestCases.Login_Invalid_TestCases" name="verify_Disabled_LoginButton_EmptyPassword" time="0.288"/>
  <testcase classname="zapcg.Capillary.MemberDetailsTestCases.memberDetails_TestCases" name="verify_Hamburger_LocationOption_On_MemberDetails" time="2.973"/>
  <testcase classname="zapcg.Capillary.EarnPointPageTestCases.EarnPoint_Valid_TestCases" name="verify_Hamburger_MemberLookupOption_From_EarnPoint_Page" time="1.299"/>
  <testcase classname="zapcg.Capillary.LocationPageTestCases.Location_ExistingUser_TestCases" name="navigated_From_Location_To_LookupScreen_With_Valid_Inputs" time="2.447">
    <failure type="org.openqa.selenium.ElementClickInterceptedException" message="element click intercepted: Element &amp;lt;button class=&amp;quot;MuiButtonBase-root MuiButton-root MuiButton-contained MuiButton-containedPrimary MuiButton-sizeMedium MuiButton-containedSizeMedium MuiButton-colorPrimary MuiButton-root MuiButton-contained MuiButton-containedPrimary MuiButton-sizeMedium MuiButton-containedSizeMedium MuiButton-colorPrimary css-y7km40&amp;quot; tabindex=&amp;quot;0&amp;quot; type=&amp;quot;button&amp;quot; data-testid=&amp;quot;LS014B&amp;quot; id=&amp;quot;LS014B&amp;quot;&amp;gt;...&amp;lt;/button&amp;gt; is not clickable at point (384, 534). Other element would receive the click: &amp;lt;li tabindex=&amp;quot;-1&amp;quot; role=&amp;quot;option&amp;quot; id=&amp;quot;LS013OP1&amp;quot; data-option-index=&amp;quot;1&amp;quot; aria-disabled=&amp;quot;false&amp;quot; aria-selected=&amp;quot;false&amp;quot; class=&amp;quot;MuiAutocomplete-option&amp;quot; data-testid=&amp;quot;LS013OP1&amp;quot;&amp;gt;...&amp;lt;/li&amp;gt;
  (Session info: chrome-headless-shell=126.0.6478.127)
Build info: version: &amp;apos;4.22.0&amp;apos;, revision: &amp;apos;c5f3146703*&amp;apos;
System info: os.name: &amp;apos;Windows 10&amp;apos;, os.arch: &amp;apos;amd64&amp;apos;, os.version: &amp;apos;10.0&amp;apos;, java.version: &amp;apos;15.0.2&amp;apos;
Driver info: org.openqa.selenium.chrome.ChromeDriver
Command: [18cc4e3e6a69caa498e72b4494e1c4b6, clickElement {id=f.F59B5D73D2A68EB287A1F0C18BB6593F.d.5602CFCA4E807FD8C1A8F3079D7C7C37.e.57}]
Capabilities {acceptInsecureCerts: true, browserName: chrome-headless-shell, browserVersion: 126.0.6478.127, chrome: {chromedriverVersion: 126.0.6478.126 (d36ace6122e..., userDataDir: C:\Users\KAJALS~1\AppData\L...}, fedcm:accounts: true, goog:chromeOptions: {debuggerAddress: localhost:57490}, networkConnectionEnabled: false, pageLoadStrategy: normal, platformName: windows, proxy: Proxy(), se:cdp: ws://localhost:57490/devtoo..., se:cdpVersion: 126.0.6478.127, setWindowRect: true, strictFileInteractability: false, timeouts: {implicit: 0, pageLoad: 300000, script: 30000}, unhandledPromptBehavior: dismiss and notify, webauthn:extension:credBlob: true, webauthn:extension:largeBlob: true, webauthn:extension:minPinLength: true, webauthn:extension:prf: true, webauthn:virtualAuthenticators: true}
Element: [[ChromeDriver: chrome-headless-shell on windows (18cc4e3e6a69caa498e72b4494e1c4b6)] -&amp;gt; xpath: //button[@id=&amp;apos;LS014B&amp;apos;]]
Session ID: 18cc4e3e6a69caa498e72b4494e1c4b6">
      <![CDATA[org.openqa.selenium.ElementClickInterceptedException: element click intercepted: Element <button class="MuiButtonBase-root MuiButton-root MuiButton-contained MuiButton-containedPrimary MuiButton-sizeMedium MuiButton-containedSizeMedium MuiButton-colorPrimary MuiButton-root MuiButton-contained MuiButton-containedPrimary MuiButton-sizeMedium MuiButton-containedSizeMedium MuiButton-colorPrimary css-y7km40" tabindex="0" type="button" data-testid="LS014B" id="LS014B">...</button> is not clickable at point (384, 534). Other element would receive the click: <li tabindex="-1" role="option" id="LS013OP1" data-option-index="1" aria-disabled="false" aria-selected="false" class="MuiAutocomplete-option" data-testid="LS013OP1">...</li>
  (Session info: chrome-headless-shell=126.0.6478.127)
Build info: version: '4.22.0', revision: 'c5f3146703*'
System info: os.name: 'Windows 10', os.arch: 'amd64', os.version: '10.0', java.version: '15.0.2'
Driver info: org.openqa.selenium.chrome.ChromeDriver
Command: [18cc4e3e6a69caa498e72b4494e1c4b6, clickElement {id=f.F59B5D73D2A68EB287A1F0C18BB6593F.d.5602CFCA4E807FD8C1A8F3079D7C7C37.e.57}]
Capabilities {acceptInsecureCerts: true, browserName: chrome-headless-shell, browserVersion: 126.0.6478.127, chrome: {chromedriverVersion: 126.0.6478.126 (d36ace6122e..., userDataDir: C:\Users\KAJALS~1\AppData\L...}, fedcm:accounts: true, goog:chromeOptions: {debuggerAddress: localhost:57490}, networkConnectionEnabled: false, pageLoadStrategy: normal, platformName: windows, proxy: Proxy(), se:cdp: ws://localhost:57490/devtoo..., se:cdpVersion: 126.0.6478.127, setWindowRect: true, strictFileInteractability: false, timeouts: {implicit: 0, pageLoad: 300000, script: 30000}, unhandledPromptBehavior: dismiss and notify, webauthn:extension:credBlob: true, webauthn:extension:largeBlob: true, webauthn:extension:minPinLength: true, webauthn:extension:prf: true, webauthn:virtualAuthenticators: true}
Element: [[ChromeDriver: chrome-headless-shell on windows (18cc4e3e6a69caa498e72b4494e1c4b6)] -> xpath: //button[@id='LS014B']]
Session ID: 18cc4e3e6a69caa498e72b4494e1c4b6
at org.openqa.selenium.remote.ErrorCodec.decode(ErrorCodec.java:167)
at org.openqa.selenium.remote.codec.w3c.W3CHttpResponseCodec.decode(W3CHttpResponseCodec.java:138)
at org.openqa.selenium.remote.codec.w3c.W3CHttpResponseCodec.decode(W3CHttpResponseCodec.java:50)
at org.openqa.selenium.remote.HttpCommandExecutor.execute(HttpCommandExecutor.java:190)
at org.openqa.selenium.remote.service.DriverCommandExecutor.invokeExecute(DriverCommandExecutor.java:216)
at org.openqa.selenium.remote.service.DriverCommandExecutor.execute(DriverCommandExecutor.java:174)
at org.openqa.selenium.remote.RemoteWebDriver.execute(RemoteWebDriver.java:518)
at org.openqa.selenium.remote.RemoteWebElement.execute(RemoteWebElement.java:223)
at org.openqa.selenium.remote.RemoteWebElement.click(RemoteWebElement.java:76)
at org.openqa.selenium.support.pagefactory.internal.LocatingElementHandler.invoke(LocatingElementHandler.java:51)
at com.sun.proxy.$Proxy18.click(Unknown Source)
at zapcg.Capillary.PageObject.locationSelectionPage.clickOnChooseLocationButton(locationSelectionPage.java:160)
at zapcg.Capillary.LocationPageTestCases.Location_ExistingUser_TestCases.navigated_From_Location_To_LookupScreen_With_Valid_Inputs(Location_ExistingUser_TestCases.java:208)
at java.base/java.util.ArrayList.forEach(ArrayList.java:1511)
at java.base/java.util.concurrent.FutureTask.run(FutureTask.java:264)
at java.base/java.util.concurrent.ThreadPoolExecutor.runWorker(ThreadPoolExecutor.java:1130)
at java.base/java.util.concurrent.ThreadPoolExecutor$Worker.run(ThreadPoolExecutor.java:630)
at java.base/java.lang.Thread.run(Thread.java:832)
... Removed 25 stack frames]]>
    </failure>
  </testcase> <!-- navigated_From_Location_To_LookupScreen_With_Valid_Inputs -->
  <testcase classname="zapcg.Capillary.LoginTestCases.Login_Invalid_TestCases" name="verify_Disabled_LoginButton_EmptyUsernamePassword_TestCase10" time="0.179"/>
  <testcase classname="zapcg.Capillary.EarnPointPageTestCases.EarnPoint_Valid_TestCases" name="verify_Hamburger_LocationOption_From_EarnPoint_Page" time="1.356"/>
  <testcase classname="zapcg.Capillary.MemberDetailsTestCases.memberDetails_TestCases" name="verify_Hamburger_LogoutOption_On_MemberDetails" time="2.937"/>
  <testcase classname="zapcg.Capillary.MemberDetailsTestCases.memberDetails_TestCases" name="verify_BackButton_On_MemberDetails_Screen" time="2.6"/>
  <testcase classname="zapcg.Capillary.EarnPointPageTestCases.EarnPoint_Valid_TestCases" name="verify_HamBurger_LogoutOption_From_EarnPoint_Page" time="1.326"/>
  <testcase classname="zapcg.Capillary.EarnPointPageTestCases.EarnPoint_Valid_TestCases" name="verify_Date_Equal_To_System_CurrentDate" time="0.048"/>
  <testcase classname="zapcg.Capillary.EarnPointPageTestCases.EarnPoint_Valid_TestCases" name="verify_Time_Equal_To_System_CurrentTime" time="0.034"/>
  <testcase classname="zapcg.Capillary.EarnPointPageTestCases.EarnPoint_Valid_TestCases" name="verify_With_Empty_TransactionAmount" time="0.165"/>
  <testcase classname="zapcg.Capillary.EarnPointPageTestCases.EarnPoint_Valid_TestCases" name="empty_TxnAmount_But_GoToPassPoint_Value" time="0.254"/>
  <testcase classname="zapcg.Capillary.EarnPointPageTestCases.EarnPoint_Valid_TestCases" name="verifySuccessMessageForOnlyTransactionAmount" time="3.073"/>
  <testcase classname="zapcg.Capillary.EarnPointPageTestCases.EarnPoint_Valid_TestCases" name="verify_TaxAssumedAmount" time="0.258"/>
  <testcase classname="zapcg.Capillary.EarnPointPageTestCases.EarnPoint_Valid_TestCases" name="verify_SuccessMessage_For_RedeemPoint" time="60.503">
    <failure type="java.lang.AssertionError" message="An error occurred while verifying the success message: Expected condition failed: waiting for visibility of Proxy element for: DefaultElementLocator &amp;apos;By.xpath: //p[@id=&amp;apos;EPMDLMSG&amp;apos; and contains(text(), &amp;apos;transaction has been successfully submitted. They have earned 35 points and have spent 1 points.&amp;apos;)]&amp;apos; (tried for 10 second(s) with 500 milliseconds interval)">
      <![CDATA[java.lang.AssertionError: An error occurred while verifying the success message: Expected condition failed: waiting for visibility of Proxy element for: DefaultElementLocator 'By.xpath: //p[@id='EPMDLMSG' and contains(text(), 'transaction has been successfully submitted. They have earned 35 points and have spent 1 points.')]' (tried for 10 second(s) with 500 milliseconds interval)
at zapcg.Capillary.PageObject.earnPointsPage.verifySuccessMessageIfRedeemingPoints(earnPointsPage.java:765)
at zapcg.Capillary.EarnPointPageTestCases.EarnPoint_Valid_TestCases.verify_SuccessMessage_For_RedeemPoint(EarnPoint_Valid_TestCases.java:232)
at java.base/java.util.ArrayList.forEach(ArrayList.java:1511)
at java.base/java.util.concurrent.FutureTask.run(FutureTask.java:264)
at java.base/java.util.concurrent.ThreadPoolExecutor.runWorker(ThreadPoolExecutor.java:1130)
at java.base/java.util.concurrent.ThreadPoolExecutor$Worker.run(ThreadPoolExecutor.java:630)
at java.base/java.lang.Thread.run(Thread.java:832)
... Removed 18 stack frames]]>
    </failure>
  </testcase> <!-- verify_SuccessMessage_For_RedeemPoint -->
  <testcase classname="zapcg.Capillary.EarnPointPageTestCases.EarnPoint_Valid_TestCases" name="verify_Eligible_EarningPoints" time="0.328"/>
  <testcase classname="zapcg.Capillary.EarnPointPageTestCases.EarnPoint_Valid_TestCases" name="verify_ExceedThresold_SuccessMessage" time="1.788">
    <failure type="java.lang.NullPointerException" message="Cannot invoke &amp;quot;org.openqa.selenium.SearchContext.findElement(org.openqa.selenium.By)&amp;quot; because &amp;quot;this.searchContext&amp;quot; is null">
      <![CDATA[java.lang.NullPointerException: Cannot invoke "org.openqa.selenium.SearchContext.findElement(org.openqa.selenium.By)" because "this.searchContext" is null
at org.openqa.selenium.support.pagefactory.DefaultElementLocator.findElement(DefaultElementLocator.java:68)
at org.openqa.selenium.support.pagefactory.internal.LocatingElementHandler.invoke(LocatingElementHandler.java:38)
at com.sun.proxy.$Proxy18.sendKeys(Unknown Source)
at zapcg.Capillary.PageObject.memberLookupPage.enterMemberId(memberLookupPage.java:94)
at zapcg.Capillary.EarnPointPageTestCases.EarnPoint_Valid_TestCases.verify_ExceedThresold_SuccessMessage(EarnPoint_Valid_TestCases.java:288)
at java.base/java.util.ArrayList.forEach(ArrayList.java:1511)
at java.base/java.util.concurrent.FutureTask.run(FutureTask.java:264)
at java.base/java.util.concurrent.ThreadPoolExecutor.runWorker(ThreadPoolExecutor.java:1130)
at java.base/java.util.concurrent.ThreadPoolExecutor$Worker.run(ThreadPoolExecutor.java:630)
at java.base/java.lang.Thread.run(Thread.java:832)
... Removed 17 stack frames]]>
    </failure>
  </testcase> <!-- verify_ExceedThresold_SuccessMessage -->
</testsuite> <!-- LoginTestsChromeBrowserTabletPortrait -->
